Content-Type: multipart/mixed; boundary="===============4694260490461797637=="
MIME-Version: 1.0
Subject: my subject
From: cleanapp
To: paul@polo.com, Or@refael-t.co.il
Date: Thu, 28 Sep 2017 12:52:26 -0000
Message-ID: <20170928125226.27503.4635@users-macbook-pro.local>

--===============4694260490461797637==
MIME-Version: 1.0
Content-Type: text/plain; charset="utf-8"
Content-Transfer-Encoding: 7bit

My body
--===============4694260490461797637==
Content-Type: application/pdf
MIME-Version: 1.0
Content-Transfer-Encoding: base64
Content-Disposition: attachment; filename="myfile.pdf"

JVBERi0xLjQKJZOMi54gUmVwb3J0TGFiIEdlbmVyYXRlZCBQREYgZG9jdW1lbnQgaHR0cDovL3d3
dy5yZXBvcnRsYWIuY29tCjEgMCBvYmoKPDwKL0YxIDIgMCBSIC9GMiswIDI0IDAgUgo+PgplbmRv
YmoKMiAwIG9iago8PAovQmFzZUZvbnQgL0hlbHZldGljYSAvRW5jb2RpbmcgL1dpbkFuc2lFbmNv
ZGluZyAvTmFtZSAvRjEgL1N1YnR5cGUgL1R5cGUxIC9UeXBlIC9Gb250Cj4+CmVuZG9iagozIDAg
b2JqCjw8Ci9CaXRzUGVyQ29tcG9uZW50IDggL0NvbG9yU3BhY2UgL0RldmljZVJHQiAvRmlsdGVy
IFsgL0FTQ0lJODVEZWNvZGUgL0ZsYXRlRGVjb2RlIF0gL0hlaWdodCAyNjAgL0xlbmd0aCAxMTI5
NCAvU01hc2sgNCAwIFIgCiAgL1N1YnR5cGUgL0ltYWdlIC9UeXBlIC9YT2JqZWN0IC9XaWR0aCA4
OTIKPj4Kc3RyZWFtCkdiIi9sYkhXJjElN0VBLDY4aU1STz9HQWVSM3I1LyRTISJDZ21OJG9PU0Rm
SjNIOTkwInFtUS46L1FFImxhOG5VcjkoZzc1TWA9PyEhISIsL2o+JkkiVStsKyEuXGpKSG1bdGgh
ISEjV2lEZllJUzBuOjohNVBBbltAMCdOISEhIkxLNSVmXWZNMkRIIS5cIV5cIS9qSiEhISJMSzUl
ZldmTTJEcEs6PClHVFU5b2dNIV5dPUk+MjdpKCc0TCJBXjNIX0tnLF5PJTsxY0tcVCdrNyEvcT8k
Q3E4YHBVIz83Sk9SW0ldOUZfPS5eZG4rMD4zQDpvUnQ3PT4ndXVCPWgtUCtrISEobS5wRltJN2tw
MUZUIjdVPGttK1RdMGBybEQjLEExOFFfcl46LG1PSj1JKiZiRVBwVywmaSE7T1FCKFpuMWJrSlIm
ZCQoTmBbRy9xWlkhPEJYZmU5YzN0Xy4yR05xPzQ2dWcvbyQwMGBfOkw3SmhlL2MrXz9gMF4mJDpI
IyxPTEJiIig/M0U2Ll01Vl9qYEIqbDM5biY7TzlCPDlBLGZQPiNFUjdxZj4vWkpkTlstVy00NCNq
IW0oPk5cRWJqbWxPL2BuQGdSTS4uayxtRj83YUpSUjBPTWYzaSxJLlg9RDouI0YrJystJFM1XGJv
LGxkb3AqcD5NM0VGX3IiYDBaJWBuJiFfMFQ0J1QvT2JdMCgvLT5sO19JTUVhMCtLVGQlbTkjcihq
UHRCWEpSYE9PQ0YsWiEhJ3JfWko1PCVuSEVaKUQ4ZC9obE1zQ1shaV01TFImLVwuPjs9KVAhISVV
WTMuTElPKU1QLHVpWlsnYTQlJkZlKVJqRVA8KURxYFNtaS0vISJqMT5KK0IrJWooTlhoY0hpRWUu
XUJWQHAya1NGZztSJCshISVmdF5VZVgoJnIxakFbUXNeTVZYc0NuMWduOj9lIU10ZWROcFc1IVdX
M0UnSCMtXzAjZm9EUi8sWiMrJTtxKlgqOiZRXVw1K11AT19OXSE7T1hGXiNyWUcmXkk+TEo7aGYv
RDRhTGchR2NcRWBrOS9EPTdvT2kib3JVQERgRHNPK2pbKl1MNVxVTHA7c1wzTlldKjw6RyZRbitm
UkZTIS5eLSskW2dbaW0sTyRTQzs9bVNOVl8sT2pZaStPLSE6M0o6OFEtUW1XKE42OmRQVV9qLzJG
M1dCVkQvRFVYdFlRaldvUDRIYjBCITcxSHRPcj9kUC1lISlzPjI1dTBbNixaNl5iT3BLVj8qOltC
aUtDUlRrb049ZW9TOXE6LmJpbkUhQW1nZGhrKksvZW5WVTpkXHVtQl90SUVCYCxATCEhKGViXDRx
PjJOL0Z0XjpkUFZqPykkTDxrcmclPT5KWS5WISJiaklFNmM0bSVrKy0xSmhHST9CZnRtLDRLVm9p
IScwVi4nW1FTM2tnQlFZaTZcKXMwKiI2QWcwPTFYW3J0IkMyOi86N28iXnFgWF4yIVg0QixERyFN
OG41JyQ/az9jZkJYdUlwME1jITsibiJZWl5ULzA7MCNpb0xwO2NwU1pPTCEmMG9GJSw6NEhNa08i
b2pGTUIlPi5qbjlfcUVrTSpUMz9EVGknLnNKVEg8P1lsSEhWPD1Ua2xtWTVTJnJVbk88QkNgRj81
SDdoMTMuKHM+KFVpMSNJWnI0XV1tOmUzNDxvbjooKjhEKCxLVCNiJkdGci5OREEuSEBJbmlSYXIo
cSpNcjNOXUJSKlJeSGJqQUAvQGVKOSRxJlpoN0NQNmMiNkdMVCc0aChEZ2V0IyFoXE5icmhKUGIo
UXVjWVo/T1pmSkU5Zjg0MzRRPkpmbFRJQSswTWstXmA0WDQlXy0jLG9sJkhTMyJOITRRZlhpXEFw
PExsImZvbydZLyJoNTBDV0BtZ3M9cSxDXFQyMDcjJTA1WTFYVGhdLzMlIW5iJGUscidMdFw3Tk1B
XHFaPlFMXl5IL1VuLU5uaV1BWnNRcnJzO2Ffb0RlJUNmXnBJMWU1YSpgVTovNidALHJOKlcqalZy
azU+RGsoKiE8Q1VgMnIqa2xbX1gwa2pwIjpZaW1dY0MhVlVdMDVDYWwoNkxIXkVWJVlsMkIqSFg0
O0NQSidWMyhFPjRzR1x1UCZMRylsbUM5PnVKNixQMkJoRzEjUD05JUAsLF1SLnFOUV5kS2ZtW1Et
XWU4L1wkZjdfcURdQ1EhcHIramFTJU5KKkhhUVFDVzRqLyZXNGVCZlIrW20sJVApX2JvIyhdPTVH
K1dwcmYtRzs3LWFeOF4yX0JsaShwZUtnPmt0bGdoXlFFa09kJD8/TD06Z19TRkgtRiVpaj5sVlky
VCZeP1ZDakZWbSQrKz5ob2Y+QCVCXjJfUihpQVxTYVNnMU82WVlTSnVwYzVJX1ReP1NoSlRFX1s+
JVwxJVVLR1JNVl8qOUZbSlstOF8vR0dgVCpvIUZOPWNOaXFgJjtBbjBkYVNESEdJPWZJYTElcy4m
TF9qLj8uVCFwPUNAWypCQSk1ZEElTTpMIVUvRzJGaC0/QmhMbTNHb0piRCk7ST1mJ2hYcCQsUlhF
USM7aTxYNEFsKFolUHNgcidrNVxVQypOdCtrK18zJUQqR0JdQ2FnRC1hSVBTXypeNzE2JDZkUDxx
aFQ7LT42cE9fJUJYTj5xYDliQy4pMDYnci0qTU9pWW0+L11qcSMpOmItMVtQJC1abCpXMD9JKypJ
WGtCJjg4bkEjTzhtTWROSmQpKVpjLDcjKnQ7SDo/U1RXbEYmN15bNTloUT5LbEhTVEcqayZkSmBJ
PmEoaUg1VFlpLnFyLm1hQj8tKDRcPi0jZz0mKmJcclJnaF8tOCwmRFUjUGdOSms5KDhCOiYwaWo1
c11bKUlBcjxhYC5uTiJSSkVWNExFSSU6ND51Sy9TVSQ9Z1EyL2RBP1g/cSdAciFcclVZYTV0UUg2
XWxPQidBNXBcRTVyOSZ0WS0jMSE7OWNIVSRUPDAnTFYjST9dZS9ubj4mU0E+UDZQazQ+SkZkNEs2
QTFXNmd1cykycVhXJUokUkgpLSE/MyJOZ2MpbCtpVVRaQElmdC5YMCZrJEMmUEU7TURxdUxcc1hL
bVRlaltTPUUiLGM5PC1cWVtYUThLI0wtUlklPSduYkteKGIsZDAoYXVOOmZwYlBFNippM2k6N11N
biQ0UE0/Xk49VTw5RVI2P1Fjc1VxSlNXQ2ZkaCRkUyRVbyciNT0vbkplNWxbU0tLNyJCRGFdT3NX
c1lUI0ZoI15lKE09WUxHXmVRNzVBMzlsPjMhRykpbF1RVlk3MEdFPShlbV1fby5YJ1g+UVFXM09Y
V3FwVERuKDkrUT11SVJSPFNpSjEnSEROIStlcnRXRk0lTkZqTCpVaS9tcThzZlpSblZvb0tXTjJZ
bUo1V2BPUTlBXmwmV1hMUiQlTl9TLjtpVWg+Jlk2YkUwPjJGXEVvTlYlRVo9c0UxMDlPam0+Ll07
MjRmZDpfWC07JXI9Mk0+bChVLVFHZzNZS1BoSjZ1SVhrb2ReNWxqUjtNaGRJVzRpKUhcbWFtRklq
OyMoIVlqK21HTVkxTC5OcycvTVVkMEg5YmM3byhwPE1RVzs1Oj0nTWdEZio/PShiKk9YallMOT82
I25uY2dJPVkqQzkpQCdPPiRdQyUlKi0lIkMrPWM+UVgwcmIhbzVwaylaVVZXXENUclBCOD5BVkJO
ZD9jVCY/TVY6ZFo5Sy8/KUdJXmZAcDZxNCFxTjM4OzZIMEBJIkg3XDk8WV5AQGxFJmdZNk1LOVc5
UikvLFQoJlkvUy5nOTdjMmtXL04uLlZxQHRnIWhNZU09Q09eKWZdTjwuKmcjRXRUKmRSUGFiQS1Z
cT4oJ3U5XV05cC0wQm9fPFZsQ1cuTUxuLS9DOV0wOVFxTD43WHNXVkMrW1wvbFAwKkFEKk8zOD8v
JEI1ZiEsWUUzcm1nQCQhVkhQME9dNUFTMEBCJjhGLCNzNWl1NG9wbCMnO0VzKD5NPEMmPGtbSyIh
Ul5VQ0EqSEpYJnAzXCxMPV0jZ1ZhVDtUP15ET2tSVTopOSFvRF9qOU9vSURxPTs9QSdtPmYxPVJq
R0BVVkI+alxuLWdQPTtyRnQnKW1TLWRAJC83QkUrbFYvOkRwNSY9QyJcRUhTPURcQTBXT3AuYVBV
JGNEVkxSaVU/UFsnJU5AYG0vQU8jIVZxJmFVYWUqOmVCPTVGRm9vUWRWTCk3InBcYmNFYUFpbjVS
JTQyOjx1byNUTXRtITdYRW06LlYtI1I9JUI8UDJPPG4iZDZsPjBfX2xtWEcnVUVQWl1nU2hSXCgy
LyRecz81a1kuJXVWPC1Eci9EP2sqcFtNLD1zWzgkVk9VRSliYitAOzsiNXBAdElAMSwtI3NFUS1K
VENrNUJDR2lnbVVHK11UJGo/Zzh1RlshSz1uQmpcaSojMWY4Jm5VZ1QhKlQ5US9VdTkqPmI0NkdV
PC1dNz5SQGxdPzpmPm9AQ0BKQChuPkVsIVQ4QUp1OyNbQ1JWUU49OFgqPD9cKkReLitDJVw+dV1P
OEomUThZcFBHb1AxNjs5TiolQXFLX0U1dFBAR1drbEJGXzRVLyxEaHNXM1RhPTsjRWdOIURQRXAo
azFDaHA5YnIoL09vcWtLc0FzXENBcDQvMGctLCM7a0VZX0U9VEo5O0s6V29QS1lgLWYzMVxSSS9N
RzZKR0JsP0dWUXEkYkVWO1tQcU4+bG9SZmomKWBdcjtZdT5Hb1dXNGVsTFtHciRZSjRzUWtJSyMw
aWwxRzFnODhbS3FkV0VELVdycF0oL1ksSmZXbk0vXXMvXFJZLU9IdFZDXEtVTmMnOjteOmxGPiRn
QyIrUk4pblxBNjEkNSJcQiJKQE1HLjtjSy5wOD0wQVZDVi1PZnRfV1tlUV41Oy5ZLDZbMzcrMmhm
TTUnMi5VNjZCMVRfOGovdVhiMUQ3KThecT5WaE1eVkVUWkRub21CTSMhNDtuODQ1cG5oWEBwVidw
OlhqNkdtPGpPbCs+WmMxIk5xZWRNNlQybFc0PU90dCdDKmk2R2lfRUYsWUcyO2xPO0AyWmgxbjde
b0ZFJ0tzLlQhcGpiJ01eOjooUSo7WGk8Pi02ITxpdGRpXD1qXUkzW2FhNmhsPzpxb1VcSSlVanRg
WGVlRSVbWHJyampbbF4vdTQ7V09cOyw5I3AzTmd1ZDQhRmAtWiN1OGApcU1mZy88MD8yZ1ckR0JM
Vy5pRjM7TTMvbmdNb1Q+aWFbcmM4cGU3TlJsUD9jJFc6Zm0waF5BXlljRnQ7MihZXmZFZTpkOC5T
TTRsV0lhaWNcZVpDcEhUQCtZXDw5aDlNWiwzLjhlJUBoaDJXRmAnSGNQXT5eR14xPy1AZnJULGtc
SkErO25QR3IqPVtoaWFxbEdDZ1gxL1xgYzJba0VvRDI2TUtHSFFlQ2tNMzxcXWdQO1FrJGBNNChT
NUorPillLjs9QlpzXy1sY2lZV3FXNUs6UmlSIi1ObnBTOE80Y00vXVo9QGxdYCRCPk47Sz88PjFZ
Kjc9XigoPlAqXEtlJCllXzlJOm08Jy9ubVptJEBRby9caG87YUg7aUckQWNKdCpWP1JSLmtkaUtk
O24nXFVLJVxnVSYlSlg8KDUqXURmYFdKNFY5NWFnJl5DPCZjI2k1NDtjKSlzKWUoODRlV29BVVFD
TztRQWNIW0lrPSk3WHAwJlhQSSFVYWdwNzdqJEhZVTZvVTA+b2VYQ1c4Sz1DYDY3UmtMSDVxMUAj
VG91RDpHYk5gODJRbSFeQ2grZCxgM0gkOldwQVskdD9LPk1gYGY8ZCohTm1bQm9FXjBIK3I7NmRI
MyVUUidkSVgjYjxBSSFkUURVIi81S20oLSNXZihWZD91Ui1aLXBXVl9WIj9hYSI5SVxHcyM+UC87
K20wbU8rX0NhUE9PK1ozYWxHVSlkbkZmZSZuK2JDKCkxbktyI14iVE0+WGMyVnVHR00oclVuaiJJ
RHBhWFxbXz83NjY7aV8+Il88NTwxL11wSksvXHRAXCZRQysxSTo8J2Y6WTo6NCwqLlcuRCNVPWc1
dSJAPXN1IWBXUURqTklrKWBnQWxtInNbMjkoZ2JAcVpmZVJmPXJIKjZKPj0mckJvcWwwcDtNKGg1
LnFfXTU6T3RndE5bOFY1TkNwWUFRLSskS1JFYC8qSnBdIjhgN2ErRWFnUiYtYic7aixPPV4tNyQj
IzpQWTc3Z0ROWktkPWhDTC0lRGlqQSMmYk1HPk5VcC5Oa15kXTlLYEY1ITA9YFJEcURvN21rPUM1
NjBmWiJqVFVSWWkkZnUoOGVJITRlRGxBQTEjP04jaEdGSWphIzAyWTFSYHI0JEloRCNzKXIkM1Vk
PWBRdGFiTEZbTGU3TTlVYTlgayNgZzptYFo4UidecDc5Tik+dWs+WmciaVxOO2hpQVdaRj0nTik3
USUobnU1ZFBHYCVzVlBFMCxuPjk+Si1iaztzX2QxNUItLlhvaC1VUGE2YSJIQF8ybm5KaDw7VUU0
RkA7LUg3VkNrJXI4Ul5eXlJKbF09MiI2a0EpMSlRZC5CP1hEYE5LLU8hcCdHNTQvTkBWR09sTmlk
Z0dFcHEtLUVCSCpySlkuSGszbF1TJFgobm4rXSNeRXFyQmchPyZRM3VoJlRiSCNKcjtBSlRLPCpi
IVpOKShwXDk/R1c3WSlNYDxpMlA9J3AzaVo4PEJpZF1XaGNIQkgwKVRaVytpI0hBNmthQk9ZaCQ6
UDpkNCQ0bl5JPkZxOVllT0ZhPTVKPTxLck8mXkFzPENyQ0xlVFdQYz1hcCkrJEVsbCotJnBhVl1W
TiQ5amdpTV5DTGNEX0slZktHMlEhJldlJ1hUTTJHUDJpO0siPnUpKyZNcydAJ1JuPURMcjdZM2Zg
Q1E1YDFoTWFWKTxtK0UlL1dsaUNyYWUiYSJMOWFQbUIzNCE6QFBLWl9mVVooX2QrOS8tITUkTz8y
SXQ9Yi5qTVo6RDEnR2hCP1thRmhUdVcsKCwwa1csKkRLQl4uUkBkOjgrOF4jb1xNL0FALGxDOGxu
QV8tXVBJNURlWiYycCgjMTgkRFkvZFUzYFovYGBvYC1BQnFgZCxlSVNxRTsrbTEpT0AwN1NGaVg7
XCdfY0prLHA/KmkyW1JLbDRmKm5eQFUnOFhDYS0sLCJ1RTpRXV1jUV40Sj90V0BDUWpeO0d1XF9K
JGNvL0E4UDNzLmcpQUVwL0JQL1Fpb1ExN2UyQFFXOD9aYSphX1sqZGhKI2k5U0VXY21WW09QYm1e
TS4/XlxNUSorcWZHIkZQb2IsWCQpPSt1T0BBYS8lJCdJUmI9S0cuRV9DPVQ+ZzYnNGgvKDhQb2Y9
VUsyTy1XNiEnaU1GVlg+MypeW1IsW2xJKUFSIkJaNlVQTUdcVzYyckE5Z0MxWEs+aGckc2hLWVlU
Y3BQYl1vKSNgXkdgRCtPUERsXzsraS5YQiQxOTxaTjdSQTxgLU9SIm1uKksqLlBJNj5eTGspN1xQ
NikuITw6bU03RjdJSm1DZTopUVVsT102dV1YVWp0KmBZJV4qYi1VLiorLEdYMlBiTyFdMUFxX3Fd
JTJBWjpGQzEuTWg4SU9zKjs4QGxPaDs0LkQ/YDpSSWVEVWpPU2spWSwpTTxuYyFQVi4tYllTIVNG
ck5IUm1uOl9HS0w0Y3MhKUQ5LkFuWEpeO3Ambi5pcE4sZFhgO1U7PjxiYCVQZ0RbXnQtZnIkVGdr
UXFwMGtmZkY7UClRM0BmcC1gJ0ZmRjZJaUZfL0E7citILTxOKkVqZVtEUlFnbippOSUybEkvYD9e
YChIXGJdKSMnM0EzTnA5YGlOUjwiRURcXWtATk1kZ1Q2IkJDYVs2QmJaMl9KTj89IW8hJD46JS1f
XW1GT1otT0NOU2lHNEBIcThSTjNEOS5mVS8xLi5XOEA0PkwtZ2dxTm49Vm04RmlHT3MwZipeK2Bl
L2FrMENRbUdmKj4mKThaYE44IyQjZkZgQVRWdGE+Jm9pOU5sZCcuUiEyQldHUDRxNjonKS8+UFJU
SVFRMWpKMmhKW19iRFFxOGI6KC48M1RKLUMzciQyVG5tOHRSR05LJCwiZztDX1ljPXBJKWVVZTw+
Z0xDVF8yT0JlbEJnKSM8WUVIPj4xL180NW9kPFYiNHNnWUgtJllEajpjJGFuJm0tLGdtZCs/P1df
LjVfOCJPX0hTTFwnZGc9InRZQXUzYTM2ZCYkYTZwXT1kZD8/MSVEYSxUazwqOkk3c0E5Sj47P0Qm
ZlMwZ2liUT4uT3FyNio2PytzZm9MU3VQQjBUM1NSXXIwMklyQWJPXTBJRkUnTjRHYCJnWVVmImoo
V25tLWMjXEVjcEI4OTgoKk1TVUZsJVlMTWIsYnJDZlhhWjZOK2FnV1Q6VCcjXj4/aEQnO2VCckNy
MlIuIUk2VUE1SEIxK0JnXFQ/KzFDUzhdNkVxZyM1Wm9lIVdRcSY2Jyc7SjskOWhBS2IpX191JV1O
KFVKTTAjZChHSFRYc1hWO11UV15MTTIlN05GRnNOOTxsUmNFTjgtK3NRPzIqSEVAanJKXmNgI2NN
SXQyKEZhT0ZpTTlpKV90I1opOF5dWkVNaCI6OClDKUlSVlJoKXJGQVlIT2lCUnRKbiljbEVNJ25g
LzteM3FQK1ViIzI7UFUzUCdVR0kvMCkpQTk8JzxFTlsoKDJENElrUEdFQCxiKHBpU1paKj9dQ3Fq
W3NmZXBmcjM/XiJPMFUqVF86UkQjSjk3VD0tS2xccHNpMklvYj41dVxUZDQqTG9zL3JlQCErJHVk
OmNeRV49cktGV2wocHUwaWBLJDBaUURhdFBqcy1AKmtFbF8zPi5iQVM7MzEhS3FrXUVZaC9lQm9w
YzAhTVRTMyw3Pkc5dSQyZFZRRUQkX0MjSXE0JnEqNCRmJDwzXGpbL1dqND8qZzFPYmVaa01GcXR1
cmpTbCpJR1ZYOVFEQ1QoLG1WXExcNzxCVEk4XF9yImxiPi1NNyxXLmN1QyUySkxHQUpEPDxcbG9O
MUBydVRyWyxkMSpjUlJUPm9MKnUnQTBcUVIwUHFrPE8hJ0tRT2w0Lzk+JzRXJjs2I0BxWTVgS3Ay
QSQhYDxfTF9CdWBoR21oOiNES29TIzdrckJDWytpQWBhOU5BXWRlMXBmTCMjQDxgX1RWI3UvZ1dn
KGxIcFlmLTN1KEpIZDMidU5BPEQkaSIwPDIxSmA8MF9zXU1hK1k1WDRBSUhCXiZKdVYqMD1eJCIk
KmBKRSklN2ttNDl0OjUzI2InQ1lRXGhsISEnZ2NpJkxmPCEhIixcJG11I1QhISZoM0RmUG1aISEj
OEJHWVM1PSEhKChFY05zUk8hISheMTM8OSpbISRFIWItTkYsSCErXmBGIjk4RSVKOEZfRnpCLyVv
W25XKnRYISEhIT1fY1NSSWk8MCxcIScjVlFGcTJoKSEhISI8IypcRW9TZUQpKCE4bjoqZyxUUWgh
ISEjNzBvUnU0R1lTNT0hLlxSSEMkUElIZWM+YU4hKUAiI1dQYFpWISEhImhgKFhObms2KGJiIScj
Z2ReKC8kZSEhISI8KF4kbFxTZUQpKCE4b1EuXE5CZlYrVE1LQkowUHJubVAoLjIhISEhaDE8OEdG
UyInSFkhISZvUGE1XlNmITw8KiIlVkM9O2ojOHQhISEhI0VBcUpMTER1cCI+ITFaY3Focj9YVSE8
PCoiU2o5KC5fZixZVyEhIy06KD4iPyMiOThFJUdTRGFkJidrT14hISlMRk1YO0w/JyomIjRpLjRq
cjVSXSI/ISEnZkVXTmgnLD1uJXBdISEhIz5QTmk/amgnUmppISEhI1crWEdgLSRtdSNUISEpcVJl
ZjdsSy1BRTA2ISEoci5gL1VLRyFlcT9nISEocyEvPUZOOTpOcm9AISEhI0cjJlkoUyEhISErXmkw
PlQhISM3YihldCYyISEiRElfWy07QyEhIm43Mj88ZFghMidQTy0zKyNHITBpJmIiOThFJXp6enp6
eiEuXEROJiJFWi4vOltXYysyPDtXWUozTDM3U1tPIzI/M189cidjV3FudDFGM3JVJExlOygob3VD
dEk9M3FiU2FAPlA4Ky1BJmY6Jz9QZUdRKGNlKS1nJk0rKG41a0ZcZDsoRT9ubXAnbG1KImFTP15I
X1ZAcmYyYkNWcSRIPmVqbGUhISdMdDpGNXVDY2hZUmo0X0xQQzFNNHM2MTNRPlRwW3IsWG5YS1Ja
QWFoP3BJZyIqbmBcVGRAW2lIbXIlRT1JbmIrLllJMGZlJFVgR2tZdFFTRFZeITVKYz0jNGFkXydA
NktvIiRMO2Nraj8hO2s7OWInVVojSTs+ak1JXFMsZVhAaFkjbTpOX2NtTUdnODVobVB1NGIpWzU6
U2xJW2llUz4jWEdYYG87PzombWcvb20ySFNgYjBWQ0RHY3RfM0V1JixBUFpMXVoiKChITyVHKEk4
XS83WyFUNS1ePnFeMzxNIScuIkdnO1ZmOTwlSE9bdVxaIjtFUTwsKigtLldOKDVrT0Y4Zlk4Zj0l
N3VIZDhlLE5tbnJURjZvOHBzKCNgXTc+ZzcySjdELV0/O3UrPENyNlIvSycrW1tsOyE/JXI6aU8/
OF0sVE5eYk8+YDoxN1ptJ2ctLEs7S2xHMGtLZE1bRihmZW4hJyNePTQ9QmpxR2pxNkI4YiY9Wz5b
Mz1JTEBcVGQwYzojTStVbkROZWhhJjo5Xm5SazhiJj1bSShMSFtMPTc0PnA7YGNHcSJpJDxGVU4v
ZVpHMmtTWTk6R1JZW3Riai1pUTNpO010PTxwMy8oaCo/JElUYlVNXnU1Y1gzdFdXL2g/RDckYzpj
YU5camdISWdjJWQ8XUFxWGQ6Kl9KOHVWQDJFb0lBci1xM1tILTdUYClBWF1ZYjNTMSNrPiVcYEhe
XkssKEMkaF43c0VxaEw4Jm5WMi5XN1ErKlJIPUhUP1wlUGEqIlI1IjAtaS9LSU4mVz9gMilAUzM5
LypGLCpELllIaiVKZW5hLjEnXGNpYTczNF4zcVVbZElRcCIqN1Jrc004RVoqKD40XVxRQz0sKFcz
UyI7I2NiI2pqbF1AOlxmbGQ6b1BPTWImImk8IytjMkw0Y2JgbyVlXlJtTF1ULCpiaWw5JVFAYnE8
b2EpbCJBW1FVaD9uaEZEcHMwbVo1ZDhaYCZULmckVjpodHJrZStsMnFwNlwwbFAkbzZvWG41Jl5F
WExOMFg/bjNqaFYvSFY1OWQsS09zYEsubydRKy5ZZj4jKkMsWy0pVmtyXDYhTEpVITgjWSI6aUVP
c1dNN1oxbGEnPHA1aFQicDxFKCU7ZDdqW1dgMGFIU3VCP1FxN11gI1c7NTVqKW8+dDgqNm4nTFAj
Xj1yYkRLbWgxWkE0OU9rWXVETkUkalpLVldaPz9HSFZXcy9vTz5JVUs5OS8wSWFgXUFyK3VUNnBI
I0oicExPbFhaUW9LXDQ0RkkvODIrRzxhS2gzJEJUWVVEbTcnQiVHJ1RCRyxAJmtyaUdXdHQ1Jl5K
LlxaTHVLaTVHZUE4SjFwJWhmaVFZOTInMjQtLGc1U2tlZTVrRFsuOGkvLVRCNEQsajdmWC5JLUQ9
blVpR2JzPzFaS3JeQj5UOSUoQiVXOWhnOEE8MFo8RXNZX09fPmhIPiImQWM8X1o5VC9rdClbbFdV
W1dmV3RxcmolJDdoVnJaX19ccFtvXiZXRCo7MDdIbkZyYDM+Tj4jPGwrPkg+bmJqZk5qUyQxOTJw
RmVnaGVhT2EhKDtITGhKajdrNWQsLS49NS42K0opT3UyaTFcNj4kVkgrMTY6a01tWlBUXk8/SU9C
XmRdYD8wOUInUS5PW0RSOkI/aUYyWihYbUwzaTpdJWMnaGVTbz07TWkvOmRIQGdyX05tInQ3NHFT
JF8mWltRQWFiLiFWRT0uKVNsOUUxPCk5WVwvLkE5T0VsZUQxJTUsUCJnbzpoWy9sZysoT1k9JSpD
bEVXb2MvLjovamUpbmppcnA0UUJmRGJaSVQ6L25pVzZnbVAiUFhoJCRLZ09EOFAlYzlCaEJpaDRF
KVg4N0lbNDtfU0RXcTgzV1lxOmBsMV46XnFkLSptSGpMcUxBUlFWWU48UVRacz5RJUpAQz9aRS0/
aDVnSSRHQjFwSWJyanBXI25RJlI2SklwcTNOcTxpTVxeQ282LSNBTy9tYCRNVmx0YyJjV1JSVlg0
SSRNVChDTGtsUz4mcmEwQF07aGJVbVllUnJiaT9aR3NQaFNiYUteMjNkJixBLFA+LUxKaDZLLCw/
JCZZSWhVQWdzKUdKLCwtSWYlJEMyMSRwITtIVlNwak8wO29YWiNASTJRTSI7LztGWS5pXComdSxM
NF5ldSkyWixYS1tqXmU7UkorLG8ncSU9XD49aD9iRlhzPTNUKmdRWT5rMVBaJ2RyM0duWE50cTgu
MVdTdEFqKUNPa1JWKVU6OTdcYl1yKS0uXykxPTRsQDRiQkpJIy9SX3NVbD1sal1nVWheVWdCYls1
aCw6WDRlUkgoS0k1ZSkmb28oOVtFPVZhWGBbYicmQFZobzxbXk4jcDRtXCdaW0AnVXUxJjdKMjdY
N19gRDgnL3FlTmBkJ19LMi8/ZjI/QD8zRDllVyskQV80IkEuLiluc2xtWjJuVVZcXzM9RkwjQ0ht
PVEpXC9xMWlsQjVQTlEwY0JvKl8scj8+aypBbkxETG46TUpvalRTaSpcYlpPcEl0UXArYDRzUVRr
PC10MF4yKzdALFNJZ25KR2kuLl42cm9zYic2ZiotYzc4O2pVI0ssbkosaTYmK1o1LjBpY0UtbCMq
SCwpLmQ/J2NEPGF0bCZOKzgzRmFwcE0hOS5xWFFNRURbQ0VHbFNvWmNVTz8mcChqJylcRCt0al5O
SFRlcldrNiFrW2otVF51azwtXyk3VldhWl1NP3RnKW9FMlQ+XERpL3FZbUdWOCs8JUxtYTcxM2Ng
KEJUa0glPzZBLzY4bD5gViknTTxDdClwSCRUQFhxb0lGM0pbQ0lhZFk7ITJjU01maFU3L1dMPipd
WnMsY0QkR2c5O2paX1FeXXAqLSksJmc5P2FPQkh0TEdXZSooLV9AWUJoQCVZZGs4XyUjJzZaYT5t
SGxLQmZUNE9sYykoR2FyZnV0QWdWbjc1cTc9dSgoYzEvMzxGZ0dPcWI2JDRmbE9tWUQuaVIrT28l
OGVGJVgwJEdZVUIhNEQqMlctTEpoNks5a2RfPS5iZnVjSVhNOjFaSWg/aHFkIi0/SD4kTmM6NGtA
cVMqPGtuSScpUjk6W2JtRF8sMVQ5PT9Yb0YwN1xYJSRHJTVLXnJGc0g7N2lDYExfLllpS1otKSIj
YSlmKWE0OWhEL1g/LF91OnEtRTUjQlBGbk1CSmgqbWFwXVJKOCJkR1sqPl84IVsxKlMoZ0FhYEcm
QkJoPElCb3RMOl1UKEJAITN0IjBLcWFzWldTM0ZoJVBrUjVYRjg/I01hJkU2L05TMVYqSCtQZylU
TGg4RGdpLVJebXVTQGAqTExjbUhpZlYuOFVnLUxubV89YTVAOydgXEpqa0hcJHRVTEcmSFEwTWA+
bitSQ1dLP0hsNWBOUzFoNTlYUlZncD48ViNxa3RxJz9HcyYhMDZgVD0+KjdHcC9bQCxiKUdqVElz
SyInMl4sXyhRdHBxL3VOZ1NgRW5DJUptUj42MWVQSm81UDg9TkMjPVQoQkQ9Z09NU05BOi1RXi5R
R2RJMDM+QilQbHUjMmFdQ1tzImdRKy9BQDAjPztxNiRbTV5PXVBLcl00VXBra21fJD8ibkVbcVw8
c2BON2s9SyYpZjtkIVQ5WiNeVDhBbzA2QXVAUl9hKmJKIm5eVnQtWz5pc0plc0RCRiVXRVgsazdY
ZWdcTlsuU2xwMzNMXypIVjpjVllLLEM1aHUyQy9yT2FrcGpiJEombCNgbChyIlE8UkMlTixuWmFG
YTdBaDw1VGtVdGo9TWR0PVNCJV8oRzNHQDw1Zz0kY1JhTExEXGcmOyhqYjg3TTtGJTJCNTdDa19b
JWR0M1pscyNHYjk9XCNSWWRgNjo2aFRfTEBPJWtdcGhub1ttZnI3UERdYWVjRGx0Zl1oUFlFcGVd
MzIzVD5LLDxddFdMZkQ8QzVvKGxOXm49dDE0SDBQN3RXVU5Sa2djOmJNWmYtdG41Uz9HVDdAZkhd
cF41aicyTlI5I28qVixOUTxBZGZXV05lJ21kTnQzUkZidDJfKyhaOCY+UEkxRERhQls1cWxYVyxr
OWcpVCkpTVlGVD5JRWFtQ3FSK1o1MTBLP0tSUVI2dFhKRSRARFtIRChhXXJfb209akhWVT85MCRq
PnNyIy9tM24wTyZeYlA2OCReXEI6JitoJmptVjckKW1pNE9nQTJ1LGApbl9MZTYsNWdRcVMwKCt0
XjxZPzYzNCZrND1vKU1ERjFpKFZTM05ZR2VrR25YP10tTHFNdEZ0bmVUaSticG5CITdgcS1DNSNM
K1hcKFcjIjxiXXMsUWFMQUEjRic/TjpqNG5CamExMmJpZURYZidObWBlKk9ecjRFU1hYQEUhISIi
O3JvWElvXz1zRlxtXztqUVhFUEduP2VfaFQiVFNORiVcRThHbj0xKltTLGBOaDhgMlZULEBXYSQs
MyhbPjtJX1plIThwRTtTRUgkcSUkKj87MDBDVF4hLl5LNnM1KF1nKzJZZ0BqU25YXTVXaVtLPzQ4
MV0hOjdTTkoqKV5RNEkoc0NkSHFSPUFpVD1OISEhITdONCpnIzBCJUpxcGd1VVNtJVcoQyVdQE1G
QDVuOGY/ckx0QztGZWRicT9UMCdANjpacFVbUD5AXy9mWVghM0M1PChXLDJtKzJZL0k+bEVuPi4j
I1tVYCNIVCMhISdXYGlJcClyMzU8bD8mJypUZyE8RCRYRTE/PjlndV8qXFMsYE5oJmhvakYtYi5E
W0hOLlxxND06Ky8hMV87dEkzbnBvenp6enp6enp6enp6enp6enp6enp6enp6enp6enp6enp6enp6
enp6enp6ISEkaVhJZldoZllCcH4+ZW5kc3RyZWFtCmVuZG9iago0IDAgb2JqCjw8Ci9CaXRzUGVy
Q29tcG9uZW50IDggL0NvbG9yU3BhY2UgL0RldmljZUdyYXkgL0RlY29kZSBbIDAgMSBdIC9GaWx0
ZXIgWyAvQVNDSUk4NURlY29kZSAvRmxhdGVEZWNvZGUgXSAvSGVpZ2h0IDI2MCAvTGVuZ3RoIDE4
NDk0IAogIC9TdWJ0eXBlIC9JbWFnZSAvVHlwZSAvWE9iamVjdCAvV2lkdGggODkyCj4+CnN0cmVh
bQpHYiIvTF08M11vZVJoJDQ0W1FpdWUwRkdganAqcGZeXUFMJlNOKiRuSkUkW2FUc0I3UExJKShG
ImlgTjBFJW8qbSQ1dFQ8cXVWPkcvNz0uOStVR2NCak00VmdmN2YtQGpCQjJxPTcqXEQlX2xDXUdP
YkNzbnJcaXNATj5xU1UoXkcoWl8jTW8sdDddSU4ibSdCRU84NjRMSD5OYjR1Uj1SWStqbmg3QWhh
czhwNWBDWFJgRWpmR08jP25lMEwvTjBoOCxDU2hnXVQrSlUqMispUXFXcW4xcFtSIypha0JCJFBX
amVqMTs9V3NCV3NYUD5pUykiJ211ISEwMmwnYiddRmNnVlhmNmU+JkU5VzBSITNyJ0ZpV1lZNV5T
TUNZJENXZ2MwLiRdOyMobGs0IURPSFYjKlVtO0ksW0g7PjdBRUNPLV5HRUZhajtpTShwYVsyJGpZ
MDQxMmZeS0FQUVs4Vk1eI14mXWtJZ3BoXkVXLFIoM0FJa1E9RVFPbWlxTzdsOFFhcStIP2RdMUYh
K2lYXCc6NGdScSc6N0YiXUZEW0drMzUuYmBPZlQlWy9iKmRONixxOylUT1Q8TlhMVWlVTEZiRzNm
Ny5UKk0rMU51Ni1LNEhLPSJjZSUoS0siWlVWUGk6O1chMSNJSiQkKSFZU1t0aVBMNmIvQD9DcjJM
JDElMSNIYlkqRiszZVFDcDtCSzZuSzx0LF4+bGVaUUtbU0IvSXU3ZEsuXFItRl8saWBHVj82R0Vr
VVojVlo2Yz89VSEyOUNJIyRSckxdZVkzbGhbYHVEMjFdLUsyUEQkSyJEWGtZVGwnZyYnM1B1Zy5S
TE9UNSZWSHF1J20mTENWJGY9ME0qNShiRlhlX1ZxZm5jREltKEpqWW1obFNGX1FtcCElYTw0IkJg
RF9AW1JdZUlQaD5HckZyaVxQWnNxZyNLcjdwayIvLmVaUDxjPFs/TF4oPGhoVW4lbl9DOioka3No
blVlJ0hYZnEsK01CSiYqOEBXZThDJzVDPU00YWZLVmBbJTMoZzs6M0k/NC5jYlxaT2JPIWl0cHUr
XCltITxMUi82Rm1xcmpTOVFDSWlhYm4/SiVIRFA8NDolckBtSzAhQz8/LCZTOVciJ1RLKlsucjcj
JSxvW2MvRFNYLWQ9QjZHXE4rLVJcM0c3PV8sXHQ0OkJIJFZLXV05UklpTWg0cWhuVls5YixnPUxc
cE9wPy0zYztsdTdWZD5Yb0cjPCdvPCpwX19LKy86Nid1Lk5iSDFjKEVLalVnL04xWzNnMmo1SUJG
KilMa3NKVF1GSyxjZW5jMj45PWshST5GUCZKQDlcPGNValRUPj4rYERuOyUxOUowKCM7YiZAS2xG
XkkzSEpYYm5wJiNbKUlJbClWRTpDa3JhYVBxJllKaWBLNFVRYT86M0xkMCVQQD1tN1NPSCE8dFRA
VjY2Ll1tYmwiKUthUk1gNVNIYDtMc0JwbVs4QUpYQj9ecFNnQ2VLM0BKLFdGcl0lOGwtQy4xRlVl
IyQqUlRVQV4hU25BZCFLW0QpXCJsbVArSVJEVjptWnM+aEM1cUg1MzdIViFILnJROSREaDdCNjcx
XS44YU4qPDNMTVs2NXUzYl86UE1UZm9YQiMyZENZJUsyPGRrNXBOITI+Ijg/WzJIXTRAIiU6MGpR
QWtgSGBzP0EmMVhYQ0NaZFtqYU9QOkpVbmxndS4xS0FmPDUpIihkUTcsVjRrNV4vcyxwSm1VIyxl
VXFvTDdgUl82OyZvNXRjbV9VRnRyQDMsND9gPHFFI0NkT0c+U2JUUXNucDdkYFpdVFVFUHJNRTBe
M08/I202IUskOytlPS9eW1NySypyaV45TXBeOWs3QnNVWnA3U2YrIjNTI1pBQ3FeTFw7M2EnWnBD
KCc/RUtNTDlvPXJuRC1jW1QjYzRII1VbPFxQLyMqbzclOmZvVVo3ODQjckdKdVRRVVlGQkteR2ZV
Qk1QUDhBOzsyWDxwWWw0SDw4VE9FJ21fRnM2ODJCZF1iJkdkQj40OmEjZERaZG9kdUo3XkdbM0so
V2hOcDBGM0JXQDNLY10vXGpFLyJiR01iNEVMc0osdEAtNT9wbWxHLjV1LTB1UmEvaTYmUWNMclcx
LltjNHVwcTwwNnFgTjtUXGJgcktiNGgwQ0AwIyxQUzBXVStYXCZAbEgnYyRCR0FZLUtaYlxEJmBP
cWsvKmY+USguZD4lIzhRLXEqRUhhKldxNGMjVXU5cj1ONy8rSiFoUk9bVStSO0xGRjgoPyZWLSFS
VylTPmozbT8nM21hNGtaRWZIbjBfVXInRUgqJzNfcUpnJytebz5mb0okTltlWzFvITNWYTxwVTQr
cURKSm8icytLMW0wb1tJPidISSNgLSl0RV1UOCpkPTo3QjEnOz04Ql41PyFJQnRENyFCbHFKU2Iu
VnIpPUw2Yz07S1RNRUleJlk/YlwxcV5tU0NnVkBzVlJMciowZTpDOCglKixqXyJtXTpDMG9OUXE+
UCE4PzEiLm40bDNVXEg9cSFfN0FXN2pXOFFHRmBqJllVPyVkKGtYXSlwSVxqNTVbaXI7K3VLN2Vn
KmpbbXBPckYtZFF0NFFyVSdwb190XWU7UWoyOiFhb1g5ZWVfUm83JkdHJlxiMVJcWipPanBuKWov
M2o4U2VIUTNDLktyVG8jdS8uKShSXyJFYFxjV1xGWm1cKSFGQEwjMEM4bXRDU2g0RlxCS3AtKjAx
bio/UyVfYVBcMCFNLS9qQ1ZsajtxMGxPWyhiaFA7clIwPSJwUGpIZV4ldXFqQ0A/W1JSQW9WUHFj
dExpRDQrSzwqKyZdcERHMU11MjpDK1dpaTA1QjcmW1NPbVQwTVIubTlOa0dFcU8pWzpZMHBUPk45
QkJdI0IxamU/Y3MmQFBhKENoMF9mcEU9c0hNb0ViQDdwJ14vL3NWOGlEJWtgT0ZIO0NITi9wO0FL
I1c7Um5JbHI9Q14qcmxjI3I0U1IiQGNQWHVHPVJjVmtvWjh0Vz8kM25vcTZYQklKdGUjW0NmWyU9
MUpYZ0tPckhbM2I8WkBqZ2I+Nl45XDRRXkBgL1BhOE0iQlBhOyliQnMyPG5kYDQ4WUNxQzJ1Ji1u
bS5UZFA4TFxfNDRGYSpYXTl0JnQ8PGxlPmxja0t1UXFnLmYmWGI+Xm4uczxCM18nUzBLRlpxUCZv
NTY7JkFIVy42L1Y4ald1Wl5jRixKRE1jNVg9KVVMcyFNTG4mISFOJTNyMSxbK3MlIjswIUQlNWFR
VmVqYD5kaXFdTXU8ZmVqPWtbZSZfVkssbU4uUTZAIV83LTxIXi4tcU1BQDJlQS1XP0hzN3NfXV1W
WyxIajBrPnJgRWY1TUQhZWk3YVRGN2lvbiZiTSRsXzxRTldvclcmXV9lbU5EMEYiaTxbWiNjNGhC
YV5fR29sYDkhME5CTEZROEM5S11AJ1U9cD1FZVdlajktcSVBYWIrPV5aQCtXOCs+Yl1fXFFcbFBH
Oi4wP3RRJmoxTlBcbTUwWVIjUXBrPkInTitEKTAkV2M8WjspZ3BxR3BxPCZpUS81TTc6UjN0cWRb
MlNkP20oYDhqNFk5Nz1RKi85Lm05LjZMb0FCR3FbRUNbMTZOa0NxTGFxZDU2ZDtENWwnNDUjZiox
Ji1Wbj8wX2AiOlBcWj9La0ppXyhaWUVrPmJhaFVHKyJdYW0oUl5bN2BUY3BZaztDKFpyZUxSRUsp
UmBbRzspaFgnSCtGRzw5OGNkciVOJys9OyVUKDY6V1ZCKVRnJThNWiVgW2VFaFhpTyg5SWBaKWhb
QXIiUT9Va2c4VVhlVTpLLSZhM1BgaixmMlY6XktzVmFBT2BSbGMvLlBuYUspJiZCTkQhVjxeakRa
L0AyJ25HUEI4aldNUWQ5WTRRJkcsMVsvQjRMKVRfKVMoSk9TcmoyWE4+Klx0KT5wSUNVLDRkVCpw
dSwwV3NHJkEuPEVqOGFDJChBZyIvcWwlZzg0XGdgV3RTKUE9RGpYX0VpJjFHb29XbD5TZW1IMjtE
IVg1Lzw3KHRzUkxTTVFZb1hnPk5zR2pJbCpdLzdtazpyJSgmQGtQS2NiJyxBWT1HJytIOHNJMGBn
LWEsJzRzLllqW210TWFWdXBJOkVLQ0pXWENYPj0/IlprXlwpJCw1R2NELVwxQFNxO21uOCJATWtN
OFhdQl08V0FXIipaPUg4SEpbQzo9K2NWOEpsTHFAYWQsaSRxbmRbaGozUlMnL0QuaD4vYmI4al9K
SUc1U1M4LEZWZTw6TWYkInNzc3QmRykha2lfNGxeNmZRLV5CWzhXKWhqTzBoNGUzXDk+cjlgZ1Np
WyFGLVFcTltdMkYiNFFvLiNHYiteKF44JGxwMiNaNCFTN3NQYmtKWGJRcCxiYldRSFM+cigvWz1p
JTYxNSVIJTc3WWpqcURDJ3BPcjZWaDNlQT06W1hNaWVZWyFFbG86VlM6Tz0yUj45Z2dtWSRvPGFS
MHBVcFpFREwrZVhJNVdYIzwhZCRFJzRmL28tJnNEN2xUckJFVyxBTklbZlBdZ2tKVGYmaUpDVHFc
KXQwImREVTIwLi5fOVlrOlkxMnRaR1k8QEsmR3BII0IpS0QydE0hYEwsPUZyIllLWFlpZC42WV5E
bT9gU1QtQlNZS0M/YVRDUEZAdFUvPD89OEwxRy5bMy5lUWdoSCZJbU1MNldbYnFKcGE7Ii1aKiU8
PE8sJjZfXTVYLTYjXSwqU3VYM1UrKUEiZGhKMC1IIXVkJjldQD0tdEolbEsvVTZtXEpSRSFhXW1w
IjJlYihFLVpCcDk0RzdVXDlhLTttL0QuIkdWLlhKcTIqWz88Il9NVWQmMDtIRUlwdFIsNiReMFYu
LVglTCtvMFhNYG47MyRuUXEpaGpDIUBKW1NzZjApV1w5Yyo2TUZHMXE7UWppJjAhYzUmUl1scGFl
anJqNHVxLlNnaD5XbE4jKUVhPmdrUT5YaWA4L05uMklFMTQ+VClVPUVeKWkvaCNiMiovXGJxa0JY
KCdkQ3AhUUM/MUVRKnFiVVtgdEZBMFpsRy5lPz4hJFNBdCQqPSYwUytZMiUiIyFVcyNmKStJRWRi
RW9kTT9EX2xiTz9MQTlfcHJaI0IxMCU2NVwxWWUoLFREKDQjLmFkT1kzaFE2ckBcXWFyKjljQ1Qq
Ji1MY3VmOEVtcmhvIy1BU29PNkMxVkcwIWlXOjMhL1dKdVQlNVBHcF4wOEQ8YTlcJlpRUklUIjM+
Wlo1VW1HP1JsZFhKJEI2NnBKQmgtNyxxJj1uKGo7clBXQlZcQyVRSDcxLFYjQD8/VGIhU1opaXMn
JnNmZXJTIVNnY2RxNF4qLlMwLz8idTRWTCQ1a2E9blglLDh1PmdEO1VUXmk/bUFjNllnZWEzJ1ZP
KnVEOmBrR14sSi1mOnBYWXNOT25qamNFdUonXC5wW2tsXiRuLzBDJDJFdWYrIk1IYEZFNztFJzFw
VTRmVGc6LChYT2xsLS06cyRRT0dyZ2oyKDZSM0IxcSxha09CNFJbUz05O1I4X0dFbE4lcSU3XmE5
YV1nXnRka28tcCNKYEFPXidvNVwoNWdxVkYqVlVCbDs5dVpQUzIkc3RhImZJNDZoclJdT2tyVStX
IydUUC1nbzhxXzNRcW0odGc1cGY6SkJoTTchQiVWUGB1W3BJb3NKNGw/L1ZbNTx1XD8uaCg1LEYq
Pj43OStBJWY+OUdyQ0VZND8qMihZR2U2ZVxDLjZTbk4rWlJTLyInckJEbjAyciZeb0JoblRvMks0
PCckIlpxP1xOcTtwWFxjLCk8Uy42PTxOZkdCPC9SaCRjY0IsTW9ebEV1cU1qQDBSUkw0WXRpTkct
S2NTM2FUI1s4OzRiXmgxbWxPUiRJQlJuMS1GW1g3IWdoJydqXjQzTEtVJiFOazZzMExAOT4wZCJI
T2cydChJKlFKYkc2M2ZeaW5MVmRbQjtKLmg3OU8jUmk3LlVgX24oUUIwViRMa1RxTHQ0VlFqJEdM
cVJuOSgvNkxzMGRHQVg4TjpHZ25taCFbVmshRFswXitsPjMzRFk3YmtCPTVYJHAwUjBvSigzQDwq
ZnA/UTBvUzxkV1dxVCJRSF9LRDpySyhFUWVOZT1xXmpgclRcM2M6UUY6JjluImdnRW1TbCtjYCpF
Q2hEVyZdZmQ4IlNTL1A5JTRLUUVacVBkLlpmZlNmRkxvRFkpMiU4WDk7bGFtaEpiNEVGPzYuWFEv
QUNAYl09MEhSZm4oaXJWU0hsVzJVSjNIXC05VTpbXCVgIlhWY0pARz1OMWEjO2Q0Kj0kSzFidSYy
J101KWgsODJ0QjFeJENFPTAoVzNqLEsxUSQyIWFuMF11RVtKcFlEdUxKdFRmUiJpbVxIRlJVRCxq
LEFVX0VlUEYqN3ApLW9WLjRPZUUiQFpbVWZnaFkmODo8XVkrQ1w8UD47PFZAaEtINjtnVVcqLE1r
UzVJPCxQImglOEkib2U9WDJrVjhuTTdKTSFgcDNjSks+LC1CUUNJTEIzTSxNUktAI2FtTDExL3JW
Y1RjKT02X2lTZDdLYTImOmFyUEouY19TSC5JKlc8Y0E5NWknaVpsLzNfTGgvMlMnYyxGVl5NclhT
MiJbXVx0RWs9bzJEQUpFY2EuPltaOnE9b1lwSUI+Ky9eOzQ2O0tFWUhAbkZgPHQ4PEdsb21MWSJL
dENYZjZkbC09TWlnOVZlbjMwcT9mN0dGPkUuQTlRIiFnVSklKjQnaixtMEhGaEpEZVQ6JzJlUStf
P3BMIlAuMC5RODVOVjAjXClNPGNDa21WZzdQb2dKSy9ITVRPZVlAQFkqWmw9al1cJXBvT3EtWk5R
MlNYYF1RIUhSQGNkZF1EPllwQG9BYTZXdDQiaVBwJiZAZmotIlc8RzoxMD1pWlVmKGRyZT5VLm5X
ImMhZzcnLW8hZ2hlJGlyXyQ+J2cpL0tyLDwjZCQxTkZgMF9IZUk2W29oSlolVz9VQyhkJnR0NkZw
bi4qMXUvaC1vXkVILThbMms0bFpdIWI8KjJRZyVaUVpMS2k+Rjs6Ri5LMENMLzlyNjdmTGRoMlNR
L1E3VCVDQyl0b2JaJnJUVVc1IiY0O1dZRVJBbkVVc3BDX2opSVdeTFUpLFBPQ1oiUU1sRSQuXjwo
VFc6KDNiWWY5YjZeY1BvdUYhV2FDTkBHbTwnaS4qYTMyIjM3dG9TLTkqV21hS1VIQlJBYEU1XlEq
QkNQOz5LYjQ4aWo8RnVKVy9MXjklWlhBJlIlbzF1Q1k5ZT1WL25EM1tqRSNaKUZkIUBBMTNgJSVy
bUJWIyguOSJVN0YrWlcyRT9kTkwvVllOZGJtJm1BVWxsVj1LO25nLjo0SiNjMmxPI1ZETnMuRDxH
V2tYUzEuNjE8LjE4ZW9aWkNXRiZDP2NCc21LYEU0ODFMZi1RbT4ka3BOYEZyXz01J1gxLTQ4XS8h
N0hQQSxdXzcicHI/Pi1VMCQoXzNxZTRfQjJjcnNXWWpJSjtoQFhvWk8mXzpXaDc/RlRUMkQiVyNN
Ml5PXyd1am1nL29rOzw4dF1oNmoncS4kYS1KTS1FJygrXHBEQ10yKis1LDRldWFMaTxgQXNYRDhM
XmNRL25dWlgsakpFR0w8IUtOUV1AWk5VUkdNPSNIUUcmbk8yPCR1XjA5ZUZyR1opKiQ+ZTxLLjI2
bEhnQWs8ZTJkP2czLl8uRmVmSy1gKlwwYW05LUtKNDwjYDVHc0dZU2NfYjAyNiNzUFNiPV1eXz4u
XiY3PyJTNzNtIi5hRTg0bXRjUTtxR3JhPD09NXFkcGokZ0NpSXE6UjxjcF06UldHRTQoSGRscktz
KGYxV2IxV0EzaUZnVig6JTFzUUNHKTh0LkZTSSc1PTdIKEslJl5JPTdbbT9HVU89X2swQjU8Xzwt
M2c4L1tiQi0iU1drNSdRbEl1IVRNLjYpXGxBKThyPyI3XUE9Rz9yJEkmYCFPXlIvcSsuZTxtQzVL
MSFOJFMoWmNzOG0tXE0+RkJZcmspK3ApZFQjJ1whSmtmOmhrVCJfN0NeOW4xLztuYmliNHA+a2Q4
UDQsU1EhKy41OFc8P2NpRC9EUlo6NG9qPD5jPFc1RDprOz5uTDAsLz0xY0sqbnVkJEkwc1paRyFp
WGlzTk81NDdKSytrLl9KYzkqW3UtOWhLJTZHMElzMWZfUUxuPmQmKExWMmZsXkBJVVRZPCNtaENI
PDlCI2BmYkAzbThcZjJCI19HKV5kXTwiNGRYVDdqZkBfTjFXajpZVDtZY29KamFTKDwnLU8yNzJS
b2UxPFozcCJLQjRUXV0jWmoobCRjNW9SRFJUYkYiKV1mJzs1KHVxWj9FY2MlZkcnY0w3NC1hYWIk
Ryg2aCNwYlxOWG5JX3M0UisoW25MI2ZHcCZXcS5ZOCxrayxSIWlEUV4iTmw7biNxcDx0TFpoRF09
YUNxMF1SdTJPOExTOkohcjdeOixeU1FIMyNyWGhLbjczNDxnZ25LPydmcChGL1ZIPU1hYVxrVSk6
KlhuM2xIbnJjPURYMSRwdTEvRiU+VkNULHJyOG8uYClyMzJHa0c0VEtVUlFuWWY7MFBzLy1ZKyIm
Nl1PPSFvJm4tYm0tbk5Yazs1LTNoRUtdLHIyQzAlUiM4QGonNCdDPHUoM2xQbCRxKW9tSXRALChr
RUtTNC1TVS1iRmc1OHMzUjQ6STEkcSQ4aDNcMjk0bXQ/cm1aZj0obixQZD9dIlkjKVE1Zk9FLito
KDJmXSNTIXAqK0BXTjpnLnRHUUxETms+TmVVVCFeT0xYJVBxUUAwK2VSI3NvTDJPM1EhbWJgP0ln
X0U5TnNQYDxzOFJxQzRBWEtMTCNVYVNUKy02PkA+NEJWIjBWaUxQWEFmOmZIIiVfbm9QJy87cC8p
WzIuLDtHZ1pGKFJMVUZySzQjK3E4UVcmUW00KWxiZWI6OUQ+YUNpaFJyS05wWSZqNjc0TnJrRFZS
Y20kOUcnKEFcPVBNOFpoYjFZLU5QRCk0cTIzdVE1MzJlV0dibjhxPURQNkZONkVsPkcpRHBOQGgl
WUMmKEtwdSdWR1dhITNUZm9jYDovKEFPVUxrYDswLHEsWm0mN1U+OWdiSjY8YGU9KS5WcFo4VSdC
WTtbImhuOzgsPFYyTDBFbTEjZS9uLWYrYSFSUCZCWiZTbEgvKTlYMidbMDJrOT5CNEQ+OSE5Njhg
aWVuZjpMYGdrMz42VmEtcjpKMC49PGE7I3FqWi5YU2ZpYiYnTWRZdEdhTEBbJC9yUSRNZjFGdCJP
RFtyPikka1xmYi1oLFl0cj9dN1V1QDFnPV4/UDpiQyEsMzU3dW8/KDs+Wj9zLG1OWmtPTiQnR0I2
aFw+czEoYktAUTRCSzIrPFIzRTkuQGZcUlYzVD03IVgkZG04SVg8Q09BPUwvXEFpIzNmM0ksL1BP
OittXXBPUWlMWzlMPE5DTF09cXFac2hCTmJLWSU7UTRAaGpLWVVmKkNEMSlwUj8hSjFRQj89RyRe
UmMyQUsucjcqQzIpVSgxJm9BOEhFJDtjOm9tPlpSTVBqJ2tJKSlwanBSQEtnL0lrTDxPPipqTTls
JUw6RDlFVF9YXzZkT2x0VjdnR2dTRG5zTUpIZjU2QTJeMCNQNiYwNyknLCMoWyRcN3E9Pik4aS0r
JllUY3NAbl8/ciItSGhpcS9YNEBWTXRGRzVuLTs6YyE8QS1IUmxKcmRqcGEjVDwhaWwyZSwncDVB
W2IyIWJ1LF5sQUdMbzglKGNmJVFdTHFzUWg7XCg+PFwvTU9SaDBZVlJqMCNPUklUK3Q8MkopKmtI
UElpLUNwbzdsPUVkV25ML2o7Kyx1WjNcVlk5QSw3K20xLkZCPmFbNzFDXmg2UVVbZGsvdGRMKj9A
MSxBW3FyMFo2aUE0YEU8QVBoZj5mS2ZCcGAvNlg5PzdTbiJhYmM3PiVJUUpTQmVfSjwoJCJtcT45
T0IoNFBRZWo8XSpaOzZGVyl1PDtgYW82WDo8Nm9jK0kyYExoKi4sV2ZPWE8oalgqQjIlO1xZOnIu
JDYnKV9SLDlWWkUoRWZ0PTRSUFFOIUooMXJIUyFQSkxML0xBOzM3cTBWLDchanNobmlqIWlAPStM
OVdBSmo0N2poRzNkTVlWJ1MzVjJHP0FHMyZPY2FraWV1JFMxZiRISFgxNGkyMTdHLFYpNlRvMDQ4
JXBsay9KTyh0V2AnSyhmcV5CQkJwYyYkIzszNVVsSz8mVVcvXCRVVlBrJyJcYm1tW1pZaCNQKS4v
K2s4QT5RZm01YVY9J1ExMjEtMyY0Pm1KJURmUUFUY1JlbzxCLWosNHRbW2djRyxVPFhVW1REJixL
LVYtLyg7Z2lGOigvODlqRkZdMDYyXm1qKXFEYSJeOCRKKllxJS1kQkNNY3VgPy8rYkIoMyI3OyRY
MVE+Zmtfb0NodVo8U2tEVTosOzduUigqLyMjSmc1RFwxZEJGRnVVU1RuK2xYQTVIUExRQ2ZEOl5d
MGpASC5gP3M9LVAmUEgtVzQ9KnUuZzdzJFxRNzdhQEZCXThdUlQtZGEpOS04LSFaKjh1VF4qOC1k
YUBsSE09QDMzbzwyVioqVy0zb0ojNEw9TUszLUI2ZGNqdVEyNilHRCkzODM/PlU9LG9gTztLUTpF
I2ckazgnQVJNOzJjYGVwL1tYSkgkUjdDb1IvakFgKXFFV09FNF9bZVYuaU45SjdtMUVCMW9JSTo+
aTVyQl9aUitaVlpBUkBVRTw3WWpCdSNQXkFfZV9uPG0uOCllWDM6PTUsb1VUMkZQMTs8P2RoUVhW
RmctbjdkWVljJFA8WE5HLXJYXilRQFpxRW4vLVtQMVVDPDBqcjdOP0s3Rk5sNjokWGJGV0ZWYSZn
SzsxKVddJiFKbE47Lj4qLzgnKiMyMF8lUDxraTZuJlpQIVxJS0QsUD8rPTJxMCpFPFNJZzA7LDpA
IWUhUmAhS1NTJk1sKT80ajEpKFNXRWs6TCczXXAmVmFsIWlpTE5xPTszR3AiYzBFcF1wTzBaPywq
dXFBQkk5RTsrNWpMJkpJJWUjWCRZWz5PMzBCcDYxXzhiQEQzPjRcO2t1Qyw4NShCUlVULVJhYWE1
bV1cIlFbU0VeYTQkKm8pTTRJU21SYjJJJU5aSGYtKmcmLlZPSjFrUyhEP0dLPDBXaTE9bV8mKkNL
aS4hazYobiRObEZuR2ZWJUMnVFVIN2lKMkdvVjh1PEMjT0Y1JjFDR2FHXTliRFkmX2IsdSsjdSdV
ci8lVGphS0gwQzgmSlhbY1VEVT5RYyEpYWdAVj5QNEZVTiFyJyhwdHRFVihUNGZdXk5pWiQ7LDNG
JygwV2hCZTxuJzxmXyNRayVMbCQzNUpeQ0krPj0/aC10OGwtIV9IYSJDLF0tLWolWCxqVE4nK3Ep
SmBfUFVEYShJdWBTQzZQYUlnLV8nanBjImJnNj4oLEVhRkkhR2piMjVpRWxBOWM0TSI9Q2EmRnRt
Jk1gWj1mLmN0UDJZUTU5aTA2Tytmci1tXUpLYEJqO18zZU1eXl8rPkRROGRIQzcjRXRDLmdyMGRA
UCVVSTJLdWxAQ1U6XzNYSk1MUGRsMSFlIjJbXlRgUz5HYiUjUjVbaG9oRkNXJGQkN2JRXmgmSEtS
alFtb2MhI1Z1TU1AKVRZZz46UWNEQTUqZnRcTiE2UCc+U18/YF9XV2ZrYlAnY2dhVWZGSEA9dWNE
NWNxWCFZPDIrLm5bTkNHTGRaZDQyaU9ZTUNAdSFmRUIsSkxoUm5RUlssN1FvLTxjXUA4RStBbT8i
Sz0scWBZa2w/dV09U0NQR1k9LFtXOVJKM1NUIVFjZUFNX2pKPCc0NUtkMjU4Ok9cVzlrND9tZl44
K2Q9JC8/YU1xV0RKYmBHVktSIyhOZSRAdG4+QU5gWWFtSkwyK1g/RkRgckMnO3MqY1k+MzxAMTMj
XHRlXkUjP0pdPyUmdWllUztePSojZmstXkwkbj1XTyJlLT1LVWVeK0paRzRjS1x0OkVnXGRrVVBZ
MzNUPU9PPWxQJkwtczg0Lz9sbUYqWU1pX19Ga1ZaYjRETGRkTV1NSjVeZnA4JSY4VWhkKWxRIj5j
VmNzQmspVlMzaFo6cVxgNUktR1RbYileOjQjVzwlYGEzQENrWm5fIzJCWlQ/Xk1jaGk6TSs8Ukps
Sm5PcWsha1gtWVVzR1FvZChrJW0kcjFROkkhPjdrJSlvVyk4I0ZyImk2SC9fS2tybSgnKWVHPy9w
VCZRLE9qdU5BTFE8QjVbVTdUXWIuMHBnYW5gMypuIWlHJWNEOXQpaGs6UTtNMzRfdTMzdE9CTUJm
KnRqYyM6KXJQZWA5L2JsaS0jIV00TFoxazZfVy0tMWQ5XnQlO1dZXyk5TVpUOyRkRTZuVyFvUzNS
UG5OK1tyWyllLUYzUSRwUCVUSjJYXnFaUHVTVnVJVTZOalNVanQlbzQ0bXNbVSdDMCVyJ2NlMTBn
OD9cLlBiTSpFYXAsVnQzOSFDaF9GMSlBVCI2NCMiL19zbTsvVTJDWSg/XC9QVENbUm1KTSNYMi8m
bUgyYzJcZU5fRFNFMGQ8L148XnIvXC8iQkRZNmEvQl8vLklIYCRza1dJbTtVZitxSWo+X2IqTzlj
Nm5AXHFra1w3cE9mTkdvZXNyWHNvVDRkXDJpJEZPbXEhMGA3T2NHaEMiXD0vK10pN1s5VkEzZUlG
VjUjM1tkcD1ASFUmQVI7ViheIy4rJjhIUVRvRThYT01kQTYycC5aW1BNbjk3PGQ+WENiOExpaitP
cDNYZV86bD1ybWxhI10qIl9EXUIzVFkpND5BQmFLY3JhUEduXUtiRGNxRiJRdTheMDRTS0svM25E
bTg5KyYwJm1KLjA+ZW0sYSNcVFJZOGNtXF41VUsudGoqLUE/ZVgoWixMWE1cOTxLVk8nRD8tZj50
ZUJPR0Y2cz5vNj91RiRALEg/I1pSR2tKcyojVjlqOyQkNzBFXGRlblZYKkk6RGNqNE9dZTI3MVYl
WiNmUSNVJ0lxMV9HKipIcCRuQ3JZaEZfN2liSU1Naz8ubUNjcFxdMyZNYT0wQWRxYi0zKSxfTTZd
OCQ2OWZdSyw2ViJKSj4yJnEqU1hGTWkrKnVySmdXOGJKKFRrdEE1Smo3STwlSGA3JjZ0ckZoM0BX
IUUpM18nT1lhQUBgITQqXjhYPi9TJzMxODYwXW0jTlgiSTRnaGNER1lgWy1yRkcoYy4paSZbN2kq
XFJLVldnVDNiPSVAKGpEM1dmSmApck1mOzxSIWskXGZFU1AjP1pPZEwzNz5FOCllc0AkWCZxRG8r
R1JsRTEtKnI+JUFpTVknL0s6SmYwUj1JayUzPk4/K3E5N2s5RVY6dVJRWUkhaSYvaU9mcTdmb18r
NlIiQmBJLjdgTlJqRlNrZXA2JSFtaysrU184LT1wVEJlMExBNi9DbDleX0NtVmUsMl8qcitVbk4t
OCxiVFp0WWEpWE4yO1c1OUZOaUliXXBzNnMmKEdNJlEtTiRMLm1DWk0xL08vV11oP2VXZF1ybTdG
Oj1JYVBKMlgsLV9YSVJpSC9MLCY6Si1XZiYlO3JDZlkmdEluLzY4UWArdXVqTlkoWmdFQmVUO04i
bGFYdFBrUyVQWkZJW1NUcT1cbGlLJFFsT28ra1YzZzB0W3I9V1YyQklAMTFYM0FkNkA7JDVnY0I5
JGk2c0xHP3B0U0ZWRTdbakhcYE8sRSg9VT4uU1ZsMUdIY09DM0ppZHU8RS5HblAyUWclXi1taWxW
XzZiVUBvNWwqQiMkPFlOKGtTJjIzOTVoZyhoL0UjZWQrai02IWglaiZkMCY8LD5QdTFXdE0uQGA2
blV0ZkwpIlliN1FYKzdtO15QVEpSby1RVyNUcGtZODhrKUc1JThmNU1SSUYtaFI9Y2l1K0Rxbmsh
YC1EV1M9Lk48VydaQ1ApWk82OiEiNitWRmdHODtsTj86L0ZUWCZGIyM9PWNXakxVaW5uajdZOjFA
J1pEPU1BYjVIUV5aa0M/OExPZm47ISwucGdhI0ZDVUNwakJYSmlJVmNHWjtra2xaZDJOVCZSMDNM
YWhvODxrdTBzREk0P0A1UDxZX0lddEFga11JaFdScGZyTDA9MylpbDxjazc9JGtrTE9dXlstLW1I
MWhOSHApbTovP3FtcmYjYDRYbkVUKjVCc3E+aSpYJy9WVFhBV14rclpgaV06QGctI11ANUdiVmhQ
SEVuaCk6PFAoRnVINm5Jamk+UFQjXjxuJjRxa0Rwa1orLXM2ZV5UYGsyKCpJbHVObGJubEc/K2Bh
N106ITMzMT4mJktUZjpZMSYoO206JHQhayM2REdUIks2JjdjKypsUm1KTVZTJlE/UU5eVlFTLzwx
SmtPaiczTXA1SjxfbFNPMEZTUk1OczwlSD83RUpCZS1tW2ZfKV4mR0IjN0RdSkdgREJCZyI0Km5I
YD1mbS9saV1TOUhNTCtfM1paSmVSPm9CWGRdQmlmZW8vR19ZZVM5YDNeLiY/TW00SUgrRnFANjBz
Y2ZzKSVeVkhYYSZDb1hjNFBJKEU1clBfNFsuMUVHb1BILUFjKkRwWV9qLSNROVxDLWgkLjlgcnJP
UERFM0IhL3JJJipwV0ZDOGQ4P1U6biU1LE9UcSVJJGIhVk49UzRNQ0BmR0hAXCRbMSZmWitEXVI6
XFtXKGB1S0s0IyJOOE5zSGgoSV4nQl5dYzQ0XidYNVkiZSFhQFE4IS5QRVduQT9KcyVYZDleI2dg
Y09SOGcxIlRDW05mPjpHOERASSY6KF0lXkVjOy4mMnBWMVNtVFMmMU5MPEEkZUF1KW08WUF1WWIp
VyVCajg6Rio1bUdwMDVkZ3BKbUU/QmNKb1MjOSUnYHEnSUtHJV8oKmJiVHFKP0MtZGBwU2Q8ZmAh
bVdsJ3JwPnFrbyVcU3AwQCFYZTQ+LVtYQ20xQ1thRkpiVDRQNGVRPFhHTFlkSVluZGkhcWktUFw1
QkJfLWRsL19lbHNPSlFDdSkqVT9yOmRURipnaU5zUnFkOGwtRF8rMVMvWz5hLmpLPFxfNTgyMFhe
PDBZUitaM1hIYVZFWk1lZW4nSnJqRk8uOScjTlllQzQ6Kyo3bGZkTD5yOlR0U2JRamJtZERNUltj
YU5Icl9JVixwTE1eMDdMWEsxWTojSmc6cUxqP0U1XlZHZFRULUNYJFM2IXRQWlVNPVEnUW9FbClA
RzghamdIbj1HTjFtSiMidDUyU3RBPy9dQFBBQUdpZjMjK0NgUjEzaSk1OlxNNjZFZDg6cDAsImdH
W3QqIkVQTS0wIW1cKkYxQklVaV9TSXAhMjBdMTojS1Bic19hNWc/bj4hLyIpTy9IKT1JXSorXlVn
U2VkK2AwO1MvO3BVI1o7bl1aXU8qLU45UE0oMCw/RDlUMk0vRCpFNjojTjtWIT05WyhPS1lwam0h
NiJBVkhANCsiNFNKSkUuKl8zXGYya0RxYjVTdCNQIlw1VSpmXHUjJylIZF0pIlBPOCtgQyljcmM9
T3NSSTtnTi1nZjNbbTZIMicnRkFXUCRAZXNDImJScyUsMkxWP0pWQDdQXFgzQWEnblFxY29WZDJq
Qy9dTVRAKiVpNz8xYWdZYGUoIzBbM188Ok9HLWRCY1c8JG03dCVBcSE8aUEjMyElcUhhOzg0Ujtl
bXBWXCZJazxAPCw1cChccDslPW8pKllOM1tMXCU5Q0JlXGZcWXNIRjJWLCZGZS8jcyJLWjZkRjxo
RztLZkdncj9ERFYlPU0+ZU5WI29mUjpVUStva2VncjojTjNPdGtSUmZsZEIqTXQ5Wl9GMSc/XlJb
VS1kTXVzPClhUksvQEcrZzlyK05DMVA+XSFRV2JqZ2hCZ0M+SyRTN0dWNHV0T0BBXEN0Kl8zRTRX
JG06ZG1UbjdJLmszIyxgM2lBNy5PcSUwcGpRVzBxLVVZUVU+Ok4jN0UrR0BDXGBoTm8lWCRrLk9v
aGUndXM3czQ2dVIoRUNJaW1TNidDLW1QJVU+NDpiYCM0YF9wcVlSZExkTVUpQzlyLG1bLUVgUS5V
SjkoJi08Ui1KWi9NTHREalA9MUxiLFAtMDwpTjBnNVNbWik/b0hUdDo1Z1lQNHFGVT9fZFcla2Fv
KzIhPC4jL2VWKlpwcltBX24wPEUrPl1CRjs2NmklJEFHTmhlLVM0cFA/OT85bVxmSTknM0I7Mkck
VWI6VzxGRldMMCouXmhaRlp0YGEhXW8lXWxFJU8kbGYlIjM0VTEscSJKb3NfLTdvREtGPGAvQkxS
ZWFART5GWT4kXi5ha1Q0MDVCWkx1RlNGN0xbIlY8cHRwRVc3VjU/VCUrLj5jKiROOT0mYHU8RjYt
Y2c2b0JAUFtEIkckOzZeXyEydENpYDsxXEFoLyRaK1FxIjJyQkMlNmNIV2w4KzxZb1ZjYSJCS21t
XXEiY0JNTWQ5clFrczUiby4+c1RmSU08bltcQks/I29NOEhgODcmdEpiN0htMVRSSkxgKm5XdEor
ckFFI0pHR0RaX0NvVT1HPlNWRzF0UT1MTzU6bTdFKUZuT2lWRUQ0amBOTCpNXWZOYVhTZTY1XyJp
aUlxc1dOJ3Fac047PGInaFZINlhibChULCFqa1tqWlBIMVlXUGdMbUtIP0g1aDs2X29cQz1dPCU+
TFRVTnBeR00hZkNIVElvdTJXQk1IPCxnPi4sNz43PlxLIztjLUNoOyxMMWY7LEwxZjssTDFmOyxM
M1xjSSVJXERwPiQ5SlFAU0cxTSpZW2t1XjRyNnNDUj5bdExsLkRlUzNlJi0iWS5UbWNmSGUoO0Z0
bTY6MTBROCc7YkhqYmxtVi9ZZS9mJzhMSTowVGApZWJwcV4nVyVRLSdRSFhCS0hvUGVgSVYmcXAq
S1RuPSRsTTZEay5wOF5PMzpoZUZVXzRHLkJfPW5MWkhTJ1NoNEByMDFJVVJARCxsUmhhaDUtYVln
KURuLWdlQ0BAQSZEblpTaERaK15ZaiEyYjUjXmI+Sl1uPyRTL0hMdS0qJGI7V0xlWTY4OFQzazFX
cUpVa0kvMmVaZXBVQVVsJUshMl9xXlhZcmshIms/VWI6LjlsKDxKZkE6S2VfaUR1TzUsR0QrbD50
KzZRSkg1IjosZSY6LDohKCRnO0RAPmdBPWs9Z0wlcmxTcVEiXFlFTi49cS9WXE9RZU5UbWRVUDlx
ZkE6YTBCVjRDLVBiKGxmMmRUPTFpSSxYOzRsT0pvPFIwaj9wKi5zPzxwZFIoXGtDN3QnTCthXG9k
Y3JscmI+RW1yP25qPWlmIU1aKCVYU1ZxcnRrWjVMQilOVSZCOShORi4tQzgoUV1QLWFRZyJEaCk/
MWQpVC5QWUoiUnVTRmtmKj8lbVI8KEUhcTxAcnEmJWJqaTRNUHFecF8vYSouSm0+XU81Zl46N0Na
VzI/aiEjNypYaGBfdCdJZyI6X1JAUEcuODpDPkJkJ19bUi5OYi1xMDZfZUVpSmxKZUY3aV0nTlJF
X2lPXkdOakRAdExXP1FLWS8+WlUpUTUmMHUwQ20yUzA0J2ByQUtEJzFjcmJiLWoxKllMJFs/bHRd
ZV9eMGw8LiFHMkNBL2BHWVErOjVMT1wnPmRQZmBESFRLMzorRCFKIyM0JD9hOTFjPSVuLDRIMV4m
UlY5OClMcyNRVkkhTmc3dXJgOVpvJEMtSnFiVTkxbEMmbiw0SDFdZyVKUWtkNDojcUgyPCFpPTMx
YjciNCxfNUdQbzNeKVdKR2VfXjBsO0w6WS5MMnVPLV1gN1NtR0M7S28+QTZsc09jKk1QMl9BIzlo
cHEpXlc8aikhSE4iRyNDZW9APipkPyhHIU5hP0FOckFgVFRBKEpbZm9LaFYoUSVLbTB1cXQ9VlxR
TyUxMyU2OzpOVitnP0gyaytYc3UtUmdYQl5ma3JmKUA4OG50ZSg3JkQrQ0pfNTsiQydbQmlcbUM0
cCJbSmc6VzdrcWxHYmpNbjRbYWkmSUY4PldMQTs4WVAkcDoqNTNDLzFyI2smJCw2MnRHZTMiR0ta
ZyxvRGFESzlWMUE3YUxNYnUva01WKjMrJyNmbCw+XzxiJ15AUCxlNCFhWipGRi9mKyVxJipNVVJf
Zk8kSj9MSmg6J3IwTHBKTGxucjxvXiVOZjs4TGdqIUpVXDpEQkpvIlhsKj5nckJzNihcJ1YmQUFh
Mi5WXSM2OlpCQ3NMdDdnITRpPkE6O2JzXCxCWGZjKWtCLz9uXDQsUGZNNUwmc1hFO0ZjNjBWaCld
YkRgbDxpIjozYT09PylFZXUxTThZVSx0MCpXV1kmWyVGamk2MFxXY2RMJWhHIlYiUUk+UGYuQis2
QUJxYTI8azBndSRAUHJgJjVXWUtDJFBmcDJFOGNIaS1KOVIqQE5GPkhOSGgySVJCL046dS5lKydc
QCYyOCZURjlRMGc3SGpEKyc6ZFMiPllTITFWT1xOV1tzYFZiK05NXigyJDBVQ1c6WVheUCI3LGVn
MSokbHVITSxLRC9tdCQ2KD5HIyQ/azZhKUEraStILS0hdV4uZS1nSChEMyZfJDk1OSh1amh1RjpB
c2NsTC00TUg2NzdFSDlddTBkLWQoYE4+NjIvLDkvakZYKVNQJ2BiKjg5N2M8N2hlTFZmJVMoVFkz
RCpAJFcxV1R1OGlrW1NZIkw6RjEtSC5sQTFuY3FZVksvTEBVNlAnOTAqY2ZhJDphU1JYcW9bR1Ep
PiNtZzZtO15TR2M+czBvcC9FSSNcXlxPcG0zXCU3Wi9fR0M3V0VFPk5VOkpKTjBRaz1oNW1YImZS
OF11W0hjJWVsP0IlRypgRikvKjYxJSEnRUA7ajxBdTdbSElvLGNESkVxPm0/QWBuZHVpYDNibkxT
N2YlVVkyU1YhQ1kxWVkqUWs5YiZNa280Wzw4OiMxZVBKYTJYbl9BZlpOIi5cRy5cYy1TbiprNls5
b1wwcGRaamQoNVBsRGc5PTdPcDo3XSNdKSc0JkFoMFBSLmhSXjU1azhaVk41aGhzTEpJZEp1Xi8s
bWhdOGUyRkE5QkBhQmFfa3QxbWBSdF1fR0ZPaUFpTldsZio0OXBBcUplWkd0Ql5ZJlhtJVNxYmVM
QSM1Tz0/QC1gZjQ+SGVfQUdxNig5LSFcTnBySGU4aDpxcEExckUwZDFEWWhFI3NUaERYajwuKzBI
LUokMk50KDhTJW42SkN1M1BsZDVYRTdqcCZIJl8uR1dKP2IrUDdEJmUycGwmSUxAJGQzZ3M3WXVM
WmlhRUZpME9rY1E9JSUmcSpQVkdfbVtDbmE0SDZiMEdNXTV0MmxPS3JJbEVQPCw2Xi51cE5LLkNC
czJNTFlJND1hRG9dXHUyYDtwdG9xT2lSO2A/KkZFX0JiaVJjRGVYUyVScFU1TjAuMlBVJEMtaDc5
VmEmKjdRYEhPP1BBPVFxLT1WYiw/Vmx1cW1ZTWBuYCxIQS1Cal4wQkUhVnJPPXBZdS8icFZkanJH
XzphITZjLzw1Llw5M1xhOnA8OnUkcnBEMzxvPmtfTFxvZz4xZWokUDQqK0hsaTsiUWhCXmJIMkon
P3BMS2kkW3NCRDYpbWZlKik4VW1xRFdYNEJsR0JocyglZTNPJl1IMzU1dEhpITBGcjkpUm5lJl1P
LGYjQzk1Y1lkWEJYI2paLk5eZUUhVzM4UjJLIllOQktcUS48M3BmQVViR2IscEY6UyEickI+WEZY
MFZJcE1gK0Q2YjN1PmVbdTJbdFtTbUNXMSM9WTFVTk1gSz9xbjdZXzsoPmEvJ0ptKjRMWyVNbGZJ
KHRFXiJoKkMySFBGLz5BQyYlVVhVLUJAWmFcOEFCO2gzOChlOmRVJXRvayxVM2hiOzEkJWhVUTtC
R0IqXSRoQUYyM0NnPG9GcyI2dVIuO1VsUDtqO2k3SmoyRV1cO0c3cDRALEg2XzlmRGFIYiprMWtj
IjIzKkBhbjFgRlExXlppSGtcbmtGNUpqW0ZGVTRAXFcuVlVpJmAiX1stQW1DRDpwMFZbUmI4XSIx
XjAlLzcybjBqOzRNa2RNNyQrZFIkUDFpIik/aUw4b3Fub3FiRENxdDRuK1pqKCZmZEYnVVxzOW5l
VUNGOzlTWzJlOCFNQFtjNz4qaignZ0VrP18sPTQiRiRFY0trWWA8Zjlra3FxVjw4KzFYMzxePmMv
JzBxTjVPPSc0QHM5JV1vRzdnMiEsU0J0a042O2cjIUcpIjU9KmJmM0UlRlVwa2VEZEYkSE44ZmpA
NXQ/OFM5NSlGODBXNlxgYklGc29lKGR1WFQwKEBVPUJAbTIuXGE8RCprJ3RAbU1KMFVTVj9TYyM7
a2lYXy0jJidELm4sQEA7O0ZXRldqQGNTdVM2SEhManRvJ0lvcUJcXG5cSSwiVCRII0lHVzknXEAm
Mk0uWkpBPUxbciExPkZLYlhaXV40MSUhKWVcIWRrQSVxbzdnU0pyQmJLRjxfNW1hbmNlKWpfVWpr
ZWdLRSwyKi1zMVt1ZTFSVVFERjdXKmpGXUJeKTBUS1NWNGcqMC4oWVBIPlMuSHVEVUF1aHAsTyNy
cyU5ZD9qYlRZSzdLLDwmWDxCVEZYOjhJRyYtazA6PlguImJIbzphdGNoJFFYMSlkZ1NtYFZbTEAh
KCpbIXJuXWY4IkxMc150MjpjW2Zga0djK1NHNlJJNCM4Wko/QDFEMHI8WHM0SEdvRi9dN3FoLDNT
RmlMWCtSTi46JGZBNlc+IVdPZ2huZzNvQGJCXEMlJDdzbmZJUkVVV1hwcnFjQi1sS20kbmY3WEdR
TjghT1hjJDNlXHU8bEhAX1c4dGUiYEUzO0EkWGBISk85PGEtNmFOMik7dCFlaWtDODQ9bixkaSRI
XTdgL2c4IUJjbm0nUEtrWllaUTsobk00X1lNb3RMSitIVW0yXSJXY2MqSiQsQXNsKW9USDt1ay5J
Xk1pbj8xLWE9X3BYYS09PVZzOEFWcF5JT2BFPUQ1O1kkVkdhSyZbNSFzXmg1ZkZjTidURFZCS0hs
R0xXNVgrc2U+SmVSIjQjXyouQzFcJlQ1JUBESE5fMl9VcyU0LUJwOyZeMXBCJy1YcUBsR1lQTlw0
Q3NvaTJIQCQ2bUhgbGcsaCUiLygzOlMsKVUsMkhvRiFVXk9QaiVMZjE2bTZiLUQ6QC9haCZYM2cs
UGQ0RFo8UWlsXmZjLWtRZyMhUSJHWi1GdCdIWCtbSjg4P0lCWidnWy5oVkNRLnBbSSJRVm1QVm46
aEYzOk5hTUVvUTFjQ1lQbCdPVEM2Kk10YjJaPHM0WFEzXmdBPj9qKnE5MHJRYF4udHFlRVlrY29L
WnRNVkxTMEpiSSo3WTwrXWlZX0RlLDFgO05sRGFOWDFHXVc3TGlfKnNnZCxsPkNYKEhmRGcxcl5Y
JFhsKkxBNXNdNls3KGVXaEE9WUxxVlQjL0NcSVByP2JpJUwlWFEsNTsyNGUtRzIxbTJFJThpXD5O
RURbcDxIJ2ArVFhnY1BNLjgiKFhqR0dPazYyZT5OXGM4Q1k/TCNtQkxpciY4PElqLyRbNC06K1lT
OTdEcyExMmgtPSVxdF0sUm9WYWVMZmFAM0lTVTZQbihWKW1kOk89LysmVTt1RS5SUkdAWXQ2Y1BX
cE1yU2s5U0pkT0JjUUVRS1dfW0Q6X3I8IlFHPlJPJzNILkxeQk45aWZEZFtUdFJhUzoyRSNnXzY9
bGojJ3NoJmoldUpgWzcvI0tZOFw5O1Nibz4oVD4qYCQjbGpiTFwiN0w4ZCRwXmw3P3AydHFtL2Q7
ZG5WM1RZJmckV15lKylDKyFRMnFKSHJGaG9zRkRvblxxayptUyJbMmc/XFAmQWFILCg1LjFqOkNH
MnMtVmBENUBaQ04rQFEsZS9lJltDJS8wKjslZVtBRVRuTVxZKihPMlVxXihPajVmVHRVNU1vbjZh
NydRMy5ObWRILGtgZm9INDBKL0U/XCRtdTtHODIiaSVBS2FZbyY2dSdpTFdaJEJsPlE/U3FyTlxo
QUNqRGVpZ0JBRy0xdXU3MV8+NVVxbi5oa2g0dEFmQT40KmlqQUgsOk84UUxvRFxSRV9sNV9GOXRY
QHNTYTNQZmgkOVlJVTFfVlw4OGVhK04+NjJxbGEsUF9TTHQnVCsrKFtKXE0+IUdWXFNnXnBaMWIl
OFEiayhIPz4wXERfLSVxSChRYlVmZ0MsNicmcDs4NGdWKzQ3aDxXdVVjY10jPyc5PU5HZzdndDhD
PFdjayY6Imslays4dFFKUHQ0L0dEPSptWEcxIzYoZkIrbXImJiVTIUxQUz5gTjVBPmY2OlAqNEBu
JU9Pcj5rNVxKRFdsbjg3SV5nLUZSRTkuXjtGazQlR19IUFlbSGBtLEZtSWVQNUY1dSsjJmZgTGpG
KURcNT1FK2A5TkNEU0RCWGBmazZrQ29xRDxkN0tqKiYiai0nXDpzazhfNDNQWjosRmorUXJnVWJD
LWE1PGpWc24/a3RvOmAjTFVAKixPX0MtdClQV2RHVnROcFNuciMxPjxuXGsmT2spJmxmWStxRVtV
JWBHaUBIakhZRz5sO0dLXDIiPilCYlRrb2ljPyZ1bkIsUWBnXEJVWFZCLF1WWm8+WkRNNjhXUV5I
cz1hKVRpQW5MJWFaSDNpRWUkM18rTnE6I2MlUz4lSCkxaFtOX1dkaHNGbGZHU0VNZzA3V0hNWitV
NFwpJlkiTzVFMVtoWFpmczpMUG5AazBgJGoxPk5QOyU7al1FVjdsLHE4UihLL1hZZF4pbEpgPG1A
dEwuJTwmYEU9OWdJYCw6MkolLUUxMmkzP0NLZnBAJmcnW1hYMjU9VlwqWVNNcEg1c20/MWQjMDY3
c2o9bWpJa29DPVs2Tkc2X0wqKzZMP2lPN0xPUUdfTF1oOT1EVGBzXD5MYDNfSTtRNEUmaG9vQGQr
USstUHJaIj1KSUdjcC80WkE/TW9AbSMlYWF0KiQuSVdnYVEqNXFsaHM1SWonI2hMP0BHcjUxRGM2
SnM+VSRbMCVbJ3NSUlxONDVcYjBiRFBZJUk7YUtORyplL0M5ZVYxSFUsZEthWWdKSCJmbzhLXExt
Tz4/QC0tVlJXcDZDMiRGXlx1JnBNbUVPNWM6bFY/LSdzXS1FYDk1dEUpOzdIRUYiSiEzTDUnXk1E
NTRkdW5ZIi1IZktBT1FmOl5zOj9qU2M9Py50NktvSS8vRVxnIkZnT0phYyNwUmNGZG1KJEApMykv
cyZbLl9fIUEuP2MlP1s6P11COTMvTmlfYExxOWJnYS5sTCpXYlRlSkMuOVpgKFpSWkFQTjRrJkgv
NCFUKyw4OjEnJT5kKVEtNkw+NTcqaUNbMzdyZHEsaz5VPVllcEQqQUk5WlQiYjtpTEpkdT5NTVll
V3QrUV1GUSElRlMtcEV1NCNQVk1PVGBJOyQ0X1Itc3E2S19YXFlydEdEMSZFYzohbkglTmlCUGpl
RG02Lmc8Ji9lUzglIiFHVD0nTVU0Tlg/TmMrWGRvLWo/aig7NGlUPmQ8KGYxI1hPKlIuWSctQWBO
N1doK0pvPiFbMThvLWNYKWdYQkhiLDBUMlgnYUFidC5rYGYlKlhWZlQ1ZGElOWhGdUtWLVVXcTch
SkhaMipZWyprTHMxZy5oPWtoNy00MzcnTzk+Q2lORCY/JChCSkxBWEEmMCdTcS9GVmJnJ0soRmpE
Qy8waClkKkA/UVVcOS5ZZGVWbmNxcXBvM0RrJmM7KkJgVjBsdE5adUlicnVlPmZeJD84ZzQ/Rlcq
c1V0LkZjT0NXNDR0MCgsZjBIKEtqUVc3KjEzLGdBO2tNaWdSWS1QUD08ImhoSSohQFcvQDNuNlFL
MDRCZmBAY0JIJCJuKXVDTHAnNT5uQDE8OypaKFFsY01NYC1uYTRibWFuJTkvQk0nKWNKZzBcNEMy
dTwjW0piSFReWUcuYS5tb1hxczBfX28jaUhwPlUlMCIxPnBQUCo4XWZQTFtDa3FiZF4jL2JZUi41
MVJbcXJkakR0W0pOQ1RkQnJZWkooTjZMLF1rbSwjKUJWUUdXZ0xTJm83ZD5ZUCdyMzRHTUdLQmBH
RVpPaidUIm9UODo+Mj1nXzRLJD5VRF5nJmpNJj06NWBEbnJycXVZMVAlZXUhVEs7Rj40RyxGUmBd
PjEuZmtCYSkibDgoVXJNUkYvV0hCO2w/XUNmWHBkWyk1M0ZxOixYKioncUdSRVhDcS9qPkleRmJ1
Wl0obnUtNUNXNF1UbzNVRkxJbVVtREMqIWRjJU4vLlciKy5oY1R0Nls+dSdCOSpVO1RKMnRdQV1y
Ny49T3B1XUtvKVklN0gqPCx1JFQ3TD00NkQpcDNlUj5aQD1cKnI+bCgoSzlZXkJeLGB0KltSTHEj
SlZyNztRZWU3I1E/QyJRQFlsRS4mSFRZOj9jLklVSmohazk6XTstXkZZYzh0O2xDazFZKSpIcSkk
S1lDWnQ/W1pHR3BXV3JSaUYlKUolazk2RDNwXWpvU25RJl40PFpCQClebTBjLk9sbnQuT2xudC5P
bG50Lk9sbnQuT2xudC5PbG50Lk9sbnQuT2xudC5PbG50Lk9sbnQuT2xudC5PbG50Lk9sbnQuT2xu
dC5PbG50Lk9sbnQuT2xudC5PbG50Lk9sbnQuT2xudC5PbG50Lk9sbnQuT2xudC5PbG50Lk9sbnQu
T2xudC5PbG50Lk9sbnQuYyg0KjVOTi4yTjt+PmVuZHN0cmVhbQplbmRvYmoKNSAwIG9iago8PAov
Q29udGVudHMgMjggMCBSIC9NZWRpYUJveCBbIDAgMCA2MTIgNzkyIF0gL1BhcmVudCAyNyAwIFIg
L1Jlc291cmNlcyA8PAovRm9udCAxIDAgUiAvUHJvY1NldCBbIC9QREYgL1RleHQgL0ltYWdlQiAv
SW1hZ2VDIC9JbWFnZUkgXSAvWE9iamVjdCA8PAovRm9ybVhvYi45Y2U1YmU1MTczZjRjZDZkZmNk
MDExOTQ4ZmI0MzA2MiAzIDAgUgo+Pgo+PiAvUm90YXRlIDAgL1RyYW5zIDw8Cgo+PiAKICAvVHlw
ZSAvUGFnZQo+PgplbmRvYmoKNiAwIG9iago8PAovQml0c1BlckNvbXBvbmVudCA4IC9Db2xvclNw
YWNlIC9EZXZpY2VSR0IgL0ZpbHRlciBbIC9BU0NJSTg1RGVjb2RlIC9GbGF0ZURlY29kZSBdIC9I
ZWlnaHQgMzYgL0xlbmd0aCAxNTU5IC9TTWFzayA3IDAgUiAKICAvU3VidHlwZSAvSW1hZ2UgL1R5
cGUgL1hPYmplY3QgL1dpZHRoIDE0Mwo+PgpzdHJlYW0KR2IiLyhjWXFmNCkjWlBNPjdOWz8qbmxu
NSdvS0JdI1h0Y2VKQjQtJDxONjxgX0M7XmVqVE9ma1pxXFs5NVZELnA9PmNRaUBRK0g+PUEjWU9s
cGRqJGRCXSUtOEA1WCJNZFRTZ2lbWEImJUZqJEJaImJaQFdxLycwQicrR2ZjU09KVnEhPydXITxF
MyUhPEUzJSE8RTMlITxFMyUhPEUzJSE8TCRPKkEjQjMnTkhPcV4vOUZnUmNsIkgjKmFWIiZuVVRe
XkFIbEhKOlwsc2tdRmY+PUw/aU1ddE0qZ1l1biwvOkpPWjY7aDU6RWtfJzZGVSZxUmQ1OUVsKFxG
WGs7YzpbaWtEIm1AdDtHXVhtU001V1FHUV84KCpmRFg9O0dVVmVEM3BUVVB0SWxYL3RcYy45OU9D
RklCRTE7SmdOTmUhV2ZaamhPMEA6P3RObHJLLyxUVi1vWmpMOmhlPXJZalwwXCZyYSJPLzQ8YD5P
XyhMbT06M0FFWkJcQEAhSi0mQ00nJSxBIk5eSl09Tzc/ZiNTLG42aj9nUEpiV0lnZ3BcNEVlbDlu
SmhvbEhLYyE2cnFBMFdVWGBzJEMxN0lURUtjOU4xMVBLcWpxamNmJysoKjpUcCI9TXM0RFRvKEQ2
PitZPkVST2AzRTszQjtJJGFgZHJAai8pclJedDhIVj9dKEI0NThXSypkXVltISNpcGpwSjJQPWNl
bkdrX2JoOl9VaFNPXydkO21xOHVUbyptS0dXakpdX0d1amVkcGIja3VuO0BiTlk/XDw6Z1hrcCg9
MGdcR05aTkltJE8/RC44R3FobmZeTCxpSVVkVUIzLEVjPnU6SSFmYk4mU047VlxvRERiVksxMkQ5
M0haMTJbTUtGaUthUWVtc0ssSiwxJnBRZzJqODxkLCU+aU5vamxfJk1zcHQuME05IzV1OCxmY1E7
W0JdUjdFS0dUSGRUN3JyJj4lOmhQXUA2aC4xO2pMI3M8dSM1OjZYWFA+a01rTDxOW3JJQSpsZW8k
Mic6JSJER2lvQGpIWF9dQlxsR3U4YDBfbzdnS21yJTROQTNNOD5lW1spaSIxNlg1RiZSWTFQQilU
WyhDQGdHMk5tNidATkAnKk5gR1tQckpyVGBbak5cZiRJKmJCMSYnJktUKllCSmRKalVGLzc+OkxO
by1FakBBLS8lN3BgXGVMM1xPKTA7MyE2RkgyTGsjVVhqOWFxXzwoZS5BMzVqR1FScEBdW24wTDw0
Rm03UWc+KEpqNTx0PCM9a1FdbSpzYCRzM1Q3WzVkU1NaXlEzbmJCU2tjPSFWM15YWEUpIjtAWVRD
UlM/I1NRIW8xam5WZjlAUSopaDNfZzhiaD8xQyNvQS9fWyhJMUdPNkltK0hOQFUvLzssMjFTZGdz
Plo5VHFlW1smM2ozOidGPDMxW18zIVQ+QlJlZ09AXlxaQyMwailXQyUkSkViMS4xQkVjN2ZaNSkh
czljJTpvKEcpRGtIMCVTW3Q3TEBoUkouUXNjMDNlUzN0WkYlNj0sJFA7cU9DNWAxZUdBNTZCKU1v
LWgyZ2FuXlQ9M3AsZiprPUNDY1YlV08sXF1XRlNdNTpvNlBpZHFfW0stYkxoZF1xYSdATjpzJUki
T0tDbE5EJUF0LTcwRDttbDZpJ0ooQV9YRWlLMTNWXlw1VldKWWhvZ2VsSSwnZUZGa3JyMilxXjY6
TypwVkcxU1w8T1QhK1hzYl9jV1ZsdEhHK2NMRjxqRiZyUEphPkJVNzRhPjJAJzA4P1Bwa1FMW21x
OGdpYVslLjlYYm9eNihOQkpSLS4mNmspQC8zaDM4KihzWWAzWjVQYFFmQHVIMEtBSXUzSyU5Zl1B
OkJCNk9eZU85cWk6SiYzcTJuUlAvNHJxTkVoKS9vbWlCRWkoJGshdT1EPDNGP2VoKCk6U2dKdTYp
aVNeMSM/SlZWOVRlJVU0aG8iQHFQTVk/dV5WRDRqYE1BPnEmSGNpWGxdaVVKZzs3VzcmXUUsTTQr
a0lLS044clZcUl5BbW0nZj1maVtmOV03aFg4LUwjUkNcQSNSQ1xBI2xaQEwkZ3Jpb0Ndfj5lbmRz
dHJlYW0KZW5kb2JqCjcgMCBvYmoKPDwKL0JpdHNQZXJDb21wb25lbnQgOCAvQ29sb3JTcGFjZSAv
RGV2aWNlR3JheSAvRGVjb2RlIFsgMCAxIF0gL0ZpbHRlciBbIC9BU0NJSTg1RGVjb2RlIC9GbGF0
ZURlY29kZSBdIC9IZWlnaHQgMzYgL0xlbmd0aCAzNiAKICAvU3VidHlwZSAvSW1hZ2UgL1R5cGUg
L1hPYmplY3QgL1dpZHRoIDE0Mwo+PgpzdHJlYW0KR2IiMDshPEUwIyEucG1EWCkxQm0hPDwqIiEw
Nz1IZmEvNX4+ZW5kc3RyZWFtCmVuZG9iago4IDAgb2JqCjw8Ci9CaXRzUGVyQ29tcG9uZW50IDgg
L0NvbG9yU3BhY2UgL0RldmljZVJHQiAvRmlsdGVyIFsgL0FTQ0lJODVEZWNvZGUgL0ZsYXRlRGVj
b2RlIF0gL0hlaWdodCAzNSAvTGVuZ3RoIDE1NTQgL1NNYXNrIDkgMCBSIAogIC9TdWJ0eXBlIC9J
bWFnZSAvVHlwZSAvWE9iamVjdCAvV2lkdGggMTM1Cj4+CnN0cmVhbQpHYiIvJ2NZcWY0J2BMMko+
N05bPypubG41J29LQl0jWHRjZUpCNC0kPE42PGBfQzteZWpUT2ZrWnFcWzk1VkQucD0+Y1FpQFto
cmAvMSI9OEZzQ1ptWnRxJDkmb0ZgIiwrK1hyXC1pMU5aYzk4Kkt1dGF1UTAtT2BSW05uXTUvMkI3
MlwxLEUnR001cSdHTTVxJ0dNNXEnR1AkXmEpTU8qakRxZyI8MW5qZS1KcTdXaXBVb2guLEUzbTUk
ZWlLZChwOVdOXCNXQDAhbmZhXXRNKyw1JG9xLzpKT1thPC5QTzZSIlBkIUc9QDQkclVaXVNwUlE0
YUc/LWJzVkU5ISdRJWZkJ1IiUGQhXCYvQTUnOS5ZXTZBWydDWGdaRXJiPlA8PS8vSFJYY1hnN25e
OnIxXGRENkJYMFMnNVhedCNKKUBHZjtJVV5NJGMvbGxlRWolc0hxcTRRb0JWVypaPmVIbUVsNnBi
LCs4KUdfR0UnSCo6OVlwcUwpcmksREVfRjdFOnFDYzZcLWtjKjFQK0RDVjRMaGxxdHA2clptODRx
cloqPHM1VTBJT2xEaDsmRzlPQ1M1SEZIdVE3XUdCX0Q9aj1iLyVhUmtdPGElOERVUWclYDRscCh1
a1o5cSchXENiQidnUEhZKFkwLEBrW1o7YzM4NSwnOCFPW185QDtvWyYtaClUXkxrVC5EQkBKLF9Q
OjRIaVoqOSFYSldMaFJCISFiSylpLkJyJUo8Iy8sJCw3LkVVJnNQKnBHTFBxVDxhJzIjKHVrWjlp
STZwVF8tWW8sZSFAXFFtPUdxZVpKcy9HWiwkVzlkNkJUTTMnS05UWl1HQzw1ZGpBSFljZkIvOWBP
TEJTcDtuU1tUMyo2VD9CQmlmMlkzc0RMS1FFUS9nbE4yXW89ImlqJiJFTWNcWys9Mj5zXiUhPDRz
K0liZWZlaWk5P1leRW9hcEguaDErLHNNbiQlM1JqOF8oQ1Jeczo2TmBQb2VFPitnRi9OJFczLFlX
bCYuVmI0Rmk8VyNJbkpvTURMKCtzXy1OLXEzNT8+IlxeckBXaiRHbFxAYm86aVAzTXNCZ0UkMUYt
aC9kTWxHaUlpUzRmRnFWIkAiIUolbEtXKnUvXlFhKEE/RyQobVxxKTVRNyhrJFZBbUsnJ2IrVjBY
L0pfMlxYT0hCVjY/SyZFJVgldUQmXVRBU1ZbLE4hPWUrQCFpM01NYTk9Ik9ZQGRaZFVeTD5vUGcu
SXRkQnU0XEFFPS5JWTpuaSZlUjgtOyRUSDNqVmMzWixxL2ZmKi1vQjI4SmdpKy9URHJLMERVZWtP
NiNqZ0hUcVc1aW1jW1MzXHI4aylTUTpER1A6KnVTXTsodWpPR0Q3ME5xIldoKCwyJUROaTw7Y10h
czdyJlplSCNxWFFnYih0NGdxb3UzJGJlYj1WKydMdUUsVWg5N25sWGxWcCVJWmlxPi9iRVA7NyZS
amckMWhuQUxgWlk+SnFqMzRtVCU9OkZgSFdPQzRNRl1CUSdpQCZgdFQ9NFIhLHIiJFE0aHVDOUJp
Sy91MzAxNiknLDsqcjNbPjQ6SzZySWciNnAuMWhyMklLTGpCQklqMztDVUpkXm43UCcsVCRzIWJg
XVxTbVNIPS03MzVXOkNPbTptbzljXlopW3JJVls4RCZPVjBZdT51RjhsaUtvJiwoSFsqR18vSk5H
MDhdUiQmVkIibSRPIUFsaD1JS00mWmpNdDduNihUNFJhTSYhV2ItUFtAQzNXVWFNQlVQZmVccj1Q
XlFGcSRrZW5wL0hBNCw/ZCZKP1gvQzw3VXNASSdSInNncD0uL1BPai9rMCQhIStJXWJzLjUzaD1S
VGk/OzVIXic5c1gjbUFUWi8xaFE2K18tOSEtaEciNF88bjRYQmNlSzU+TyolUDUtc201aWpcOT5t
Pl5zXF5jSTpUcDVvZ1llPExBX1pxa05tJTJHJFBUdWlqR2doRXRBKy00UG0pIV9GS2dNdCU4QTQj
J0pXI1c2RlRTKTQlbDEkPygpPSszdGdNcWRySnFBVCtKcUFUK0pxQVQrSyZaZ0leWFtIXCgnfj5l
bmRzdHJlYW0KZW5kb2JqCjkgMCBvYmoKPDwKL0JpdHNQZXJDb21wb25lbnQgOCAvQ29sb3JTcGFj
ZSAvRGV2aWNlR3JheSAvRGVjb2RlIFsgMCAxIF0gL0ZpbHRlciBbIC9BU0NJSTg1RGVjb2RlIC9G
bGF0ZURlY29kZSBdIC9IZWlnaHQgMzUgL0xlbmd0aCAzNiAKICAvU3VidHlwZSAvSW1hZ2UgL1R5
cGUgL1hPYmplY3QgL1dpZHRoIDEzNQo+PgpzdHJlYW0KR2IiMDswYF83UyE1YkUuV0ZsTjVURSJy
bCE4cVthT15qZ34+ZW5kc3RyZWFtCmVuZG9iagoxMCAwIG9iago8PAovQml0c1BlckNvbXBvbmVu
dCA4IC9Db2xvclNwYWNlIC9EZXZpY2VSR0IgL0ZpbHRlciBbIC9BU0NJSTg1RGVjb2RlIC9GbGF0
ZURlY29kZSBdIC9IZWlnaHQgNDEgL0xlbmd0aCAxNjA3IC9TTWFzayAxMSAwIFIgCiAgL1N1YnR5
cGUgL0ltYWdlIC9UeXBlIC9YT2JqZWN0IC9XaWR0aCAxMzcKPj4Kc3RyZWFtCkdiIi8oY1ZHS00n
YEwySilbP2pqJXJKKyNaQjApciNjWXRfMTF1NT1XQTsyPTpaLmMmUD4pUnQvTillLz5qPV1ELi9d
PC5AUz4+ZFg9LWlqO0pIb0RkWHBQRydqVWsrQklnTiNxc0NQK2V0LSUyR1NjU21vNF1Hb2JrbFlC
XjNUPjFIKSMnXiRrKk9RJGsqT1EkaypPUSRrKk9RJGsqT1EkaypPUSRrKk9kKjplVFpPaD5eIT8y
bzpJYGUrSywoaiZoSiY7M3JcUGZbSGIxNFRTPyhqcUJEREM6KmxmJy5ZcCROSnVZWiRwPmdyYWlC
YUdAI2RHNVNvJixKYCdlcG9ebTZIRiMwPDEoNXAuYUs3Z29KVFJlXiJAMDVDLj0xSkBwQFZScWQw
Yz5qI11jcTxccDxdaTFmYWlCaV1UOmJnJSlOLmEyOyZUO2pVKHMrP2JaaWxpK09CQ1B0QjlTZmli
IkZhUU4wOGEyYjNbPz0kcyxqKFAqRDYnc247YnRiK1RBVjNBRTlVM0VjNkE2V0NKcjZHKWppZ0Q7
NEhxQjpoTFAzQG4+V1w0XUhzLzU8YnIsVF1OREtCKVYpQ0JjXlc0LlBFRGo3JltTI08tPm1VNyRW
TyxpJ1lCXWIjbUFWUjxqPUprSDRFXD9LNzhtLyVUYHBLJVRQQF1lYTA2VERRXUtqLV9MZ2lWTnNE
bUtILi0tKipMaypnZUZBaTBtQUtbJTtVLFBVWVMjc2RcUT0sa0dxakRWMV1ta1M/bkI9TmZNXUFl
aUlcbCYzcD5jWWZPcDBXL01KMWBYP2ItJjYsTTYyKWVPYjkhRkhWYTwzMz1OXkZwNGMwQFRTakp1
T0lbTSFRLGokSUlXISNiVXBaMVJERWxhPW4kaSJIRlFWP28pQCQzL1pXbzxEOVpOQnFqWCxEPE03
XCtmWGtdNklOaDFtIVEmRVJzVUtOYj1oMjEpRDY8UlNzcmhvQ2ROL1M+Xi5lSjg2PCFHLWwhMlg9
bzJfWHIqYiMwYFljJVk1QEAxcSlVJDNTWS5yLzIwPj03IztoTihdcEUzMms8USVWKkYzI1o1PDFh
Zy04KlkxbVJYQ1Nvc2VJOTlBaVFGPCo+SEY+cSZdUT0pWkI8VihlR2NRKjwiP0woW1NuZUFWaWg4
OGIjMmZIVm9dVDNKRzQqbHVUYyF1ZjcobW8uPXJdRT8mWG9BZ2xjXCsoNE0oR0BCblxxcGVPT0tb
aWdIczBTaExeTDlJWChzMmxcYSVHTWJWKWNyMT82QSs6ZldzKWpCXjYjUmBAKVxaISg2J1ViNVJq
ajpYWlY9Si9OaGg0KVpzUF8oRDkvKUE1TG5oZ1FYcDJuWkNhT1N1dDUxYGJJV0dzV3FXTjZuMmhX
XnBENWZHc0UpcTx1WltXcEw5MXVHKC5vZyYsbl5PNDMsOWlIXkM1YkdWQkNcYj9CWi1pTWEhNCUj
UFNEaTdlLzVzaTVmMlFGX0VRdSVrUG5WJ1tfUTxESmp0KDtfWFVPdThWWThQYXI4SitTUWYhaGxK
JXBiVlZfVU46RTJAVF9BWVFbb1VkcUw5NE88JjM9Wjo+TyJ1PiMzPCRtUDhAXGshbm1aKi9vOlE5
LzhFUGBEKipfJ2RPRVV1Yz9VMSshRShgN1Q6P2A3LVRRbjRnbnJWIUZVLDVXSEhwXUhOJGBOdTo/
KE9jNW9iPTtvZVg5bSg5ZURUTCwkTkJZZ29DYkNlIlVMY1A5WDFSUFlvdD5GImFYTTE7KShAMDlz
O2laWUNKUS5vZjtYai5HOGg8UEh1KWJbY15JOFBxKlBpa206aSRxbzR1V1pGSUJRXCVCOFFXalo5
cT9pZz9jUl4kak5pZ0dUbFZeQjtbZGgxbGMlOy4uYjIxIUJvSzYsY1NYW1M4ai5JQmMqO1dJTz5O
S2QoaFhDbCxmU2VbKzZZTGkpJTQkLlwubEdDRl05SFxqVFBFOnVXYjJII3AyOW8xKEAmLCw3Ylos
MiFEKDtwJUpGaCpWV1pvdUg2VTxcSnIldCZJbXUudW1JTWciL0ghcFteb0NGKHUqRzJCN2dvL0Jf
S0wiTz9yX2lnWzBRJ0ozMFdQRSk1a2hqUnM0cFZhU0ljVlQoYDQpLChgNCksNHVFMEoyaDc1Jn4+
ZW5kc3RyZWFtCmVuZG9iagoxMSAwIG9iago8PAovQml0c1BlckNvbXBvbmVudCA4IC9Db2xvclNw
YWNlIC9EZXZpY2VHcmF5IC9EZWNvZGUgWyAwIDEgXSAvRmlsdGVyIFsgL0FTQ0lJODVEZWNvZGUg
L0ZsYXRlRGVjb2RlIF0gL0hlaWdodCA0MSAvTGVuZ3RoIDM3IAogIC9TdWJ0eXBlIC9JbWFnZSAv
VHlwZSAvWE9iamVjdCAvV2lkdGggMTM3Cj4+CnN0cmVhbQpHYiIwOyE9XSMvITViRS5XR2A6UCdF
QSs1ISEhZj5iRFAoSn4+ZW5kc3RyZWFtCmVuZG9iagoxMiAwIG9iago8PAovQml0c1BlckNvbXBv
bmVudCA4IC9Db2xvclNwYWNlIC9EZXZpY2VSR0IgL0ZpbHRlciBbIC9BU0NJSTg1RGVjb2RlIC9G
bGF0ZURlY29kZSBdIC9IZWlnaHQgMzQgL0xlbmd0aCAxNjEyIC9TTWFzayAxMyAwIFIgCiAgL1N1
YnR5cGUgL0ltYWdlIC9UeXBlIC9YT2JqZWN0IC9XaWR0aCAxNDEKPj4Kc3RyZWFtCkdiIi8oY1ZH
YGQqPC8rU1JnMEoyTE5cbCk2VlIyaU4oTD5cSm5Ib1NkTkNMMFYhTWVVSk5aUC5NcVw+P2IrWiVC
SXRrKFo2cURFL0FfLj91UXQ7YkctRj1DSTYmKldAOipdX10lJ2chKCFFM1U7RD5IRjZQUDxyLl90
VkBLcWdJcjFeNVU7YCFzOFctIXM4Vy0hczhXLSFzOFctIXM4Vy0hczhZQ3JybXVzalJgMVgxQVFu
NiRvI1lwXWlIbycuKUNsPzBbXVo3PWksZGxWSEM0V2IsdE1cMmg8L01YND9xO3AvN2toL3NlWFsz
VmNBTyMrL2ozK3FVaFsmU2NlWmI1UURMbGMtWCJgbEdAKHI+IyJBISlrRjgiTiVxL1FXanIhMjgw
WGtjaFlIRFk9W0Yval5nPz5jIiZUbWtOQF9zPltMayhsUE8jZTc+TzIvWGYkPmtfc2EwOikwT2pU
VCs1SlUnJDNFSEhzPy5IP2BDI0U1M1tPIyNTQD5qMTAqOjJoTURLSyghamEzTS40Qy0/XmFdY09C
aEcncUk4Liw+PlgvZUkhaGUrX3JxSitdImMiQGJvazJNWUUpJFIhYmJRNGAzOENJPyQhalhmZFY/
PixfQ2lpZE9SaS05UyNbQDtVJGxbUl85KFBZTTViMSIhdXFXPlArYUBdakAuTm9TU282amFFZy4p
bks8NFAoYCkrWmE5JmRtPUBiQiJPS0NcZVpbO3VSX1FQWDkvUmVrST5pLDcnITw6PzIuTVs3YTZG
YHVmQzMwVWJTNGB0SFYwL2lecmY/UmcoSkJbKzA8XCEuc0NjYFBlPSxoJjAqJyxBTjxUYytZS2Ao
OjFfUzxRYVQ2ayVNIk1bTzNLJ1MlOmlvYy0iOC8/Y2JKOkVuZD83QiNZYkBRVFFXQVhTXjNtYjVK
MjxLPyRiT1otPVlbRUpIZGw8VjdQYDIzK2wwLEpdKjhgPyJfXChNMCJcPGlgcm5FLzlxTDtML2Zq
cHErKkxgOnEmcHI8dFw6dSYob1JnXFtdLidVQyZpPiNJLmZmVDZvUURqIXJiQ1pqUTJBb1AkcTFX
VHR1ITloYTtTJDhkaExJW08pI29kZTcvIk1xKWtNSCNrSmRqZTQ8ZzJQMmdvdF1KckxqOXVzT2Jr
TFsjQmM0NENNUl1lPScnIjhLKkg/TEJkanBBTl9NUy1sOGtMIlxzXm9pW2pyTkZjSzdvRlVcK0Vz
V0k6RikiMWVGak9uYVRFQUxvKks8XydjTFR1TGgsalYjPGhMYjomZls5S0NXW25XJzFlKW9laUgw
WlVJT3BeSFBiPD1tIm9tNzQ4ZE4nb049LjVfcHI3cmRXLlozQjtVZjxxSENGN0pwbU9RTDY/YDdc
RTltSiwpSyViYDgoUzhNXiJiLl5UWSsiTGFJLCFLNTIxTG9YKl87S0tdTE5Ga04zTmlYLlhKNkZB
UmosL1hoNkRub0wpR1FtWURUKzI7XjwhQlBGYjg6Y1xzMmFgYDxncStQZ2BoOSw9T0lbdW0oI1RD
ZSZaPFpEW0tsVF0xXC1QYygpNkoiZyZGVjJPNTVCZTtIV2c9OGE3RyduKCw2aVo2RjlHXjImRi4q
JDw6dXNRYVMmMFJWWXBaI3BIcVczNCdOX2tZRiNUJEUrY11mWmBCc0M9cy4mciRYcTU/YSYoLkNK
azA3QkhWTCxBQDQzMiklQEtqUFo3PjRaPSQzOmZvV3VLcTYwNWlPNUdCWDFCbzBFRWBAX0BuOlsr
Ji8zUUtdcSF1dWI4dChLNzUyYCUiTDgpXTonciw8TT09Ykw2KkBYVixbcVpKKiEjZWsrTWVMLlNf
QT8hXEY2Uz9iJGcsT3M3W0gvTzVBc2QjLzA5OWgxZDtlRD9PMFA6V2Bcb1RgWXVQSClGRCE2OjlW
UGxPL2hXKjtwczAvMV8oJCxUcUFucllRdGdIVF8yLDVWUD89Yj8xZ1RgPFBmSmQwOGxXblJvNyZE
TmxcTFopUk0+SExmYitbZ2RKKDcyWlYrVCI4Xz1PZ2ppSEUwW08vVjY4WkoyQ2E8L2IjY0U4bmdB
OiYiX3FodE9bSTI0JlY7Kj1tOy91Pyg5QS5hRCFOLGcxcGVcSmlJcTc/NzA2XCdYInBQOWRzISVG
REcxbGEyfj5lbmRzdHJlYW0KZW5kb2JqCjEzIDAgb2JqCjw8Ci9CaXRzUGVyQ29tcG9uZW50IDgg
L0NvbG9yU3BhY2UgL0RldmljZUdyYXkgL0RlY29kZSBbIDAgMSBdIC9GaWx0ZXIgWyAvQVNDSUk4
NURlY29kZSAvRmxhdGVEZWNvZGUgXSAvSGVpZ2h0IDM0IC9MZW5ndGggMzcgCiAgL1N1YnR5cGUg
L0ltYWdlIC9UeXBlIC9YT2JqZWN0IC9XaWR0aCAxNDEKPj4Kc3RyZWFtCkdiIjA7MGBfN1MhNWJF
LldGbFlOVEUicmwhOHU2KWg4I3Nofj5lbmRzdHJlYW0KZW5kb2JqCjE0IDAgb2JqCjw8Ci9Db250
ZW50cyAyOSAwIFIgL01lZGlhQm94IFsgMCAwIDYxMiA3OTIgXSAvUGFyZW50IDI3IDAgUiAvUmVz
b3VyY2VzIDw8Ci9Gb250IDEgMCBSIC9Qcm9jU2V0IFsgL1BERiAvVGV4dCAvSW1hZ2VCIC9JbWFn
ZUMgL0ltYWdlSSBdIC9YT2JqZWN0IDw8Ci9Gb3JtWG9iLjJiZTg4NjgzZmM3NjkzNDhiM2U4MjIy
NTQ5NDI1OTc5IDEwIDAgUiAvRm9ybVhvYi4zMGNmOTQ4MjBlOTJkY2JmYTExNjI0ZWFhZTcxMTk4
YyA4IDAgUiAvRm9ybVhvYi41ZTIzNGE0YTRiYzgyZmI4MjFlNWRhYjkyNDhlNmY2ZSA2IDAgUiAv
Rm9ybVhvYi5lNTk3ZjRkNTExOTBhN2U2OTBkODUxYWI0YTNkNjgzOCAxMiAwIFIKPj4KPj4gL1Jv
dGF0ZSAwIC9UcmFucyA8PAoKPj4gCiAgL1R5cGUgL1BhZ2UKPj4KZW5kb2JqCjE1IDAgb2JqCjw8
Ci9Db250ZW50cyAzMCAwIFIgL01lZGlhQm94IFsgMCAwIDYxMiA3OTIgXSAvUGFyZW50IDI3IDAg
UiAvUmVzb3VyY2VzIDw8Ci9Gb250IDEgMCBSIC9Qcm9jU2V0IFsgL1BERiAvVGV4dCAvSW1hZ2VC
IC9JbWFnZUMgL0ltYWdlSSBdIC9YT2JqZWN0IDw8Ci9Gb3JtWG9iLjMwY2Y5NDgyMGU5MmRjYmZh
MTE2MjRlYWFlNzExOThjIDggMCBSIC9Gb3JtWG9iLjVlMjM0YTRhNGJjODJmYjgyMWU1ZGFiOTI0
OGU2ZjZlIDYgMCBSCj4+Cj4+IC9Sb3RhdGUgMCAvVHJhbnMgPDwKCj4+IAogIC9UeXBlIC9QYWdl
Cj4+CmVuZG9iagoxNiAwIG9iago8PAovQ29udGVudHMgMzEgMCBSIC9NZWRpYUJveCBbIDAgMCA2
MTIgNzkyIF0gL1BhcmVudCAyNyAwIFIgL1Jlc291cmNlcyA8PAovRm9udCAxIDAgUiAvUHJvY1Nl
dCBbIC9QREYgL1RleHQgL0ltYWdlQiAvSW1hZ2VDIC9JbWFnZUkgXSAvWE9iamVjdCA8PAovRm9y
bVhvYi4zMGNmOTQ4MjBlOTJkY2JmYTExNjI0ZWFhZTcxMTk4YyA4IDAgUiAvRm9ybVhvYi41ZTIz
NGE0YTRiYzgyZmI4MjFlNWRhYjkyNDhlNmY2ZSA2IDAgUgo+Pgo+PiAvUm90YXRlIDAgL1RyYW5z
IDw8Cgo+PiAKICAvVHlwZSAvUGFnZQo+PgplbmRvYmoKMTcgMCBvYmoKPDwKL0NvbnRlbnRzIDMy
IDAgUiAvTWVkaWFCb3ggWyAwIDAgNjEyIDc5MiBdIC9QYXJlbnQgMjcgMCBSIC9SZXNvdXJjZXMg
PDwKL0ZvbnQgMSAwIFIgL1Byb2NTZXQgWyAvUERGIC9UZXh0IC9JbWFnZUIgL0ltYWdlQyAvSW1h
Z2VJIF0gL1hPYmplY3QgPDwKL0Zvcm1Yb2IuMzBjZjk0ODIwZTkyZGNiZmExMTYyNGVhYWU3MTE5
OGMgOCAwIFIgL0Zvcm1Yb2IuNWUyMzRhNGE0YmM4MmZiODIxZTVkYWI5MjQ4ZTZmNmUgNiAwIFIg
L0Zvcm1Yb2IuOWNlNWJlNTE3M2Y0Y2Q2ZGZjZDAxMTk0OGZiNDMwNjIgMyAwIFIKPj4KPj4gL1Jv
dGF0ZSAwIC9UcmFucyA8PAoKPj4gCiAgL1R5cGUgL1BhZ2UKPj4KZW5kb2JqCjE4IDAgb2JqCjw8
Ci9Db250ZW50cyAzMyAwIFIgL01lZGlhQm94IFsgMCAwIDYxMiA3OTIgXSAvUGFyZW50IDI3IDAg
UiAvUmVzb3VyY2VzIDw8Ci9Gb250IDEgMCBSIC9Qcm9jU2V0IFsgL1BERiAvVGV4dCAvSW1hZ2VC
IC9JbWFnZUMgL0ltYWdlSSBdCj4+IC9Sb3RhdGUgMCAvVHJhbnMgPDwKCj4+IAogIC9UeXBlIC9Q
YWdlCj4+CmVuZG9iagoxOSAwIG9iago8PAovQ29udGVudHMgMzQgMCBSIC9NZWRpYUJveCBbIDAg
MCA2MTIgNzkyIF0gL1BhcmVudCAyNyAwIFIgL1Jlc291cmNlcyA8PAovRm9udCAxIDAgUiAvUHJv
Y1NldCBbIC9QREYgL1RleHQgL0ltYWdlQiAvSW1hZ2VDIC9JbWFnZUkgXQo+PiAvUm90YXRlIDAg
L1RyYW5zIDw8Cgo+PiAKICAvVHlwZSAvUGFnZQo+PgplbmRvYmoKMjAgMCBvYmoKPDwKL0NvbnRl
bnRzIDM1IDAgUiAvTWVkaWFCb3ggWyAwIDAgNjEyIDc5MiBdIC9QYXJlbnQgMjcgMCBSIC9SZXNv
dXJjZXMgPDwKL0ZvbnQgMSAwIFIgL1Byb2NTZXQgWyAvUERGIC9UZXh0IC9JbWFnZUIgL0ltYWdl
QyAvSW1hZ2VJIF0KPj4gL1JvdGF0ZSAwIC9UcmFucyA8PAoKPj4gCiAgL1R5cGUgL1BhZ2UKPj4K
ZW5kb2JqCjIxIDAgb2JqCjw8Ci9GaWx0ZXIgWyAvRmxhdGVEZWNvZGUgXSAvTGVuZ3RoIDgxNwo+
PgpzdHJlYW0KeJxl1s1u2kAUhuE9V+Flqy7IOTNnxpYipCQQKYv+qOkNUHBSpGKQQxa5+/L6Q63a
IoFe45nxY2/G87uH5cOwOzXzL+Nh89ifmqfdsB37l8PruOmb7/3zbpiZN9vd5nQ5mn43+/VxNj9P
fnx7OfX7h+HpMLu+buZfzydfTuNb8+5m+nz41P9Y79fvZ/PP47Yfd8Pz/2ceX4/Hn/2+H07N1Wyx
aLb903npj+vjp/W+b+Z/Df9z8tvbsW98OjbJNodt/3Jcb/pxPTz3s+urq0Vz3bWLWT9s/zlnkTTn
+9Pmx3q8jL06fxbnNrXRrnY6qROd1ZkOddBFXeiqrnSrbulO3dE36hv6Vn1L36nv6KV6Sa/UK/pe
fX9uk9/wm/yG3+Q3/Ca/4Tf5Db/Jb/hNfsNv8ht+k9/wm/yG3+Q3/Ca/4Tf5Db/Jb/hNfsNv8ht+
l9/xu/yO3+V3/C6/43f5Hb/L7/hdfsfv8jt+l9/xu/yO3+V3/C6/43f5Hb/L7/hdfsfv8jv+JH/C
n+RP+JP8CX+SP+FP8if8Sf6EP8mf8Cf5E/4kf8Kf5E/4k/wJf5I/4U/yJ/xJ/oQ/yZ/wJ/kT/ix/
xp/lz/iz/Bl/lj/jz/Jn/Fn+jD/Ln/Fn+TP+LH/Gn+XP+LP8GX+WP+PP8mf8Wf6MP8uf8Wf5M/6Q
P/CH/IE/5A/8IX/gD/kDf8gf+EP+wB/yB/6QP/CH/IE/5A/8IX/gD/kDf8gf+EP+wB/yB/4if8Ff
5C/4i/wFf5G/4C/yF/xF/oK/yF/wF/kL/iJ/wV/kL/iL/AV/kb/gL/IX/EX+gr/IX/AX+Qv+Kn/F
X+Wv+Kv8FX+Vv+Kv8lf8Vf6Kv8pf8Vf5K/4qf8Vf5a/4q/wVf5W/4q/yV/xV/oq/yl/xV/kr/nby
xxJzO/ljxXVbV+Nvk8Zw3Tarp7mhxt8WjcfZVv2Pp23V3Ffbqaf1b9TT+Fs1tvZO6/A826Wae2xX
ap5be69mze7ix9nJv+R+O/mXPPPu4ueZdPKvMHcXP2t2Fz/32F38GDr5Vzbtppddk32V94Dfe/Xm
dRzP2/j0sjBt0mzPu6H//T5xPByZxfcX1nfYM2VuZHN0cmVhbQplbmRvYmoKMjIgMCBvYmoKPDwK
L0ZpbHRlciBbIC9GbGF0ZURlY29kZSBdIC9MZW5ndGggODI2NCAvTGVuZ3RoMSAxNDY0MAo+Pgpz
dHJlYW0KeJzVe3mUXFd55733bfX2V2+rruqtuqq7qvetWt3WvloW1i7Z8i7TklpSo9Xdbckeszhg
M4EY4zBgAjgTzB4Iw2LCKrNlYBKGEEJilhA4wyQI2YHBcwIYOIw0v3vfq+rqluDMyfwzU6Xb7777
7vLdb/1995UIJYTY5EEikT2794+Mf3z7y59Eyz+ivPjwqemziqMqhNA1KNsOn1sovuJG8weEsIdw
7x89e+zUq2pf3E2I9EfoHx47ef/Rnnf9+Rdw/2eEDGw7PjN95F/XvrCCkOGf4fnkcTQo/8y2EzIy
iPvu46cW7js8oK/G/R4+38kzh6c/eu/nQkJGj+D5I6em7ztLbVnF/fO4L56ePjXz05XP3ELImEeI
+vzZM/MLV15Oxgm5jvDnZ+dmzv7p+r+6gvsi5vMIozP0MaIQmV1gr0WP1ydX+iUyTiU+RCb1T4Y0
f/ZsLxbJBlIsvl8qXsHkUpH8JV8hfQyePVivUXG1iMp5hM9byP/thxIGacigWyUaCNOJQUysYBOH
uMQjWeKTgIQkIjHJkRaSJwXSStpIO+kgnaCx69+0aomUSTfpIRVS/TeN7yV9pJ8MoDZIhsgwGSGj
ZAyyqZEJsoJMkikIaSVZRVaTNWQtWUfWg78bySaymWy5vO3K89I7lDuU15E3kNvRwv9+HGOeYFvo
N6VPSy9IR+hB8mv6M/oWOki/QD9Kpsnj9F6s9HJyA3jwMfJ99gfskjRJ52kX/SI9SP8D5viSdEj6
Cf0XSLpGV5KL7Pl7n/3/4Uv2k5sJ2UDJ4Lnrix+Weq4vTx9vKR9/8ZYhSL6b7GMfYBcg8yEyR+7D
Lt8Fzfwxdr2NnqRvpZ+gl5jFigwz0JKmRmEuXk1VTc3FufGpyRWTU5PVShn3+IZL2qrojQcVVEui
ezIonsLjqfFaGKlReXRsdKzcmHW8Njo2PlbjU1T4FNVSWY0mtMmpatPC4fKFXZo2rae8paKJda7u
WiqXBmg6qqzxGeMl3fAVS09UKwMUnbUG2XUK8Xi8Ng46MQk6i3VqyX74rFqlLGvLei8+RatWKif1
/xMaiWBpE/fSOUHgVMpFcKhSbZ69pNXXnhRU1glrYp+gTlucqqZGamP/Eyuuoi8V2TV4KOhbHJtQ
IYgNfxfPwuU8Y7cqMj7qmMaopCiKrEiGJMvaDlmmlMkybxEVdYxXQo9Jkq7JsqTIliExhiEqy/dQ
NPqqmCkrUZrFpEyXM4qO3pTS9yqKJBaRxBqyLNbYJEvUxEwYRw0qS9qMrEoZSTJGVElOOmYyMjOw
Ph3kLVJmO+3hvfEwEn3ETcZX0CCpLZS9msmcKiqpki42pmQUpmB8RkZ3tahKWEdV+ChBwiST6JRk
Sn7SOYr8iD/k9CmqLpuS5UgGdq+9VlJlUK+PakwSTMGGccuwuUEJH0WjByXMmnUynD8SU9UYPAKR
lt/CB4ArsqXnFAo+3CuZmN7iFILydps1CMq8OSFkXKLj4in6Yd9lSiVZkE2ZpHHCP4BdYBlOT11u
Gc46mhKELitAhYa9gEsKlgUpSmaWQiSMyRrTwTEMzChUYZRlMIBpRWwpkTgzGba0Al3fhFt0bekT
NMrKWEFT1WFMasVpS2SpsjJMqeplMhlV1WwvG3OtwEddaUtsgG8IU4AbmSEfbDvGiaQz8jUmnkBl
hgsVC8xgw3forq/pmVx/2mm4RdV1w1RVtUqT8Y1Hgzk5YZEOhklxKZWzpmnlOFkEA8byWITSH+tt
A0K3ZcHYUb603tbfk8O1qruBKpZUpKVLXv4JOOb52ZDv0jA7cgq3A8XORj6XLkTFdD2fA7cxV0oe
n0FMn97rUESlGzvEsmCYnRIfW5TG2ebVVTmZc3H5XmheEGN2XNXAw8aojnn4VpOtNG9VSjZFBZxh
iDP7yTP0OUScdYT4WnMwgCPQWOK8NJW7CNRH6z1q47XJ2uTU6NTkSpr6vPL9VtGRbDsMsj6z2wzP
bVsPgqgkwcwkbhDUBpGK43hQX2aZuAeXVNtx6aXiniOBn5X48Nu2FOIcvfy3Eq1/dM9zPUOHNlJm
eJ7j6rqgnT5GV7C7gJGqKe3LqI+v0XbMspTIli0zCHxfNn3D9VrP27YS2opl+SFvy5qe28ruyOhO
bWXow2WZVlDrL8Qxpddoq/NxL30X+HiA3JnQUq4vnTjdNFg0aFkxFWrh4u1UrR46EIQbNU4vn6YM
R8+341JE08dtWJPvOrBpHf6N+Z7DqGX7lDpuEHpZyjZT5tpRkPXAOjVwcbGdUJaztgNDUB2ZmZ7X
WrL0zFqJ13ayTZKyCSKICxQsyGazSq7VcQLf86SQiRldJ8xzf5qR67dGRPE38FypJWdCJp6nG2o+
l6O0GOczjNe+4dO2gALhdl/5EH2I/R7w3o3QNs4dtx7CcjyU8l2KG9GQ8mQ9nWwE06k4txhbBVek
ytgE7uMy2sGgqWdsl2auKw6G7hrQkTGMOPYLCtM0M2hzPAMMAGtcphvWZEvBNNqiHiU0zQiSZMzp
3piRPDfeaCAi3EJVaCr8N3vQcbIn9O7RVYNtsrxF0kJVsf1O29R1z9LkucDzKAOX5iXJ7+4ZqeQD
9zrTzcrQ4ChyR6MTMTpcfi7D4HPepyBayXIb5wXZTb9Mn4W9bSBnoTkgXqprQcC3p9YtTlhbqQyL
ixZtjuvG6Iomm5OhZ/XupXJYHo04ultmooBz9f50p9TqfNhSlCCIIvPDsKX2n8FIEbyhLEwYKbVh
pIpre4hNsBOGzqriwkh7Ya2JNfN+KBbv6NiwBkkS5sz9DcybPktZy+W/96PYhH8K6GChUKDdLB0F
e87CnnUjtees4+n652jjcapN4ik46rq6wW1M5r6KvgG8c5H9rCZHEztLMdMi+Gm6n4oTzlQrwsbE
39q40JiYQ7Gc0B6X5uIo1NRqaYSqQt8mpvglcRmddOopQ2eZjGuDJqrrdjtYAUMJI8ehzLaDl0PG
ff2rV3f3wLLMfMjkcnm81lGUWS4uB+AgYrrEMgXLdhw/sHSEQcNgGV1HJFUM04ocJaaPGxkbGzUM
29H1xxw7iBzbdiLfcdSoY2W1UqmubI9zubbSWBGfsa72/GAmY1q2rbc6th/YFnVBpWRYXtaCltuW
mclQ6iktyDLhJ8mHhZ+8ppe8lke8pvfjGWv3lV+Qf2JbkZMujRYJuzDbH1l3KtoJ0wfljJoHFHkP
NtLKNgePPfjGhxzGTAuPXjI/+7I4bmFJFtw0Z5C6guaJq5XbWsGLPbJ6i8lNzvfNE6p6p8W2sJY4
ftns/EvQBD1lzkNvfPCxIJ2T3EefpE+LPNWlPGlJqO2kdarX0zraHqFTDfO4zTl6oxu5DiKVJJkb
b0NIcuw4yh7a5cKsXfeGg9w6VAc6cMHct92FQkDhXXPTDXYUZ7k32bXbc3nfbdu5mifKy+k5S4/S
v04jlUvLaaZTm2o4PBYnaY5LBSM/5bpMWx3CfXteOKJi42GEBbQNcCxeNjehSp6Xo1+F09+JDpHn
0nUhAi+iQLgNknfjnAs93ZTL+lTw+CL5T+Sj8Dtk8ioNuNkKIX8jkX/WcN3WD3XUVuIOYM70xwfy
cY6JPfwznaG7uB6RRqpWE/EKZFfpmPStlNxvhXB+rhfSXRKnDTtxXZDo0ZQX+8nj5NNkGLTAZuHh
BnjKhfxvdEwdW+a9kOIseq+7FC4WugxNyKn7sWSBJrxPcw/FlgEH4VcS5JDQsJneSX8JX0LoJPRN
wrLC6INJmitlff+CkYvDEGD8gkN/LrW1t1/+InyEZcW5gK7PpzF/Nz1LfwKe9lxlDfjGiSKn8wpe
154c6sy39PduXje+WlMit6VzgMoZzQXajfKBFSCiGopm05+s7bv1wOb1slwduemmddVcBzukZLz+
jb0Bgk5QGN1asCUp3cde6gF3tIKCRlRdT5dL+C/sl2aZ5DhR7DFD4wGcB3Kr18x6rfSSedSO46wH
3WHrDtcj/NNHClzsYo199MVYo3YVQsyN1/eYtK+ncbJ5dzF6a4+XahlExSB0YR5ZL1bgEIE/3fya
qVLo2MWvcaWBwkY3r27vRLjovsG26Q9bujcBwUgMkTsH4waE1cGCwnVjvbn2NqqhP1ykw6QVnaWh
vuJ6ZBUpP7bRw4gRU/AlSdLbMDF8K1FDINXKMoGV6tjidg6ZoLzTY4FltQ95nFiqOIV8q2OEkZ9V
FbO4bu2qtb7XEnbAhbONgeN00osYEkDTN+VaW5mSYYgKmmypRkbP+4pqGmHor4zCuGX1RF/Jg3ru
z7e10YYMZ8Hfch0bcTe1LMcXHE7om3ZtqSA7bu7fwRi4c/I8uxdOu63LDKydtuK6efqsZWVfHvs+
lYZ2RJ5PmefEnz7S0gII2zk8zja1BEF97T30FPg1lvArXVwItZlHi2o9QteLU4MJDvh922VZybaC
V7mSXAhGigW4KH4AEHVVb+3v8ZD4tbb17JPfLFjqhvSiZWdfGsCNBczzI50nmggvGITEU+1orVR6
ugt51eqSXDcAMxs5Ct0J/nRyqSYHMPyYqnFakmDlVNvUJJjzoL9iYgVQ4goBgWqUaaMTRy06MLh2
7eBgW2GgJfBNQ2Ke66+28YmgikjEZcuhzzK7+0X3MJox1g4OoP9ItcdzVMXzAh+a+XcA0yFCuR1K
DH7IQyhPZXgWfFwp4k3DN6qinguXndossnCR8DKiT5f8X0J4bdcLXpPJTPIq1LxXEjEIbl+SPSBu
zsiM5RkmJz4LDMbhlueG6M46K1TUnEItTsVeK/P5Qsfr6VI9D5HSTnI/SfB1LWhuRZRcjZbcb4dL
lUVkteJaSIsOZX47CjpmcOCUcWzAHlzaXJ6wWGA4rvALtCu6NsS587diItLwv7uEXkxAe9XkZCu3
DOCspUJDeKIQca0ZU+vKgc19ZFV/n1CFwDQU1Q+DsdoxBJLBwXWR7VA4LR+mDZBPn2ODA2tGKhXP
hoMKghB5t9O9bQ6hSMusGxiccewIQUkGsENvjG3k1u+jj5KhJCdMsmcO00vRKKD60kA3UZtcsRjo
1BTWjyUDRqPS2FXdaxON7vfwEwQ5DYsclssKsmpZRpZt1OOi7eZlVeb4XVqE+bJje/Vu1JQFnHfp
o4iw4p/ueq7D46eGkKoD/kAQ3xIoXQB1FwF18annOGleDqzxKfoIGSEbhVdJEhr+d5TH+MUMZaqR
0NQWd34VOnlYZUne0UhQTFVsyEN+wmxQbvKjKBA+ehWOoY8s5hU60JjDVZFpTNDu6Mb3ro1z9tJV
9FcC49YdYkLLiIBm1ee89zmIWP/RjaGRMLLzD8eWXaS/yn7SjWL7NS68ghdFzrHHWjo6GucDb6Vz
9InkrCJBT0lsilP0pDZ5jQaiWrcMUbmhx74ZLcNYT6QYS6Icd8I/vBkk8RYPXjTivZbuiVtKMwzG
zkZo5WCXbcUPn8tyhI1Z/hgh2XmfS39JOzpaHjvGmwA93Ncg3LifzC76ZQv+o0puXYIMagIVRMsk
mb46YHU7QFKanimNNXo2gb6GQhzqRkQxkJxkI13W+BmWW1WRrfCdgdFVJTPR2i+r4qS3AQ2hEvjA
W4iTJqEieG5Bty/FRhh4fEob4dmUVKdSCQE0EMUixe3p2zScZ5e/Wtc0fDIwASg213JuEG6i5cn+
J1kI77+T3NW8//F6JKrjvgZGErBjBb64jnP3Xw+w/CjjKuyoJlBF8O6ZddtaAsuprbvDNeCgTNNZ
39eFFM2fmNx+Y3uHqyD90SVNEqk5t5Rc78BoLYz6q2t7Oq2cqg4W82bU3za5Yj3TwA8lDNpcSzdz
FlLb4cn961ZuGJqSTMtxMD3r7uirDq3p7QuDNevX5gweXVr7YyozhTGZnyM7Xj6/5cb+qioFrdC7
TGd+4MAtU+Uu6SlJyeqbbSq5VlfFUlJMduVrNGInSDt0bzwJzwD8uVqjXqqygMeav/Fsy7K9Hfrg
Vg+preUdL6nXOdS2XHbCsjy0/eaKza9WFx2ifa5lLsfyfi6oIzwJnMu92vkMsoQQlmZeyGb9Ev3X
/OUvBLnYsqB7dF17e5tErkVjzpcEXSJMrKaT1UbI+L5rm9S9Tu2aTYjdOqjvSGrshGm5l791+e+6
Elqv/CahNZmfDtBPsTUkV/cpyRnXYgpaKf+1+zqbCct1Zh+A4cLdvsOJ2Wr/A14U2tzPvPIBqB9S
yyfddN8G/VuywPOx7rJS9x49dS2iT7DLT6fug27ifoDXFuq+QXgLV6RkYv/fpuvYPH/BHiSpchpP
q2NCM8WrouQlnNDPhBsaz/vrIKz8sGtZTJE1eXC8VTFdpPrO8USO1zualFOKvpWXckySdiatbB4M
mz4hS8W1ayuhfPsBeOeEZbdMtYZyixOFeiCFbXtuBXcFIzmdf0jewd6enmXk4sbhmS+saYPjSHGO
O8oA3gHuHPiJ/Ynv5T542REcAP/orz7hI7pfc9/J+7hYC3OVRDmn1KZ3h/W3d2NqHXYKD/WSVG0l
KZYLpt+p5CTVvT5pPO6YluSYcmF8SNKQSVjQ5XmuH7Z16562UAp0iLtFDlunbkm0BgjiwO1yWFm7
tijJJ6YXdfxL9CP0ZhIT0gP8wl/qhVo1dbWQQE6lf9Dbnz8bdlnGxvjuUpc6GZij3mr5+cqOEhuK
HgikLmtTNJLm3/Tz9BLpW9xzje+Tv2AUN6Wp5KgxkXeC8O6DJiFHezpn3LMzRCT1Qu/XWs0XrWFg
dYto+0M3gaH7zzOaIlJXaPKjd+RzUYINJuk7sXaen8wEqc5ela8KFLDkXLQ8E4hwFz1dMMVBd9aj
POtxW38DONnHT2JDpBW9CHk5kOEFET/9uOsJfgrOT8M/M5OP4y87jn/5pdzb8/70oVw2y/mRAz9+
BhzZm3jxUtNLUgCTRSCiLr4r1r5mDtjVQsKIXbt3b429LEM67XmtXdaAfd2Q3c0zMnqpeOLd4EDA
ieEg/sJh/m6DFk+889E7eC2V7Q/Il8GT33I+d85xlHZP5pleEEp2wcz67fSibngvujkKA0UCJN6+
vjWfT8/n1kJT+PmymGsJD7VXeA5bKVgFaldCNDG95Nj+//oMWIe4b4dsC1hC05yUfGVxnqUUnbKG
HQqYEAghYNNt9Eed81+tnxxcOJJviev2BdzxJiHvBKFfU9q3RCLpCT/LZZscTYiMtpVe5KacirIx
/YzQpUSP/wpz9y7V41KTJnMJxsJDpW/kHwnqauzcOHZjor27Vm0YNQy1ZNs5q0fo8cVUefefYzRV
ZA4FOjtb3nYXXzzZVxfWLgt/3vSzhaZXOpOpX9Qq5Q9ou9LELswjfCRvZ6z2QuQAYYcAQPQSB40Q
jHP7H9c3+t7bOFOQudHFc4L3Y81+LpPFl0rNSy7nLJZ+teaL40yk5W1WXWpW+/0pr4UIdddp+7pu
0EuSjqrnGQffXSfi3bff9bbGkdBhIGR+8JTw/j9DPyYb+lG3FgHcEj0pafXfLKQkJcJJHp63hxDY
3bZdY+NrMpk8cjyrylUJIM4y7tjKX1H4UWRkMrpcrFY7uWSEnt1zId+SE7lAFOX+dDqfi/lrrv77
eGf+tsE1x9dQ9od38Ad1nLYL9n2J7CI3cexdWv4Tjmae1eDzo3IJeQoHqKVywxnwXKU2OjW+QnjG
aiVFp0xDEJyir1FcX5Z3rM+YdqnguWZoD1V1TQvDIMxMP5rRWKdtSCINMa9LlG4szACvZodjqJlS
tPNht2WV+YtdlV4Cxiqsam8vxrmWiXUbDgRhqOuZTPTdCWpl3i3OBIRJ0Gw27vqz68utKru8AH4w
pW5z++g9kE1HclpSSnJJnm7wE7vVdNGQaQg3Fsa51YHncPW7ZwQIkjtam4uiFdw+8U6O/oQDA/1w
HdCBhLGJDrwAvq6o66Ng5lL3WTe+q40eqvn3ml+2VChmwci0JL60w9ezcFudrhOYrfcXDCZeanrM
rnLD/LqegY52cQ29+UG3YZetbfnfv4ne9VauzAmNLUAGDT39anoeyMUejS7P6Dhlv9NlPJp1gHHb
kVHHJ0JxxO+E48bjLUa0pfai1IOs3jCuG0rRcWKrYgAt0x8h0mcpfTT2fWayxKkxucZuOgcl4Fad
UI7k6om7EZka/PweaB2pn3IlWpqa+RK21t8R198S08cRBfVtjG0YdDvabcfZeOLAwYSjO3fvucGz
bYXzudw5Y4sIecl2/L1TlG3bU6D5fH7+hHBNnCbdcDBKb+/Ye34xFuyjn4ScR5f62XL9vPCazif9
adIDIAL681ld+3wAEgPqcCcHMRn/XpYSZ+8xVaV2q97seLvgjP1HeDLLXzMX1nUPcR/E++8dZdKB
LSICJLa9j/4atHXV0YygIc2qxjl2XyLL5FRlPX3QQ2qoyIo5wo8x3LadO/asppomdbhOFhJ0vcJd
emXl6krfJ3ikhZP2jJ8yqYW/3+b61pp/+90g4RPncfMVVvfNr4fslsQDgaqWnPml8UD7sfr60BPx
4Oa8wV1rkM1aHdcnzLqThwM43ERLbvuTuvt9z+11zWH1GE2fZK8gnQ0fLKyso372DpUuiYP4ijZn
5dw2y+7+OKJPW28XtbraLLOb//ro/aZrdLazlxXXbI1LZcpuf3vYJbWHH7orLpV4DjzQUxhuvKfb
QD8IXleX6GeD5YtIo/HrhTI9luglXQ+9bHMc55YnCwAa4ncKbXDbhVLnEVtyvFho5B6ukbsLlLbk
W9722l8jTWfMtkMqq2qn396+91wu66W/tfiQwBRDvwtDyldjqfI9CdeBNAzWhDTctsvf46/b1Hp8
VFXJgZlwdbwW+vgQiB3dX2/aM5jL+kIeu1kWeWjyniQXcIe79Id2iyiykgZITmCpLHG12ISFoiDI
yTu375nS1EwXEJ/VY3puWxe8dLnTGs5AL7kpjxlBO4J6QH/pefHlL7TYrsI6OnNvOyiCIXz2TW/J
RyE1Dfc9M9RFT9LwLx+Ejg7V5VdJSBBu+3f9jJEesx3Z2lArWaWC7ZpB/mZuxogJoxvvhEJaliR5
A923+opwLaaVXX/9xp2dSG5bBvrP3IF+cOK1LXuvN5nkeVFgdXVN35rz/foZ0ltBU46/wUre2ERB
Pd+ELokfvkjl6tTBdtdxSszxfKBYR7mDaa6Xf+VQy8P0Yr6QZ+zyc4GN5MmlVUVtweYv/81XmPjN
NpT3pqc+87O73TU/J0S6xFnxl2+/2RfXL9+9l+SuTIpf2vITcZb+xpnyX4Lz34Ozp0FZln0g/fX3
4mcLnnSTr6F2Ebn9DSifQHkc5dso78azL6L8PCn0KZT7UP98en0frmdQXolSQplDuRflAZRXoNyN
8nsou1FejP6fRvmvqO9AeTi9dpJuVsG1inIapReF9/kn9H0TtrAH14/hHlf6FyjfQPlzjFGxo+/g
Gegk/4i296J8F2UC5QLKN0WfbvoqXHVcv4/yU5Sv4N7C9cl0P59D+QLaykkdX87CCXzfIH1bPir/
WHmtWlF3qOfUt6uXtF7tRu209mHtG5kwszXzROYX+oT+av3bxrjxBuO/mwfNz5qXrF5rn/UN+6j9
uP1J+5LjO9fh+4jzMTfjDrsn3Y+7v/DavA3eEe8N3tezRnZP9j1+h7/Pf5f/62Br8Mbg26Ef3hg+
Gv5D1B8tRO8SErueHUAGcxfkykiGbCD8XfyT1Et/zd9LLzbkuYpeaMjeYr+f1hlxGj0k0s9ektbl
pj5qU90iB9n307pDFugvxDp81XbcJ3WKERvTOiMa8uCkLpGIjKd1uamP2lS3aR+5Ia07wAkn07oP
+s+m9YD49P2Yjcp6uq+knuwrqSf7SurJvpK63NRHbarrpI3V50n2mNRtto+9Ma0n+03qAemWL4q6
3USD3USD3USD3USD3USD3USD3USD3USD3USD3USDndKwj8yQY+RecGqazG2em5lemD03U9x85tSp
M6fni7Xh0eKh+4dOHx6an943c+zek9Nze+ZmTy/MzBW3z548icuumePTp6Y3nzl7/9zsseMLxd7D
fcXx0bHRweKyjr1rji8snF01MnLm7Mzpo2dOL5ycPTQ3PXf/8Jm5YyNnZ86cPTkzkg5JRqzrGzTO
zy4cL+6bmZ+ZOzdzpLgVo4q7pk/NFHfOHjsyfXLb9MypmXuGDeOm47PzydP9Z44unJ+emymi4eTs
4ZnT8xh37+kjIGDh+Exx/4t2FHdj/aTzjqTDYPHAzNz87JnTxbHhseFksnQsn+bwmbOzmOTQzMkz
5weL06eP8Mbpk/NnitPnpmdPTh86OVMUdE4Xt27cW5xeWGWkO50/PDd7dmF+eH72pNjl7q070ieH
U0YfTvgsnqZLzo/UGT4C7o+cnDk2ffLwmSMz//LLZ58rPv/C88++UPzhCz/8H8++8D/JZjIH6U2T
BTJLzqFWRMsZcgrfM+Q0mcd9jQwDlRbJIXI/otppchh/5zHiOMYskLNkFWxkBK1L5zm8ZJZhXOeg
I9yaZvFsRrTOoIxcNe9IuiLvy/VqGlc+2xHc7cEss+i7gPocaNqOu5OiH7/bhetx9D+FwndxFjPz
/scErUXSi3n6cB0X/5tmlAyi/rtn7CVrlu2Tz8qpPyp2tiD2cwh9oflYbXGfvBfvy2caWbZK8xrr
QNEgPMp5tC1graKwpnnxjPPxCFq2pmvxHfLdcSntFPs6IrizDX9nRPs9oMDA9ybMNCuktzh2P2pH
UTsvaOVzJD2WSoSvdy/qR1IOcJpmxOgXkR247k733zzzjiUzcK4eEKPn0X5G9B0DXWOCtkXKlq5b
p+aw4NpsSskhXE+i5byYdVrQVe/Jdz6PZ7x2DmVW+J9Dgq/FJn5OC1o3kr2ivgA5GstkOi+0dxb3
C0JX58Vci7LcjfE7lO8ql5TvKP9Aisp/U36E8h3lR6g/g/ozyvf5nfIDIiVh6coD/P/RXf3ZMF2r
jY+PjY2OjowMDw8NDQ4ODPT39/X19larlUpPT3d3uVwqdXUVi52dHR3t7W1tra2FQj7fgqQojqMo
DPlr12zW429ZHdu2LNM0DF38EJ2/TENgfd0n6ZWHrz++5f+pf0+pylYy8FRGw9+PKApaPqJp+Pu/
ASmerP1lbmRzdHJlYW0KZW5kb2JqCjIzIDAgb2JqCjw8Ci9Bc2NlbnQgODAwIC9DYXBIZWlnaHQg
MSAvRGVzY2VudCAtMjAwIC9GbGFncyA0IC9Gb250QkJveCBbIDIzIC0yMDIgNjgzIDcwMCBdIC9G
b250RmlsZTIgMjIgMCBSIAogIC9Gb250TmFtZSAvQUFBQUFBK05laGFtYSAvSXRhbGljQW5nbGUg
MCAvU3RlbVYgODcgL1R5cGUgL0ZvbnREZXNjcmlwdG9yCj4+CmVuZG9iagoyNCAwIG9iago8PAov
QmFzZUZvbnQgL0FBQUFBQStOZWhhbWEgL0ZpcnN0Q2hhciAwIC9Gb250RGVzY3JpcHRvciAyMyAw
IFIgL0xhc3RDaGFyIDE1MiAvTmFtZSAvRjIrMCAvU3VidHlwZSAvVHJ1ZVR5cGUgCiAgL1RvVW5p
Y29kZSAyMSAwIFIgL1R5cGUgL0ZvbnQgL1dpZHRocyBbIDcwMSA3MDEgNzAxIDcwMSA3MDEgNzAx
IDcwMSA3MDEgNzAxIDcwMSAKICA3MDEgNzAxIDcwMSA3MDEgNzAxIDcwMSA3MDEgNzAxIDcwMSA3
MDEgCiAgNzAxIDcwMSA3MDEgNzAxIDcwMSA3MDEgNzAxIDcwMSA3MDEgNzAxIAogIDcwMSA3MDEg
MjA2IDIzMCAzMjcgNDM5IDQwNiA0NzIgNDIxIDE5NCAKICAyNDUgMjQ1IDQzNSAzNzYgMTkyIDM3
NiAxNjggMzY3IDM4NiAyOTAgCiAgMzcwIDM3MyAzNzkgMzgzIDM1MSAzODUgMzM1IDM1MiAxODYg
MjAzIAogIDMzMiAzODkgMzMyIDI4NyA1NTAgNzAxIDcwMSA3MDEgNzAxIDcwMSAKICA3MDEgNzAx
IDcwMSA3MDEgNzAxIDcwMSA3MDEgNzAxIDcwMSA3MDEgCiAgNzAxIDcwMSA3MDEgNzAxIDcwMSA3
MDEgNzAxIDcwMSA3MDEgNzAxIAogIDcwMSAyOTUgMzY2IDI5NiA0NTkgNDgzIDE0OSA3MDEgNzAx
IDcwMSAKICA3MDEgNzAxIDcwMSA3MDEgNzAxIDcwMSA3MDEgNzAxIDcwMSA3MDEgCiAgNzAxIDcw
MSA3MDEgNzAxIDcwMSA3MDEgNzAxIDcwMSA3MDEgNzAxIAogIDcwMSA3MDEgNzAxIDMzNiAxODAg
MzM2IDQ1MSA3MDEgNDY2IDQzNyAKICA1MTggMjE3IDIxNiAyMjAgNDIzIDQ3NSAzMDggNDQ0IDQ3
MCA1MTggCiAgMzg3IDUyMSA0NzggNDk1IDQ1OCA1MjQgNDE3IDQzNSA0NDcgNDQ5IAogIDU0NyA0
NDcgNDI5IF0KPj4KZW5kb2JqCjI1IDAgb2JqCjw8Ci9PdXRsaW5lcyAzNiAwIFIgL1BhZ2VNb2Rl
IC9Vc2VOb25lIC9QYWdlcyAyNyAwIFIgL1R5cGUgL0NhdGFsb2cKPj4KZW5kb2JqCjI2IDAgb2Jq
Cjw8Ci9BdXRob3IgKFwoYW5vbnltb3VzXCkpIC9DcmVhdGlvbkRhdGUgKEQ6MjAxNzA5MjgxMjUy
MTUrMDAnMDAnKSAvQ3JlYXRvciAoXCh1bnNwZWNpZmllZFwpKSAvS2V5d29yZHMgKCkgL01vZERh
dGUgKEQ6MjAxNzA5MjgxMjUyMTUrMDAnMDAnKSAvUHJvZHVjZXIgKFJlcG9ydExhYiBQREYgTGli
cmFyeSAtIHd3dy5yZXBvcnRsYWIuY29tKSAKICAvU3ViamVjdCAoXCh1bnNwZWNpZmllZFwpKSAv
VGl0bGUgKFwoYW5vbnltb3VzXCkpIC9UcmFwcGVkIC9GYWxzZQo+PgplbmRvYmoKMjcgMCBvYmoK
PDwKL0NvdW50IDggL0tpZHMgWyA1IDAgUiAxNCAwIFIgMTUgMCBSIDE2IDAgUiAxNyAwIFIgMTgg
MCBSIDE5IDAgUiAyMCAwIFIgXSAvVHlwZSAvUGFnZXMKPj4KZW5kb2JqCjI4IDAgb2JqCjw8Ci9G
aWx0ZXIgWyAvQVNDSUk4NURlY29kZSAvRmxhdGVEZWNvZGUgXSAvTGVuZ3RoIDIzNAo+PgpzdHJl
YW0KR2FxY3BaImgwQSY0SEVtTUNCMkRiSWFoKGg1TjhsLlE8KTQ7USxhaCJUaCQvcydMIXIvKGU5
VSRUQldTNCwlV3FoPklIcjFDZkMyJT0qWCdfQlldQ1JHRydxbThBUVtlOkgzWy9ZdD1iW1BiUV4x
WiwoNVxMWnRFPic4RmhAbGFDNyNmRzoqVTBARk5HLm5aVlM3WyEoNEldaEk4SClJO0NOZlN1J1tk
Zjw0TWA5WV9FMHBjYjFfWEtsLlI/WWVzWmtBQFxhLW4tUFpxNVtcaVZVci5EWiJyYS1VL1xnWURO
IUVnQChXV34+ZW5kc3RyZWFtCmVuZG9iagoyOSAwIG9iago8PAovRmlsdGVyIFsgL0FTQ0lJODVE
ZWNvZGUgL0ZsYXRlRGVjb2RlIF0gL0xlbmd0aCA4OTAKPj4Kc3RyZWFtCkdiITxPNC0vLE0lKi8q
aSRCOUpsSG0yIm1ldFRqVzkqI1BERFhrJXVKS1gwKXMuUFphWiRWQSYjMG1ic01BOFJXYD8tTi1X
SVUoWF89Nit0TCVuUSdrOCtcW1U/aSVbNikrOTBeNk9JPCNGSyssLWBmM2dSRStBQnBAZGdmTzI1
O2lhYl1MOV5vUD4najZwUiYyWHJVJ2tRXCgpQ2pwVXRKNi50dW4mUzMwcl4sQnMyb1E2RzQ0JEpw
cllGVENuWyxSQkNca20hRyRSTEU/MGJAWkRDKCVib2lfUzpqYHJSIiNFO1FURzg+ckdBTDlIbmtF
alpQbmBRbChGR0dgJ14/V15IP1RXcDlbb01nWD5cQUIzTTZFaCw8ZW04WVpaMFk2MExONCRlbjJm
LlwnNEsjI1JpWjhJPDF0NmBwMUcuKkJpRm9LVXM/cjJhJklWaE5MPVtIIy90XVk1ZXUvPSZrZHBu
PzA8aSpsbkNGQiRfSXNXTmhMKFlmbVkrRFVNMmZfTlpqb1tJIilhQUtoUGpWbkVzV2gpVCw8bDVP
Tk8sJDFoaitlZztaVzRobHVAbFQpSiZXI0ptaDJlMU8odW4sLERnaV1vbERgO1JFM2NiaWErIT4y
PCZJW1VBWlk8I0ljK0ppZEgwa21eZWgsQEY5az5OVF1RNzFdSTNkcD5tKVE5by5XRW0nY2NFZFRN
dE9kXC9qYC4tJ3ImJ05UZ2hNaD1dbDkpKUN1JGRhPiRBNV5MckFjbF1WQTZ1NGJTRiQyMmBAcW5C
P0MsSkRNSV42ZlVhXGZmbTw4KkgxYHRXXmJjWCs4Yi9pJ2MyUTNBVDEvZGA8LkBHbFEvT21AY1VL
MllYODxZJEopTUAvYEtPSG9rVC44amRtMyw9RVlFYCRocnJQZVM9aldQIkZPWF5qWWpyTkdhTytm
SDBWSCQqXVovV2Q2bWBEQ0k9Img0RidyLjRXcWVQb11XYyU7V1YzSjwlQjEtaDtLOGVfbj4+SihT
JDhqcis6bnQ9TUtPajIjQjJEdVdbZTdmJkFUQT5eQV86QFRtaFVFJCg8V01xYm1BQyNMXSc6Rzw5
J2hbNFZhMTRPS01yVTVUMUFNcWAjNSstWE5ZTG8rW0MyTmFBZTZjQEFjV0dvMlldXVgwXiE1bipH
Wi8ySzxRQ2VSTD9pQGpxU3JJWX4+ZW5kc3RyZWFtCmVuZG9iagozMCAwIG9iago8PAovRmlsdGVy
IFsgL0FTQ0lJODVEZWNvZGUgL0ZsYXRlRGVjb2RlIF0gL0xlbmd0aCAzNDEKPj4Kc3RyZWFtCkdh
dG10M0daUGUmOz5LME1DRVRYWUBdVldWKUJUJ1YkWChraVBwWVsmMjdfanJ0Y1JLISVrYCgiSlAt
cUdeQXMpQkduPV1fWl1IR2ksRChMSnJmdUNATCtYVio3Uy1NPG5USEdDK0k5Z1s4OV8iaksuVzhc
WF8vZVYmKFpZQTdXTztxUWpwTTsyaj0vVzVFVmg5USt1WikqSzdrTmNhbk0lWG1VUi9UTC1nZkg+
SyFec2FoYGFyS0pmW2szNT9kOlNick4yX1VuP1ViPm5wTmw6UU0wW1BfQDgjPV1LWC4/Vlxaajso
KCVxUklbaC5DPmdxZ21uVVU3Uy9dJD9WYEMmM0ZPW0pJWVtlV0M4YTFBXGdhbDVhPDdhMCwwVDAl
c2pyP2NmIzkoJmMocUNsIzBfRltjUT1iVWNaUy1JX2wmW0o5KjhVbUJobydcIUFfRTEyPX4+ZW5k
c3RyZWFtCmVuZG9iagozMSAwIG9iago8PAovRmlsdGVyIFsgL0FTQ0lJODVEZWNvZGUgL0ZsYXRl
RGVjb2RlIF0gL0xlbmd0aCA1MDUKPj4Kc3RyZWFtCkdiIT03NCldYSomLTFYWj9aQlF0JExzXDVC
PHRXVVZDbixOM2IvNm1QcSM0Im9EYVJlWTY1YjE7OlF0dSowYDdMY18jIz0wXFdjLC9iVDA/LkJH
SDY4PD9sJiomRkNvbjwtN0omVSZCcCE4YFJoWD4vMkJOWlhCSUw4Ul1xSlRNRWk4QmZaTnMpYi8h
a3RxW1FQRWtGJ0c/Wmk4LSM5ckJXODBjWjBNXTcxTnBSU1cqbiFoVCsoLXRLVyY7OCYpcVcmNmYv
OE5QUGhvNFcqUy9wcWRAPys0L1BzNmtYN09oL1hFNk1OSD8yKDZoW2IjITkhWHQkYkRTVmMqWEdF
SmJPVTxHUFl0J1pjXEVVbTs4UmI4QmYmYlhPaT50b0xsPWY2VWNLcFheJDxdLUFBYSdKWW1XS15i
XzJJKXBociosTUNSUk1WRyhaKWpBZ3BfYCs+NyIqXGR1P1RBPCVJKE8tLG8/MGQwV1FRaFQiIScm
MWIsQTpYVGNtPSZxNDNwYUlOb21kQW1yNShWQy86cTxIOjcuLklAUTokXmNKIlIzaWBXRmBRST1k
PUZHI2EqLEAzUF0iMz8jZ0AhNTwqO0xuVks7aUhSLjg1aERPUDpxdGZMbz0zSEVlbipjV2RuIz5r
NjhbOW08Lm5JSjt1V2tTbFIsUTM3fj5lbmRzdHJlYW0KZW5kb2JqCjMyIDAgb2JqCjw8Ci9GaWx0
ZXIgWyAvQVNDSUk4NURlY29kZSAvRmxhdGVEZWNvZGUgXSAvTGVuZ3RoIDU0Ngo+PgpzdHJlYW0K
R2F1MSs5bEpjPyUjNDZNJ2cvVz5pZlkhRWFrKCJmV0whV0xtI1ssaWo4ZkA3VGArbkc7TkJTZUZk
YEomIz01V2RnN25DLCxZM0hvQmAuNi0hO0FBKzRWLy9sNFRKJiY6ZDtoQ1xwLF08SDhAcXA/TDs9
UUU3Q0taJ1IjRkEsT0gzMSItQ01YSEZFaXJEX18oIjRjRWxNYzghKiRSOygiMmx0UklBbSRZTSc0
Yy4sTjVbZTpcTUpbaitFQjZJLSI4LSQiRGRnLU9PSlZmc2VpSSohU0YwOl85RUs2OFFQTidScG0w
c19bdDZdMCVRbDQ5LVlVS1RfdCFRbHFxLjJ1WiczMS5nSTMxO2FIVikwWmtaNS0zYlgqZWEqNjNW
LSQuYDEvMjxvMSVdK04tUDBdbEhvW3E2SXFfdHVhZTVwTixIPFQ4Rkg3Skhja3JKKmI4ZzdjRlxG
OC5GK109V1UxYXJ1OVoyNkBALVJEcy0rNEkhcSZbKkxpTi1Lb0RkZ1w8SyZCN1lvKjkvR09lTV0r
XTApN0ROJD50cy5mNylxMDFeWGtOPFpHOy0lMUZiRSRYWzUpczQ1VjNibmkiPzIhUyVtcS5jRGpQ
U2Y8RW88YyQlPjBCXWk+VjJsLkM3NHFPNSxcIkkwa0JtPmhlTVBGbytYJEJcQGVHPkQhJ0g6UXAk
YlAoT1AkbTBeImtpaG5VZlM/TjwkbzM+PSw+N1UkS34+ZW5kc3RyZWFtCmVuZG9iagozMyAwIG9i
ago8PAovRmlsdGVyIFsgL0FTQ0lJODVEZWNvZGUgL0ZsYXRlRGVjb2RlIF0gL0xlbmd0aCAyODUK
Pj4Kc3RyZWFtCkdhclc0XWwoX0ElInJnaGBKbVRNMzk0NCxjPD9tM1xjZ0NEL09eJF1hSDQoNyY1
I3UuJFAhPC0oLkZBW1NPLi4scTQ5N1RIYyJgP1RnXGEuXSYiVFlpP05LczoyPURcJlVnbG1iPVRo
M0lRTW5SOTtkMidcai9YSDRuQ1tePj5NdWRqXUspTHBPJkMtSVxJNWRTXSw5c2s4WWcoZUFHKWoj
MVJDWSc7UyhNK29OUnRAYyosIllwV2JYQC09aVJGazNvZig1dCs9QEApSi8lPSxgQ0EqXDQmUidB
MStZb3NrLUtUdTAwNmlUVjFPNyJhZlxcalJYZDdgcGYyP241PEU4RyJFOT49VFs0Qy8vLE5STVZe
XGldb2hFb21+PmVuZHN0cmVhbQplbmRvYmoKMzQgMCBvYmoKPDwKL0ZpbHRlciBbIC9BU0NJSTg1
RGVjb2RlIC9GbGF0ZURlY29kZSBdIC9MZW5ndGggMTgwCj4+CnN0cmVhbQpHYXFjb11hRFkyJSJy
Z2hgSnNnPldNUltaXGVhIyE5MGQhcVE1MGZGZGU9aTAwcWYvM0ZTSUQ4UzA1LDVjR3AmbSoyZjhr
J2BOXGRDW2FFZypwK1UyQidFL2pqdGFWUF4kZSZQOWBDaDdfXkVPOUNQdWM8ckNOay1xOlNpTDAk
Ti5NZEZgLzRNPGtdbEJmMVJ0OzNgJ29uLjVHSUFqXisrSltOYTZbY0E+Ll9AT2xVLzxUfj5lbmRz
dHJlYW0KZW5kb2JqCjM1IDAgb2JqCjw8Ci9GaWx0ZXIgWyAvQVNDSUk4NURlY29kZSAvRmxhdGVE
ZWNvZGUgXSAvTGVuZ3RoIDE4MAo+PgpzdHJlYW0KR2FxY281Nz49biUpcXU8J1E8VVNEM09VPEQt
JyJOUVU4XkgnRXQwdHJWaEdRVlsrUm8rWVVydVZcIlRLSENLSkxVVV9mJmkiJ00mLFEqRypMRikw
UVo2Lkc7TTkiLEFCXl1UbFMsUHVaSyRWZmtDLylfJG1wdC43YkZxYUxBYVpqLGEwXVsiMCNCSExV
cCFUMUQ3M0w9bi8pIlFDLiJlcE02Wl5najZDQ2UjVHEvVC87PX4+ZW5kc3RyZWFtCmVuZG9iagoz
NiAwIG9iago8PAovQ291bnQgMCAvVHlwZSAvT3V0bGluZXMKPj4KZW5kb2JqCnhyZWYKMCAzNwow
MDAwMDAwMDAwIDY1NTM1IGYgCjAwMDAwMDAwNzMgMDAwMDAgbiAKMDAwMDAwMDExNyAwMDAwMCBu
IAowMDAwMDAwMjI0IDAwMDAwIG4gCjAwMDAwMTE3MjMgMDAwMDAgbiAKMDAwMDAzMDQyNiAwMDAw
MCBuIAowMDAwMDMwNjg0IDAwMDAwIG4gCjAwMDAwMzI0NDYgMDAwMDAgbiAKMDAwMDAzMjY4NyAw
MDAwMCBuIAowMDAwMDM0NDQ0IDAwMDAwIG4gCjAwMDAwMzQ2ODUgMDAwMDAgbiAKMDAwMDAzNjQ5
NyAwMDAwMCBuIAowMDAwMDM2NzQwIDAwMDAwIG4gCjAwMDAwMzg1NTcgMDAwMDAgbiAKMDAwMDAz
ODgwMCAwMDAwMCBuIAowMDAwMDM5MjA1IDAwMDAwIG4gCjAwMDAwMzk1MTIgMDAwMDAgbiAKMDAw
MDAzOTgxOSAwMDAwMCBuIAowMDAwMDQwMTc0IDAwMDAwIG4gCjAwMDAwNDAzNzAgMDAwMDAgbiAK
MDAwMDA0MDU2NiAwMDAwMCBuIAowMDAwMDQwNzYyIDAwMDAwIG4gCjAwMDAwNDE2NTUgMDAwMDAg
biAKMDAwMDA1MDAxMSAwMDAwMCBuIAowMDAwMDUwMjA0IDAwMDAwIG4gCjAwMDAwNTEwMzQgMDAw
MDAgbiAKMDAwMDA1MTEyMSAwMDAwMCBuIAowMDAwMDUxNDA1IDAwMDAwIG4gCjAwMDAwNTE1MTQg
MDAwMDAgbiAKMDAwMDA1MTgzOSAwMDAwMCBuIAowMDAwMDUyODIwIDAwMDAwIG4gCjAwMDAwNTMy
NTIgMDAwMDAgbiAKMDAwMDA1Mzg0OCAwMDAwMCBuIAowMDAwMDU0NDg1IDAwMDAwIG4gCjAwMDAw
NTQ4NjEgMDAwMDAgbiAKMDAwMDA1NTEzMiAwMDAwMCBuIAowMDAwMDU1NDAzIDAwMDAwIG4gCnRy
YWlsZXIKPDwKL0lEIApbPDYzM2U4MzIyZGM0ZjFjNTFmMGI3OWJkYTYxYzg2OTUzPjw2MzNlODMy
MmRjNGYxYzUxZjBiNzliZGE2MWM4Njk1Mz5dCiUgUmVwb3J0TGFiIGdlbmVyYXRlZCBQREYgZG9j
dW1lbnQgLS0gZGlnZXN0IChodHRwOi8vd3d3LnJlcG9ydGxhYi5jb20pCgovSW5mbyAyNiAwIFIK
L1Jvb3QgMjUgMCBSCi9TaXplIDM3Cj4+CnN0YXJ0eHJlZgo1NTQ1MAolJUVPRgo=

--===============4694260490461797637==--

-------------------------------------------------------------------------------
