Content-Type: multipart/mixed; boundary="===============2525262748668780225=="
MIME-Version: 1.0
Subject: my subject
From: cleanapp
To: paul@polo.com, Or@refael-t.co.il
Date: Sun, 01 Oct 2017 19:35:57 -0000
Message-ID: <20171001193557.82682.37371@users-macbook-pro.local>

--===============2525262748668780225==
MIME-Version: 1.0
Content-Type: text/plain; charset="utf-8"
Content-Transfer-Encoding: 7bit

My body
--===============2525262748668780225==
Content-Type: application/pdf
MIME-Version: 1.0
Content-Transfer-Encoding: base64
Content-Disposition: attachment; filename="myfile.pdf"

JVBERi0xLjQKJZOMi54gUmVwb3J0TGFiIEdlbmVyYXRlZCBQREYgZG9jdW1lbnQgaHR0cDovL3d3
dy5yZXBvcnRsYWIuY29tCjEgMCBvYmoKPDwKL0YxIDIgMCBSIC9GMiswIDI0IDAgUgo+PgplbmRv
YmoKMiAwIG9iago8PAovQmFzZUZvbnQgL0hlbHZldGljYSAvRW5jb2RpbmcgL1dpbkFuc2lFbmNv
ZGluZyAvTmFtZSAvRjEgL1N1YnR5cGUgL1R5cGUxIC9UeXBlIC9Gb250Cj4+CmVuZG9iagozIDAg
b2JqCjw8Ci9CaXRzUGVyQ29tcG9uZW50IDggL0NvbG9yU3BhY2UgL0RldmljZVJHQiAvRmlsdGVy
IFsgL0FTQ0lJODVEZWNvZGUgL0ZsYXRlRGVjb2RlIF0gL0hlaWdodCAyNjAgL0xlbmd0aCAxMTI5
NCAvU01hc2sgNCAwIFIgCiAgL1N1YnR5cGUgL0ltYWdlIC9UeXBlIC9YT2JqZWN0IC9XaWR0aCA4
OTIKPj4Kc3RyZWFtCkdiIi9sYkhXJjElN0VBLDY4aU1STz9HQWVSM3I1LyRTISJDZ21OJG9PU0Rm
SjNIOTkwInFtUS46L1FFImxhOG5VcjkoZzc1TWA9PyEhISIsL2o+JkkiVStsKyEuXGpKSG1bdGgh
ISEjV2lEZllJUzBuOjohNVBBbltAMCdOISEhIkxLNSVmXWZNMkRIIS5cIV5cIS9qSiEhISJMSzUl
ZldmTTJEcEs6PClHVFU5b2dNIV5dPUk+MjdpKCc0TCJBXjNIX0tnLF5PJTsxY0tcVCdrNyEvcT8k
Q3E4YHBVIz83Sk9SW0ldOUZfPS5eZG4rMD4zQDpvUnQ3PT4ndXVCPWgtUCtrISEobS5wRltJN2tw
MUZUIjdVPGttK1RdMGBybEQjLEExOFFfcl46LG1PSj1JKiZiRVBwVywmaSE7T1FCKFpuMWJrSlIm
ZCQoTmBbRy9xWlkhPEJYZmU5YzN0Xy4yR05xPzQ2dWcvbyQwMGBfOkw3SmhlL2MrXz9gMF4mJDpI
IyxPTEJiIig/M0U2Ll01Vl9qYEIqbDM5biY7TzlCPDlBLGZQPiNFUjdxZj4vWkpkTlstVy00NCNq
IW0oPk5cRWJqbWxPL2BuQGdSTS4uayxtRj83YUpSUjBPTWYzaSxJLlg9RDouI0YrJystJFM1XGJv
LGxkb3AqcD5NM0VGX3IiYDBaJWBuJiFfMFQ0J1QvT2JdMCgvLT5sO19JTUVhMCtLVGQlbTkjcihq
UHRCWEpSYE9PQ0YsWiEhJ3JfWko1PCVuSEVaKUQ4ZC9obE1zQ1shaV01TFImLVwuPjs9KVAhISVV
WTMuTElPKU1QLHVpWlsnYTQlJkZlKVJqRVA8KURxYFNtaS0vISJqMT5KK0IrJWooTlhoY0hpRWUu
XUJWQHAya1NGZztSJCshISVmdF5VZVgoJnIxakFbUXNeTVZYc0NuMWduOj9lIU10ZWROcFc1IVdX
M0UnSCMtXzAjZm9EUi8sWiMrJTtxKlgqOiZRXVw1K11AT19OXSE7T1hGXiNyWUcmXkk+TEo7aGYv
RDRhTGchR2NcRWBrOS9EPTdvT2kib3JVQERgRHNPK2pbKl1MNVxVTHA7c1wzTlldKjw6RyZRbitm
UkZTIS5eLSskW2dbaW0sTyRTQzs9bVNOVl8sT2pZaStPLSE6M0o6OFEtUW1XKE42OmRQVV9qLzJG
M1dCVkQvRFVYdFlRaldvUDRIYjBCITcxSHRPcj9kUC1lISlzPjI1dTBbNixaNl5iT3BLVj8qOltC
aUtDUlRrb049ZW9TOXE6LmJpbkUhQW1nZGhrKksvZW5WVTpkXHVtQl90SUVCYCxATCEhKGViXDRx
PjJOL0Z0XjpkUFZqPykkTDxrcmclPT5KWS5WISJiaklFNmM0bSVrKy0xSmhHST9CZnRtLDRLVm9p
IScwVi4nW1FTM2tnQlFZaTZcKXMwKiI2QWcwPTFYW3J0IkMyOi86N28iXnFgWF4yIVg0QixERyFN
OG41JyQ/az9jZkJYdUlwME1jITsibiJZWl5ULzA7MCNpb0xwO2NwU1pPTCEmMG9GJSw6NEhNa08i
b2pGTUIlPi5qbjlfcUVrTSpUMz9EVGknLnNKVEg8P1lsSEhWPD1Ua2xtWTVTJnJVbk88QkNgRj81
SDdoMTMuKHM+KFVpMSNJWnI0XV1tOmUzNDxvbjooKjhEKCxLVCNiJkdGci5OREEuSEBJbmlSYXIo
cSpNcjNOXUJSKlJeSGJqQUAvQGVKOSRxJlpoN0NQNmMiNkdMVCc0aChEZ2V0IyFoXE5icmhKUGIo
UXVjWVo/T1pmSkU5Zjg0MzRRPkpmbFRJQSswTWstXmA0WDQlXy0jLG9sJkhTMyJOITRRZlhpXEFw
PExsImZvbydZLyJoNTBDV0BtZ3M9cSxDXFQyMDcjJTA1WTFYVGhdLzMlIW5iJGUscidMdFw3Tk1B
XHFaPlFMXl5IL1VuLU5uaV1BWnNRcnJzO2Ffb0RlJUNmXnBJMWU1YSpgVTovNidALHJOKlcqalZy
azU+RGsoKiE8Q1VgMnIqa2xbX1gwa2pwIjpZaW1dY0MhVlVdMDVDYWwoNkxIXkVWJVlsMkIqSFg0
O0NQSidWMyhFPjRzR1x1UCZMRylsbUM5PnVKNixQMkJoRzEjUD05JUAsLF1SLnFOUV5kS2ZtW1Et
XWU4L1wkZjdfcURdQ1EhcHIramFTJU5KKkhhUVFDVzRqLyZXNGVCZlIrW20sJVApX2JvIyhdPTVH
K1dwcmYtRzs3LWFeOF4yX0JsaShwZUtnPmt0bGdoXlFFa09kJD8/TD06Z19TRkgtRiVpaj5sVlky
VCZeP1ZDakZWbSQrKz5ob2Y+QCVCXjJfUihpQVxTYVNnMU82WVlTSnVwYzVJX1ReP1NoSlRFX1s+
JVwxJVVLR1JNVl8qOUZbSlstOF8vR0dgVCpvIUZOPWNOaXFgJjtBbjBkYVNESEdJPWZJYTElcy4m
TF9qLj8uVCFwPUNAWypCQSk1ZEElTTpMIVUvRzJGaC0/QmhMbTNHb0piRCk7ST1mJ2hYcCQsUlhF
USM7aTxYNEFsKFolUHNgcidrNVxVQypOdCtrK18zJUQqR0JdQ2FnRC1hSVBTXypeNzE2JDZkUDxx
aFQ7LT42cE9fJUJYTj5xYDliQy4pMDYnci0qTU9pWW0+L11qcSMpOmItMVtQJC1abCpXMD9JKypJ
WGtCJjg4bkEjTzhtTWROSmQpKVpjLDcjKnQ7SDo/U1RXbEYmN15bNTloUT5LbEhTVEcqayZkSmBJ
PmEoaUg1VFlpLnFyLm1hQj8tKDRcPi0jZz0mKmJcclJnaF8tOCwmRFUjUGdOSms5KDhCOiYwaWo1
c11bKUlBcjxhYC5uTiJSSkVWNExFSSU6ND51Sy9TVSQ9Z1EyL2RBP1g/cSdAciFcclVZYTV0UUg2
XWxPQidBNXBcRTVyOSZ0WS0jMSE7OWNIVSRUPDAnTFYjST9dZS9ubj4mU0E+UDZQazQ+SkZkNEs2
QTFXNmd1cykycVhXJUokUkgpLSE/MyJOZ2MpbCtpVVRaQElmdC5YMCZrJEMmUEU7TURxdUxcc1hL
bVRlaltTPUUiLGM5PC1cWVtYUThLI0wtUlklPSduYkteKGIsZDAoYXVOOmZwYlBFNippM2k6N11N
biQ0UE0/Xk49VTw5RVI2P1Fjc1VxSlNXQ2ZkaCRkUyRVbyciNT0vbkplNWxbU0tLNyJCRGFdT3NX
c1lUI0ZoI15lKE09WUxHXmVRNzVBMzlsPjMhRykpbF1RVlk3MEdFPShlbV1fby5YJ1g+UVFXM09Y
V3FwVERuKDkrUT11SVJSPFNpSjEnSEROIStlcnRXRk0lTkZqTCpVaS9tcThzZlpSblZvb0tXTjJZ
bUo1V2BPUTlBXmwmV1hMUiQlTl9TLjtpVWg+Jlk2YkUwPjJGXEVvTlYlRVo9c0UxMDlPam0+Ll07
MjRmZDpfWC07JXI9Mk0+bChVLVFHZzNZS1BoSjZ1SVhrb2ReNWxqUjtNaGRJVzRpKUhcbWFtRklq
OyMoIVlqK21HTVkxTC5OcycvTVVkMEg5YmM3byhwPE1RVzs1Oj0nTWdEZio/PShiKk9YallMOT82
I25uY2dJPVkqQzkpQCdPPiRdQyUlKi0lIkMrPWM+UVgwcmIhbzVwaylaVVZXXENUclBCOD5BVkJO
ZD9jVCY/TVY6ZFo5Sy8/KUdJXmZAcDZxNCFxTjM4OzZIMEBJIkg3XDk8WV5AQGxFJmdZNk1LOVc5
UikvLFQoJlkvUy5nOTdjMmtXL04uLlZxQHRnIWhNZU09Q09eKWZdTjwuKmcjRXRUKmRSUGFiQS1Z
cT4oJ3U5XV05cC0wQm9fPFZsQ1cuTUxuLS9DOV0wOVFxTD43WHNXVkMrW1wvbFAwKkFEKk8zOD8v
JEI1ZiEsWUUzcm1nQCQhVkhQME9dNUFTMEBCJjhGLCNzNWl1NG9wbCMnO0VzKD5NPEMmPGtbSyIh
Ul5VQ0EqSEpYJnAzXCxMPV0jZ1ZhVDtUP15ET2tSVTopOSFvRF9qOU9vSURxPTs9QSdtPmYxPVJq
R0BVVkI+alxuLWdQPTtyRnQnKW1TLWRAJC83QkUrbFYvOkRwNSY9QyJcRUhTPURcQTBXT3AuYVBV
JGNEVkxSaVU/UFsnJU5AYG0vQU8jIVZxJmFVYWUqOmVCPTVGRm9vUWRWTCk3InBcYmNFYUFpbjVS
JTQyOjx1byNUTXRtITdYRW06LlYtI1I9JUI8UDJPPG4iZDZsPjBfX2xtWEcnVUVQWl1nU2hSXCgy
LyRecz81a1kuJXVWPC1Eci9EP2sqcFtNLD1zWzgkVk9VRSliYitAOzsiNXBAdElAMSwtI3NFUS1K
VENrNUJDR2lnbVVHK11UJGo/Zzh1RlshSz1uQmpcaSojMWY4Jm5VZ1QhKlQ5US9VdTkqPmI0NkdV
PC1dNz5SQGxdPzpmPm9AQ0BKQChuPkVsIVQ4QUp1OyNbQ1JWUU49OFgqPD9cKkReLitDJVw+dV1P
OEomUThZcFBHb1AxNjs5TiolQXFLX0U1dFBAR1drbEJGXzRVLyxEaHNXM1RhPTsjRWdOIURQRXAo
azFDaHA5YnIoL09vcWtLc0FzXENBcDQvMGctLCM7a0VZX0U9VEo5O0s6V29QS1lgLWYzMVxSSS9N
RzZKR0JsP0dWUXEkYkVWO1tQcU4+bG9SZmomKWBdcjtZdT5Hb1dXNGVsTFtHciRZSjRzUWtJSyMw
aWwxRzFnODhbS3FkV0VELVdycF0oL1ksSmZXbk0vXXMvXFJZLU9IdFZDXEtVTmMnOjteOmxGPiRn
QyIrUk4pblxBNjEkNSJcQiJKQE1HLjtjSy5wOD0wQVZDVi1PZnRfV1tlUV41Oy5ZLDZbMzcrMmhm
TTUnMi5VNjZCMVRfOGovdVhiMUQ3KThecT5WaE1eVkVUWkRub21CTSMhNDtuODQ1cG5oWEBwVidw
OlhqNkdtPGpPbCs+WmMxIk5xZWRNNlQybFc0PU90dCdDKmk2R2lfRUYsWUcyO2xPO0AyWmgxbjde
b0ZFJ0tzLlQhcGpiJ01eOjooUSo7WGk8Pi02ITxpdGRpXD1qXUkzW2FhNmhsPzpxb1VcSSlVanRg
WGVlRSVbWHJyampbbF4vdTQ7V09cOyw5I3AzTmd1ZDQhRmAtWiN1OGApcU1mZy88MD8yZ1ckR0JM
Vy5pRjM7TTMvbmdNb1Q+aWFbcmM4cGU3TlJsUD9jJFc6Zm0waF5BXlljRnQ7MihZXmZFZTpkOC5T
TTRsV0lhaWNcZVpDcEhUQCtZXDw5aDlNWiwzLjhlJUBoaDJXRmAnSGNQXT5eR14xPy1AZnJULGtc
SkErO25QR3IqPVtoaWFxbEdDZ1gxL1xgYzJba0VvRDI2TUtHSFFlQ2tNMzxcXWdQO1FrJGBNNChT
NUorPillLjs9QlpzXy1sY2lZV3FXNUs6UmlSIi1ObnBTOE80Y00vXVo9QGxdYCRCPk47Sz88PjFZ
Kjc9XigoPlAqXEtlJCllXzlJOm08Jy9ubVptJEBRby9caG87YUg7aUckQWNKdCpWP1JSLmtkaUtk
O24nXFVLJVxnVSYlSlg8KDUqXURmYFdKNFY5NWFnJl5DPCZjI2k1NDtjKSlzKWUoODRlV29BVVFD
TztRQWNIW0lrPSk3WHAwJlhQSSFVYWdwNzdqJEhZVTZvVTA+b2VYQ1c4Sz1DYDY3UmtMSDVxMUAj
VG91RDpHYk5gODJRbSFeQ2grZCxgM0gkOldwQVskdD9LPk1gYGY8ZCohTm1bQm9FXjBIK3I7NmRI
MyVUUidkSVgjYjxBSSFkUURVIi81S20oLSNXZihWZD91Ui1aLXBXVl9WIj9hYSI5SVxHcyM+UC87
K20wbU8rX0NhUE9PK1ozYWxHVSlkbkZmZSZuK2JDKCkxbktyI14iVE0+WGMyVnVHR00oclVuaiJJ
RHBhWFxbXz83NjY7aV8+Il88NTwxL11wSksvXHRAXCZRQysxSTo8J2Y6WTo6NCwqLlcuRCNVPWc1
dSJAPXN1IWBXUURqTklrKWBnQWxtInNbMjkoZ2JAcVpmZVJmPXJIKjZKPj0mckJvcWwwcDtNKGg1
LnFfXTU6T3RndE5bOFY1TkNwWUFRLSskS1JFYC8qSnBdIjhgN2ErRWFnUiYtYic7aixPPV4tNyQj
IzpQWTc3Z0ROWktkPWhDTC0lRGlqQSMmYk1HPk5VcC5Oa15kXTlLYEY1ITA9YFJEcURvN21rPUM1
NjBmWiJqVFVSWWkkZnUoOGVJITRlRGxBQTEjP04jaEdGSWphIzAyWTFSYHI0JEloRCNzKXIkM1Vk
PWBRdGFiTEZbTGU3TTlVYTlgayNgZzptYFo4UidecDc5Tik+dWs+WmciaVxOO2hpQVdaRj0nTik3
USUobnU1ZFBHYCVzVlBFMCxuPjk+Si1iaztzX2QxNUItLlhvaC1VUGE2YSJIQF8ybm5KaDw7VUU0
RkA7LUg3VkNrJXI4Ul5eXlJKbF09MiI2a0EpMSlRZC5CP1hEYE5LLU8hcCdHNTQvTkBWR09sTmlk
Z0dFcHEtLUVCSCpySlkuSGszbF1TJFgobm4rXSNeRXFyQmchPyZRM3VoJlRiSCNKcjtBSlRLPCpi
IVpOKShwXDk/R1c3WSlNYDxpMlA9J3AzaVo4PEJpZF1XaGNIQkgwKVRaVytpI0hBNmthQk9ZaCQ6
UDpkNCQ0bl5JPkZxOVllT0ZhPTVKPTxLck8mXkFzPENyQ0xlVFdQYz1hcCkrJEVsbCotJnBhVl1W
TiQ5amdpTV5DTGNEX0slZktHMlEhJldlJ1hUTTJHUDJpO0siPnUpKyZNcydAJ1JuPURMcjdZM2Zg
Q1E1YDFoTWFWKTxtK0UlL1dsaUNyYWUiYSJMOWFQbUIzNCE6QFBLWl9mVVooX2QrOS8tITUkTz8y
SXQ9Yi5qTVo6RDEnR2hCP1thRmhUdVcsKCwwa1csKkRLQl4uUkBkOjgrOF4jb1xNL0FALGxDOGxu
QV8tXVBJNURlWiYycCgjMTgkRFkvZFUzYFovYGBvYC1BQnFgZCxlSVNxRTsrbTEpT0AwN1NGaVg7
XCdfY0prLHA/KmkyW1JLbDRmKm5eQFUnOFhDYS0sLCJ1RTpRXV1jUV40Sj90V0BDUWpeO0d1XF9K
JGNvL0E4UDNzLmcpQUVwL0JQL1Fpb1ExN2UyQFFXOD9aYSphX1sqZGhKI2k5U0VXY21WW09QYm1e
TS4/XlxNUSorcWZHIkZQb2IsWCQpPSt1T0BBYS8lJCdJUmI9S0cuRV9DPVQ+ZzYnNGgvKDhQb2Y9
VUsyTy1XNiEnaU1GVlg+MypeW1IsW2xJKUFSIkJaNlVQTUdcVzYyckE5Z0MxWEs+aGckc2hLWVlU
Y3BQYl1vKSNgXkdgRCtPUERsXzsraS5YQiQxOTxaTjdSQTxgLU9SIm1uKksqLlBJNj5eTGspN1xQ
NikuITw6bU03RjdJSm1DZTopUVVsT102dV1YVWp0KmBZJV4qYi1VLiorLEdYMlBiTyFdMUFxX3Fd
JTJBWjpGQzEuTWg4SU9zKjs4QGxPaDs0LkQ/YDpSSWVEVWpPU2spWSwpTTxuYyFQVi4tYllTIVNG
ck5IUm1uOl9HS0w0Y3MhKUQ5LkFuWEpeO3Ambi5pcE4sZFhgO1U7PjxiYCVQZ0RbXnQtZnIkVGdr
UXFwMGtmZkY7UClRM0BmcC1gJ0ZmRjZJaUZfL0E7citILTxOKkVqZVtEUlFnbippOSUybEkvYD9e
YChIXGJdKSMnM0EzTnA5YGlOUjwiRURcXWtATk1kZ1Q2IkJDYVs2QmJaMl9KTj89IW8hJD46JS1f
XW1GT1otT0NOU2lHNEBIcThSTjNEOS5mVS8xLi5XOEA0PkwtZ2dxTm49Vm04RmlHT3MwZipeK2Bl
L2FrMENRbUdmKj4mKThaYE44IyQjZkZgQVRWdGE+Jm9pOU5sZCcuUiEyQldHUDRxNjonKS8+UFJU
SVFRMWpKMmhKW19iRFFxOGI6KC48M1RKLUMzciQyVG5tOHRSR05LJCwiZztDX1ljPXBJKWVVZTw+
Z0xDVF8yT0JlbEJnKSM8WUVIPj4xL180NW9kPFYiNHNnWUgtJllEajpjJGFuJm0tLGdtZCs/P1df
LjVfOCJPX0hTTFwnZGc9InRZQXUzYTM2ZCYkYTZwXT1kZD8/MSVEYSxUazwqOkk3c0E5Sj47P0Qm
ZlMwZ2liUT4uT3FyNio2PytzZm9MU3VQQjBUM1NSXXIwMklyQWJPXTBJRkUnTjRHYCJnWVVmImoo
V25tLWMjXEVjcEI4OTgoKk1TVUZsJVlMTWIsYnJDZlhhWjZOK2FnV1Q6VCcjXj4/aEQnO2VCckNy
MlIuIUk2VUE1SEIxK0JnXFQ/KzFDUzhdNkVxZyM1Wm9lIVdRcSY2Jyc7SjskOWhBS2IpX191JV1O
KFVKTTAjZChHSFRYc1hWO11UV15MTTIlN05GRnNOOTxsUmNFTjgtK3NRPzIqSEVAanJKXmNgI2NN
SXQyKEZhT0ZpTTlpKV90I1opOF5dWkVNaCI6OClDKUlSVlJoKXJGQVlIT2lCUnRKbiljbEVNJ25g
LzteM3FQK1ViIzI7UFUzUCdVR0kvMCkpQTk8JzxFTlsoKDJENElrUEdFQCxiKHBpU1paKj9dQ3Fq
W3NmZXBmcjM/XiJPMFUqVF86UkQjSjk3VD0tS2xccHNpMklvYj41dVxUZDQqTG9zL3JlQCErJHVk
OmNeRV49cktGV2wocHUwaWBLJDBaUURhdFBqcy1AKmtFbF8zPi5iQVM7MzEhS3FrXUVZaC9lQm9w
YzAhTVRTMyw3Pkc5dSQyZFZRRUQkX0MjSXE0JnEqNCRmJDwzXGpbL1dqND8qZzFPYmVaa01GcXR1
cmpTbCpJR1ZYOVFEQ1QoLG1WXExcNzxCVEk4XF9yImxiPi1NNyxXLmN1QyUySkxHQUpEPDxcbG9O
MUBydVRyWyxkMSpjUlJUPm9MKnUnQTBcUVIwUHFrPE8hJ0tRT2w0Lzk+JzRXJjs2I0BxWTVgS3Ay
QSQhYDxfTF9CdWBoR21oOiNES29TIzdrckJDWytpQWBhOU5BXWRlMXBmTCMjQDxgX1RWI3UvZ1dn
KGxIcFlmLTN1KEpIZDMidU5BPEQkaSIwPDIxSmA8MF9zXU1hK1k1WDRBSUhCXiZKdVYqMD1eJCIk
KmBKRSklN2ttNDl0OjUzI2InQ1lRXGhsISEnZ2NpJkxmPCEhIixcJG11I1QhISZoM0RmUG1aISEj
OEJHWVM1PSEhKChFY05zUk8hISheMTM8OSpbISRFIWItTkYsSCErXmBGIjk4RSVKOEZfRnpCLyVv
W25XKnRYISEhIT1fY1NSSWk8MCxcIScjVlFGcTJoKSEhISI8IypcRW9TZUQpKCE4bjoqZyxUUWgh
ISEjNzBvUnU0R1lTNT0hLlxSSEMkUElIZWM+YU4hKUAiI1dQYFpWISEhImhgKFhObms2KGJiIScj
Z2ReKC8kZSEhISI8KF4kbFxTZUQpKCE4b1EuXE5CZlYrVE1LQkowUHJubVAoLjIhISEhaDE8OEdG
UyInSFkhISZvUGE1XlNmITw8KiIlVkM9O2ojOHQhISEhI0VBcUpMTER1cCI+ITFaY3Focj9YVSE8
PCoiU2o5KC5fZixZVyEhIy06KD4iPyMiOThFJUdTRGFkJidrT14hISlMRk1YO0w/JyomIjRpLjRq
cjVSXSI/ISEnZkVXTmgnLD1uJXBdISEhIz5QTmk/amgnUmppISEhI1crWEdgLSRtdSNUISEpcVJl
ZjdsSy1BRTA2ISEoci5gL1VLRyFlcT9nISEocyEvPUZOOTpOcm9AISEhI0cjJlkoUyEhISErXmkw
PlQhISM3YihldCYyISEiRElfWy07QyEhIm43Mj88ZFghMidQTy0zKyNHITBpJmIiOThFJXp6enp6
eiEuXEROJiJFWi4vOltXYysyPDtXWUozTDM3U1tPIzI/M189cidjV3FudDFGM3JVJExlOygob3VD
dEk9M3FiU2FAPlA4Ky1BJmY6Jz9QZUdRKGNlKS1nJk0rKG41a0ZcZDsoRT9ubXAnbG1KImFTP15I
X1ZAcmYyYkNWcSRIPmVqbGUhISdMdDpGNXVDY2hZUmo0X0xQQzFNNHM2MTNRPlRwW3IsWG5YS1Ja
QWFoP3BJZyIqbmBcVGRAW2lIbXIlRT1JbmIrLllJMGZlJFVgR2tZdFFTRFZeITVKYz0jNGFkXydA
NktvIiRMO2Nraj8hO2s7OWInVVojSTs+ak1JXFMsZVhAaFkjbTpOX2NtTUdnODVobVB1NGIpWzU6
U2xJW2llUz4jWEdYYG87PzombWcvb20ySFNgYjBWQ0RHY3RfM0V1JixBUFpMXVoiKChITyVHKEk4
XS83WyFUNS1ePnFeMzxNIScuIkdnO1ZmOTwlSE9bdVxaIjtFUTwsKigtLldOKDVrT0Y4Zlk4Zj0l
N3VIZDhlLE5tbnJURjZvOHBzKCNgXTc+ZzcySjdELV0/O3UrPENyNlIvSycrW1tsOyE/JXI6aU8/
OF0sVE5eYk8+YDoxN1ptJ2ctLEs7S2xHMGtLZE1bRihmZW4hJyNePTQ9QmpxR2pxNkI4YiY9Wz5b
Mz1JTEBcVGQwYzojTStVbkROZWhhJjo5Xm5SazhiJj1bSShMSFtMPTc0PnA7YGNHcSJpJDxGVU4v
ZVpHMmtTWTk6R1JZW3Riai1pUTNpO010PTxwMy8oaCo/JElUYlVNXnU1Y1gzdFdXL2g/RDckYzpj
YU5camdISWdjJWQ8XUFxWGQ6Kl9KOHVWQDJFb0lBci1xM1tILTdUYClBWF1ZYjNTMSNrPiVcYEhe
XkssKEMkaF43c0VxaEw4Jm5WMi5XN1ErKlJIPUhUP1wlUGEqIlI1IjAtaS9LSU4mVz9gMilAUzM5
LypGLCpELllIaiVKZW5hLjEnXGNpYTczNF4zcVVbZElRcCIqN1Jrc004RVoqKD40XVxRQz0sKFcz
UyI7I2NiI2pqbF1AOlxmbGQ6b1BPTWImImk8IytjMkw0Y2JgbyVlXlJtTF1ULCpiaWw5JVFAYnE8
b2EpbCJBW1FVaD9uaEZEcHMwbVo1ZDhaYCZULmckVjpodHJrZStsMnFwNlwwbFAkbzZvWG41Jl5F
WExOMFg/bjNqaFYvSFY1OWQsS09zYEsubydRKy5ZZj4jKkMsWy0pVmtyXDYhTEpVITgjWSI6aUVP
c1dNN1oxbGEnPHA1aFQicDxFKCU7ZDdqW1dgMGFIU3VCP1FxN11gI1c7NTVqKW8+dDgqNm4nTFAj
Xj1yYkRLbWgxWkE0OU9rWXVETkUkalpLVldaPz9HSFZXcy9vTz5JVUs5OS8wSWFgXUFyK3VUNnBI
I0oicExPbFhaUW9LXDQ0RkkvODIrRzxhS2gzJEJUWVVEbTcnQiVHJ1RCRyxAJmtyaUdXdHQ1Jl5K
LlxaTHVLaTVHZUE4SjFwJWhmaVFZOTInMjQtLGc1U2tlZTVrRFsuOGkvLVRCNEQsajdmWC5JLUQ9
blVpR2JzPzFaS3JeQj5UOSUoQiVXOWhnOEE8MFo8RXNZX09fPmhIPiImQWM8X1o5VC9rdClbbFdV
W1dmV3RxcmolJDdoVnJaX19ccFtvXiZXRCo7MDdIbkZyYDM+Tj4jPGwrPkg+bmJqZk5qUyQxOTJw
RmVnaGVhT2EhKDtITGhKajdrNWQsLS49NS42K0opT3UyaTFcNj4kVkgrMTY6a01tWlBUXk8/SU9C
XmRdYD8wOUInUS5PW0RSOkI/aUYyWihYbUwzaTpdJWMnaGVTbz07TWkvOmRIQGdyX05tInQ3NHFT
JF8mWltRQWFiLiFWRT0uKVNsOUUxPCk5WVwvLkE5T0VsZUQxJTUsUCJnbzpoWy9sZysoT1k9JSpD
bEVXb2MvLjovamUpbmppcnA0UUJmRGJaSVQ6L25pVzZnbVAiUFhoJCRLZ09EOFAlYzlCaEJpaDRF
KVg4N0lbNDtfU0RXcTgzV1lxOmBsMV46XnFkLSptSGpMcUxBUlFWWU48UVRacz5RJUpAQz9aRS0/
aDVnSSRHQjFwSWJyanBXI25RJlI2SklwcTNOcTxpTVxeQ282LSNBTy9tYCRNVmx0YyJjV1JSVlg0
SSRNVChDTGtsUz4mcmEwQF07aGJVbVllUnJiaT9aR3NQaFNiYUteMjNkJixBLFA+LUxKaDZLLCw/
JCZZSWhVQWdzKUdKLCwtSWYlJEMyMSRwITtIVlNwak8wO29YWiNASTJRTSI7LztGWS5pXComdSxM
NF5ldSkyWixYS1tqXmU7UkorLG8ncSU9XD49aD9iRlhzPTNUKmdRWT5rMVBaJ2RyM0duWE50cTgu
MVdTdEFqKUNPa1JWKVU6OTdcYl1yKS0uXykxPTRsQDRiQkpJIy9SX3NVbD1sal1nVWheVWdCYls1
aCw6WDRlUkgoS0k1ZSkmb28oOVtFPVZhWGBbYicmQFZobzxbXk4jcDRtXCdaW0AnVXUxJjdKMjdY
N19gRDgnL3FlTmBkJ19LMi8/ZjI/QD8zRDllVyskQV80IkEuLiluc2xtWjJuVVZcXzM9RkwjQ0ht
PVEpXC9xMWlsQjVQTlEwY0JvKl8scj8+aypBbkxETG46TUpvalRTaSpcYlpPcEl0UXArYDRzUVRr
PC10MF4yKzdALFNJZ25KR2kuLl42cm9zYic2ZiotYzc4O2pVI0ssbkosaTYmK1o1LjBpY0UtbCMq
SCwpLmQ/J2NEPGF0bCZOKzgzRmFwcE0hOS5xWFFNRURbQ0VHbFNvWmNVTz8mcChqJylcRCt0al5O
SFRlcldrNiFrW2otVF51azwtXyk3VldhWl1NP3RnKW9FMlQ+XERpL3FZbUdWOCs8JUxtYTcxM2Ng
KEJUa0glPzZBLzY4bD5gViknTTxDdClwSCRUQFhxb0lGM0pbQ0lhZFk7ITJjU01maFU3L1dMPipd
WnMsY0QkR2c5O2paX1FeXXAqLSksJmc5P2FPQkh0TEdXZSooLV9AWUJoQCVZZGs4XyUjJzZaYT5t
SGxLQmZUNE9sYykoR2FyZnV0QWdWbjc1cTc9dSgoYzEvMzxGZ0dPcWI2JDRmbE9tWUQuaVIrT28l
OGVGJVgwJEdZVUIhNEQqMlctTEpoNks5a2RfPS5iZnVjSVhNOjFaSWg/aHFkIi0/SD4kTmM6NGtA
cVMqPGtuSScpUjk6W2JtRF8sMVQ5PT9Yb0YwN1xYJSRHJTVLXnJGc0g7N2lDYExfLllpS1otKSIj
YSlmKWE0OWhEL1g/LF91OnEtRTUjQlBGbk1CSmgqbWFwXVJKOCJkR1sqPl84IVsxKlMoZ0FhYEcm
QkJoPElCb3RMOl1UKEJAITN0IjBLcWFzWldTM0ZoJVBrUjVYRjg/I01hJkU2L05TMVYqSCtQZylU
TGg4RGdpLVJebXVTQGAqTExjbUhpZlYuOFVnLUxubV89YTVAOydgXEpqa0hcJHRVTEcmSFEwTWA+
bitSQ1dLP0hsNWBOUzFoNTlYUlZncD48ViNxa3RxJz9HcyYhMDZgVD0+KjdHcC9bQCxiKUdqVElz
SyInMl4sXyhRdHBxL3VOZ1NgRW5DJUptUj42MWVQSm81UDg9TkMjPVQoQkQ9Z09NU05BOi1RXi5R
R2RJMDM+QilQbHUjMmFdQ1tzImdRKy9BQDAjPztxNiRbTV5PXVBLcl00VXBra21fJD8ibkVbcVw8
c2BON2s9SyYpZjtkIVQ5WiNeVDhBbzA2QXVAUl9hKmJKIm5eVnQtWz5pc0plc0RCRiVXRVgsazdY
ZWdcTlsuU2xwMzNMXypIVjpjVllLLEM1aHUyQy9yT2FrcGpiJEombCNgbChyIlE8UkMlTixuWmFG
YTdBaDw1VGtVdGo9TWR0PVNCJV8oRzNHQDw1Zz0kY1JhTExEXGcmOyhqYjg3TTtGJTJCNTdDa19b
JWR0M1pscyNHYjk9XCNSWWRgNjo2aFRfTEBPJWtdcGhub1ttZnI3UERdYWVjRGx0Zl1oUFlFcGVd
MzIzVD5LLDxddFdMZkQ8QzVvKGxOXm49dDE0SDBQN3RXVU5Sa2djOmJNWmYtdG41Uz9HVDdAZkhd
cF41aicyTlI5I28qVixOUTxBZGZXV05lJ21kTnQzUkZidDJfKyhaOCY+UEkxRERhQls1cWxYVyxr
OWcpVCkpTVlGVD5JRWFtQ3FSK1o1MTBLP0tSUVI2dFhKRSRARFtIRChhXXJfb209akhWVT85MCRq
PnNyIy9tM24wTyZeYlA2OCReXEI6JitoJmptVjckKW1pNE9nQTJ1LGApbl9MZTYsNWdRcVMwKCt0
XjxZPzYzNCZrND1vKU1ERjFpKFZTM05ZR2VrR25YP10tTHFNdEZ0bmVUaSticG5CITdgcS1DNSNM
K1hcKFcjIjxiXXMsUWFMQUEjRic/TjpqNG5CamExMmJpZURYZidObWBlKk9ecjRFU1hYQEUhISIi
O3JvWElvXz1zRlxtXztqUVhFUEduP2VfaFQiVFNORiVcRThHbj0xKltTLGBOaDhgMlZULEBXYSQs
MyhbPjtJX1plIThwRTtTRUgkcSUkKj87MDBDVF4hLl5LNnM1KF1nKzJZZ0BqU25YXTVXaVtLPzQ4
MV0hOjdTTkoqKV5RNEkoc0NkSHFSPUFpVD1OISEhITdONCpnIzBCJUpxcGd1VVNtJVcoQyVdQE1G
QDVuOGY/ckx0QztGZWRicT9UMCdANjpacFVbUD5AXy9mWVghM0M1PChXLDJtKzJZL0k+bEVuPi4j
I1tVYCNIVCMhISdXYGlJcClyMzU8bD8mJypUZyE8RCRYRTE/PjlndV8qXFMsYE5oJmhvakYtYi5E
W0hOLlxxND06Ky8hMV87dEkzbnBvenp6enp6enp6enp6enp6enp6enp6enp6enp6enp6enp6enp6
enp6enp6ISEkaVhJZldoZllCcH4+ZW5kc3RyZWFtCmVuZG9iago0IDAgb2JqCjw8Ci9CaXRzUGVy
Q29tcG9uZW50IDggL0NvbG9yU3BhY2UgL0RldmljZUdyYXkgL0RlY29kZSBbIDAgMSBdIC9GaWx0
ZXIgWyAvQVNDSUk4NURlY29kZSAvRmxhdGVEZWNvZGUgXSAvSGVpZ2h0IDI2MCAvTGVuZ3RoIDE4
NDk0IAogIC9TdWJ0eXBlIC9JbWFnZSAvVHlwZSAvWE9iamVjdCAvV2lkdGggODkyCj4+CnN0cmVh
bQpHYiIvTF08M11vZVJoJDQ0W1FpdWUwRkdganAqcGZeXUFMJlNOKiRuSkUkW2FUc0I3UExJKShG
ImlgTjBFJW8qbSQ1dFQ8cXVWPkcvNz0uOStVR2NCak00VmdmN2YtQGpCQjJxPTcqXEQlX2xDXUdP
YkNzbnJcaXNATj5xU1UoXkcoWl8jTW8sdDddSU4ibSdCRU84NjRMSD5OYjR1Uj1SWStqbmg3QWhh
czhwNWBDWFJgRWpmR08jP25lMEwvTjBoOCxDU2hnXVQrSlUqMispUXFXcW4xcFtSIypha0JCJFBX
amVqMTs9V3NCV3NYUD5pUykiJ211ISEwMmwnYiddRmNnVlhmNmU+JkU5VzBSITNyJ0ZpV1lZNV5T
TUNZJENXZ2MwLiRdOyMobGs0IURPSFYjKlVtO0ksW0g7PjdBRUNPLV5HRUZhajtpTShwYVsyJGpZ
MDQxMmZeS0FQUVs4Vk1eI14mXWtJZ3BoXkVXLFIoM0FJa1E9RVFPbWlxTzdsOFFhcStIP2RdMUYh
K2lYXCc6NGdScSc6N0YiXUZEW0drMzUuYmBPZlQlWy9iKmRONixxOylUT1Q8TlhMVWlVTEZiRzNm
Ny5UKk0rMU51Ni1LNEhLPSJjZSUoS0siWlVWUGk6O1chMSNJSiQkKSFZU1t0aVBMNmIvQD9DcjJM
JDElMSNIYlkqRiszZVFDcDtCSzZuSzx0LF4+bGVaUUtbU0IvSXU3ZEsuXFItRl8saWBHVj82R0Vr
VVojVlo2Yz89VSEyOUNJIyRSckxdZVkzbGhbYHVEMjFdLUsyUEQkSyJEWGtZVGwnZyYnM1B1Zy5S
TE9UNSZWSHF1J20mTENWJGY9ME0qNShiRlhlX1ZxZm5jREltKEpqWW1obFNGX1FtcCElYTw0IkJg
RF9AW1JdZUlQaD5HckZyaVxQWnNxZyNLcjdwayIvLmVaUDxjPFs/TF4oPGhoVW4lbl9DOioka3No
blVlJ0hYZnEsK01CSiYqOEBXZThDJzVDPU00YWZLVmBbJTMoZzs6M0k/NC5jYlxaT2JPIWl0cHUr
XCltITxMUi82Rm1xcmpTOVFDSWlhYm4/SiVIRFA8NDolckBtSzAhQz8/LCZTOVciJ1RLKlsucjcj
JSxvW2MvRFNYLWQ9QjZHXE4rLVJcM0c3PV8sXHQ0OkJIJFZLXV05UklpTWg0cWhuVls5YixnPUxc
cE9wPy0zYztsdTdWZD5Yb0cjPCdvPCpwX19LKy86Nid1Lk5iSDFjKEVLalVnL04xWzNnMmo1SUJG
KilMa3NKVF1GSyxjZW5jMj45PWshST5GUCZKQDlcPGNValRUPj4rYERuOyUxOUowKCM7YiZAS2xG
XkkzSEpYYm5wJiNbKUlJbClWRTpDa3JhYVBxJllKaWBLNFVRYT86M0xkMCVQQD1tN1NPSCE8dFRA
VjY2Ll1tYmwiKUthUk1gNVNIYDtMc0JwbVs4QUpYQj9ecFNnQ2VLM0BKLFdGcl0lOGwtQy4xRlVl
IyQqUlRVQV4hU25BZCFLW0QpXCJsbVArSVJEVjptWnM+aEM1cUg1MzdIViFILnJROSREaDdCNjcx
XS44YU4qPDNMTVs2NXUzYl86UE1UZm9YQiMyZENZJUsyPGRrNXBOITI+Ijg/WzJIXTRAIiU6MGpR
QWtgSGBzP0EmMVhYQ0NaZFtqYU9QOkpVbmxndS4xS0FmPDUpIihkUTcsVjRrNV4vcyxwSm1VIyxl
VXFvTDdgUl82OyZvNXRjbV9VRnRyQDMsND9gPHFFI0NkT0c+U2JUUXNucDdkYFpdVFVFUHJNRTBe
M08/I202IUskOytlPS9eW1NySypyaV45TXBeOWs3QnNVWnA3U2YrIjNTI1pBQ3FeTFw7M2EnWnBD
KCc/RUtNTDlvPXJuRC1jW1QjYzRII1VbPFxQLyMqbzclOmZvVVo3ODQjckdKdVRRVVlGQkteR2ZV
Qk1QUDhBOzsyWDxwWWw0SDw4VE9FJ21fRnM2ODJCZF1iJkdkQj40OmEjZERaZG9kdUo3XkdbM0so
V2hOcDBGM0JXQDNLY10vXGpFLyJiR01iNEVMc0osdEAtNT9wbWxHLjV1LTB1UmEvaTYmUWNMclcx
LltjNHVwcTwwNnFgTjtUXGJgcktiNGgwQ0AwIyxQUzBXVStYXCZAbEgnYyRCR0FZLUtaYlxEJmBP
cWsvKmY+USguZD4lIzhRLXEqRUhhKldxNGMjVXU5cj1ONy8rSiFoUk9bVStSO0xGRjgoPyZWLSFS
VylTPmozbT8nM21hNGtaRWZIbjBfVXInRUgqJzNfcUpnJytebz5mb0okTltlWzFvITNWYTxwVTQr
cURKSm8icytLMW0wb1tJPidISSNgLSl0RV1UOCpkPTo3QjEnOz04Ql41PyFJQnRENyFCbHFKU2Iu
VnIpPUw2Yz07S1RNRUleJlk/YlwxcV5tU0NnVkBzVlJMciowZTpDOCglKixqXyJtXTpDMG9OUXE+
UCE4PzEiLm40bDNVXEg9cSFfN0FXN2pXOFFHRmBqJllVPyVkKGtYXSlwSVxqNTVbaXI7K3VLN2Vn
KmpbbXBPckYtZFF0NFFyVSdwb190XWU7UWoyOiFhb1g5ZWVfUm83JkdHJlxiMVJcWipPanBuKWov
M2o4U2VIUTNDLktyVG8jdS8uKShSXyJFYFxjV1xGWm1cKSFGQEwjMEM4bXRDU2g0RlxCS3AtKjAx
bio/UyVfYVBcMCFNLS9qQ1ZsajtxMGxPWyhiaFA7clIwPSJwUGpIZV4ldXFqQ0A/W1JSQW9WUHFj
dExpRDQrSzwqKyZdcERHMU11MjpDK1dpaTA1QjcmW1NPbVQwTVIubTlOa0dFcU8pWzpZMHBUPk45
QkJdI0IxamU/Y3MmQFBhKENoMF9mcEU9c0hNb0ViQDdwJ14vL3NWOGlEJWtgT0ZIO0NITi9wO0FL
I1c7Um5JbHI9Q14qcmxjI3I0U1IiQGNQWHVHPVJjVmtvWjh0Vz8kM25vcTZYQklKdGUjW0NmWyU9
MUpYZ0tPckhbM2I8WkBqZ2I+Nl45XDRRXkBgL1BhOE0iQlBhOyliQnMyPG5kYDQ4WUNxQzJ1Ji1u
bS5UZFA4TFxfNDRGYSpYXTl0JnQ8PGxlPmxja0t1UXFnLmYmWGI+Xm4uczxCM18nUzBLRlpxUCZv
NTY7JkFIVy42L1Y4ald1Wl5jRixKRE1jNVg9KVVMcyFNTG4mISFOJTNyMSxbK3MlIjswIUQlNWFR
VmVqYD5kaXFdTXU8ZmVqPWtbZSZfVkssbU4uUTZAIV83LTxIXi4tcU1BQDJlQS1XP0hzN3NfXV1W
WyxIajBrPnJgRWY1TUQhZWk3YVRGN2lvbiZiTSRsXzxRTldvclcmXV9lbU5EMEYiaTxbWiNjNGhC
YV5fR29sYDkhME5CTEZROEM5S11AJ1U9cD1FZVdlajktcSVBYWIrPV5aQCtXOCs+Yl1fXFFcbFBH
Oi4wP3RRJmoxTlBcbTUwWVIjUXBrPkInTitEKTAkV2M8WjspZ3BxR3BxPCZpUS81TTc6UjN0cWRb
MlNkP20oYDhqNFk5Nz1RKi85Lm05LjZMb0FCR3FbRUNbMTZOa0NxTGFxZDU2ZDtENWwnNDUjZiox
Ji1Wbj8wX2AiOlBcWj9La0ppXyhaWUVrPmJhaFVHKyJdYW0oUl5bN2BUY3BZaztDKFpyZUxSRUsp
UmBbRzspaFgnSCtGRzw5OGNkciVOJys9OyVUKDY6V1ZCKVRnJThNWiVgW2VFaFhpTyg5SWBaKWhb
QXIiUT9Va2c4VVhlVTpLLSZhM1BgaixmMlY6XktzVmFBT2BSbGMvLlBuYUspJiZCTkQhVjxeakRa
L0AyJ25HUEI4aldNUWQ5WTRRJkcsMVsvQjRMKVRfKVMoSk9TcmoyWE4+Klx0KT5wSUNVLDRkVCpw
dSwwV3NHJkEuPEVqOGFDJChBZyIvcWwlZzg0XGdgV3RTKUE9RGpYX0VpJjFHb29XbD5TZW1IMjtE
IVg1Lzw3KHRzUkxTTVFZb1hnPk5zR2pJbCpdLzdtazpyJSgmQGtQS2NiJyxBWT1HJytIOHNJMGBn
LWEsJzRzLllqW210TWFWdXBJOkVLQ0pXWENYPj0/IlprXlwpJCw1R2NELVwxQFNxO21uOCJATWtN
OFhdQl08V0FXIipaPUg4SEpbQzo9K2NWOEpsTHFAYWQsaSRxbmRbaGozUlMnL0QuaD4vYmI4al9K
SUc1U1M4LEZWZTw6TWYkInNzc3QmRykha2lfNGxeNmZRLV5CWzhXKWhqTzBoNGUzXDk+cjlgZ1Np
WyFGLVFcTltdMkYiNFFvLiNHYiteKF44JGxwMiNaNCFTN3NQYmtKWGJRcCxiYldRSFM+cigvWz1p
JTYxNSVIJTc3WWpqcURDJ3BPcjZWaDNlQT06W1hNaWVZWyFFbG86VlM6Tz0yUj45Z2dtWSRvPGFS
MHBVcFpFREwrZVhJNVdYIzwhZCRFJzRmL28tJnNEN2xUckJFVyxBTklbZlBdZ2tKVGYmaUpDVHFc
KXQwImREVTIwLi5fOVlrOlkxMnRaR1k8QEsmR3BII0IpS0QydE0hYEwsPUZyIllLWFlpZC42WV5E
bT9gU1QtQlNZS0M/YVRDUEZAdFUvPD89OEwxRy5bMy5lUWdoSCZJbU1MNldbYnFKcGE7Ii1aKiU8
PE8sJjZfXTVYLTYjXSwqU3VYM1UrKUEiZGhKMC1IIXVkJjldQD0tdEolbEsvVTZtXEpSRSFhXW1w
IjJlYihFLVpCcDk0RzdVXDlhLTttL0QuIkdWLlhKcTIqWz88Il9NVWQmMDtIRUlwdFIsNiReMFYu
LVglTCtvMFhNYG47MyRuUXEpaGpDIUBKW1NzZjApV1w5Yyo2TUZHMXE7UWppJjAhYzUmUl1scGFl
anJqNHVxLlNnaD5XbE4jKUVhPmdrUT5YaWA4L05uMklFMTQ+VClVPUVeKWkvaCNiMiovXGJxa0JY
KCdkQ3AhUUM/MUVRKnFiVVtgdEZBMFpsRy5lPz4hJFNBdCQqPSYwUytZMiUiIyFVcyNmKStJRWRi
RW9kTT9EX2xiTz9MQTlfcHJaI0IxMCU2NVwxWWUoLFREKDQjLmFkT1kzaFE2ckBcXWFyKjljQ1Qq
Ji1MY3VmOEVtcmhvIy1BU29PNkMxVkcwIWlXOjMhL1dKdVQlNVBHcF4wOEQ8YTlcJlpRUklUIjM+
Wlo1VW1HP1JsZFhKJEI2NnBKQmgtNyxxJj1uKGo7clBXQlZcQyVRSDcxLFYjQD8/VGIhU1opaXMn
JnNmZXJTIVNnY2RxNF4qLlMwLz8idTRWTCQ1a2E9blglLDh1PmdEO1VUXmk/bUFjNllnZWEzJ1ZP
KnVEOmBrR14sSi1mOnBYWXNOT25qamNFdUonXC5wW2tsXiRuLzBDJDJFdWYrIk1IYEZFNztFJzFw
VTRmVGc6LChYT2xsLS06cyRRT0dyZ2oyKDZSM0IxcSxha09CNFJbUz05O1I4X0dFbE4lcSU3XmE5
YV1nXnRka28tcCNKYEFPXidvNVwoNWdxVkYqVlVCbDs5dVpQUzIkc3RhImZJNDZoclJdT2tyVStX
IydUUC1nbzhxXzNRcW0odGc1cGY6SkJoTTchQiVWUGB1W3BJb3NKNGw/L1ZbNTx1XD8uaCg1LEYq
Pj43OStBJWY+OUdyQ0VZND8qMihZR2U2ZVxDLjZTbk4rWlJTLyInckJEbjAyciZeb0JoblRvMks0
PCckIlpxP1xOcTtwWFxjLCk8Uy42PTxOZkdCPC9SaCRjY0IsTW9ebEV1cU1qQDBSUkw0WXRpTkct
S2NTM2FUI1s4OzRiXmgxbWxPUiRJQlJuMS1GW1g3IWdoJydqXjQzTEtVJiFOazZzMExAOT4wZCJI
T2cydChJKlFKYkc2M2ZeaW5MVmRbQjtKLmg3OU8jUmk3LlVgX24oUUIwViRMa1RxTHQ0VlFqJEdM
cVJuOSgvNkxzMGRHQVg4TjpHZ25taCFbVmshRFswXitsPjMzRFk3YmtCPTVYJHAwUjBvSigzQDwq
ZnA/UTBvUzxkV1dxVCJRSF9LRDpySyhFUWVOZT1xXmpgclRcM2M6UUY6JjluImdnRW1TbCtjYCpF
Q2hEVyZdZmQ4IlNTL1A5JTRLUUVacVBkLlpmZlNmRkxvRFkpMiU4WDk7bGFtaEpiNEVGPzYuWFEv
QUNAYl09MEhSZm4oaXJWU0hsVzJVSjNIXC05VTpbXCVgIlhWY0pARz1OMWEjO2Q0Kj0kSzFidSYy
J101KWgsODJ0QjFeJENFPTAoVzNqLEsxUSQyIWFuMF11RVtKcFlEdUxKdFRmUiJpbVxIRlJVRCxq
LEFVX0VlUEYqN3ApLW9WLjRPZUUiQFpbVWZnaFkmODo8XVkrQ1w8UD47PFZAaEtINjtnVVcqLE1r
UzVJPCxQImglOEkib2U9WDJrVjhuTTdKTSFgcDNjSks+LC1CUUNJTEIzTSxNUktAI2FtTDExL3JW
Y1RjKT02X2lTZDdLYTImOmFyUEouY19TSC5JKlc8Y0E5NWknaVpsLzNfTGgvMlMnYyxGVl5NclhT
MiJbXVx0RWs9bzJEQUpFY2EuPltaOnE9b1lwSUI+Ky9eOzQ2O0tFWUhAbkZgPHQ4PEdsb21MWSJL
dENYZjZkbC09TWlnOVZlbjMwcT9mN0dGPkUuQTlRIiFnVSklKjQnaixtMEhGaEpEZVQ6JzJlUStf
P3BMIlAuMC5RODVOVjAjXClNPGNDa21WZzdQb2dKSy9ITVRPZVlAQFkqWmw9al1cJXBvT3EtWk5R
MlNYYF1RIUhSQGNkZF1EPllwQG9BYTZXdDQiaVBwJiZAZmotIlc8RzoxMD1pWlVmKGRyZT5VLm5X
ImMhZzcnLW8hZ2hlJGlyXyQ+J2cpL0tyLDwjZCQxTkZgMF9IZUk2W29oSlolVz9VQyhkJnR0NkZw
bi4qMXUvaC1vXkVILThbMms0bFpdIWI8KjJRZyVaUVpMS2k+Rjs6Ri5LMENMLzlyNjdmTGRoMlNR
L1E3VCVDQyl0b2JaJnJUVVc1IiY0O1dZRVJBbkVVc3BDX2opSVdeTFUpLFBPQ1oiUU1sRSQuXjwo
VFc6KDNiWWY5YjZeY1BvdUYhV2FDTkBHbTwnaS4qYTMyIjM3dG9TLTkqV21hS1VIQlJBYEU1XlEq
QkNQOz5LYjQ4aWo8RnVKVy9MXjklWlhBJlIlbzF1Q1k5ZT1WL25EM1tqRSNaKUZkIUBBMTNgJSVy
bUJWIyguOSJVN0YrWlcyRT9kTkwvVllOZGJtJm1BVWxsVj1LO25nLjo0SiNjMmxPI1ZETnMuRDxH
V2tYUzEuNjE8LjE4ZW9aWkNXRiZDP2NCc21LYEU0ODFMZi1RbT4ka3BOYEZyXz01J1gxLTQ4XS8h
N0hQQSxdXzcicHI/Pi1VMCQoXzNxZTRfQjJjcnNXWWpJSjtoQFhvWk8mXzpXaDc/RlRUMkQiVyNN
Ml5PXyd1am1nL29rOzw4dF1oNmoncS4kYS1KTS1FJygrXHBEQ10yKis1LDRldWFMaTxgQXNYRDhM
XmNRL25dWlgsakpFR0w8IUtOUV1AWk5VUkdNPSNIUUcmbk8yPCR1XjA5ZUZyR1opKiQ+ZTxLLjI2
bEhnQWs8ZTJkP2czLl8uRmVmSy1gKlwwYW05LUtKNDwjYDVHc0dZU2NfYjAyNiNzUFNiPV1eXz4u
XiY3PyJTNzNtIi5hRTg0bXRjUTtxR3JhPD09NXFkcGokZ0NpSXE6UjxjcF06UldHRTQoSGRscktz
KGYxV2IxV0EzaUZnVig6JTFzUUNHKTh0LkZTSSc1PTdIKEslJl5JPTdbbT9HVU89X2swQjU8Xzwt
M2c4L1tiQi0iU1drNSdRbEl1IVRNLjYpXGxBKThyPyI3XUE9Rz9yJEkmYCFPXlIvcSsuZTxtQzVL
MSFOJFMoWmNzOG0tXE0+RkJZcmspK3ApZFQjJ1whSmtmOmhrVCJfN0NeOW4xLztuYmliNHA+a2Q4
UDQsU1EhKy41OFc8P2NpRC9EUlo6NG9qPD5jPFc1RDprOz5uTDAsLz0xY0sqbnVkJEkwc1paRyFp
WGlzTk81NDdKSytrLl9KYzkqW3UtOWhLJTZHMElzMWZfUUxuPmQmKExWMmZsXkBJVVRZPCNtaENI
PDlCI2BmYkAzbThcZjJCI19HKV5kXTwiNGRYVDdqZkBfTjFXajpZVDtZY29KamFTKDwnLU8yNzJS
b2UxPFozcCJLQjRUXV0jWmoobCRjNW9SRFJUYkYiKV1mJzs1KHVxWj9FY2MlZkcnY0w3NC1hYWIk
Ryg2aCNwYlxOWG5JX3M0UisoW25MI2ZHcCZXcS5ZOCxrayxSIWlEUV4iTmw7biNxcDx0TFpoRF09
YUNxMF1SdTJPOExTOkohcjdeOixeU1FIMyNyWGhLbjczNDxnZ25LPydmcChGL1ZIPU1hYVxrVSk6
KlhuM2xIbnJjPURYMSRwdTEvRiU+VkNULHJyOG8uYClyMzJHa0c0VEtVUlFuWWY7MFBzLy1ZKyIm
Nl1PPSFvJm4tYm0tbk5Yazs1LTNoRUtdLHIyQzAlUiM4QGonNCdDPHUoM2xQbCRxKW9tSXRALChr
RUtTNC1TVS1iRmc1OHMzUjQ6STEkcSQ4aDNcMjk0bXQ/cm1aZj0obixQZD9dIlkjKVE1Zk9FLito
KDJmXSNTIXAqK0BXTjpnLnRHUUxETms+TmVVVCFeT0xYJVBxUUAwK2VSI3NvTDJPM1EhbWJgP0ln
X0U5TnNQYDxzOFJxQzRBWEtMTCNVYVNUKy02PkA+NEJWIjBWaUxQWEFmOmZIIiVfbm9QJy87cC8p
WzIuLDtHZ1pGKFJMVUZySzQjK3E4UVcmUW00KWxiZWI6OUQ+YUNpaFJyS05wWSZqNjc0TnJrRFZS
Y20kOUcnKEFcPVBNOFpoYjFZLU5QRCk0cTIzdVE1MzJlV0dibjhxPURQNkZONkVsPkcpRHBOQGgl
WUMmKEtwdSdWR1dhITNUZm9jYDovKEFPVUxrYDswLHEsWm0mN1U+OWdiSjY8YGU9KS5WcFo4VSdC
WTtbImhuOzgsPFYyTDBFbTEjZS9uLWYrYSFSUCZCWiZTbEgvKTlYMidbMDJrOT5CNEQ+OSE5Njhg
aWVuZjpMYGdrMz42VmEtcjpKMC49PGE7I3FqWi5YU2ZpYiYnTWRZdEdhTEBbJC9yUSRNZjFGdCJP
RFtyPikka1xmYi1oLFl0cj9dN1V1QDFnPV4/UDpiQyEsMzU3dW8/KDs+Wj9zLG1OWmtPTiQnR0I2
aFw+czEoYktAUTRCSzIrPFIzRTkuQGZcUlYzVD03IVgkZG04SVg8Q09BPUwvXEFpIzNmM0ksL1BP
OittXXBPUWlMWzlMPE5DTF09cXFac2hCTmJLWSU7UTRAaGpLWVVmKkNEMSlwUj8hSjFRQj89RyRe
UmMyQUsucjcqQzIpVSgxJm9BOEhFJDtjOm9tPlpSTVBqJ2tJKSlwanBSQEtnL0lrTDxPPipqTTls
JUw6RDlFVF9YXzZkT2x0VjdnR2dTRG5zTUpIZjU2QTJeMCNQNiYwNyknLCMoWyRcN3E9Pik4aS0r
JllUY3NAbl8/ciItSGhpcS9YNEBWTXRGRzVuLTs6YyE8QS1IUmxKcmRqcGEjVDwhaWwyZSwncDVB
W2IyIWJ1LF5sQUdMbzglKGNmJVFdTHFzUWg7XCg+PFwvTU9SaDBZVlJqMCNPUklUK3Q8MkopKmtI
UElpLUNwbzdsPUVkV25ML2o7Kyx1WjNcVlk5QSw3K20xLkZCPmFbNzFDXmg2UVVbZGsvdGRMKj9A
MSxBW3FyMFo2aUE0YEU8QVBoZj5mS2ZCcGAvNlg5PzdTbiJhYmM3PiVJUUpTQmVfSjwoJCJtcT45
T0IoNFBRZWo8XSpaOzZGVyl1PDtgYW82WDo8Nm9jK0kyYExoKi4sV2ZPWE8oalgqQjIlO1xZOnIu
JDYnKV9SLDlWWkUoRWZ0PTRSUFFOIUooMXJIUyFQSkxML0xBOzM3cTBWLDchanNobmlqIWlAPStM
OVdBSmo0N2poRzNkTVlWJ1MzVjJHP0FHMyZPY2FraWV1JFMxZiRISFgxNGkyMTdHLFYpNlRvMDQ4
JXBsay9KTyh0V2AnSyhmcV5CQkJwYyYkIzszNVVsSz8mVVcvXCRVVlBrJyJcYm1tW1pZaCNQKS4v
K2s4QT5RZm01YVY9J1ExMjEtMyY0Pm1KJURmUUFUY1JlbzxCLWosNHRbW2djRyxVPFhVW1REJixL
LVYtLyg7Z2lGOigvODlqRkZdMDYyXm1qKXFEYSJeOCRKKllxJS1kQkNNY3VgPy8rYkIoMyI3OyRY
MVE+Zmtfb0NodVo8U2tEVTosOzduUigqLyMjSmc1RFwxZEJGRnVVU1RuK2xYQTVIUExRQ2ZEOl5d
MGpASC5gP3M9LVAmUEgtVzQ9KnUuZzdzJFxRNzdhQEZCXThdUlQtZGEpOS04LSFaKjh1VF4qOC1k
YUBsSE09QDMzbzwyVioqVy0zb0ojNEw9TUszLUI2ZGNqdVEyNilHRCkzODM/PlU9LG9gTztLUTpF
I2ckazgnQVJNOzJjYGVwL1tYSkgkUjdDb1IvakFgKXFFV09FNF9bZVYuaU45SjdtMUVCMW9JSTo+
aTVyQl9aUitaVlpBUkBVRTw3WWpCdSNQXkFfZV9uPG0uOCllWDM6PTUsb1VUMkZQMTs8P2RoUVhW
RmctbjdkWVljJFA8WE5HLXJYXilRQFpxRW4vLVtQMVVDPDBqcjdOP0s3Rk5sNjokWGJGV0ZWYSZn
SzsxKVddJiFKbE47Lj4qLzgnKiMyMF8lUDxraTZuJlpQIVxJS0QsUD8rPTJxMCpFPFNJZzA7LDpA
IWUhUmAhS1NTJk1sKT80ajEpKFNXRWs6TCczXXAmVmFsIWlpTE5xPTszR3AiYzBFcF1wTzBaPywq
dXFBQkk5RTsrNWpMJkpJJWUjWCRZWz5PMzBCcDYxXzhiQEQzPjRcO2t1Qyw4NShCUlVULVJhYWE1
bV1cIlFbU0VeYTQkKm8pTTRJU21SYjJJJU5aSGYtKmcmLlZPSjFrUyhEP0dLPDBXaTE9bV8mKkNL
aS4hazYobiRObEZuR2ZWJUMnVFVIN2lKMkdvVjh1PEMjT0Y1JjFDR2FHXTliRFkmX2IsdSsjdSdV
ci8lVGphS0gwQzgmSlhbY1VEVT5RYyEpYWdAVj5QNEZVTiFyJyhwdHRFVihUNGZdXk5pWiQ7LDNG
JygwV2hCZTxuJzxmXyNRayVMbCQzNUpeQ0krPj0/aC10OGwtIV9IYSJDLF0tLWolWCxqVE4nK3Ep
SmBfUFVEYShJdWBTQzZQYUlnLV8nanBjImJnNj4oLEVhRkkhR2piMjVpRWxBOWM0TSI9Q2EmRnRt
Jk1gWj1mLmN0UDJZUTU5aTA2Tytmci1tXUpLYEJqO18zZU1eXl8rPkRROGRIQzcjRXRDLmdyMGRA
UCVVSTJLdWxAQ1U6XzNYSk1MUGRsMSFlIjJbXlRgUz5HYiUjUjVbaG9oRkNXJGQkN2JRXmgmSEtS
alFtb2MhI1Z1TU1AKVRZZz46UWNEQTUqZnRcTiE2UCc+U18/YF9XV2ZrYlAnY2dhVWZGSEA9dWNE
NWNxWCFZPDIrLm5bTkNHTGRaZDQyaU9ZTUNAdSFmRUIsSkxoUm5RUlssN1FvLTxjXUA4RStBbT8i
Sz0scWBZa2w/dV09U0NQR1k9LFtXOVJKM1NUIVFjZUFNX2pKPCc0NUtkMjU4Ok9cVzlrND9tZl44
K2Q9JC8/YU1xV0RKYmBHVktSIyhOZSRAdG4+QU5gWWFtSkwyK1g/RkRgckMnO3MqY1k+MzxAMTMj
XHRlXkUjP0pdPyUmdWllUztePSojZmstXkwkbj1XTyJlLT1LVWVeK0paRzRjS1x0OkVnXGRrVVBZ
MzNUPU9PPWxQJkwtczg0Lz9sbUYqWU1pX19Ga1ZaYjRETGRkTV1NSjVeZnA4JSY4VWhkKWxRIj5j
VmNzQmspVlMzaFo6cVxgNUktR1RbYileOjQjVzwlYGEzQENrWm5fIzJCWlQ/Xk1jaGk6TSs8Ukps
Sm5PcWsha1gtWVVzR1FvZChrJW0kcjFROkkhPjdrJSlvVyk4I0ZyImk2SC9fS2tybSgnKWVHPy9w
VCZRLE9qdU5BTFE8QjVbVTdUXWIuMHBnYW5gMypuIWlHJWNEOXQpaGs6UTtNMzRfdTMzdE9CTUJm
KnRqYyM6KXJQZWA5L2JsaS0jIV00TFoxazZfVy0tMWQ5XnQlO1dZXyk5TVpUOyRkRTZuVyFvUzNS
UG5OK1tyWyllLUYzUSRwUCVUSjJYXnFaUHVTVnVJVTZOalNVanQlbzQ0bXNbVSdDMCVyJ2NlMTBn
OD9cLlBiTSpFYXAsVnQzOSFDaF9GMSlBVCI2NCMiL19zbTsvVTJDWSg/XC9QVENbUm1KTSNYMi8m
bUgyYzJcZU5fRFNFMGQ8L148XnIvXC8iQkRZNmEvQl8vLklIYCRza1dJbTtVZitxSWo+X2IqTzlj
Nm5AXHFra1w3cE9mTkdvZXNyWHNvVDRkXDJpJEZPbXEhMGA3T2NHaEMiXD0vK10pN1s5VkEzZUlG
VjUjM1tkcD1ASFUmQVI7ViheIy4rJjhIUVRvRThYT01kQTYycC5aW1BNbjk3PGQ+WENiOExpaitP
cDNYZV86bD1ybWxhI10qIl9EXUIzVFkpND5BQmFLY3JhUEduXUtiRGNxRiJRdTheMDRTS0svM25E
bTg5KyYwJm1KLjA+ZW0sYSNcVFJZOGNtXF41VUsudGoqLUE/ZVgoWixMWE1cOTxLVk8nRD8tZj50
ZUJPR0Y2cz5vNj91RiRALEg/I1pSR2tKcyojVjlqOyQkNzBFXGRlblZYKkk6RGNqNE9dZTI3MVYl
WiNmUSNVJ0lxMV9HKipIcCRuQ3JZaEZfN2liSU1Naz8ubUNjcFxdMyZNYT0wQWRxYi0zKSxfTTZd
OCQ2OWZdSyw2ViJKSj4yJnEqU1hGTWkrKnVySmdXOGJKKFRrdEE1Smo3STwlSGA3JjZ0ckZoM0BX
IUUpM18nT1lhQUBgITQqXjhYPi9TJzMxODYwXW0jTlgiSTRnaGNER1lgWy1yRkcoYy4paSZbN2kq
XFJLVldnVDNiPSVAKGpEM1dmSmApck1mOzxSIWskXGZFU1AjP1pPZEwzNz5FOCllc0AkWCZxRG8r
R1JsRTEtKnI+JUFpTVknL0s6SmYwUj1JayUzPk4/K3E5N2s5RVY6dVJRWUkhaSYvaU9mcTdmb18r
NlIiQmBJLjdgTlJqRlNrZXA2JSFtaysrU184LT1wVEJlMExBNi9DbDleX0NtVmUsMl8qcitVbk4t
OCxiVFp0WWEpWE4yO1c1OUZOaUliXXBzNnMmKEdNJlEtTiRMLm1DWk0xL08vV11oP2VXZF1ybTdG
Oj1JYVBKMlgsLV9YSVJpSC9MLCY6Si1XZiYlO3JDZlkmdEluLzY4UWArdXVqTlkoWmdFQmVUO04i
bGFYdFBrUyVQWkZJW1NUcT1cbGlLJFFsT28ra1YzZzB0W3I9V1YyQklAMTFYM0FkNkA7JDVnY0I5
JGk2c0xHP3B0U0ZWRTdbakhcYE8sRSg9VT4uU1ZsMUdIY09DM0ppZHU8RS5HblAyUWclXi1taWxW
XzZiVUBvNWwqQiMkPFlOKGtTJjIzOTVoZyhoL0UjZWQrai02IWglaiZkMCY8LD5QdTFXdE0uQGA2
blV0ZkwpIlliN1FYKzdtO15QVEpSby1RVyNUcGtZODhrKUc1JThmNU1SSUYtaFI9Y2l1K0Rxbmsh
YC1EV1M9Lk48VydaQ1ApWk82OiEiNitWRmdHODtsTj86L0ZUWCZGIyM9PWNXakxVaW5uajdZOjFA
J1pEPU1BYjVIUV5aa0M/OExPZm47ISwucGdhI0ZDVUNwakJYSmlJVmNHWjtra2xaZDJOVCZSMDNM
YWhvODxrdTBzREk0P0A1UDxZX0lddEFga11JaFdScGZyTDA9MylpbDxjazc9JGtrTE9dXlstLW1I
MWhOSHApbTovP3FtcmYjYDRYbkVUKjVCc3E+aSpYJy9WVFhBV14rclpgaV06QGctI11ANUdiVmhQ
SEVuaCk6PFAoRnVINm5Jamk+UFQjXjxuJjRxa0Rwa1orLXM2ZV5UYGsyKCpJbHVObGJubEc/K2Bh
N106ITMzMT4mJktUZjpZMSYoO206JHQhayM2REdUIks2JjdjKypsUm1KTVZTJlE/UU5eVlFTLzwx
SmtPaiczTXA1SjxfbFNPMEZTUk1OczwlSD83RUpCZS1tW2ZfKV4mR0IjN0RdSkdgREJCZyI0Km5I
YD1mbS9saV1TOUhNTCtfM1paSmVSPm9CWGRdQmlmZW8vR19ZZVM5YDNeLiY/TW00SUgrRnFANjBz
Y2ZzKSVeVkhYYSZDb1hjNFBJKEU1clBfNFsuMUVHb1BILUFjKkRwWV9qLSNROVxDLWgkLjlgcnJP
UERFM0IhL3JJJipwV0ZDOGQ4P1U6biU1LE9UcSVJJGIhVk49UzRNQ0BmR0hAXCRbMSZmWitEXVI6
XFtXKGB1S0s0IyJOOE5zSGgoSV4nQl5dYzQ0XidYNVkiZSFhQFE4IS5QRVduQT9KcyVYZDleI2dg
Y09SOGcxIlRDW05mPjpHOERASSY6KF0lXkVjOy4mMnBWMVNtVFMmMU5MPEEkZUF1KW08WUF1WWIp
VyVCajg6Rio1bUdwMDVkZ3BKbUU/QmNKb1MjOSUnYHEnSUtHJV8oKmJiVHFKP0MtZGBwU2Q8ZmAh
bVdsJ3JwPnFrbyVcU3AwQCFYZTQ+LVtYQ20xQ1thRkpiVDRQNGVRPFhHTFlkSVluZGkhcWktUFw1
QkJfLWRsL19lbHNPSlFDdSkqVT9yOmRURipnaU5zUnFkOGwtRF8rMVMvWz5hLmpLPFxfNTgyMFhe
PDBZUitaM1hIYVZFWk1lZW4nSnJqRk8uOScjTlllQzQ6Kyo3bGZkTD5yOlR0U2JRamJtZERNUltj
YU5Icl9JVixwTE1eMDdMWEsxWTojSmc6cUxqP0U1XlZHZFRULUNYJFM2IXRQWlVNPVEnUW9FbClA
RzghamdIbj1HTjFtSiMidDUyU3RBPy9dQFBBQUdpZjMjK0NgUjEzaSk1OlxNNjZFZDg6cDAsImdH
W3QqIkVQTS0wIW1cKkYxQklVaV9TSXAhMjBdMTojS1Bic19hNWc/bj4hLyIpTy9IKT1JXSorXlVn
U2VkK2AwO1MvO3BVI1o7bl1aXU8qLU45UE0oMCw/RDlUMk0vRCpFNjojTjtWIT05WyhPS1lwam0h
NiJBVkhANCsiNFNKSkUuKl8zXGYya0RxYjVTdCNQIlw1VSpmXHUjJylIZF0pIlBPOCtgQyljcmM9
T3NSSTtnTi1nZjNbbTZIMicnRkFXUCRAZXNDImJScyUsMkxWP0pWQDdQXFgzQWEnblFxY29WZDJq
Qy9dTVRAKiVpNz8xYWdZYGUoIzBbM188Ok9HLWRCY1c8JG03dCVBcSE8aUEjMyElcUhhOzg0Ujtl
bXBWXCZJazxAPCw1cChccDslPW8pKllOM1tMXCU5Q0JlXGZcWXNIRjJWLCZGZS8jcyJLWjZkRjxo
RztLZkdncj9ERFYlPU0+ZU5WI29mUjpVUStva2VncjojTjNPdGtSUmZsZEIqTXQ5Wl9GMSc/XlJb
VS1kTXVzPClhUksvQEcrZzlyK05DMVA+XSFRV2JqZ2hCZ0M+SyRTN0dWNHV0T0BBXEN0Kl8zRTRX
JG06ZG1UbjdJLmszIyxgM2lBNy5PcSUwcGpRVzBxLVVZUVU+Ok4jN0UrR0BDXGBoTm8lWCRrLk9v
aGUndXM3czQ2dVIoRUNJaW1TNidDLW1QJVU+NDpiYCM0YF9wcVlSZExkTVUpQzlyLG1bLUVgUS5V
SjkoJi08Ui1KWi9NTHREalA9MUxiLFAtMDwpTjBnNVNbWik/b0hUdDo1Z1lQNHFGVT9fZFcla2Fv
KzIhPC4jL2VWKlpwcltBX24wPEUrPl1CRjs2NmklJEFHTmhlLVM0cFA/OT85bVxmSTknM0I7Mkck
VWI6VzxGRldMMCouXmhaRlp0YGEhXW8lXWxFJU8kbGYlIjM0VTEscSJKb3NfLTdvREtGPGAvQkxS
ZWFART5GWT4kXi5ha1Q0MDVCWkx1RlNGN0xbIlY8cHRwRVc3VjU/VCUrLj5jKiROOT0mYHU8RjYt
Y2c2b0JAUFtEIkckOzZeXyEydENpYDsxXEFoLyRaK1FxIjJyQkMlNmNIV2w4KzxZb1ZjYSJCS21t
XXEiY0JNTWQ5clFrczUiby4+c1RmSU08bltcQks/I29NOEhgODcmdEpiN0htMVRSSkxgKm5XdEor
ckFFI0pHR0RaX0NvVT1HPlNWRzF0UT1MTzU6bTdFKUZuT2lWRUQ0amBOTCpNXWZOYVhTZTY1XyJp
aUlxc1dOJ3Fac047PGInaFZINlhibChULCFqa1tqWlBIMVlXUGdMbUtIP0g1aDs2X29cQz1dPCU+
TFRVTnBeR00hZkNIVElvdTJXQk1IPCxnPi4sNz43PlxLIztjLUNoOyxMMWY7LEwxZjssTDFmOyxM
M1xjSSVJXERwPiQ5SlFAU0cxTSpZW2t1XjRyNnNDUj5bdExsLkRlUzNlJi0iWS5UbWNmSGUoO0Z0
bTY6MTBROCc7YkhqYmxtVi9ZZS9mJzhMSTowVGApZWJwcV4nVyVRLSdRSFhCS0hvUGVgSVYmcXAq
S1RuPSRsTTZEay5wOF5PMzpoZUZVXzRHLkJfPW5MWkhTJ1NoNEByMDFJVVJARCxsUmhhaDUtYVln
KURuLWdlQ0BAQSZEblpTaERaK15ZaiEyYjUjXmI+Sl1uPyRTL0hMdS0qJGI7V0xlWTY4OFQzazFX
cUpVa0kvMmVaZXBVQVVsJUshMl9xXlhZcmshIms/VWI6LjlsKDxKZkE6S2VfaUR1TzUsR0QrbD50
KzZRSkg1IjosZSY6LDohKCRnO0RAPmdBPWs9Z0wlcmxTcVEiXFlFTi49cS9WXE9RZU5UbWRVUDlx
ZkE6YTBCVjRDLVBiKGxmMmRUPTFpSSxYOzRsT0pvPFIwaj9wKi5zPzxwZFIoXGtDN3QnTCthXG9k
Y3JscmI+RW1yP25qPWlmIU1aKCVYU1ZxcnRrWjVMQilOVSZCOShORi4tQzgoUV1QLWFRZyJEaCk/
MWQpVC5QWUoiUnVTRmtmKj8lbVI8KEUhcTxAcnEmJWJqaTRNUHFecF8vYSouSm0+XU81Zl46N0Na
VzI/aiEjNypYaGBfdCdJZyI6X1JAUEcuODpDPkJkJ19bUi5OYi1xMDZfZUVpSmxKZUY3aV0nTlJF
X2lPXkdOakRAdExXP1FLWS8+WlUpUTUmMHUwQ20yUzA0J2ByQUtEJzFjcmJiLWoxKllMJFs/bHRd
ZV9eMGw8LiFHMkNBL2BHWVErOjVMT1wnPmRQZmBESFRLMzorRCFKIyM0JD9hOTFjPSVuLDRIMV4m
UlY5OClMcyNRVkkhTmc3dXJgOVpvJEMtSnFiVTkxbEMmbiw0SDFdZyVKUWtkNDojcUgyPCFpPTMx
YjciNCxfNUdQbzNeKVdKR2VfXjBsO0w6WS5MMnVPLV1gN1NtR0M7S28+QTZsc09jKk1QMl9BIzlo
cHEpXlc8aikhSE4iRyNDZW9APipkPyhHIU5hP0FOckFgVFRBKEpbZm9LaFYoUSVLbTB1cXQ9VlxR
TyUxMyU2OzpOVitnP0gyaytYc3UtUmdYQl5ma3JmKUA4OG50ZSg3JkQrQ0pfNTsiQydbQmlcbUM0
cCJbSmc6VzdrcWxHYmpNbjRbYWkmSUY4PldMQTs4WVAkcDoqNTNDLzFyI2smJCw2MnRHZTMiR0ta
ZyxvRGFESzlWMUE3YUxNYnUva01WKjMrJyNmbCw+XzxiJ15AUCxlNCFhWipGRi9mKyVxJipNVVJf
Zk8kSj9MSmg6J3IwTHBKTGxucjxvXiVOZjs4TGdqIUpVXDpEQkpvIlhsKj5nckJzNihcJ1YmQUFh
Mi5WXSM2OlpCQ3NMdDdnITRpPkE6O2JzXCxCWGZjKWtCLz9uXDQsUGZNNUwmc1hFO0ZjNjBWaCld
YkRgbDxpIjozYT09PylFZXUxTThZVSx0MCpXV1kmWyVGamk2MFxXY2RMJWhHIlYiUUk+UGYuQis2
QUJxYTI8azBndSRAUHJgJjVXWUtDJFBmcDJFOGNIaS1KOVIqQE5GPkhOSGgySVJCL046dS5lKydc
QCYyOCZURjlRMGc3SGpEKyc6ZFMiPllTITFWT1xOV1tzYFZiK05NXigyJDBVQ1c6WVheUCI3LGVn
MSokbHVITSxLRC9tdCQ2KD5HIyQ/azZhKUEraStILS0hdV4uZS1nSChEMyZfJDk1OSh1amh1RjpB
c2NsTC00TUg2NzdFSDlddTBkLWQoYE4+NjIvLDkvakZYKVNQJ2BiKjg5N2M8N2hlTFZmJVMoVFkz
RCpAJFcxV1R1OGlrW1NZIkw6RjEtSC5sQTFuY3FZVksvTEBVNlAnOTAqY2ZhJDphU1JYcW9bR1Ep
PiNtZzZtO15TR2M+czBvcC9FSSNcXlxPcG0zXCU3Wi9fR0M3V0VFPk5VOkpKTjBRaz1oNW1YImZS
OF11W0hjJWVsP0IlRypgRikvKjYxJSEnRUA7ajxBdTdbSElvLGNESkVxPm0/QWBuZHVpYDNibkxT
N2YlVVkyU1YhQ1kxWVkqUWs5YiZNa280Wzw4OiMxZVBKYTJYbl9BZlpOIi5cRy5cYy1TbiprNls5
b1wwcGRaamQoNVBsRGc5PTdPcDo3XSNdKSc0JkFoMFBSLmhSXjU1azhaVk41aGhzTEpJZEp1Xi8s
bWhdOGUyRkE5QkBhQmFfa3QxbWBSdF1fR0ZPaUFpTldsZio0OXBBcUplWkd0Ql5ZJlhtJVNxYmVM
QSM1Tz0/QC1gZjQ+SGVfQUdxNig5LSFcTnBySGU4aDpxcEExckUwZDFEWWhFI3NUaERYajwuKzBI
LUokMk50KDhTJW42SkN1M1BsZDVYRTdqcCZIJl8uR1dKP2IrUDdEJmUycGwmSUxAJGQzZ3M3WXVM
WmlhRUZpME9rY1E9JSUmcSpQVkdfbVtDbmE0SDZiMEdNXTV0MmxPS3JJbEVQPCw2Xi51cE5LLkNC
czJNTFlJND1hRG9dXHUyYDtwdG9xT2lSO2A/KkZFX0JiaVJjRGVYUyVScFU1TjAuMlBVJEMtaDc5
VmEmKjdRYEhPP1BBPVFxLT1WYiw/Vmx1cW1ZTWBuYCxIQS1Cal4wQkUhVnJPPXBZdS8icFZkanJH
XzphITZjLzw1Llw5M1xhOnA8OnUkcnBEMzxvPmtfTFxvZz4xZWokUDQqK0hsaTsiUWhCXmJIMkon
P3BMS2kkW3NCRDYpbWZlKik4VW1xRFdYNEJsR0JocyglZTNPJl1IMzU1dEhpITBGcjkpUm5lJl1P
LGYjQzk1Y1lkWEJYI2paLk5eZUUhVzM4UjJLIllOQktcUS48M3BmQVViR2IscEY6UyEickI+WEZY
MFZJcE1gK0Q2YjN1PmVbdTJbdFtTbUNXMSM9WTFVTk1gSz9xbjdZXzsoPmEvJ0ptKjRMWyVNbGZJ
KHRFXiJoKkMySFBGLz5BQyYlVVhVLUJAWmFcOEFCO2gzOChlOmRVJXRvayxVM2hiOzEkJWhVUTtC
R0IqXSRoQUYyM0NnPG9GcyI2dVIuO1VsUDtqO2k3SmoyRV1cO0c3cDRALEg2XzlmRGFIYiprMWtj
IjIzKkBhbjFgRlExXlppSGtcbmtGNUpqW0ZGVTRAXFcuVlVpJmAiX1stQW1DRDpwMFZbUmI4XSIx
XjAlLzcybjBqOzRNa2RNNyQrZFIkUDFpIik/aUw4b3Fub3FiRENxdDRuK1pqKCZmZEYnVVxzOW5l
VUNGOzlTWzJlOCFNQFtjNz4qaignZ0VrP18sPTQiRiRFY0trWWA8Zjlra3FxVjw4KzFYMzxePmMv
JzBxTjVPPSc0QHM5JV1vRzdnMiEsU0J0a042O2cjIUcpIjU9KmJmM0UlRlVwa2VEZEYkSE44ZmpA
NXQ/OFM5NSlGODBXNlxgYklGc29lKGR1WFQwKEBVPUJAbTIuXGE8RCprJ3RAbU1KMFVTVj9TYyM7
a2lYXy0jJidELm4sQEA7O0ZXRldqQGNTdVM2SEhManRvJ0lvcUJcXG5cSSwiVCRII0lHVzknXEAm
Mk0uWkpBPUxbciExPkZLYlhaXV40MSUhKWVcIWRrQSVxbzdnU0pyQmJLRjxfNW1hbmNlKWpfVWpr
ZWdLRSwyKi1zMVt1ZTFSVVFERjdXKmpGXUJeKTBUS1NWNGcqMC4oWVBIPlMuSHVEVUF1aHAsTyNy
cyU5ZD9qYlRZSzdLLDwmWDxCVEZYOjhJRyYtazA6PlguImJIbzphdGNoJFFYMSlkZ1NtYFZbTEAh
KCpbIXJuXWY4IkxMc150MjpjW2Zga0djK1NHNlJJNCM4Wko/QDFEMHI8WHM0SEdvRi9dN3FoLDNT
RmlMWCtSTi46JGZBNlc+IVdPZ2huZzNvQGJCXEMlJDdzbmZJUkVVV1hwcnFjQi1sS20kbmY3WEdR
TjghT1hjJDNlXHU8bEhAX1c4dGUiYEUzO0EkWGBISk85PGEtNmFOMik7dCFlaWtDODQ9bixkaSRI
XTdgL2c4IUJjbm0nUEtrWllaUTsobk00X1lNb3RMSitIVW0yXSJXY2MqSiQsQXNsKW9USDt1ay5J
Xk1pbj8xLWE9X3BYYS09PVZzOEFWcF5JT2BFPUQ1O1kkVkdhSyZbNSFzXmg1ZkZjTidURFZCS0hs
R0xXNVgrc2U+SmVSIjQjXyouQzFcJlQ1JUBESE5fMl9VcyU0LUJwOyZeMXBCJy1YcUBsR1lQTlw0
Q3NvaTJIQCQ2bUhgbGcsaCUiLygzOlMsKVUsMkhvRiFVXk9QaiVMZjE2bTZiLUQ6QC9haCZYM2cs
UGQ0RFo8UWlsXmZjLWtRZyMhUSJHWi1GdCdIWCtbSjg4P0lCWidnWy5oVkNRLnBbSSJRVm1QVm46
aEYzOk5hTUVvUTFjQ1lQbCdPVEM2Kk10YjJaPHM0WFEzXmdBPj9qKnE5MHJRYF4udHFlRVlrY29L
WnRNVkxTMEpiSSo3WTwrXWlZX0RlLDFgO05sRGFOWDFHXVc3TGlfKnNnZCxsPkNYKEhmRGcxcl5Y
JFhsKkxBNXNdNls3KGVXaEE9WUxxVlQjL0NcSVByP2JpJUwlWFEsNTsyNGUtRzIxbTJFJThpXD5O
RURbcDxIJ2ArVFhnY1BNLjgiKFhqR0dPazYyZT5OXGM4Q1k/TCNtQkxpciY4PElqLyRbNC06K1lT
OTdEcyExMmgtPSVxdF0sUm9WYWVMZmFAM0lTVTZQbihWKW1kOk89LysmVTt1RS5SUkdAWXQ2Y1BX
cE1yU2s5U0pkT0JjUUVRS1dfW0Q6X3I8IlFHPlJPJzNILkxeQk45aWZEZFtUdFJhUzoyRSNnXzY9
bGojJ3NoJmoldUpgWzcvI0tZOFw5O1Nibz4oVD4qYCQjbGpiTFwiN0w4ZCRwXmw3P3AydHFtL2Q7
ZG5WM1RZJmckV15lKylDKyFRMnFKSHJGaG9zRkRvblxxayptUyJbMmc/XFAmQWFILCg1LjFqOkNH
MnMtVmBENUBaQ04rQFEsZS9lJltDJS8wKjslZVtBRVRuTVxZKihPMlVxXihPajVmVHRVNU1vbjZh
NydRMy5ObWRILGtgZm9INDBKL0U/XCRtdTtHODIiaSVBS2FZbyY2dSdpTFdaJEJsPlE/U3FyTlxo
QUNqRGVpZ0JBRy0xdXU3MV8+NVVxbi5oa2g0dEFmQT40KmlqQUgsOk84UUxvRFxSRV9sNV9GOXRY
QHNTYTNQZmgkOVlJVTFfVlw4OGVhK04+NjJxbGEsUF9TTHQnVCsrKFtKXE0+IUdWXFNnXnBaMWIl
OFEiayhIPz4wXERfLSVxSChRYlVmZ0MsNicmcDs4NGdWKzQ3aDxXdVVjY10jPyc5PU5HZzdndDhD
PFdjayY6Imslays4dFFKUHQ0L0dEPSptWEcxIzYoZkIrbXImJiVTIUxQUz5gTjVBPmY2OlAqNEBu
JU9Pcj5rNVxKRFdsbjg3SV5nLUZSRTkuXjtGazQlR19IUFlbSGBtLEZtSWVQNUY1dSsjJmZgTGpG
KURcNT1FK2A5TkNEU0RCWGBmazZrQ29xRDxkN0tqKiYiai0nXDpzazhfNDNQWjosRmorUXJnVWJD
LWE1PGpWc24/a3RvOmAjTFVAKixPX0MtdClQV2RHVnROcFNuciMxPjxuXGsmT2spJmxmWStxRVtV
JWBHaUBIakhZRz5sO0dLXDIiPilCYlRrb2ljPyZ1bkIsUWBnXEJVWFZCLF1WWm8+WkRNNjhXUV5I
cz1hKVRpQW5MJWFaSDNpRWUkM18rTnE6I2MlUz4lSCkxaFtOX1dkaHNGbGZHU0VNZzA3V0hNWitV
NFwpJlkiTzVFMVtoWFpmczpMUG5AazBgJGoxPk5QOyU7al1FVjdsLHE4UihLL1hZZF4pbEpgPG1A
dEwuJTwmYEU9OWdJYCw6MkolLUUxMmkzP0NLZnBAJmcnW1hYMjU9VlwqWVNNcEg1c20/MWQjMDY3
c2o9bWpJa29DPVs2Tkc2X0wqKzZMP2lPN0xPUUdfTF1oOT1EVGBzXD5MYDNfSTtRNEUmaG9vQGQr
USstUHJaIj1KSUdjcC80WkE/TW9AbSMlYWF0KiQuSVdnYVEqNXFsaHM1SWonI2hMP0BHcjUxRGM2
SnM+VSRbMCVbJ3NSUlxONDVcYjBiRFBZJUk7YUtORyplL0M5ZVYxSFUsZEthWWdKSCJmbzhLXExt
Tz4/QC0tVlJXcDZDMiRGXlx1JnBNbUVPNWM6bFY/LSdzXS1FYDk1dEUpOzdIRUYiSiEzTDUnXk1E
NTRkdW5ZIi1IZktBT1FmOl5zOj9qU2M9Py50NktvSS8vRVxnIkZnT0phYyNwUmNGZG1KJEApMykv
cyZbLl9fIUEuP2MlP1s6P11COTMvTmlfYExxOWJnYS5sTCpXYlRlSkMuOVpgKFpSWkFQTjRrJkgv
NCFUKyw4OjEnJT5kKVEtNkw+NTcqaUNbMzdyZHEsaz5VPVllcEQqQUk5WlQiYjtpTEpkdT5NTVll
V3QrUV1GUSElRlMtcEV1NCNQVk1PVGBJOyQ0X1Itc3E2S19YXFlydEdEMSZFYzohbkglTmlCUGpl
RG02Lmc8Ji9lUzglIiFHVD0nTVU0Tlg/TmMrWGRvLWo/aig7NGlUPmQ8KGYxI1hPKlIuWSctQWBO
N1doK0pvPiFbMThvLWNYKWdYQkhiLDBUMlgnYUFidC5rYGYlKlhWZlQ1ZGElOWhGdUtWLVVXcTch
SkhaMipZWyprTHMxZy5oPWtoNy00MzcnTzk+Q2lORCY/JChCSkxBWEEmMCdTcS9GVmJnJ0soRmpE
Qy8waClkKkA/UVVcOS5ZZGVWbmNxcXBvM0RrJmM7KkJgVjBsdE5adUlicnVlPmZeJD84ZzQ/Rlcq
c1V0LkZjT0NXNDR0MCgsZjBIKEtqUVc3KjEzLGdBO2tNaWdSWS1QUD08ImhoSSohQFcvQDNuNlFL
MDRCZmBAY0JIJCJuKXVDTHAnNT5uQDE8OypaKFFsY01NYC1uYTRibWFuJTkvQk0nKWNKZzBcNEMy
dTwjW0piSFReWUcuYS5tb1hxczBfX28jaUhwPlUlMCIxPnBQUCo4XWZQTFtDa3FiZF4jL2JZUi41
MVJbcXJkakR0W0pOQ1RkQnJZWkooTjZMLF1rbSwjKUJWUUdXZ0xTJm83ZD5ZUCdyMzRHTUdLQmBH
RVpPaidUIm9UODo+Mj1nXzRLJD5VRF5nJmpNJj06NWBEbnJycXVZMVAlZXUhVEs7Rj40RyxGUmBd
PjEuZmtCYSkibDgoVXJNUkYvV0hCO2w/XUNmWHBkWyk1M0ZxOixYKioncUdSRVhDcS9qPkleRmJ1
Wl0obnUtNUNXNF1UbzNVRkxJbVVtREMqIWRjJU4vLlciKy5oY1R0Nls+dSdCOSpVO1RKMnRdQV1y
Ny49T3B1XUtvKVklN0gqPCx1JFQ3TD00NkQpcDNlUj5aQD1cKnI+bCgoSzlZXkJeLGB0KltSTHEj
SlZyNztRZWU3I1E/QyJRQFlsRS4mSFRZOj9jLklVSmohazk6XTstXkZZYzh0O2xDazFZKSpIcSkk
S1lDWnQ/W1pHR3BXV3JSaUYlKUolazk2RDNwXWpvU25RJl40PFpCQClebTBjLk9sbnQuT2xudC5P
bG50Lk9sbnQuT2xudC5PbG50Lk9sbnQuT2xudC5PbG50Lk9sbnQuT2xudC5PbG50Lk9sbnQuT2xu
dC5PbG50Lk9sbnQuT2xudC5PbG50Lk9sbnQuT2xudC5PbG50Lk9sbnQuT2xudC5PbG50Lk9sbnQu
T2xudC5PbG50Lk9sbnQuYyg0KjVOTi4yTjt+PmVuZHN0cmVhbQplbmRvYmoKNSAwIG9iago8PAov
Q29udGVudHMgMjggMCBSIC9NZWRpYUJveCBbIDAgMCA2MTIgNzkyIF0gL1BhcmVudCAyNyAwIFIg
L1Jlc291cmNlcyA8PAovRm9udCAxIDAgUiAvUHJvY1NldCBbIC9QREYgL1RleHQgL0ltYWdlQiAv
SW1hZ2VDIC9JbWFnZUkgXSAvWE9iamVjdCA8PAovRm9ybVhvYi45Y2U1YmU1MTczZjRjZDZkZmNk
MDExOTQ4ZmI0MzA2MiAzIDAgUgo+Pgo+PiAvUm90YXRlIDAgL1RyYW5zIDw8Cgo+PiAKICAvVHlw
ZSAvUGFnZQo+PgplbmRvYmoKNiAwIG9iago8PAovQml0c1BlckNvbXBvbmVudCA4IC9Db2xvclNw
YWNlIC9EZXZpY2VSR0IgL0ZpbHRlciBbIC9BU0NJSTg1RGVjb2RlIC9GbGF0ZURlY29kZSBdIC9I
ZWlnaHQgNDEgL0xlbmd0aCAxNjA3IC9TTWFzayA3IDAgUiAKICAvU3VidHlwZSAvSW1hZ2UgL1R5
cGUgL1hPYmplY3QgL1dpZHRoIDEzNwo+PgpzdHJlYW0KR2IiLyhjVkdLTSdgTDJKKVs/amolckor
I1pCMClyI2NZdF8xMXU1PVdBOzI9OlouYyZQPilSdC9OKWUvPmo9XUQuL108LkBTPj5kWD0taWo7
SkhvRGRYcFBHJ2pVaytCSWdOI3FzQ1ArZXQtJTJHU2NTbW80XUdvYmtsWUJeM1Q+MUgpIydeJGsq
T1EkaypPUSRrKk9RJGsqT1EkaypPUSRrKk9RJGsqT2QqOmVUWk9oPl4hPzJvOklgZStLLChqJmhK
JjszclxQZltIYjE0VFM/KGpxQkREQzoqbGYnLllwJE5KdVlaJHA+Z3JhaUJhR0AjZEc1U28mLEpg
J2Vwb15tNkhGIzA8MSg1cC5hSzdnb0pUUmVeIkAwNUMuPTFKQHBAVlJxZDBjPmojXWNxPFxwPF1p
MWZhaUJpXVQ6YmclKU4uYTI7JlQ7alUocys/YlppbGkrT0JDUHRCOVNmaWIiRmFRTjA4YTJiM1s/
PSRzLGooUCpENidzbjtidGIrVEFWM0FFOVUzRWM2QTZXQ0pyNkcpamlnRDs0SHFCOmhMUDNAbj5X
XDRdSHMvNTxicixUXU5ES0IpVilDQmNeVzQuUEVEajcmW1MjTy0+bVU3JFZPLGknWUJdYiNtQVZS
PGo9SmtINEVcP0s3OG0vJVRgcEslVFBAXWVhMDZURFFdS2otX0xnaVZOc0RtS0guLS0qKkxrKmdl
RkFpMG1BS1slO1UsUFVZUyNzZFxRPSxrR3FqRFYxXW1rUz9uQj1OZk1dQWVpSVxsJjNwPmNZZk9w
MFcvTUoxYFg/Yi0mNixNNjIpZU9iOSFGSFZhPDMzPU5eRnA0YzBAVFNqSnVPSVtNIVEsaiRJSVch
I2JVcFoxUkRFbGE9biRpIkhGUVY/bylAJDMvWldvPEQ5Wk5CcWpYLEQ8TTdcK2ZYa102SU5oMW0h
USZFUnNVS05iPWgyMSlENjxSU3NyaG9DZE4vUz5eLmVKODY8IUctbCEyWD1vMl9YcipiIzBgWWMl
WTVAQDFxKVUkM1NZLnIvMjA+PTcjO2hOKF1wRTMyazxRJVYqRjMjWjU8MWFnLTgqWTFtUlhDU29z
ZUk5OUFpUUY8Kj5IRj5xJl1RPSlaQjxWKGVHY1EqPCI/TChbU25lQVZpaDg4YiMyZkhWb11UM0pH
NCpsdVRjIXVmNyhtby49cl1FPyZYb0FnbGNcKyg0TShHQEJuXHFwZU9PS1tpZ0hzMFNoTF5MOUlY
KHMybFxhJUdNYlYpY3IxPzZBKzpmV3MpakJeNiNSYEApXFohKDYnVWI1UmpqOlhaVj1KL05oaDQp
WnNQXyhEOS8pQTVMbmhnUVhwMm5aQ2FPU3V0NTFgYklXR3NXcVdONm4yaFdecEQ1ZkdzRSlxPHVa
W1dwTDkxdUcoLm9nJixuXk80Myw5aUheQzViR1ZCQ1xiP0JaLWlNYSE0JSNQU0RpN2UvNXNpNWYy
UUZfRVF1JWtQblYnW19RPERKanQoO19YVU91OFZZOFBhcjhKK1NRZiFobEolcGJWVl9VTjpFMkBU
X0FZUVtvVWRxTDk0TzwmMz1aOj5PInU+IzM8JG1QOEBcayFubVoqL286UTkvOEVQYEQqKl8nZE9F
VXVjP1UxKyFFKGA3VDo/YDctVFFuNGduclYhRlUsNVdISHBdSE4kYE51Oj8oT2M1b2I9O29lWDlt
KDllRFRMLCROQllnb0NiQ2UiVUxjUDlYMVJQWW90PkYiYVhNMTspKEAwOXM7aVpZQ0pRLm9mO1hq
Lkc4aDxQSHUpYltjXkk4UHEqUGlrbTppJHFvNHVXWkZJQlFcJUI4UVdqWjlxP2lnP2NSXiRqTmln
R1RsVl5CO1tkaDFsYyU7Li5iMjEhQm9LNixjU1hbUzhqLklCYyo7V0lPPk5LZChoWENsLGZTZVsr
NllMaSklNCQuXC5sR0NGXTlIXGpUUEU6dVdiMkgjcDI5bzEoQCYsLDdiWiwyIUQoO3AlSkZoKlZX
Wm91SDZVPFxKciV0JkltdS51bUlNZyIvSCFwW15vQ0YodSpHMkI3Z28vQl9LTCJPP3JfaWdbMFEn
SjMwV1BFKTVraGpSczRwVmFTSWNWVChgNCksKGA0KSw0dUUwSjJoNzUmfj5lbmRzdHJlYW0KZW5k
b2JqCjcgMCBvYmoKPDwKL0JpdHNQZXJDb21wb25lbnQgOCAvQ29sb3JTcGFjZSAvRGV2aWNlR3Jh
eSAvRGVjb2RlIFsgMCAxIF0gL0ZpbHRlciBbIC9BU0NJSTg1RGVjb2RlIC9GbGF0ZURlY29kZSBd
IC9IZWlnaHQgNDEgL0xlbmd0aCAzNyAKICAvU3VidHlwZSAvSW1hZ2UgL1R5cGUgL1hPYmplY3Qg
L1dpZHRoIDEzNwo+PgpzdHJlYW0KR2IiMDshPV0jLyE1YkUuV0dgOlAnRUErNSEhIWY+YkRQKEp+
PmVuZHN0cmVhbQplbmRvYmoKOCAwIG9iago8PAovQml0c1BlckNvbXBvbmVudCA4IC9Db2xvclNw
YWNlIC9EZXZpY2VSR0IgL0ZpbHRlciBbIC9BU0NJSTg1RGVjb2RlIC9GbGF0ZURlY29kZSBdIC9I
ZWlnaHQgMzQgL0xlbmd0aCAxNjEyIC9TTWFzayA5IDAgUiAKICAvU3VidHlwZSAvSW1hZ2UgL1R5
cGUgL1hPYmplY3QgL1dpZHRoIDE0MQo+PgpzdHJlYW0KR2IiLyhjVkdgZCo8LytTUmcwSjJMTlxs
KTZWUjJpTihMPlxKbkhvU2ROQ0wwViFNZVVKTlpQLk1xXD4/YitaJUJJdGsoWjZxREUvQV8uP3VR
dDtiRy1GPUNJNiYqV0A6Kl1fXSUnZyEoIUUzVTtEPkhGNlBQPHIuX3RWQEtxZ0lyMV41VTtgIXM4
Vy0hczhXLSFzOFctIXM4Vy0hczhXLSFzOFlDcnJtdXNqUmAxWDFBUW42JG8jWXBdaUhvJy4pQ2w/
MFtdWjc9aSxkbFZIQzRXYix0TVwyaDwvTVg0P3E7cC83a2gvc2VYWzNWY0FPIysvajMrcVVoWyZT
Y2VaYjVRRExsYy1YImBsR0Aocj4jIkEhKWtGOCJOJXEvUVdqciEyODBYa2NoWUhEWT1bRi9qXmc/
PmMiJlRta05AX3M+W0xrKGxQTyNlNz5PMi9YZiQ+a19zYTA6KTBPalRUKzVKVSckM0VISHM/Lkg/
YEMjRTUzW08jI1NAPmoxMCo6MmhNREtLKCFqYTNNLjRDLT9eYV1jT0JoRydxSTguLD4+WC9lSSFo
ZStfcnFKK10iYyJAYm9rMk1ZRSkkUiFiYlE0YDM4Q0k/JCFqWGZkVj8+LF9DaWlkT1JpLTlTI1tA
O1UkbFtSXzkoUFlNNWIxIiF1cVc+UCthQF1qQC5Ob1NTbzZqYUVnLiluSzw0UChgKStaYTkmZG09
QGJCIk9LQ1xlWls7dVJfUVBYOS9SZWtJPmksNychPDo/Mi5NWzdhNkZgdWZDMzBVYlM0YHRIVjAv
aV5yZj9SZyhKQlsrMDxcIS5zQ2NgUGU9LGgmMConLEFOPFRjK1lLYCg6MV9TPFFhVDZrJU0iTVtP
M0snUyU6aW9jLSI4Lz9jYko6RW5kPzdCI1liQFFUUVdBWFNeM21iNUoyPEs/JGJPWi09WVtFSkhk
bDxWN1BgMjMrbDAsSl0qOGA/Il9cKE0wIlw8aWBybkUvOXFMO0wvZmpwcSsqTGA6cSZwcjx0XDp1
JihvUmdcW10uJ1VDJmk+I0kuZmZUNm9RRGohcmJDWmpRMkFvUCRxMVdUdHUhOWhhO1MkOGRoTElb
Tykjb2RlNy8iTXEpa01II2tKZGplNDxnMlAyZ290XUpyTGo5dXNPYmtMWyNCYzQ0Q01SXWU9Jyci
OEsqSD9MQmRqcEFOX01TLWw4a0wiXHNeb2lbanJORmNLN29GVVwrRXNXSTpGKSIxZUZqT25hVEVB
TG8qSzxfJ2NMVHVMaCxqViM8aExiOiZmWzlLQ1dbblcnMWUpb2VpSDBaVUlPcF5IUGI8PW0ib203
NDhkTidvTj0uNV9wcjdyZFcuWjNCO1VmPHFIQ0Y3SnBtT1FMNj9gN1xFOW1KLClLJWJgOChTOE1e
ImIuXlRZKyJMYUksIUs1MjFMb1gqXztLS11MTkZrTjNOaVguWEo2RkFSaiwvWGg2RG5vTClHUW1Z
RFQrMjtePCFCUEZiODpjXHMyYWBgPGdxK1BnYGg5LD1PSVt1bSgjVENlJlo8WkRbS2xUXTFcLVBj
KCk2SiJnJkZWMk81NUJlO0hXZz04YTdHJ24oLDZpWjZGOUdeMiZGLiokPDp1c1FhUyYwUlZZcFoj
cEhxVzM0J05fa1lGI1QkRStjXWZaYEJzQz1zLiZyJFhxNT9hJiguQ0prMDdCSFZMLEFANDMyKSVA
S2pQWjc+NFo9JDM6Zm9XdUtxNjA1aU81R0JYMUJvMEVFYEBfQG46WysmLzNRS11xIXV1Yjh0KEs3
NTJgJSJMOCldOidyLDxNPT1iTDYqQFhWLFtxWkoqISNlaytNZUwuU19BPyFcRjZTP2IkZyxPczdb
SC9PNUFzZCMvMDk5aDFkO2VEP08wUDpXYFxvVGBZdVBIKUZEITY6OVZQbE8vaFcqO3BzMC8xXygk
LFRxQW5yWVF0Z0hUXzIsNVZQPz1iPzFnVGA8UGZKZDA4bFduUm83JkRObFxMWilSTT5ITGZiK1tn
ZEooNzJaVitUIjhfPU9namlIRTBbTy9WNjhaSjJDYTwvYiNjRThuZ0E6JiJfcWh0T1tJMjQmVjsq
PW07L3U/KDlBLmFEIU4sZzFwZVxKaUlxNz83MDZcJ1gicFA5ZHMhJUZERzFsYTJ+PmVuZHN0cmVh
bQplbmRvYmoKOSAwIG9iago8PAovQml0c1BlckNvbXBvbmVudCA4IC9Db2xvclNwYWNlIC9EZXZp
Y2VHcmF5IC9EZWNvZGUgWyAwIDEgXSAvRmlsdGVyIFsgL0FTQ0lJODVEZWNvZGUgL0ZsYXRlRGVj
b2RlIF0gL0hlaWdodCAzNCAvTGVuZ3RoIDM3IAogIC9TdWJ0eXBlIC9JbWFnZSAvVHlwZSAvWE9i
amVjdCAvV2lkdGggMTQxCj4+CnN0cmVhbQpHYiIwOzBgXzdTITViRS5XRmxZTlRFInJsITh1Nilo
OCNzaH4+ZW5kc3RyZWFtCmVuZG9iagoxMCAwIG9iago8PAovQml0c1BlckNvbXBvbmVudCA4IC9D
b2xvclNwYWNlIC9EZXZpY2VSR0IgL0ZpbHRlciBbIC9BU0NJSTg1RGVjb2RlIC9GbGF0ZURlY29k
ZSBdIC9IZWlnaHQgMzYgL0xlbmd0aCAxNTU5IC9TTWFzayAxMSAwIFIgCiAgL1N1YnR5cGUgL0lt
YWdlIC9UeXBlIC9YT2JqZWN0IC9XaWR0aCAxNDMKPj4Kc3RyZWFtCkdiIi8oY1lxZjQpI1pQTT43
Tls/Km5sbjUnb0tCXSNYdGNlSkI0LSQ8TjY8YF9DO15lalRPZmtacVxbOTVWRC5wPT5jUWlAUStI
Pj1BI1lPbHBkaiRkQl0lLThANVgiTWRUU2dpW1hCJiVGaiRCWiJiWkBXcS8nMEInK0dmY1NPSlZx
IT8nVyE8RTMlITxFMyUhPEUzJSE8RTMlITxFMyUhPEwkTypBI0IzJ05IT3FeLzlGZ1JjbCJIIyph
ViImblVUXl5BSGxISjpcLHNrXUZmPj1MP2lNXXRNKmdZdW4sLzpKT1o2O2g1OkVrXyc2RlUmcVJk
NTlFbChcRlhrO2M6W2lrRCJtQHQ7R11YbVNNNVdRR1FfOCgqZkRYPTtHVVZlRDNwVFVQdElsWC90
XGMuOTlPQ0ZJQkUxO0pnTk5lIVdmWmpoTzBAOj90TmxySy8sVFYtb1pqTDpoZT1yWWpcMFwmcmEi
Ty80PGA+T18oTG09OjNBRVpCXEBAIUotJkNNJyUsQSJOXkpdPU83P2YjUyxuNmo/Z1BKYldJZ2dw
XDRFZWw5bkpob2xIS2MhNnJxQTBXVVhgcyRDMTdJVEVLYzlOMTFQS3FqcWpjZicrKCo6VHAiPU1z
NERUbyhENj4rWT5FUk9gM0U7M0I7SSRhYGRyQGovKXJSXnQ4SFY/XShCNDU4V0sqZF1ZbSEjaXBq
cEoyUD1jZW5Ha19iaDpfVWhTT18nZDttcTh1VG8qbUtHV2pKXV9HdWplZHBiI2t1bjtAYk5ZP1w8
OmdYa3AoPTBnXEdOWk5JbSRPP0QuOEdxaG5mXkwsaUlVZFVCMyxFYz51OkkhZmJOJlNOO1Zcb0RE
YlZLMTJEOTNIWjEyW01LRmlLYVFlbXNLLEosMSZwUWcyajg8ZCwlPmlOb2psXyZNc3B0LjBNOSM1
dTgsZmNRO1tCXVI3RUtHVEhkVDdyciY+JTpoUF1ANmguMTtqTCNzPHUjNTo2WFhQPmtNa0w8Tlty
SUEqbGVvJDInOiUiREdpb0BqSFhfXUJcbEd1OGAwX283Z0ttciU0TkEzTTg+ZVtbKWkiMTZYNUYm
UlkxUEIpVFsoQ0BnRzJObTYnQE5AJypOYEdbUHJKclRgW2pOXGYkSSpiQjEmJyZLVCpZQkpkSmpV
Ri83PjpMTm8tRWpAQS0vJTdwYFxlTDNcTykwOzMhNkZIMkxrI1VYajlhcV88KGUuQTM1akdRUnBA
XVtuMEw8NEZtN1FnPihKajU8dDwjPWtRXW0qc2AkczNUN1s1ZFNTWl5RM25iQlNrYz0hVjNeWFhF
KSI7QFlUQ1JTPyNTUSFvMWpuVmY5QFEqKWgzX2c4Ymg/MUMjb0EvX1soSTFHTzZJbStITkBVLy87
LDIxU2Rncz5aOVRxZVtbJjNqMzonRjwzMVtfMyFUPkJSZWdPQF5cWkMjMGopV0MlJEpFYjEuMUJF
YzdmWjUpIXM5YyU6byhHKURrSDAlU1t0N0xAaFJKLlFzYzAzZVMzdFpGJTY9LCRQO3FPQzVgMWVH
QTU2QilNby1oMmdhbl5UPTNwLGYqaz1DQ2NWJVdPLFxdV0ZTXTU6bzZQaWRxX1tLLWJMaGRdcWEn
QE46cyVJIk9LQ2xORCVBdC03MEQ7bWw2aSdKKEFfWEVpSzEzVl5cNVZXSllob2dlbEksJ2VGRmty
cjIpcV42Ok8qcFZHMVNcPE9UIStYc2JfY1dWbHRIRytjTEY8akYmclBKYT5CVTc0YT4yQCcwOD9Q
cGtRTFttcThnaWFbJS45WGJvXjYoTkJKUi0uJjZrKUAvM2gzOCooc1lgM1o1UGBRZkB1SDBLQUl1
M0slOWZdQTpCQjZPXmVPOXFpOkomM3EyblJQLzRycU5FaCkvb21pQkVpKCRrIXU9RDwzRj9laCgp
OlNnSnU2KWlTXjEjP0pWVjlUZSVVNGhvIkBxUE1ZP3VeVkQ0amBNQT5xJkhjaVhsXWlVSmc7N1c3
Jl1FLE00K2tJS0tOOHJWXFJeQW1tJ2Y9ZmlbZjldN2hYOC1MI1JDXEEjUkNcQSNsWkBMJGdyaW9D
XX4+ZW5kc3RyZWFtCmVuZG9iagoxMSAwIG9iago8PAovQml0c1BlckNvbXBvbmVudCA4IC9Db2xv
clNwYWNlIC9EZXZpY2VHcmF5IC9EZWNvZGUgWyAwIDEgXSAvRmlsdGVyIFsgL0FTQ0lJODVEZWNv
ZGUgL0ZsYXRlRGVjb2RlIF0gL0hlaWdodCAzNiAvTGVuZ3RoIDM2IAogIC9TdWJ0eXBlIC9JbWFn
ZSAvVHlwZSAvWE9iamVjdCAvV2lkdGggMTQzCj4+CnN0cmVhbQpHYiIwOyE8RTAjIS5wbURYKTFC
bSE8PCoiITA3PUhmYS81fj5lbmRzdHJlYW0KZW5kb2JqCjEyIDAgb2JqCjw8Ci9Db250ZW50cyAy
OSAwIFIgL01lZGlhQm94IFsgMCAwIDYxMiA3OTIgXSAvUGFyZW50IDI3IDAgUiAvUmVzb3VyY2Vz
IDw8Ci9Gb250IDEgMCBSIC9Qcm9jU2V0IFsgL1BERiAvVGV4dCAvSW1hZ2VCIC9JbWFnZUMgL0lt
YWdlSSBdIC9YT2JqZWN0IDw8Ci9Gb3JtWG9iLjJiZTg4NjgzZmM3NjkzNDhiM2U4MjIyNTQ5NDI1
OTc5IDYgMCBSIC9Gb3JtWG9iLjVlMjM0YTRhNGJjODJmYjgyMWU1ZGFiOTI0OGU2ZjZlIDEwIDAg
UiAvRm9ybVhvYi5lNTk3ZjRkNTExOTBhN2U2OTBkODUxYWI0YTNkNjgzOCA4IDAgUgo+Pgo+PiAv
Um90YXRlIDAgL1RyYW5zIDw8Cgo+PiAKICAvVHlwZSAvUGFnZQo+PgplbmRvYmoKMTMgMCBvYmoK
PDwKL0JpdHNQZXJDb21wb25lbnQgOCAvQ29sb3JTcGFjZSAvRGV2aWNlUkdCIC9GaWx0ZXIgWyAv
QVNDSUk4NURlY29kZSAvRmxhdGVEZWNvZGUgXSAvSGVpZ2h0IDM1IC9MZW5ndGggMTU1NCAvU01h
c2sgMTQgMCBSIAogIC9TdWJ0eXBlIC9JbWFnZSAvVHlwZSAvWE9iamVjdCAvV2lkdGggMTM1Cj4+
CnN0cmVhbQpHYiIvJ2NZcWY0J2BMMko+N05bPypubG41J29LQl0jWHRjZUpCNC0kPE42PGBfQzte
ZWpUT2ZrWnFcWzk1VkQucD0+Y1FpQFtocmAvMSI9OEZzQ1ptWnRxJDkmb0ZgIiwrK1hyXC1pMU5a
Yzk4Kkt1dGF1UTAtT2BSW05uXTUvMkI3MlwxLEUnR001cSdHTTVxJ0dNNXEnR1AkXmEpTU8qakRx
ZyI8MW5qZS1KcTdXaXBVb2guLEUzbTUkZWlLZChwOVdOXCNXQDAhbmZhXXRNKyw1JG9xLzpKT1th
PC5QTzZSIlBkIUc9QDQkclVaXVNwUlE0YUc/LWJzVkU5ISdRJWZkJ1IiUGQhXCYvQTUnOS5ZXTZB
WydDWGdaRXJiPlA8PS8vSFJYY1hnN25eOnIxXGRENkJYMFMnNVhedCNKKUBHZjtJVV5NJGMvbGxl
RWolc0hxcTRRb0JWVypaPmVIbUVsNnBiLCs4KUdfR0UnSCo6OVlwcUwpcmksREVfRjdFOnFDYzZc
LWtjKjFQK0RDVjRMaGxxdHA2clptODRxcloqPHM1VTBJT2xEaDsmRzlPQ1M1SEZIdVE3XUdCX0Q9
aj1iLyVhUmtdPGElOERVUWclYDRscCh1a1o5cSchXENiQidnUEhZKFkwLEBrW1o7YzM4NSwnOCFP
W185QDtvWyYtaClUXkxrVC5EQkBKLF9QOjRIaVoqOSFYSldMaFJCISFiSylpLkJyJUo8Iy8sJCw3
LkVVJnNQKnBHTFBxVDxhJzIjKHVrWjlpSTZwVF8tWW8sZSFAXFFtPUdxZVpKcy9HWiwkVzlkNkJU
TTMnS05UWl1HQzw1ZGpBSFljZkIvOWBPTEJTcDtuU1tUMyo2VD9CQmlmMlkzc0RMS1FFUS9nbE4y
XW89ImlqJiJFTWNcWys9Mj5zXiUhPDRzK0liZWZlaWk5P1leRW9hcEguaDErLHNNbiQlM1JqOF8o
Q1Jeczo2TmBQb2VFPitnRi9OJFczLFlXbCYuVmI0Rmk8VyNJbkpvTURMKCtzXy1OLXEzNT8+Ilxe
ckBXaiRHbFxAYm86aVAzTXNCZ0UkMUYtaC9kTWxHaUlpUzRmRnFWIkAiIUolbEtXKnUvXlFhKEE/
RyQobVxxKTVRNyhrJFZBbUsnJ2IrVjBYL0pfMlxYT0hCVjY/SyZFJVgldUQmXVRBU1ZbLE4hPWUr
QCFpM01NYTk9Ik9ZQGRaZFVeTD5vUGcuSXRkQnU0XEFFPS5JWTpuaSZlUjgtOyRUSDNqVmMzWixx
L2ZmKi1vQjI4SmdpKy9URHJLMERVZWtPNiNqZ0hUcVc1aW1jW1MzXHI4aylTUTpER1A6KnVTXTso
dWpPR0Q3ME5xIldoKCwyJUROaTw7Y10hczdyJlplSCNxWFFnYih0NGdxb3UzJGJlYj1WKydMdUUs
VWg5N25sWGxWcCVJWmlxPi9iRVA7NyZSamckMWhuQUxgWlk+SnFqMzRtVCU9OkZgSFdPQzRNRl1C
USdpQCZgdFQ9NFIhLHIiJFE0aHVDOUJpSy91MzAxNiknLDsqcjNbPjQ6SzZySWciNnAuMWhyMklL
TGpCQklqMztDVUpkXm43UCcsVCRzIWJgXVxTbVNIPS03MzVXOkNPbTptbzljXlopW3JJVls4RCZP
VjBZdT51RjhsaUtvJiwoSFsqR18vSk5HMDhdUiQmVkIibSRPIUFsaD1JS00mWmpNdDduNihUNFJh
TSYhV2ItUFtAQzNXVWFNQlVQZmVccj1QXlFGcSRrZW5wL0hBNCw/ZCZKP1gvQzw3VXNASSdSInNn
cD0uL1BPai9rMCQhIStJXWJzLjUzaD1SVGk/OzVIXic5c1gjbUFUWi8xaFE2K18tOSEtaEciNF88
bjRYQmNlSzU+TyolUDUtc201aWpcOT5tPl5zXF5jSTpUcDVvZ1llPExBX1pxa05tJTJHJFBUdWlq
R2doRXRBKy00UG0pIV9GS2dNdCU4QTQjJ0pXI1c2RlRTKTQlbDEkPygpPSszdGdNcWRySnFBVCtK
cUFUK0pxQVQrSyZaZ0leWFtIXCgnfj5lbmRzdHJlYW0KZW5kb2JqCjE0IDAgb2JqCjw8Ci9CaXRz
UGVyQ29tcG9uZW50IDggL0NvbG9yU3BhY2UgL0RldmljZUdyYXkgL0RlY29kZSBbIDAgMSBdIC9G
aWx0ZXIgWyAvQVNDSUk4NURlY29kZSAvRmxhdGVEZWNvZGUgXSAvSGVpZ2h0IDM1IC9MZW5ndGgg
MzYgCiAgL1N1YnR5cGUgL0ltYWdlIC9UeXBlIC9YT2JqZWN0IC9XaWR0aCAxMzUKPj4Kc3RyZWFt
CkdiIjA7MGBfN1MhNWJFLldGbE41VEUicmwhOHFbYU9eamd+PmVuZHN0cmVhbQplbmRvYmoKMTUg
MCBvYmoKPDwKL0NvbnRlbnRzIDMwIDAgUiAvTWVkaWFCb3ggWyAwIDAgNjEyIDc5MiBdIC9QYXJl
bnQgMjcgMCBSIC9SZXNvdXJjZXMgPDwKL0ZvbnQgMSAwIFIgL1Byb2NTZXQgWyAvUERGIC9UZXh0
IC9JbWFnZUIgL0ltYWdlQyAvSW1hZ2VJIF0gL1hPYmplY3QgPDwKL0Zvcm1Yb2IuMmJlODg2ODNm
Yzc2OTM0OGIzZTgyMjI1NDk0MjU5NzkgNiAwIFIgL0Zvcm1Yb2IuMzBjZjk0ODIwZTkyZGNiZmEx
MTYyNGVhYWU3MTE5OGMgMTMgMCBSIC9Gb3JtWG9iLjVlMjM0YTRhNGJjODJmYjgyMWU1ZGFiOTI0
OGU2ZjZlIDEwIDAgUiAvRm9ybVhvYi5lNTk3ZjRkNTExOTBhN2U2OTBkODUxYWI0YTNkNjgzOCA4
IDAgUgo+Pgo+PiAvUm90YXRlIDAgL1RyYW5zIDw8Cgo+PiAKICAvVHlwZSAvUGFnZQo+PgplbmRv
YmoKMTYgMCBvYmoKPDwKL0NvbnRlbnRzIDMxIDAgUiAvTWVkaWFCb3ggWyAwIDAgNjEyIDc5MiBd
IC9QYXJlbnQgMjcgMCBSIC9SZXNvdXJjZXMgPDwKL0ZvbnQgMSAwIFIgL1Byb2NTZXQgWyAvUERG
IC9UZXh0IC9JbWFnZUIgL0ltYWdlQyAvSW1hZ2VJIF0gL1hPYmplY3QgPDwKL0Zvcm1Yb2IuMzBj
Zjk0ODIwZTkyZGNiZmExMTYyNGVhYWU3MTE5OGMgMTMgMCBSIC9Gb3JtWG9iLjVlMjM0YTRhNGJj
ODJmYjgyMWU1ZGFiOTI0OGU2ZjZlIDEwIDAgUgo+Pgo+PiAvUm90YXRlIDAgL1RyYW5zIDw8Cgo+
PiAKICAvVHlwZSAvUGFnZQo+PgplbmRvYmoKMTcgMCBvYmoKPDwKL0NvbnRlbnRzIDMyIDAgUiAv
TWVkaWFCb3ggWyAwIDAgNjEyIDc5MiBdIC9QYXJlbnQgMjcgMCBSIC9SZXNvdXJjZXMgPDwKL0Zv
bnQgMSAwIFIgL1Byb2NTZXQgWyAvUERGIC9UZXh0IC9JbWFnZUIgL0ltYWdlQyAvSW1hZ2VJIF0g
L1hPYmplY3QgPDwKL0Zvcm1Yb2IuNWUyMzRhNGE0YmM4MmZiODIxZTVkYWI5MjQ4ZTZmNmUgMTAg
MCBSIC9Gb3JtWG9iLmU1OTdmNGQ1MTE5MGE3ZTY5MGQ4NTFhYjRhM2Q2ODM4IDggMCBSCj4+Cj4+
IC9Sb3RhdGUgMCAvVHJhbnMgPDwKCj4+IAogIC9UeXBlIC9QYWdlCj4+CmVuZG9iagoxOCAwIG9i
ago8PAovQ29udGVudHMgMzMgMCBSIC9NZWRpYUJveCBbIDAgMCA2MTIgNzkyIF0gL1BhcmVudCAy
NyAwIFIgL1Jlc291cmNlcyA8PAovRm9udCAxIDAgUiAvUHJvY1NldCBbIC9QREYgL1RleHQgL0lt
YWdlQiAvSW1hZ2VDIC9JbWFnZUkgXQo+PiAvUm90YXRlIDAgL1RyYW5zIDw8Cgo+PiAKICAvVHlw
ZSAvUGFnZQo+PgplbmRvYmoKMTkgMCBvYmoKPDwKL0NvbnRlbnRzIDM0IDAgUiAvTWVkaWFCb3gg
WyAwIDAgNjEyIDc5MiBdIC9QYXJlbnQgMjcgMCBSIC9SZXNvdXJjZXMgPDwKL0ZvbnQgMSAwIFIg
L1Byb2NTZXQgWyAvUERGIC9UZXh0IC9JbWFnZUIgL0ltYWdlQyAvSW1hZ2VJIF0KPj4gL1JvdGF0
ZSAwIC9UcmFucyA8PAoKPj4gCiAgL1R5cGUgL1BhZ2UKPj4KZW5kb2JqCjIwIDAgb2JqCjw8Ci9D
b250ZW50cyAzNSAwIFIgL01lZGlhQm94IFsgMCAwIDYxMiA3OTIgXSAvUGFyZW50IDI3IDAgUiAv
UmVzb3VyY2VzIDw8Ci9Gb250IDEgMCBSIC9Qcm9jU2V0IFsgL1BERiAvVGV4dCAvSW1hZ2VCIC9J
bWFnZUMgL0ltYWdlSSBdCj4+IC9Sb3RhdGUgMCAvVHJhbnMgPDwKCj4+IAogIC9UeXBlIC9QYWdl
Cj4+CmVuZG9iagoyMSAwIG9iago8PAovRmlsdGVyIFsgL0ZsYXRlRGVjb2RlIF0gL0xlbmd0aCA4
MTgKPj4Kc3RyZWFtCnicZdbNbtpAFIbhPVfhZasuyDkzZ8aWIqQkECmL/qjpDVBwUqRikEMWufvy
+kOt2iKBXuOZ8WNvxvO7h+XDsDs18y/jYfPYn5qn3bAd+5fD67jpm+/9826YmTfb3eZ0OZp+N/v1
cTY/T358ezn1+4fh6TC7vm7mX88nX07jW/PuZvp8+NT/WO/X72fzz+O2H3fD8/9nHl+Px5/9vh9O
zdVssWi2/dN56Y/r46f1vm/mfw3/c/Lb27FvfDo2yTaHbf9yXG/6cT0897Prq6tFc921i1k/bP85
Z5E05/vT5sd6vIy9On8W5za10a52OqkTndWZDnXQRV3oqq50q27pTt3RN+ob+lZ9S9+p7+ilekmv
1Cv6Xn1/bpPf8Jv8ht/kN/wmv+E3+Q2/yW/4TX7Db/IbfpPf8Jv8ht/kN/wmv+E3+Q2/yW/4TX7D
b/Ibfpff8bv8jt/ld/wuv+N3+R2/y+/4XX7H7/I7fpff8bv8jt/ld/wuv+N3+R2/y+/4XX7H7/I7
/iR/wp/kT/iT/Al/kj/hT/In/En+hD/Jn/An+RP+JH/Cn+RP+JP8CX+SP+FP8if8Sf6EP8mf8Cf5
E/4sf8af5c/4s/wZf5Y/48/yZ/xZ/ow/y5/xZ/kz/ix/xp/lz/iz/Bl/lj/jz/Jn/Fn+jD/Ln/Fn
+TP+kD/wh/yBP+QP/CF/4A/5A3/IH/hD/sAf8gf+kD/wh/yBP+QP/CF/4A/5A3/IH/hD/sAf8gf+
In/BX+Qv+Iv8BX+Rv+Av8hf8Rf6Cv8hf8Bf5C/4if8Ff5C/4i/wFf5G/4C/yF/xF/oK/yF/wF/kL
/ip/xV/lr/ir/BV/lb/ir/JX/FX+ir/KX/FX+Sv+Kn/FX+Wv+Kv8FX+Vv+Kv8lf8Vf6Kv8pf8Vf5
K/528scSczv5Y8V1W1fjb5PGcN02q6e5ocbfFo3H2Vb9j6dt1dxX26mn9W/U0/hbNbb2TuvwPNul
mntsV2qeW3uvZs3u4sfZyb/kfjv5lzzz7uLnmXTyrzB3Fz9rdvIvuW4n/4r77eRf2bSbXnZN9lXe
A37v1ZvXcTxv49PLwrRJsz3vhv73+8TxcGQW31/V/9gzZW5kc3RyZWFtCmVuZG9iagoyMiAwIG9i
ago8PAovRmlsdGVyIFsgL0ZsYXRlRGVjb2RlIF0gL0xlbmd0aCA4MjY0IC9MZW5ndGgxIDE0NjQw
Cj4+CnN0cmVhbQp4nNV7eZxcR31nVb2r3/36XT3dc/V0z3TPaO7p0Yx1n5aFdUu2fMuMpJE06BrP
jCV7zeGAzQZijMOCCeBsMHcgLIcJp8yVhU1YQgiJOULgs2yCkB1YvJ8ABj6stN+q97qnZyT47Cf7
z+5r1bx69er43UfVE6GEEJs8SCSyd8+B4bGP73j5k2j5R5QXHzk9Nas4qkIIXYuy/ci5heIrbjR/
QAh7CM/+sdnjp19V++IeQqQ/Qv/w+Kn7j/W868+/gOc/I6R/+4npqaP/uu6FlYQM/QzvJ06gQfln
toOQ4QE8d584vXDfkX59DZ738vlOnT0y9dF7P+cQMnIU7x85PXXfLLVlFc/P47l4Zur09E9XPXML
IaMeIerzs2fnF668nIwRch3h72fnpmf/dMNfXcFzEfN5hNFp+hhRiMwusNeix+uTO/0SGaMSHyKT
+pUhzdfeHcUi2UiKxfdLxSuYXCqSv+QrpK9BswfrNSruFlE5jXC9hfzfXpQwcEMG3CrRAJhODGJi
BZs4xCUeyRKfBCQkEYlJjrSQPCmQVtJG2kkH6QSMXf+mVUukTLpJD6mQ6r9pfC/pIytIP2oDZJAM
kWEyQkbBmxoZJyvJBJkEk1aR1WQNWUvWkfVkA+i7iWwmW8jWy9uvPC+9Q7lDeR15A7kdLfzvxzHm
CbaVflP6tPSCdJQeIr+mP6NvoQP0C/SjZIo8Tu/FSi8nN4AGHyPfZ3/ALkkTdJ520S/SQ/Q/YI4v
SYeln9B/AadrdBW5yJ6/99n/H37kALmZkI2UDJy7vvhhqef68tSJlvKJF28dBOe7yX72AXYBPB8k
c+Q+YPkuSOaPgfV2eoq+lX6CXmIWKzLMQEuaGoW5eA1VNTUX58YmJ1ZOTE5UK2U84xcuaauiN15U
UC2J7smgeBKvJ8dqYaRG5ZHRkdFyY9ax2sjo2GiNT1HhU1RLZTUa1yYmq00Lh8sXdmnatIHyloom
1rm6a6lc6qfpqLLGZ4yXdMNPLD1erfRTdNYaYNchxOux2hjgxCToLNapJfjwWbVKWdaW9V58i1at
VE7q/ycwEkHSJuqlcwLAyZSKoFCl2jx7SauvPSGgrAPWRD4BnbY4VU2N1Ab+4yuvgi9l2TVoKOBb
HJtAIYANfxfNwuU0Y7cqMi51VGNUUhRFViRDkmVtpyxTymSZt4iKOsorocckSddkWVJky5AYwxCV
5XsoGn1VzJSVKM1iUqbLGUVHb0rpexVFEotIYg1ZFmtsliVqYiaMowaVJW1aVqWMJBnDqiQnHTMZ
mRlYnw7wFimzg/bw3ngZiT7iIeMraJDUFspezWQOFZVUSReIKRmFKRifkdFdLaoS1lEVPkqAMMEk
OimZkp90jiI/4i85fIqqy6ZkOZIB7LXXSqoM6PURjUmCKEAYjwzIDUi4FI0ekjBr1slw+khMVWPQ
CEBafgsfAKrIlp5TKOhwr2RieotDCMjbbdYAKPPmBJAxiY6Jt+gHvMuUSrIAmzJJ44B/AFhgGQ5P
nW8ZTjqaAoQuKwGFBlxAJQXLAhQlM0PBEsZkjemgGAZmFKowyjIYwLQiUEo4zkwGlFai65vwiK4t
fQJGWRktaKo6hEmtOG2JLFVWhihVvUwmo6qa7WVjLhW41FW2xPo5QpgC1MgM+iDbcQ4knZavMfE4
KtOcqVhgGgjfobu+pmdyK9JOQy2qrhumqqpVmoxvvBrIyQmJdBBMikspnzVNK8fJIhgwmscilP5Y
b+sXsi0Lwo7wpfW2FT053Ku6G6hiSUVauuTln4Binp8NOZaG2ZFTuB4odjbyOXfBKqbr+RyojblS
8PgMYvr0WYcgKt3AEMuCYHYKfGxRGmebV1flZM7F5XsheUGM2XFXAw+IUR3zcFQTVJpRlRKkqAhn
GPzMAfIMfQ4eZz0hvtbsDGAINJYYL03lJgL1kXqP2lhtojYxOTI5sYqmNq98v1V0JNsOg6zP7DbD
c9s2ACAqSVAziSsEtQGk4jgexJdZJp5BJdV2XHqpuPdo4GclPvy2rYU4Ry//rUTrl+55rmfokEbK
DM9zXF0XsNPH6Ep2F2Kkagr7Mujja7QdtywlsmXLDALfl03fcL3W87athLZiWX7I27Km57ayOzK6
U1sV+jBZphXUVhTimNJrtNXpuI++C3Q8SO5MYCnXl06MbuosGrCsnAy1cPFxslZ3HXDCjRqHl09T
hqHn6LgU3vRxG9rkuw50Wod9Y77nMGrZPqWOG4RelrItlLl2FGQ9kE4NXNxsJ5TlrO1AEVRHZqbn
tZYsPbNO4rVdbLOkbAYL4gIFCbLZrJJrdZzA9zwpZGJG1wnz3J5m5PqjEVH8DTxXasmZ4Inn6Yaa
z+UoLcb5DOO1b/i0LaCIcLuvfIg+xH4P8d6NkDZOHbfuwnLclXIsxYNoSGmygU40nOlknFv0rYIq
UmV0HM9xGe0g0OQztksz1xUHQnct4MgYRhz7BYVpmhm0OZ4BAoA0LtMNa6KlYBptUY8SmmYETjLm
dG/KSJ4bbzLgEW6hKiQV9ps96DjZk3r3yOqBNlneKmmhqth+p23qumdp8lzgeZSBSvOS5Hf3DFfy
gXud6WZlSHAUuSPRyRgdLj+XYbA571PgrWS5jdOC7KFfps9C3zaSWUgOgJfqUhBw9NS6xgltK5Wh
cdGiznHZGFnZpHMy5KzevVQOyyMRj+6WqSjCuXp/uktqdT5sKUoQRJH5YehS+8+gpHDeEBYmlJTa
UFLFtT34JugJQ2dVcaGkvdDWRJt5PxSLd3RsaIMkCXXm9gbqTZ+lrOXy3/tRbMI+BXSgUCjQbpaO
gj5noc+6kepz1vF0/XO08TqVJvEWFHVd3eA6JnNbRd8A2rnIftaQY4mepTHTYvDT9DwZJ5SpVoSO
ib+1MSExMQ/FckJ6XJqLo1BTq6Vhqgp5G5/kt8RkdNLJpwydZTKuDZiortvtIAUUJYwchzLbDl4O
HvetWLOmuweaZeZDJpfLY7WOosxycTkABeHTJZYpWLbj+IGlww0aBsvoOjypYphW5CgxfdzI2EDU
MGxH1x9z7CBybNuJfMdRo45V1Uqluqo9zuXaSqNFXKNd7fmBTMa0bFtvdWw/sC3qAkrJsLysBSm3
LTOTodRTWpBlwk6SDws7eU0reS2LeE3rxzPW7iu/IP/EtiEnXeotEnJhtj+y7lS0k6YPyBk1Dyry
XiDSyrYEjz34xoccxkwLr14yP/OyOG5hSRbcNGeQmoLmiauV21pBi72yeovJVc73zZOqeqfFtrKW
OH7ZzPxL0AQ5Zc5Db3zwsSCdk9xHn6RPizzVpTxpSaDtpHWoN9B6tD1MJxvqcZtz7EY3ch14Kkky
N90Gl+TYcZQ9vNuFWrvuDYe4dqgOZOCCuX+HC4GAwLvm5hvsKM5ya7J7j+fyvtt3cDFPhJfDM0uP
0b9OPZVLy2mmU5tsGDwWJ2mOSwUhP+W6TFsTwnx7XjisAvEwwgLaRhgWL5sbVyXPy9GvwujvQofI
c+n6EI4XXiDcDs67cc6FnG7OZX0qaHyR/CfyUdgdMnGVBNxsheC/kfA/a7hu64c6aqvwhGDO9Mf6
83GOCRz+mU7T3VyOSCNVqwl/BbCrdFT6Vgrut0IYP9cL6W6JwwZMXBcgejSlxQHyOPk0GQIs0FlY
uH6eciH/GxlVR5dZL6Q4i9brLoWzhS6LJuTU/FiyiCa8T3MLxZYFDsKuJJFDAsMWeif9JWwJoROQ
NwnLCqUPJmiulPX9C0YuDkME4xcc+nOprb398hdhIywrzgV0Qz71+XvoLP0JaNpzlTbgFyeCnM4r
aF17crAz37Kid8v6sTWaErktnf1Uzmguot0oH1gBPKqhaDb9ybq+Ww9u2SDL1eGbblpfzXWww0rG
W7GpN4DTCQoj2wq2JKV47KMe4o5WQNDwqhvocg7/hf3SLJMcJ4o9ZmjcgXNHbvWaWa+VXjKP2XGc
9SA7bP2Ruod/+miBs12ssZ++GGvUrooQc2N1HJP2DTROkHcXvbf2eKmWgVcMQhfqkfViBQYR8aeb
XztZCh27+DUuNBDY6OY17Z1wF9032Db9YUv3ZkQwEoPnzkG5EcLqIEHhutHeXHsb1dAfJtJh0srO
0mBfcQOyipQe2+kR+IhJ2JIk6W2oGH6VqMGQamUZw0r12OJ2HjJBeKdGA8tqH/Q4sFRxCvlWxwgj
P6sqZnH9utXrfK8l7IAJZ5sCx+mkFzEkgKRvzrW2MiXD4BU02VKNjJ73FdU0wtBfFYVxy5rxvpIH
8TyQb2ujDR7OgL7lemzEzdSyHF9QOIFvyrWlguy4uX8HZeDGyfPsXhjtti4zsHbZiuvm6bOWlX15
7PtUGtwZeT5lnhN/+mhLC0LYzqExtrklCOpr76WnQa/RhF7p4oKpzTRaFOthukHsGozzgN+3XZaV
bCt4lSvJhWC4WICJ4hsAUVf11hU9HhK/1rae/fKbBUndkF607OxLA5ixgHl+pPNEE+4Fg5B4qh2t
lUpPdyGvWl2S6wYgZiNHobtAn07O1WQDhm9TNXZLklg5lTY1cebc6a8cX4kocaUIgWqUaSPjxyza
P7Bu3cBAW6G/JfBNQ2Ke66+xcUUQRSTisuXQZ5nd/aJ7GM0Y6wb60X+42uM5quJ5gQ/J/DsE0yFc
uR1KDHbIgytPeTgLOq4S/qZhG1VRz4XLdm0WSbgIeBnep0v+LyGstusFr8lkJngVYt4rCR8Esy/J
HiJuTsiM5RkmBz6LGIyHW54bojvrrFBRcwq1OGV7rcznCx2vp0v1PHhKO8n9JEHXdYC5FV5yDVpy
vz1cqixGViuvFWnRwcxvj4KOGzxwyjg2wh7c2lyesFggOO6wC7QrunaIc+dvjYlIw/7uFnIxDulV
k52t3LIAZx0VEsIThYhLzahaFw4g95HVK/qEKASmoah+GIzWjsORDAysj2yHwmj5UG0E+fQ5NtC/
drhS8WwYqCAIkXc73dvn4Iq0zPr+gWnHjuCUZAR26I2xjdz6ffRRMpjkhEn2zMP0UjSCUH2poxuv
TaxcdHRqGtaPJgNGotLoVd1r443u9/AdBDl1izwslxVk1bKMLNuo+0XbzcuqzON3aTHMlx3bq3ej
pizCeZc+Cg8r/umu5zrcf2pwqTrCHzDiWyJKF4G6C4e6+NZznDQvR6zxKfoIGSabhFVJEhr+d4T7
+MUMZbKR0NQWMb8qOnlYZUne0UhQTFUg5CE/YTYgN/lWFAAfuSqOoY8s5hU6ojGHiyLTmIDd0Y3v
XTvO2UdX01+JGLduEBNYhkVoVn3Oe58Dj/Uf3RgSCSU7/3Bs2UX6q+wn3Si2X+PCKnhR5Bx/rKWj
o7E/8FY6R59I9iqS6CnxTXEaPalNVqMRUa1fFlG5oce+GS2LsZ5IYyyJ8rgT9uHNAIm3eLCiEe+1
FCeuKc1hMDAbppVDXbYVP3wuyyNszPLHcMnO+1z6S9rR0fLYcd6E0MN9DdyN+8nsol22YD+q5NYl
kUFNRAXRMk6mRwesrgdIStM9pdFGz6agryEQh7vhUQwkJ9lIlzW+h+VWVWQrHDMQuqpkxltXyKrY
6W2EhhAJXLAWYqdJiAjeW5DtS7ERBh6f0oZ7NiXVqVRCBBrwYpHi9vRtHsqzy1+tSxquDFQAgs2l
nCuEm0h5gv8EC2H9d5G7mvEfq3uietzXiJFE2LESP9zHuPmvO1i+lXFV7KgmoYqg3TPrt7cEllNb
f4drwECZprOhrwspmj8+sePG9g5XQfqjS5okUnOuKbne/pFaGK2oruvptHKqOlDMm9GKtomVG5gG
eihh0OZaupmzkNoOTRxYv2rj4KRkWo6D6Vl3R191cG1vXxis3bAuZ3Dv0roipjJTGJP5PrLj5fNb
b1xRVaWgFXKX6cz3H7xlstwlPSUpWX2LTSXX6qpYShqTXfkajdhJ0g7ZG0vcMwL+XK1RL1VZwH3N
33i2ZdneTn1gm4fU1vJOlNTrHGpbLjtpWR7afnPF5neriw7SPtcyl8fyfi6oR3gSKJd7tfMZZAkh
NM28kM36Jfqv+ctfCHKxZUH26Pr29jaJXAvGnC8JuISbWEMnqg2X8X3XNql7ndo1kwC7bUDfmdTY
SdNyL3/r8t91JbBe+U0CazI/7aefYmtJrm5Tkj2uxRS0Uv5r93U2E5rrzDwAxYW5fYcTszX+B7wo
tLmdeeUDED+klk+6Kd4G/VuywPOx7rJStx49dSmiT7DLT6fmg27mdoDXFuq2QVgLV6RkAv9v0/Vs
nh+wB0mqnPrT6qiQTHFUlBzCCflMqKHxvL8ehJUfdi2LKbImD4y1KqaLVN85kfDxekeTckrRt/JS
jknSrqSVzYNgUydlqbhuXSWUbz8I65yQ7JbJ1lBucaJQD6Swbe+toK4gJIfzD8k72NvTvYxc3Ng8
84U2bXQcKc5xQxnAOsCcI35if+J7uQ9edgQFQD/6q0/48O7XxDs5j4u1MFdJhHNSbTo7rJ/ejar1
sFNYqJekYitJsVww/U4lJ6nu9UnjCce0JMeUC2ODkoZMwoIsz3P5sK1b97aFUqCD3S1y2Dp5SyI1
iCAO3i6HlXXripJ8cmpRxr9EP0JvJjEhPYhf+KFeqFVTUwsO5FT6B70r8rNhl2Vsiu8udakTgTni
rZGfr+wsscHogUDqsjZHw2n+TT9PL5G+RZxrHE9+wCgeSpPJVmPC7yTCuw+ShBzt6Zxxz64QntQL
vV9rNV+0hoHVLbztD90kDD1wntE0InWFJD96Rz4XJbHBBH0n1s7znZkgldmr8lURBSzZFy1PB8Ld
RU8XTLHRnfUoz3rc1t8gnOzjO7Eh0opeuLwcwPCCiO9+3PUE3wXnu+Gfmc7H8Zcdx7/8Um7teX/6
UC6b5fTIgR4/QxzZm1jxUtMhKQKTxUBEXTwr1r5m9tvVQkKI3Xv2bIu9LEM67XmtXVa/fd2g3c0z
MnqpePLdoEDAgeFB/IUj/GyDFk++89E7eC3l7Q/Il0GT37I/d85xlHZP5pleEEp2wcz67fSibngv
ujkKA0VCSLxjQ2s+n+7PrYOk8P1lMdcSGmqv8By2SpAK0K4Ca2J6ybH9//UZkA5+3w7ZVpCEpjkp
+criPEshOm0NORRhQiCYAKTb6I86579a3zm4cDTfEtf1C3HHmwS/kwj9mty+JRJJT/hZzttka0Jk
tK30IlfllJWN6aeFLCVy/FeYu3epHJeaJJlzMBYWKj2RfySoi7Fz4+iNifTuXr1xxDDUkm3nrB4h
xxdT4T1wjtFUkHko0NnZ8ra7+OIJXl1YuyzsedNnC01HOhOpXdQq5Q9ou9PELszDfSSnM1Z7IXIQ
YYcIgOglHjSCMc7tf1xH9L23caIgc6OL+wTvx5orOE8WD5Wal1xOWSz9as0X25lIy9usOtes9vtT
WgsW6q7T9nXdoJckHVXPMw69uw7Eu2+/622NLaEjiJD5xlNC+/8M+ZhoyEddW0TglshJSat/s5CC
lDAneXneHoRjd9t2j46tzWTyyPGsKhclBHGWccc2fkThR5GRyehysVrt5JwRcnbPhXxLTuQCUZT7
06l8LubHXCvu4535aYNrjq2l7A/v4C/qcdpu6PclspvcxGPv0vJPOJppVoPNj8ol5Ck8QC2VG8aA
5yq1kcmxlcIyVitpdMo0OMFJ+hrF9WV554aMaZcKnmuG9mBV17QwDMLM1KMZjXXahiTSEPO6ROhG
wwzi1exQDDFTinY+7LasMj/YVeklxFiF1e3txTjXMr5+48EgDHU9k4m+O06tzLvFnoBQCZrNxl1/
dn25VWWXF0APptR1bj+9B7zpSHZLSkkuydMNvmO3hi4qMg1hxsI4tybwHC5+9wwjguSG1uasaAW1
T76TR3/CgAF+mA7IQELYRAZeAF1X1uVREHOp+awr39VKD9H8e80vWyoEs2BkWhJb2uHrWZitTtcJ
zNb7CwYTh5oes6tcMb+uZyCjXVxCb37Qbehla1v+92+id72VC3MCYwsig4acfjXdD+Rsj0aWZ3Qc
st9pMh7NOohx25FRxydDscXvhGPG4y1GtLX2otSCrNk4phtK0XFiq2IgWqY/gqfPUvpo7PvMZIlR
Y3KN3XQOQsC1OoEcydUTd8MzNej5PcA6XN/lSqQ0VfMlZK2fEddPienj8IL6dsY2Drgd7bbjbDp5
8FBC0V179t7g2bbC6VzunLaFh7xkO/6+Scq27y3QfD4/f1KYJg6TbjgYpbd37Du/6Av200+CzyNL
7Wy5vl94TeOTfpr0AICA/HxW1z4fAMSAOtzIgU3Gv5elxNh7TFWp3ao3G94uGGP/EZ7M8mPmwvru
QW6DeP99I0w6uFV4gES399NfA7auejQjYEizqjEeuy/hZbKrsoE+6CE1VGTFHObbGG7brp1711BN
kzpcJwsOul7hLr2yak2l7xPc08JIe8ZPmdTCz7e5vLXm3343QPjEeTx8hdVt8+vBuyX+QERVS/b8
Un+g/Vh9fegJf3Bz3uCmNchmrY7rE2Ldyd0BDG4iJbf9Sd38vuf2uuSwuo+mT7JXkM6GDRZa1lHf
e4dIl8RGfEWbs3Jum2V3fxzep623i1pdbZbZzb8+er/pGp3t7GXFtdviUpmy298edknt4Yfuiksl
ngP39xSGGud0G+kHQevqEvlskHwx0mh8vVCmxxO5pBsgl22O49zyZAGBhvhOoQ1mu1DqPGpLjhcL
idzLJXJPgdKWfMvbXvtrpOmM2XZIZVXt9Nvb953LZb30W4sPiZhi8HfFkPLVsVT5noTqiDQM1hRp
uG2Xv8eP29S6f1RVyYGacHG8VvTxIQA7cqDetHcgl/VT/f0gZGCwTp+K8IGJWfxdnwnS47YjWxtr
JatUsF0zyN/M1QQ2d2TTnWC4ZUmS1999q68I1TWt7IbrN+3qRPLY0r/i7B3oByNZ27rvepNJnhcF
VlfX1K05309kZA/LIjdOzm5yAXcCSz/+W4xsK6nT5kQrlSUuqpuBfBQEOXnXjr2TmprpQhRq9Zie
29YFz1HutIYy0BVuXkaNoB2BRkB/6Xnx5S+02K7COjpzbzskHDT8yE1vyUchNQ33PdPURc/FPaS3
gmY5foKVnNhEQT3fhCyJD1+kcnXyULvrOCXmeD6iWEe5g2mul3/lYMvD9GK+kGfs8nOBjeTJpVVF
bcFCl//mK0x8sw3hvempC+Rud+3PCZEu8WX/8u03++L+5bv3kdyVCfGlLd8RZ+k3zpR/Cc6/B2dP
A7Is+0D69ffitRVvusnXULuI3P4GlE+gPI7ybZR3490XUX6eFPoUyn2ofz69vw/3syivRCmhzKHc
i/IAyitQ7kb5PZQ9KC9G/0+j/FfUd6I8nN47STer4F5FOYPSi8L7/BP6vgko7MX9Y3jGnf4FyjdQ
/hxjVGD0HbwDnOQf0fZelO+ijKNcQPmm6NNNX4W7jvv3UX6K8hU8W7g/meLzOZQvJHfGvyjvFocK
4/i9Qfq2fEz+sfJataLuVM+pb1cvab3ajdoZ7cPaNzJhZlvmicwv9HH91fq3jTHjDcZ/Nw+ZnzUv
Wb3Wfusb9jH7cfuT9iXHd67D7xHnY27GHXJPuR93f+G1eRu9o94bvK9njeze7Hv8Dn+//y7/18G2
4I3Bt0M/vDF8NPyHqDtaiN4lOHY9O4gM5i7wlZEM2Uj4WfyT1Eu/5u+lFxv8XE0vNHhvsd9P64w4
jR4SWcFektblpj5qU90ih9j307pDFugvxDp81XY8J3WKEZvSOiMa8uCkLpGIjKV1uamP2lS3aR+5
Ia07iBNOpXUf8M+m9YD49P2Yjcp6ildST/BK6gleST3BK6nLTX3UprpO2lh9ngTHpG6z/eyNaT3B
N6kHpFu+KOp2Ewx2Ewx2Ewx2Ewx2Ewx2Ewx2Ewx2Ewx2Ewx2Ewx2CsN+Mk2Ok3tBqSkyt2Vuemph
5tx0ccvZ06fPnpkv1oZGiofvHzxzZHB+av/08XtPTc3tnZs5szA9V9wxc+oUbrunT0ydntpydvb+
uZnjJxaKvUf6imMjoyMDxWUde9eeWFiYXT08fHZ2+syxs2cWTs0cnpuau3/o7Nzx4dnps7OnpofT
IcmI9X0DxvmZhRPF/dPz03Pnpo8Wt2FUcffU6enirpnjR6dObZ+aPj19z5Bh3HRiZj55e+DssYXz
U3PTRTScmjkyfWYe4+49cxQALJyYLh540c7iHqyfdN6ZdBgoHpyem585e6Y4OjQ6lEyWjuXTHDk7
O4NJDk+fOnt+oDh15ihvnDo1f7Y4dW5q5tTU4VPTRQHnVHHbpn3FqYXVRorp/JG5mdmF+aH5mVMC
yz3bdqZvjqSEPpLQWbxNl5wfrhN8GNQfPjV9fOrUkbNHp//ll88+V3z+heeffaH4wxd++D+efeF/
ki1kDtybIgtkhpxDrYiWs+Q0fmfJGTKP5xoZQlRaJIfJ/fC6Z8gR/J3HiBMYs0BmyWroyDBal85z
ZMksQ7jPQUa4Ns3g3bRonUYZvmre4XRF3pfL1RTufLajeNqLWWbQdwH1OcC0A0+nRD/+tBv3E+h/
GoVjMYuZef/jAtYi6cU8fbiPif9NM0IGUP/dM/aStcvw5LNy6I8JzBYEPofRF5KP1Rbx5L14Xz7T
8LJVmtdYD4gGYFHOo20BaxWFNs2Ld5yOR9GyLV2LY8ix41zaJfA6KqizHX+nRfs9gMDA7ybMNCO4
tzj2AGrHUDsvYOVzJD2WcoSvdy/qR1MKcJimxegXkZ2470nxb55555IZOFUPitHzaD8r+o4CrlEB
2yJkS9etQ3NEUG0mheQw7qfQcl7MOiXgqvfkmM/jHa+dQ5kR9uewoGuxiZ5TAtZNZJ+oL4CPxjKe
zgvpncHzgpDVeTHXIi/3YPxO5bvKJeU7yj+QovLflB+hfEf5EerPoP6M8n3+pPyASIlbuvIA/390
V18bp2q1sbHR0ZGR4eGhocHBgYH+/hUr+vp6e6vVSqWnp7u7XC6VurqKxc7Ojo729ra21tZCIZ9v
QVIUx1EUhvzYNZv1+CmrY9uWZZqGoYsP0flhGhzr6z5Jrzx8/Ymt/0/9e0pVtpH+pzIa/n5EUdDy
EU3D3/8Nrhyr/mVuZHN0cmVhbQplbmRvYmoKMjMgMCBvYmoKPDwKL0FzY2VudCA4MDAgL0NhcEhl
aWdodCAxIC9EZXNjZW50IC0yMDAgL0ZsYWdzIDQgL0ZvbnRCQm94IFsgMjMgLTIwMiA2ODMgNzAw
IF0gL0ZvbnRGaWxlMiAyMiAwIFIgCiAgL0ZvbnROYW1lIC9BQUFBQUErTmVoYW1hIC9JdGFsaWNB
bmdsZSAwIC9TdGVtViA4NyAvVHlwZSAvRm9udERlc2NyaXB0b3IKPj4KZW5kb2JqCjI0IDAgb2Jq
Cjw8Ci9CYXNlRm9udCAvQUFBQUFBK05laGFtYSAvRmlyc3RDaGFyIDAgL0ZvbnREZXNjcmlwdG9y
IDIzIDAgUiAvTGFzdENoYXIgMTUyIC9OYW1lIC9GMiswIC9TdWJ0eXBlIC9UcnVlVHlwZSAKICAv
VG9Vbmljb2RlIDIxIDAgUiAvVHlwZSAvRm9udCAvV2lkdGhzIFsgNzAxIDcwMSA3MDEgNzAxIDcw
MSA3MDEgNzAxIDcwMSA3MDEgNzAxIAogIDcwMSA3MDEgNzAxIDcwMSA3MDEgNzAxIDcwMSA3MDEg
NzAxIDcwMSAKICA3MDEgNzAxIDcwMSA3MDEgNzAxIDcwMSA3MDEgNzAxIDcwMSA3MDEgCiAgNzAx
IDcwMSAyMDYgMjMwIDMyNyA0MzkgNDA2IDQ3MiA0MjEgMTk0IAogIDI0NSAyNDUgNDM1IDM3NiAx
OTIgMzc2IDE2OCAzNjcgMzg2IDI5MCAKICAzNzAgMzczIDM3OSAzODMgMzUxIDM4NSAzMzUgMzUy
IDE4NiAyMDMgCiAgMzMyIDM4OSAzMzIgMjg3IDU1MCA3MDEgNzAxIDcwMSA3MDEgNzAxIAogIDcw
MSA3MDEgNzAxIDcwMSA3MDEgNzAxIDcwMSA3MDEgNzAxIDcwMSAKICA3MDEgNzAxIDcwMSA3MDEg
NzAxIDcwMSA3MDEgNzAxIDcwMSA3MDEgCiAgNzAxIDI5NSAzNjYgMjk2IDQ1OSA0ODMgMTQ5IDcw
MSA3MDEgNzAxIAogIDcwMSA3MDEgNzAxIDcwMSA3MDEgNzAxIDcwMSA3MDEgNzAxIDcwMSAKICA3
MDEgNzAxIDcwMSA3MDEgNzAxIDcwMSA3MDEgNzAxIDcwMSA3MDEgCiAgNzAxIDcwMSA3MDEgMzM2
IDE4MCAzMzYgNDUxIDcwMSA0NjYgNDM3IAogIDUxOCAyMTcgMjE2IDIyMCA0MjMgNDc1IDMwOCA0
NDQgNDcwIDUxOCAKICAzODcgNTIxIDQ3OCA0OTUgNDU4IDUyNCA0MTcgNDM1IDQ0NyA0NDkgCiAg
NDQ3IDU0NyA0MjkgXQo+PgplbmRvYmoKMjUgMCBvYmoKPDwKL091dGxpbmVzIDM2IDAgUiAvUGFn
ZU1vZGUgL1VzZU5vbmUgL1BhZ2VzIDI3IDAgUiAvVHlwZSAvQ2F0YWxvZwo+PgplbmRvYmoKMjYg
MCBvYmoKPDwKL0F1dGhvciAoXChhbm9ueW1vdXNcKSkgL0NyZWF0aW9uRGF0ZSAoRDoyMDE3MTAw
MTE5MzU1NyswMCcwMCcpIC9DcmVhdG9yIChcKHVuc3BlY2lmaWVkXCkpIC9LZXl3b3JkcyAoKSAv
TW9kRGF0ZSAoRDoyMDE3MTAwMTE5MzU1NyswMCcwMCcpIC9Qcm9kdWNlciAoUmVwb3J0TGFiIFBE
RiBMaWJyYXJ5IC0gd3d3LnJlcG9ydGxhYi5jb20pIAogIC9TdWJqZWN0IChcKHVuc3BlY2lmaWVk
XCkpIC9UaXRsZSAoXChhbm9ueW1vdXNcKSkgL1RyYXBwZWQgL0ZhbHNlCj4+CmVuZG9iagoyNyAw
IG9iago8PAovQ291bnQgOCAvS2lkcyBbIDUgMCBSIDEyIDAgUiAxNSAwIFIgMTYgMCBSIDE3IDAg
UiAxOCAwIFIgMTkgMCBSIDIwIDAgUiBdIC9UeXBlIC9QYWdlcwo+PgplbmRvYmoKMjggMCBvYmoK
PDwKL0ZpbHRlciBbIC9BU0NJSTg1RGVjb2RlIC9GbGF0ZURlY29kZSBdIC9MZW5ndGggMjM1Cj4+
CnN0cmVhbQpHYXFLaGI2bCo/JjRRP2hNUyZNM21FQENdZF1JMWFETTBRR1xFWTtqOmw+NU9MIXM0
KUwsNHE3RSZoP2clUFBGN0o3Q3VSMUtZMiVmT2JvaEpvYGIlX3M4VTFKWkc7SUNGQz5XWidWbDdq
UmtKQVwkPSZUW1ArLGFBNyRWOkctNEpUOCdJNS1XTmNWQGFfPFM1U1I4XTZFNUAhXEMhITYtOydH
cCIqXVA4UD9zZE1wSWBHMyNBUFheZm5XaGRORXUtJFMnaT4+JVo6XylVYFNaQWBNdGZdcUMjcl1p
SVdTVkJHbHEwMTRLbn4+ZW5kc3RyZWFtCmVuZG9iagoyOSAwIG9iago8PAovRmlsdGVyIFsgL0FT
Q0lJODVEZWNvZGUgL0ZsYXRlRGVjb2RlIF0gL0xlbmd0aCA2NDUKPj4Kc3RyZWFtCkdiIVRVNClg
bi4lIk5SJSRCQlAtTUZgUjpbMipWVi9kNEBaYUM6ZS8hWDAnaGs1UHNnQ3JiXlNDcl0oITZOVmhp
IXRuJU9WQzNUaS9fR09gN3RAY2hndFgocjYubDliai5aQU9ob2sidEpgRnMmJjM4cmIqT0dec3JV
Myg+aU0+XUckQyImckxyTUxDUV06OitjUEUmPFs4UFRPaUpuSzxhQkddO2BJVzNGJEVILSQqLD4q
ZlUmNSNTLVdONixXJF9KbUViVWo2ZnJVKi8yPz8vLmMoLGcucWAocUVfU1pAa0UiPnJXKmY7ZkYu
O2okIXBXJFg9Zy8tVV8iRUU2QEw/LSJzWHFgLWlUMC4rTiQsMnUwMVFZajxSYTE6Q1FfTDFcImNg
Z18oZls2PF9wZSplM1tdKjMjUjRUXmFSUDYlQTduO1ImRjpSTlRoVyslM1JaIW9ML0JYI1I1aUpL
WUIvZC9iZ0ZUcWo3aVUpN2o4RF9wZlwpUz5cPDNKb2JrMUZXcS1aRS08bkdJLGhpVDc8VnNvck1I
NCclZC5BOEA4Xk0rLTBLXCZNLFtKRiQjSD04Oz1YV0tGS3JEW0s7L1hNTzhrWFJEbD1xSllcWitq
Xj9KPGJbcC1oQjMlRUMmdEBrJ2xvMlVDJWxsVGNtTiIzaigkOWNcO2drZ0xrVCpbMSZtPk5eMFpx
O2Y/SWE3SHNdIyNEa1QnOyhnUlwiIXE7ci5gTlUlZTVfSnIpMDZUMDI8Iko9JE0iZ044U21gWkcq
UU9eZWFdKC07KykoYlRjXGxGcmAkN0FDNElMVTlBcSkyMVQ0cWUuZUs3TzdKPU9qQG5Nbl41JVhS
YEJUbis/a2B+PmVuZHN0cmVhbQplbmRvYmoKMzAgMCBvYmoKPDwKL0ZpbHRlciBbIC9BU0NJSTg1
RGVjb2RlIC9GbGF0ZURlY29kZSBdIC9MZW5ndGggNjA2Cj4+CnN0cmVhbQpHYiE8TFxXNV0oJSMw
Km4iajklXypxQFYtJVgrYyhBY05XT1YiI1RdWVdyY2RdUk1bLlEkPiRsQGojSWU1blYlMydgSHU8
S2pdIjFzJyRRRz80KHErNzZsSSEiZEU4YnBdV20/bHNHTEJWbWoyPShIX0I4b1g9S1lmbFlJMWE2
OnRxI01mLVU2KTZHYilSJUFWP1ZnLjJoa3FzNU0tKkBqPD84JD8hYiZCLz1bZUw4PmpFJSMzK1si
aC9sQElyLUhLXVxHcXNYRFg9IkVRKiRPSEEyYXNLVWRXWWRVOUQkRFlhUWZRJyktcjZMOFQ1ZlpL
KW5DZ1dXTmNZbyhvOEhkQ1Yzb1liSE4haVwpIydpOT5XWztBYUhSNUJAcF5sLiFCJzUrc2suOCdA
Y0lVQkU+JDtIJFk2TTxJSy49WEsxSDZbXVZPKyosNC1cLmNuPVZASyRbcD1EPU1AXXUhJkBAPHEx
IzojKDlvI1AjclYkZW0xK2lBVEBGYWFzaXEkQjJkT2MuRSMoOz0qdEcuKVNFbHNSYmRLMmc2KGs7
cDRnIjA1U0ViJ1xdP2FbWS9bQG9cL1lvTFtlWScuZkg3UGhgZGFpTzdWLUVyREw7PERKKSJUTVhc
aSVJdC1RU0tRcko2J0I4NShoPy1wbSUsJl9oT2oqOlZqUWNRTTNcSUJdZyJmXztAJi9bWGhCV0RV
I0hiYyVwI0VkX011JTQ3YD0pIl1lWDQ0aWs/JXMjQC1HSV1fNGxcKC1fIkcyck81SWFjNi8nWVlg
b1ZZSSNzLEQ9a2dbLnFCX2JbUjMxfj5lbmRzdHJlYW0KZW5kb2JqCjMxIDAgb2JqCjw8Ci9GaWx0
ZXIgWyAvQVNDSUk4NURlY29kZSAvRmxhdGVEZWNvZGUgXSAvTGVuZ3RoIDQ5NQo+PgpzdHJlYW0K
R2IhPTc0KV1hKiYtMVhaP1pCUXRXb0xedCVzdEc0OU8wLG5rYD5yUjwycFgkYzJTbDM0SGJqU1Vl
J2tjPVUrLEBvRC1pOSNaXzFSYShiX0dRc2QwZTVfQEpjM29fP3JeaVJYXjFFPmksIjY8ZVxBcllJ
cltYNj9tMGcmdW1eXTgnTlIhWmB1Q0VUYDouR1wzOWdTTGApbC01KmU+N29VKSttTlYlIjRsZEtT
XzBSXmgqVXNnRkpqRSkpNz9ERSpRTmpvZityTkRvZ1YzQi5zUDw6XCclVy83c2JzLklZNFIqZ0pD
WHQ6cHNKREdGUSdZQyJRSFxGRmU2S0JqSHV1SkxLVUVVOFcuTyhiMGRhcls8azFlPD4wPFNKPldm
ZD8sb1BrZmQkdUIkY01NKm9wKW9gMVFlcXEzQ2JFQjdhQ0g2ZjJcPD87MmtfIzMuLSNbJWBvWU1E
ImhBVTlCRFpUcWVbajIuW28zck9PQyVcUFBwRG9xKXJPKTorWTw6Xi8nLFoyL1pISDluOylAZihh
bWtQXCI3PiY5WVlqbF4+PD81XWpZJy8lXSMnYj1ybERicUxoUWVfbylHTGsvLmUjWE45PVJEQlkx
NzpCYD1BUEJMbkBPdD9NZlg+O1VXJypFLjFXX0hJMCNAaVJeKX4+ZW5kc3RyZWFtCmVuZG9iagoz
MiAwIG9iago8PAovRmlsdGVyIFsgL0FTQ0lJODVEZWNvZGUgL0ZsYXRlRGVjb2RlIF0gL0xlbmd0
aCA0ODQKPj4Kc3RyZWFtCkdiITxLOWkmWVwlIzQ2TCdnRDJeQVspbjFrblYkMD5gYTlpWVkuVm4s
YyMtYHM4UlcoWzNQUzYtSydKIjJsW2ZZSVw0LDlZV0IiPF45JUFWJENFSVhPSiQ3Zl4lIm9dX2Mp
XEdBaVFrIyZIW2tDPGhKYy1TK2ZVb0UwazluJlcyazlhR2hRcTA1QWEncEQwOmRaVm0uXUFrQFlL
WjssJGkpZGw3WUM5aHQrbCVdNnBGXikmaD5JUFZeZCwuMVshUUNWdFFMKEIzXj9GNFFmKSlXKDRZ
SWBUT146SlZUcE0+YlxMMVh0RCxtPlhscywpR0N0WDNAaFExJjhRL1JJZjA2TDY0T2tNOHQySSlT
SzotTFNhOGN0Lj9LKicvTzY/X2MoVFhibylGLiRack87JmVKYk9DW2I0KkYqc0toaUJDbkZtJilj
OXBvNTdhLF1lKVRjaDopOV4waFkqUzsyWTZaPTVfYyYuREBuVS1iMDI2XF8rM1NBSTU1bT9lPzss
R1Nwb0ZuMmBgXDkoIyZIOXVpS3EpJSlrRyU3X1xvUVI7bGlwT2A+Xzo8JmcrXVYzTGs7VmRlS1NR
QyxnaV0+KyJ0XCVUPXQnYVZmMmUuIj9HViZqKFllXUl0SCohcV5xOGYpfj5lbmRzdHJlYW0KZW5k
b2JqCjMzIDAgb2JqCjw8Ci9GaWx0ZXIgWyAvQVNDSUk4NURlY29kZSAvRmxhdGVEZWNvZGUgXSAv
TGVuZ3RoIDI4Mgo+PgpzdHJlYW0KR2FzYWpdNUdNPyUsQ2RyMnRoZzYrdDYuUD4raDpoJ1taJ0c3
MTBnTk9Tby0/UE8oPWchaTFOOCcwX01VXTk9Qiw4R2RpVUpDZkQ5U05tbk4kUE4+bVpIJDI2Tmgr
Q1hHc00pQUA6R3A9VnNmWF1aN25HYEo4dWNmcE1OYSFJJC5HTiIiWjk0WGVeMDlNTjhbNzRnSl5k
PHQoa2htdVBdcUwzWnJMNWE9TGZVXHBjSW5BPWl1PDtYdEk8PyxMS11LczUsYVAqL2NJNUxnT1NL
JS8sMkVAKy5jM05UQERWMiptZVlXXCEwbGJtWEVoSmBuJyklc0VTU3Nob2IuTGJhMGgoYi5NUT5R
JV9LRCh1N3U/WEJEODE3Un4+ZW5kc3RyZWFtCmVuZG9iagozNCAwIG9iago8PAovRmlsdGVyIFsg
L0FTQ0lJODVEZWNvZGUgL0ZsYXRlRGVjb2RlIF0gL0xlbmd0aCAxNzkKPj4Kc3RyZWFtCkdhcWNv
XWE9ZywlIyJNK01DSk0/MVdmJ3JCLklZLEYtLHJSNzciSENJL2goOmpVYF5gNlxhWjMnWi85VkRc
SSkxbG44XSdwXUh0ciJNYHNfQDFLa1JRNiU9b0dZQ28lcE8zPVxsJ0pkKypeMmxKRk46dWlTUDdj
RlUsOGxNayVaX0Vsb15eRDQrXFwxTC9LOEhXM1YvbWkjPy1USjtjPWhyYVZkKEBnckl0Ii4tO0U3
Zn4+ZW5kc3RyZWFtCmVuZG9iagozNSAwIG9iago8PAovRmlsdGVyIFsgL0FTQ0lJODVEZWNvZGUg
L0ZsYXRlRGVjb2RlIF0gL0xlbmd0aCAxODAKPj4Kc3RyZWFtCkdhcWNvXWE9ZywlIyJNK01DSk0/
MVdmJU9EQ29PNUYtKEUoNzciSENJL2gnbzxDQC1iYTxeUXVLZVRtYWI2L2UpcWlhPlVJWTVXbV9U
dDJmUiJLaT9GJFVpW08vWV8iVChnI1pySzs+LWkiSXI0YzgnJUlQJWUsZDA5J11TRiZnSGhWSCI6
USZaMSsqXW5Ob1lYN2BjUTVOIUppSXQ0bV8xQikuMFxDX10lX0Apb1gvNk1+PmVuZHN0cmVhbQpl
bmRvYmoKMzYgMCBvYmoKPDwKL0NvdW50IDAgL1R5cGUgL091dGxpbmVzCj4+CmVuZG9iagp4cmVm
CjAgMzcKMDAwMDAwMDAwMCA2NTUzNSBmIAowMDAwMDAwMDczIDAwMDAwIG4gCjAwMDAwMDAxMTcg
MDAwMDAgbiAKMDAwMDAwMDIyNCAwMDAwMCBuIAowMDAwMDExNzIzIDAwMDAwIG4gCjAwMDAwMzA0
MjYgMDAwMDAgbiAKMDAwMDAzMDY4NCAwMDAwMCBuIAowMDAwMDMyNDk0IDAwMDAwIG4gCjAwMDAw
MzI3MzYgMDAwMDAgbiAKMDAwMDAzNDU1MSAwMDAwMCBuIAowMDAwMDM0NzkzIDAwMDAwIG4gCjAw
MDAwMzY1NTcgMDAwMDAgbiAKMDAwMDAzNjc5OSAwMDAwMCBuIAowMDAwMDM3MTU1IDAwMDAwIG4g
CjAwMDAwMzg5MTQgMDAwMDAgbiAKMDAwMDAzOTE1NiAwMDAwMCBuIAowMDAwMDM5NTYxIDAwMDAw
IG4gCjAwMDAwMzk4NzAgMDAwMDAgbiAKMDAwMDA0MDE3OCAwMDAwMCBuIAowMDAwMDQwMzc0IDAw
MDAwIG4gCjAwMDAwNDA1NzAgMDAwMDAgbiAKMDAwMDA0MDc2NiAwMDAwMCBuIAowMDAwMDQxNjYw
IDAwMDAwIG4gCjAwMDAwNTAwMTYgMDAwMDAgbiAKMDAwMDA1MDIwOSAwMDAwMCBuIAowMDAwMDUx
MDM5IDAwMDAwIG4gCjAwMDAwNTExMjYgMDAwMDAgbiAKMDAwMDA1MTQxMCAwMDAwMCBuIAowMDAw
MDUxNTE5IDAwMDAwIG4gCjAwMDAwNTE4NDUgMDAwMDAgbiAKMDAwMDA1MjU4MSAwMDAwMCBuIAow
MDAwMDUzMjc4IDAwMDAwIG4gCjAwMDAwNTM4NjQgMDAwMDAgbiAKMDAwMDA1NDQzOSAwMDAwMCBu
IAowMDAwMDU0ODEyIDAwMDAwIG4gCjAwMDAwNTUwODIgMDAwMDAgbiAKMDAwMDA1NTM1MyAwMDAw
MCBuIAp0cmFpbGVyCjw8Ci9JRCAKWzw1ODIwZDczMDg4OGJkYjRlOTQ2ZTI3MGM5NzUxZTFkNz48
NTgyMGQ3MzA4ODhiZGI0ZTk0NmUyNzBjOTc1MWUxZDc+XQolIFJlcG9ydExhYiBnZW5lcmF0ZWQg
UERGIGRvY3VtZW50IC0tIGRpZ2VzdCAoaHR0cDovL3d3dy5yZXBvcnRsYWIuY29tKQoKL0luZm8g
MjYgMCBSCi9Sb290IDI1IDAgUgovU2l6ZSAzNwo+PgpzdGFydHhyZWYKNTU0MDAKJSVFT0YK

--===============2525262748668780225==--

-------------------------------------------------------------------------------
