Content-Type: multipart/mixed; boundary="===============2683740693983495590=="
MIME-Version: 1.0
Subject: my subject
From: cleanapp
To: paul@polo.com, Or@refael-t.co.il
Date: Fri, 29 Sep 2017 09:23:10 -0000
Message-ID: <20170929092310.41754.72386@users-macbook-pro.local>

--===============2683740693983495590==
MIME-Version: 1.0
Content-Type: text/plain; charset="utf-8"
Content-Transfer-Encoding: 7bit

My body
--===============2683740693983495590==
Content-Type: application/pdf
MIME-Version: 1.0
Content-Transfer-Encoding: base64
Content-Disposition: attachment; filename="myfile.pdf"

JVBERi0xLjQKJZOMi54gUmVwb3J0TGFiIEdlbmVyYXRlZCBQREYgZG9jdW1lbnQgaHR0cDovL3d3
dy5yZXBvcnRsYWIuY29tCjEgMCBvYmoKPDwKL0YxIDIgMCBSIC9GMiswIDIyIDAgUgo+PgplbmRv
YmoKMiAwIG9iago8PAovQmFzZUZvbnQgL0hlbHZldGljYSAvRW5jb2RpbmcgL1dpbkFuc2lFbmNv
ZGluZyAvTmFtZSAvRjEgL1N1YnR5cGUgL1R5cGUxIC9UeXBlIC9Gb250Cj4+CmVuZG9iagozIDAg
b2JqCjw8Ci9CaXRzUGVyQ29tcG9uZW50IDggL0NvbG9yU3BhY2UgL0RldmljZVJHQiAvRmlsdGVy
IFsgL0FTQ0lJODVEZWNvZGUgL0ZsYXRlRGVjb2RlIF0gL0hlaWdodCAyNjAgL0xlbmd0aCAxMTI5
NCAvU01hc2sgNCAwIFIgCiAgL1N1YnR5cGUgL0ltYWdlIC9UeXBlIC9YT2JqZWN0IC9XaWR0aCA4
OTIKPj4Kc3RyZWFtCkdiIi9sYkhXJjElN0VBLDY4aU1STz9HQWVSM3I1LyRTISJDZ21OJG9PU0Rm
SjNIOTkwInFtUS46L1FFImxhOG5VcjkoZzc1TWA9PyEhISIsL2o+JkkiVStsKyEuXGpKSG1bdGgh
ISEjV2lEZllJUzBuOjohNVBBbltAMCdOISEhIkxLNSVmXWZNMkRIIS5cIV5cIS9qSiEhISJMSzUl
ZldmTTJEcEs6PClHVFU5b2dNIV5dPUk+MjdpKCc0TCJBXjNIX0tnLF5PJTsxY0tcVCdrNyEvcT8k
Q3E4YHBVIz83Sk9SW0ldOUZfPS5eZG4rMD4zQDpvUnQ3PT4ndXVCPWgtUCtrISEobS5wRltJN2tw
MUZUIjdVPGttK1RdMGBybEQjLEExOFFfcl46LG1PSj1JKiZiRVBwVywmaSE7T1FCKFpuMWJrSlIm
ZCQoTmBbRy9xWlkhPEJYZmU5YzN0Xy4yR05xPzQ2dWcvbyQwMGBfOkw3SmhlL2MrXz9gMF4mJDpI
IyxPTEJiIig/M0U2Ll01Vl9qYEIqbDM5biY7TzlCPDlBLGZQPiNFUjdxZj4vWkpkTlstVy00NCNq
IW0oPk5cRWJqbWxPL2BuQGdSTS4uayxtRj83YUpSUjBPTWYzaSxJLlg9RDouI0YrJystJFM1XGJv
LGxkb3AqcD5NM0VGX3IiYDBaJWBuJiFfMFQ0J1QvT2JdMCgvLT5sO19JTUVhMCtLVGQlbTkjcihq
UHRCWEpSYE9PQ0YsWiEhJ3JfWko1PCVuSEVaKUQ4ZC9obE1zQ1shaV01TFImLVwuPjs9KVAhISVV
WTMuTElPKU1QLHVpWlsnYTQlJkZlKVJqRVA8KURxYFNtaS0vISJqMT5KK0IrJWooTlhoY0hpRWUu
XUJWQHAya1NGZztSJCshISVmdF5VZVgoJnIxakFbUXNeTVZYc0NuMWduOj9lIU10ZWROcFc1IVdX
M0UnSCMtXzAjZm9EUi8sWiMrJTtxKlgqOiZRXVw1K11AT19OXSE7T1hGXiNyWUcmXkk+TEo7aGYv
RDRhTGchR2NcRWBrOS9EPTdvT2kib3JVQERgRHNPK2pbKl1MNVxVTHA7c1wzTlldKjw6RyZRbitm
UkZTIS5eLSskW2dbaW0sTyRTQzs9bVNOVl8sT2pZaStPLSE6M0o6OFEtUW1XKE42OmRQVV9qLzJG
M1dCVkQvRFVYdFlRaldvUDRIYjBCITcxSHRPcj9kUC1lISlzPjI1dTBbNixaNl5iT3BLVj8qOltC
aUtDUlRrb049ZW9TOXE6LmJpbkUhQW1nZGhrKksvZW5WVTpkXHVtQl90SUVCYCxATCEhKGViXDRx
PjJOL0Z0XjpkUFZqPykkTDxrcmclPT5KWS5WISJiaklFNmM0bSVrKy0xSmhHST9CZnRtLDRLVm9p
IScwVi4nW1FTM2tnQlFZaTZcKXMwKiI2QWcwPTFYW3J0IkMyOi86N28iXnFgWF4yIVg0QixERyFN
OG41JyQ/az9jZkJYdUlwME1jITsibiJZWl5ULzA7MCNpb0xwO2NwU1pPTCEmMG9GJSw6NEhNa08i
b2pGTUIlPi5qbjlfcUVrTSpUMz9EVGknLnNKVEg8P1lsSEhWPD1Ua2xtWTVTJnJVbk88QkNgRj81
SDdoMTMuKHM+KFVpMSNJWnI0XV1tOmUzNDxvbjooKjhEKCxLVCNiJkdGci5OREEuSEBJbmlSYXIo
cSpNcjNOXUJSKlJeSGJqQUAvQGVKOSRxJlpoN0NQNmMiNkdMVCc0aChEZ2V0IyFoXE5icmhKUGIo
UXVjWVo/T1pmSkU5Zjg0MzRRPkpmbFRJQSswTWstXmA0WDQlXy0jLG9sJkhTMyJOITRRZlhpXEFw
PExsImZvbydZLyJoNTBDV0BtZ3M9cSxDXFQyMDcjJTA1WTFYVGhdLzMlIW5iJGUscidMdFw3Tk1B
XHFaPlFMXl5IL1VuLU5uaV1BWnNRcnJzO2Ffb0RlJUNmXnBJMWU1YSpgVTovNidALHJOKlcqalZy
azU+RGsoKiE8Q1VgMnIqa2xbX1gwa2pwIjpZaW1dY0MhVlVdMDVDYWwoNkxIXkVWJVlsMkIqSFg0
O0NQSidWMyhFPjRzR1x1UCZMRylsbUM5PnVKNixQMkJoRzEjUD05JUAsLF1SLnFOUV5kS2ZtW1Et
XWU4L1wkZjdfcURdQ1EhcHIramFTJU5KKkhhUVFDVzRqLyZXNGVCZlIrW20sJVApX2JvIyhdPTVH
K1dwcmYtRzs3LWFeOF4yX0JsaShwZUtnPmt0bGdoXlFFa09kJD8/TD06Z19TRkgtRiVpaj5sVlky
VCZeP1ZDakZWbSQrKz5ob2Y+QCVCXjJfUihpQVxTYVNnMU82WVlTSnVwYzVJX1ReP1NoSlRFX1s+
JVwxJVVLR1JNVl8qOUZbSlstOF8vR0dgVCpvIUZOPWNOaXFgJjtBbjBkYVNESEdJPWZJYTElcy4m
TF9qLj8uVCFwPUNAWypCQSk1ZEElTTpMIVUvRzJGaC0/QmhMbTNHb0piRCk7ST1mJ2hYcCQsUlhF
USM7aTxYNEFsKFolUHNgcidrNVxVQypOdCtrK18zJUQqR0JdQ2FnRC1hSVBTXypeNzE2JDZkUDxx
aFQ7LT42cE9fJUJYTj5xYDliQy4pMDYnci0qTU9pWW0+L11qcSMpOmItMVtQJC1abCpXMD9JKypJ
WGtCJjg4bkEjTzhtTWROSmQpKVpjLDcjKnQ7SDo/U1RXbEYmN15bNTloUT5LbEhTVEcqayZkSmBJ
PmEoaUg1VFlpLnFyLm1hQj8tKDRcPi0jZz0mKmJcclJnaF8tOCwmRFUjUGdOSms5KDhCOiYwaWo1
c11bKUlBcjxhYC5uTiJSSkVWNExFSSU6ND51Sy9TVSQ9Z1EyL2RBP1g/cSdAciFcclVZYTV0UUg2
XWxPQidBNXBcRTVyOSZ0WS0jMSE7OWNIVSRUPDAnTFYjST9dZS9ubj4mU0E+UDZQazQ+SkZkNEs2
QTFXNmd1cykycVhXJUokUkgpLSE/MyJOZ2MpbCtpVVRaQElmdC5YMCZrJEMmUEU7TURxdUxcc1hL
bVRlaltTPUUiLGM5PC1cWVtYUThLI0wtUlklPSduYkteKGIsZDAoYXVOOmZwYlBFNippM2k6N11N
biQ0UE0/Xk49VTw5RVI2P1Fjc1VxSlNXQ2ZkaCRkUyRVbyciNT0vbkplNWxbU0tLNyJCRGFdT3NX
c1lUI0ZoI15lKE09WUxHXmVRNzVBMzlsPjMhRykpbF1RVlk3MEdFPShlbV1fby5YJ1g+UVFXM09Y
V3FwVERuKDkrUT11SVJSPFNpSjEnSEROIStlcnRXRk0lTkZqTCpVaS9tcThzZlpSblZvb0tXTjJZ
bUo1V2BPUTlBXmwmV1hMUiQlTl9TLjtpVWg+Jlk2YkUwPjJGXEVvTlYlRVo9c0UxMDlPam0+Ll07
MjRmZDpfWC07JXI9Mk0+bChVLVFHZzNZS1BoSjZ1SVhrb2ReNWxqUjtNaGRJVzRpKUhcbWFtRklq
OyMoIVlqK21HTVkxTC5OcycvTVVkMEg5YmM3byhwPE1RVzs1Oj0nTWdEZio/PShiKk9YallMOT82
I25uY2dJPVkqQzkpQCdPPiRdQyUlKi0lIkMrPWM+UVgwcmIhbzVwaylaVVZXXENUclBCOD5BVkJO
ZD9jVCY/TVY6ZFo5Sy8/KUdJXmZAcDZxNCFxTjM4OzZIMEBJIkg3XDk8WV5AQGxFJmdZNk1LOVc5
UikvLFQoJlkvUy5nOTdjMmtXL04uLlZxQHRnIWhNZU09Q09eKWZdTjwuKmcjRXRUKmRSUGFiQS1Z
cT4oJ3U5XV05cC0wQm9fPFZsQ1cuTUxuLS9DOV0wOVFxTD43WHNXVkMrW1wvbFAwKkFEKk8zOD8v
JEI1ZiEsWUUzcm1nQCQhVkhQME9dNUFTMEBCJjhGLCNzNWl1NG9wbCMnO0VzKD5NPEMmPGtbSyIh
Ul5VQ0EqSEpYJnAzXCxMPV0jZ1ZhVDtUP15ET2tSVTopOSFvRF9qOU9vSURxPTs9QSdtPmYxPVJq
R0BVVkI+alxuLWdQPTtyRnQnKW1TLWRAJC83QkUrbFYvOkRwNSY9QyJcRUhTPURcQTBXT3AuYVBV
JGNEVkxSaVU/UFsnJU5AYG0vQU8jIVZxJmFVYWUqOmVCPTVGRm9vUWRWTCk3InBcYmNFYUFpbjVS
JTQyOjx1byNUTXRtITdYRW06LlYtI1I9JUI8UDJPPG4iZDZsPjBfX2xtWEcnVUVQWl1nU2hSXCgy
LyRecz81a1kuJXVWPC1Eci9EP2sqcFtNLD1zWzgkVk9VRSliYitAOzsiNXBAdElAMSwtI3NFUS1K
VENrNUJDR2lnbVVHK11UJGo/Zzh1RlshSz1uQmpcaSojMWY4Jm5VZ1QhKlQ5US9VdTkqPmI0NkdV
PC1dNz5SQGxdPzpmPm9AQ0BKQChuPkVsIVQ4QUp1OyNbQ1JWUU49OFgqPD9cKkReLitDJVw+dV1P
OEomUThZcFBHb1AxNjs5TiolQXFLX0U1dFBAR1drbEJGXzRVLyxEaHNXM1RhPTsjRWdOIURQRXAo
azFDaHA5YnIoL09vcWtLc0FzXENBcDQvMGctLCM7a0VZX0U9VEo5O0s6V29QS1lgLWYzMVxSSS9N
RzZKR0JsP0dWUXEkYkVWO1tQcU4+bG9SZmomKWBdcjtZdT5Hb1dXNGVsTFtHciRZSjRzUWtJSyMw
aWwxRzFnODhbS3FkV0VELVdycF0oL1ksSmZXbk0vXXMvXFJZLU9IdFZDXEtVTmMnOjteOmxGPiRn
QyIrUk4pblxBNjEkNSJcQiJKQE1HLjtjSy5wOD0wQVZDVi1PZnRfV1tlUV41Oy5ZLDZbMzcrMmhm
TTUnMi5VNjZCMVRfOGovdVhiMUQ3KThecT5WaE1eVkVUWkRub21CTSMhNDtuODQ1cG5oWEBwVidw
OlhqNkdtPGpPbCs+WmMxIk5xZWRNNlQybFc0PU90dCdDKmk2R2lfRUYsWUcyO2xPO0AyWmgxbjde
b0ZFJ0tzLlQhcGpiJ01eOjooUSo7WGk8Pi02ITxpdGRpXD1qXUkzW2FhNmhsPzpxb1VcSSlVanRg
WGVlRSVbWHJyampbbF4vdTQ7V09cOyw5I3AzTmd1ZDQhRmAtWiN1OGApcU1mZy88MD8yZ1ckR0JM
Vy5pRjM7TTMvbmdNb1Q+aWFbcmM4cGU3TlJsUD9jJFc6Zm0waF5BXlljRnQ7MihZXmZFZTpkOC5T
TTRsV0lhaWNcZVpDcEhUQCtZXDw5aDlNWiwzLjhlJUBoaDJXRmAnSGNQXT5eR14xPy1AZnJULGtc
SkErO25QR3IqPVtoaWFxbEdDZ1gxL1xgYzJba0VvRDI2TUtHSFFlQ2tNMzxcXWdQO1FrJGBNNChT
NUorPillLjs9QlpzXy1sY2lZV3FXNUs6UmlSIi1ObnBTOE80Y00vXVo9QGxdYCRCPk47Sz88PjFZ
Kjc9XigoPlAqXEtlJCllXzlJOm08Jy9ubVptJEBRby9caG87YUg7aUckQWNKdCpWP1JSLmtkaUtk
O24nXFVLJVxnVSYlSlg8KDUqXURmYFdKNFY5NWFnJl5DPCZjI2k1NDtjKSlzKWUoODRlV29BVVFD
TztRQWNIW0lrPSk3WHAwJlhQSSFVYWdwNzdqJEhZVTZvVTA+b2VYQ1c4Sz1DYDY3UmtMSDVxMUAj
VG91RDpHYk5gODJRbSFeQ2grZCxgM0gkOldwQVskdD9LPk1gYGY8ZCohTm1bQm9FXjBIK3I7NmRI
MyVUUidkSVgjYjxBSSFkUURVIi81S20oLSNXZihWZD91Ui1aLXBXVl9WIj9hYSI5SVxHcyM+UC87
K20wbU8rX0NhUE9PK1ozYWxHVSlkbkZmZSZuK2JDKCkxbktyI14iVE0+WGMyVnVHR00oclVuaiJJ
RHBhWFxbXz83NjY7aV8+Il88NTwxL11wSksvXHRAXCZRQysxSTo8J2Y6WTo6NCwqLlcuRCNVPWc1
dSJAPXN1IWBXUURqTklrKWBnQWxtInNbMjkoZ2JAcVpmZVJmPXJIKjZKPj0mckJvcWwwcDtNKGg1
LnFfXTU6T3RndE5bOFY1TkNwWUFRLSskS1JFYC8qSnBdIjhgN2ErRWFnUiYtYic7aixPPV4tNyQj
IzpQWTc3Z0ROWktkPWhDTC0lRGlqQSMmYk1HPk5VcC5Oa15kXTlLYEY1ITA9YFJEcURvN21rPUM1
NjBmWiJqVFVSWWkkZnUoOGVJITRlRGxBQTEjP04jaEdGSWphIzAyWTFSYHI0JEloRCNzKXIkM1Vk
PWBRdGFiTEZbTGU3TTlVYTlgayNgZzptYFo4UidecDc5Tik+dWs+WmciaVxOO2hpQVdaRj0nTik3
USUobnU1ZFBHYCVzVlBFMCxuPjk+Si1iaztzX2QxNUItLlhvaC1VUGE2YSJIQF8ybm5KaDw7VUU0
RkA7LUg3VkNrJXI4Ul5eXlJKbF09MiI2a0EpMSlRZC5CP1hEYE5LLU8hcCdHNTQvTkBWR09sTmlk
Z0dFcHEtLUVCSCpySlkuSGszbF1TJFgobm4rXSNeRXFyQmchPyZRM3VoJlRiSCNKcjtBSlRLPCpi
IVpOKShwXDk/R1c3WSlNYDxpMlA9J3AzaVo4PEJpZF1XaGNIQkgwKVRaVytpI0hBNmthQk9ZaCQ6
UDpkNCQ0bl5JPkZxOVllT0ZhPTVKPTxLck8mXkFzPENyQ0xlVFdQYz1hcCkrJEVsbCotJnBhVl1W
TiQ5amdpTV5DTGNEX0slZktHMlEhJldlJ1hUTTJHUDJpO0siPnUpKyZNcydAJ1JuPURMcjdZM2Zg
Q1E1YDFoTWFWKTxtK0UlL1dsaUNyYWUiYSJMOWFQbUIzNCE6QFBLWl9mVVooX2QrOS8tITUkTz8y
SXQ9Yi5qTVo6RDEnR2hCP1thRmhUdVcsKCwwa1csKkRLQl4uUkBkOjgrOF4jb1xNL0FALGxDOGxu
QV8tXVBJNURlWiYycCgjMTgkRFkvZFUzYFovYGBvYC1BQnFgZCxlSVNxRTsrbTEpT0AwN1NGaVg7
XCdfY0prLHA/KmkyW1JLbDRmKm5eQFUnOFhDYS0sLCJ1RTpRXV1jUV40Sj90V0BDUWpeO0d1XF9K
JGNvL0E4UDNzLmcpQUVwL0JQL1Fpb1ExN2UyQFFXOD9aYSphX1sqZGhKI2k5U0VXY21WW09QYm1e
TS4/XlxNUSorcWZHIkZQb2IsWCQpPSt1T0BBYS8lJCdJUmI9S0cuRV9DPVQ+ZzYnNGgvKDhQb2Y9
VUsyTy1XNiEnaU1GVlg+MypeW1IsW2xJKUFSIkJaNlVQTUdcVzYyckE5Z0MxWEs+aGckc2hLWVlU
Y3BQYl1vKSNgXkdgRCtPUERsXzsraS5YQiQxOTxaTjdSQTxgLU9SIm1uKksqLlBJNj5eTGspN1xQ
NikuITw6bU03RjdJSm1DZTopUVVsT102dV1YVWp0KmBZJV4qYi1VLiorLEdYMlBiTyFdMUFxX3Fd
JTJBWjpGQzEuTWg4SU9zKjs4QGxPaDs0LkQ/YDpSSWVEVWpPU2spWSwpTTxuYyFQVi4tYllTIVNG
ck5IUm1uOl9HS0w0Y3MhKUQ5LkFuWEpeO3Ambi5pcE4sZFhgO1U7PjxiYCVQZ0RbXnQtZnIkVGdr
UXFwMGtmZkY7UClRM0BmcC1gJ0ZmRjZJaUZfL0E7citILTxOKkVqZVtEUlFnbippOSUybEkvYD9e
YChIXGJdKSMnM0EzTnA5YGlOUjwiRURcXWtATk1kZ1Q2IkJDYVs2QmJaMl9KTj89IW8hJD46JS1f
XW1GT1otT0NOU2lHNEBIcThSTjNEOS5mVS8xLi5XOEA0PkwtZ2dxTm49Vm04RmlHT3MwZipeK2Bl
L2FrMENRbUdmKj4mKThaYE44IyQjZkZgQVRWdGE+Jm9pOU5sZCcuUiEyQldHUDRxNjonKS8+UFJU
SVFRMWpKMmhKW19iRFFxOGI6KC48M1RKLUMzciQyVG5tOHRSR05LJCwiZztDX1ljPXBJKWVVZTw+
Z0xDVF8yT0JlbEJnKSM8WUVIPj4xL180NW9kPFYiNHNnWUgtJllEajpjJGFuJm0tLGdtZCs/P1df
LjVfOCJPX0hTTFwnZGc9InRZQXUzYTM2ZCYkYTZwXT1kZD8/MSVEYSxUazwqOkk3c0E5Sj47P0Qm
ZlMwZ2liUT4uT3FyNio2PytzZm9MU3VQQjBUM1NSXXIwMklyQWJPXTBJRkUnTjRHYCJnWVVmImoo
V25tLWMjXEVjcEI4OTgoKk1TVUZsJVlMTWIsYnJDZlhhWjZOK2FnV1Q6VCcjXj4/aEQnO2VCckNy
MlIuIUk2VUE1SEIxK0JnXFQ/KzFDUzhdNkVxZyM1Wm9lIVdRcSY2Jyc7SjskOWhBS2IpX191JV1O
KFVKTTAjZChHSFRYc1hWO11UV15MTTIlN05GRnNOOTxsUmNFTjgtK3NRPzIqSEVAanJKXmNgI2NN
SXQyKEZhT0ZpTTlpKV90I1opOF5dWkVNaCI6OClDKUlSVlJoKXJGQVlIT2lCUnRKbiljbEVNJ25g
LzteM3FQK1ViIzI7UFUzUCdVR0kvMCkpQTk8JzxFTlsoKDJENElrUEdFQCxiKHBpU1paKj9dQ3Fq
W3NmZXBmcjM/XiJPMFUqVF86UkQjSjk3VD0tS2xccHNpMklvYj41dVxUZDQqTG9zL3JlQCErJHVk
OmNeRV49cktGV2wocHUwaWBLJDBaUURhdFBqcy1AKmtFbF8zPi5iQVM7MzEhS3FrXUVZaC9lQm9w
YzAhTVRTMyw3Pkc5dSQyZFZRRUQkX0MjSXE0JnEqNCRmJDwzXGpbL1dqND8qZzFPYmVaa01GcXR1
cmpTbCpJR1ZYOVFEQ1QoLG1WXExcNzxCVEk4XF9yImxiPi1NNyxXLmN1QyUySkxHQUpEPDxcbG9O
MUBydVRyWyxkMSpjUlJUPm9MKnUnQTBcUVIwUHFrPE8hJ0tRT2w0Lzk+JzRXJjs2I0BxWTVgS3Ay
QSQhYDxfTF9CdWBoR21oOiNES29TIzdrckJDWytpQWBhOU5BXWRlMXBmTCMjQDxgX1RWI3UvZ1dn
KGxIcFlmLTN1KEpIZDMidU5BPEQkaSIwPDIxSmA8MF9zXU1hK1k1WDRBSUhCXiZKdVYqMD1eJCIk
KmBKRSklN2ttNDl0OjUzI2InQ1lRXGhsISEnZ2NpJkxmPCEhIixcJG11I1QhISZoM0RmUG1aISEj
OEJHWVM1PSEhKChFY05zUk8hISheMTM8OSpbISRFIWItTkYsSCErXmBGIjk4RSVKOEZfRnpCLyVv
W25XKnRYISEhIT1fY1NSSWk8MCxcIScjVlFGcTJoKSEhISI8IypcRW9TZUQpKCE4bjoqZyxUUWgh
ISEjNzBvUnU0R1lTNT0hLlxSSEMkUElIZWM+YU4hKUAiI1dQYFpWISEhImhgKFhObms2KGJiIScj
Z2ReKC8kZSEhISI8KF4kbFxTZUQpKCE4b1EuXE5CZlYrVE1LQkowUHJubVAoLjIhISEhaDE8OEdG
UyInSFkhISZvUGE1XlNmITw8KiIlVkM9O2ojOHQhISEhI0VBcUpMTER1cCI+ITFaY3Focj9YVSE8
PCoiU2o5KC5fZixZVyEhIy06KD4iPyMiOThFJUdTRGFkJidrT14hISlMRk1YO0w/JyomIjRpLjRq
cjVSXSI/ISEnZkVXTmgnLD1uJXBdISEhIz5QTmk/amgnUmppISEhI1crWEdgLSRtdSNUISEpcVJl
ZjdsSy1BRTA2ISEoci5gL1VLRyFlcT9nISEocyEvPUZOOTpOcm9AISEhI0cjJlkoUyEhISErXmkw
PlQhISM3YihldCYyISEiRElfWy07QyEhIm43Mj88ZFghMidQTy0zKyNHITBpJmIiOThFJXp6enp6
eiEuXEROJiJFWi4vOltXYysyPDtXWUozTDM3U1tPIzI/M189cidjV3FudDFGM3JVJExlOygob3VD
dEk9M3FiU2FAPlA4Ky1BJmY6Jz9QZUdRKGNlKS1nJk0rKG41a0ZcZDsoRT9ubXAnbG1KImFTP15I
X1ZAcmYyYkNWcSRIPmVqbGUhISdMdDpGNXVDY2hZUmo0X0xQQzFNNHM2MTNRPlRwW3IsWG5YS1Ja
QWFoP3BJZyIqbmBcVGRAW2lIbXIlRT1JbmIrLllJMGZlJFVgR2tZdFFTRFZeITVKYz0jNGFkXydA
NktvIiRMO2Nraj8hO2s7OWInVVojSTs+ak1JXFMsZVhAaFkjbTpOX2NtTUdnODVobVB1NGIpWzU6
U2xJW2llUz4jWEdYYG87PzombWcvb20ySFNgYjBWQ0RHY3RfM0V1JixBUFpMXVoiKChITyVHKEk4
XS83WyFUNS1ePnFeMzxNIScuIkdnO1ZmOTwlSE9bdVxaIjtFUTwsKigtLldOKDVrT0Y4Zlk4Zj0l
N3VIZDhlLE5tbnJURjZvOHBzKCNgXTc+ZzcySjdELV0/O3UrPENyNlIvSycrW1tsOyE/JXI6aU8/
OF0sVE5eYk8+YDoxN1ptJ2ctLEs7S2xHMGtLZE1bRihmZW4hJyNePTQ9QmpxR2pxNkI4YiY9Wz5b
Mz1JTEBcVGQwYzojTStVbkROZWhhJjo5Xm5SazhiJj1bSShMSFtMPTc0PnA7YGNHcSJpJDxGVU4v
ZVpHMmtTWTk6R1JZW3Riai1pUTNpO010PTxwMy8oaCo/JElUYlVNXnU1Y1gzdFdXL2g/RDckYzpj
YU5camdISWdjJWQ8XUFxWGQ6Kl9KOHVWQDJFb0lBci1xM1tILTdUYClBWF1ZYjNTMSNrPiVcYEhe
XkssKEMkaF43c0VxaEw4Jm5WMi5XN1ErKlJIPUhUP1wlUGEqIlI1IjAtaS9LSU4mVz9gMilAUzM5
LypGLCpELllIaiVKZW5hLjEnXGNpYTczNF4zcVVbZElRcCIqN1Jrc004RVoqKD40XVxRQz0sKFcz
UyI7I2NiI2pqbF1AOlxmbGQ6b1BPTWImImk8IytjMkw0Y2JgbyVlXlJtTF1ULCpiaWw5JVFAYnE8
b2EpbCJBW1FVaD9uaEZEcHMwbVo1ZDhaYCZULmckVjpodHJrZStsMnFwNlwwbFAkbzZvWG41Jl5F
WExOMFg/bjNqaFYvSFY1OWQsS09zYEsubydRKy5ZZj4jKkMsWy0pVmtyXDYhTEpVITgjWSI6aUVP
c1dNN1oxbGEnPHA1aFQicDxFKCU7ZDdqW1dgMGFIU3VCP1FxN11gI1c7NTVqKW8+dDgqNm4nTFAj
Xj1yYkRLbWgxWkE0OU9rWXVETkUkalpLVldaPz9HSFZXcy9vTz5JVUs5OS8wSWFgXUFyK3VUNnBI
I0oicExPbFhaUW9LXDQ0RkkvODIrRzxhS2gzJEJUWVVEbTcnQiVHJ1RCRyxAJmtyaUdXdHQ1Jl5K
LlxaTHVLaTVHZUE4SjFwJWhmaVFZOTInMjQtLGc1U2tlZTVrRFsuOGkvLVRCNEQsajdmWC5JLUQ9
blVpR2JzPzFaS3JeQj5UOSUoQiVXOWhnOEE8MFo8RXNZX09fPmhIPiImQWM8X1o5VC9rdClbbFdV
W1dmV3RxcmolJDdoVnJaX19ccFtvXiZXRCo7MDdIbkZyYDM+Tj4jPGwrPkg+bmJqZk5qUyQxOTJw
RmVnaGVhT2EhKDtITGhKajdrNWQsLS49NS42K0opT3UyaTFcNj4kVkgrMTY6a01tWlBUXk8/SU9C
XmRdYD8wOUInUS5PW0RSOkI/aUYyWihYbUwzaTpdJWMnaGVTbz07TWkvOmRIQGdyX05tInQ3NHFT
JF8mWltRQWFiLiFWRT0uKVNsOUUxPCk5WVwvLkE5T0VsZUQxJTUsUCJnbzpoWy9sZysoT1k9JSpD
bEVXb2MvLjovamUpbmppcnA0UUJmRGJaSVQ6L25pVzZnbVAiUFhoJCRLZ09EOFAlYzlCaEJpaDRF
KVg4N0lbNDtfU0RXcTgzV1lxOmBsMV46XnFkLSptSGpMcUxBUlFWWU48UVRacz5RJUpAQz9aRS0/
aDVnSSRHQjFwSWJyanBXI25RJlI2SklwcTNOcTxpTVxeQ282LSNBTy9tYCRNVmx0YyJjV1JSVlg0
SSRNVChDTGtsUz4mcmEwQF07aGJVbVllUnJiaT9aR3NQaFNiYUteMjNkJixBLFA+LUxKaDZLLCw/
JCZZSWhVQWdzKUdKLCwtSWYlJEMyMSRwITtIVlNwak8wO29YWiNASTJRTSI7LztGWS5pXComdSxM
NF5ldSkyWixYS1tqXmU7UkorLG8ncSU9XD49aD9iRlhzPTNUKmdRWT5rMVBaJ2RyM0duWE50cTgu
MVdTdEFqKUNPa1JWKVU6OTdcYl1yKS0uXykxPTRsQDRiQkpJIy9SX3NVbD1sal1nVWheVWdCYls1
aCw6WDRlUkgoS0k1ZSkmb28oOVtFPVZhWGBbYicmQFZobzxbXk4jcDRtXCdaW0AnVXUxJjdKMjdY
N19gRDgnL3FlTmBkJ19LMi8/ZjI/QD8zRDllVyskQV80IkEuLiluc2xtWjJuVVZcXzM9RkwjQ0ht
PVEpXC9xMWlsQjVQTlEwY0JvKl8scj8+aypBbkxETG46TUpvalRTaSpcYlpPcEl0UXArYDRzUVRr
PC10MF4yKzdALFNJZ25KR2kuLl42cm9zYic2ZiotYzc4O2pVI0ssbkosaTYmK1o1LjBpY0UtbCMq
SCwpLmQ/J2NEPGF0bCZOKzgzRmFwcE0hOS5xWFFNRURbQ0VHbFNvWmNVTz8mcChqJylcRCt0al5O
SFRlcldrNiFrW2otVF51azwtXyk3VldhWl1NP3RnKW9FMlQ+XERpL3FZbUdWOCs8JUxtYTcxM2Ng
KEJUa0glPzZBLzY4bD5gViknTTxDdClwSCRUQFhxb0lGM0pbQ0lhZFk7ITJjU01maFU3L1dMPipd
WnMsY0QkR2c5O2paX1FeXXAqLSksJmc5P2FPQkh0TEdXZSooLV9AWUJoQCVZZGs4XyUjJzZaYT5t
SGxLQmZUNE9sYykoR2FyZnV0QWdWbjc1cTc9dSgoYzEvMzxGZ0dPcWI2JDRmbE9tWUQuaVIrT28l
OGVGJVgwJEdZVUIhNEQqMlctTEpoNks5a2RfPS5iZnVjSVhNOjFaSWg/aHFkIi0/SD4kTmM6NGtA
cVMqPGtuSScpUjk6W2JtRF8sMVQ5PT9Yb0YwN1xYJSRHJTVLXnJGc0g7N2lDYExfLllpS1otKSIj
YSlmKWE0OWhEL1g/LF91OnEtRTUjQlBGbk1CSmgqbWFwXVJKOCJkR1sqPl84IVsxKlMoZ0FhYEcm
QkJoPElCb3RMOl1UKEJAITN0IjBLcWFzWldTM0ZoJVBrUjVYRjg/I01hJkU2L05TMVYqSCtQZylU
TGg4RGdpLVJebXVTQGAqTExjbUhpZlYuOFVnLUxubV89YTVAOydgXEpqa0hcJHRVTEcmSFEwTWA+
bitSQ1dLP0hsNWBOUzFoNTlYUlZncD48ViNxa3RxJz9HcyYhMDZgVD0+KjdHcC9bQCxiKUdqVElz
SyInMl4sXyhRdHBxL3VOZ1NgRW5DJUptUj42MWVQSm81UDg9TkMjPVQoQkQ9Z09NU05BOi1RXi5R
R2RJMDM+QilQbHUjMmFdQ1tzImdRKy9BQDAjPztxNiRbTV5PXVBLcl00VXBra21fJD8ibkVbcVw8
c2BON2s9SyYpZjtkIVQ5WiNeVDhBbzA2QXVAUl9hKmJKIm5eVnQtWz5pc0plc0RCRiVXRVgsazdY
ZWdcTlsuU2xwMzNMXypIVjpjVllLLEM1aHUyQy9yT2FrcGpiJEombCNgbChyIlE8UkMlTixuWmFG
YTdBaDw1VGtVdGo9TWR0PVNCJV8oRzNHQDw1Zz0kY1JhTExEXGcmOyhqYjg3TTtGJTJCNTdDa19b
JWR0M1pscyNHYjk9XCNSWWRgNjo2aFRfTEBPJWtdcGhub1ttZnI3UERdYWVjRGx0Zl1oUFlFcGVd
MzIzVD5LLDxddFdMZkQ8QzVvKGxOXm49dDE0SDBQN3RXVU5Sa2djOmJNWmYtdG41Uz9HVDdAZkhd
cF41aicyTlI5I28qVixOUTxBZGZXV05lJ21kTnQzUkZidDJfKyhaOCY+UEkxRERhQls1cWxYVyxr
OWcpVCkpTVlGVD5JRWFtQ3FSK1o1MTBLP0tSUVI2dFhKRSRARFtIRChhXXJfb209akhWVT85MCRq
PnNyIy9tM24wTyZeYlA2OCReXEI6JitoJmptVjckKW1pNE9nQTJ1LGApbl9MZTYsNWdRcVMwKCt0
XjxZPzYzNCZrND1vKU1ERjFpKFZTM05ZR2VrR25YP10tTHFNdEZ0bmVUaSticG5CITdgcS1DNSNM
K1hcKFcjIjxiXXMsUWFMQUEjRic/TjpqNG5CamExMmJpZURYZidObWBlKk9ecjRFU1hYQEUhISIi
O3JvWElvXz1zRlxtXztqUVhFUEduP2VfaFQiVFNORiVcRThHbj0xKltTLGBOaDhgMlZULEBXYSQs
MyhbPjtJX1plIThwRTtTRUgkcSUkKj87MDBDVF4hLl5LNnM1KF1nKzJZZ0BqU25YXTVXaVtLPzQ4
MV0hOjdTTkoqKV5RNEkoc0NkSHFSPUFpVD1OISEhITdONCpnIzBCJUpxcGd1VVNtJVcoQyVdQE1G
QDVuOGY/ckx0QztGZWRicT9UMCdANjpacFVbUD5AXy9mWVghM0M1PChXLDJtKzJZL0k+bEVuPi4j
I1tVYCNIVCMhISdXYGlJcClyMzU8bD8mJypUZyE8RCRYRTE/PjlndV8qXFMsYE5oJmhvakYtYi5E
W0hOLlxxND06Ky8hMV87dEkzbnBvenp6enp6enp6enp6enp6enp6enp6enp6enp6enp6enp6enp6
enp6enp6ISEkaVhJZldoZllCcH4+ZW5kc3RyZWFtCmVuZG9iago0IDAgb2JqCjw8Ci9CaXRzUGVy
Q29tcG9uZW50IDggL0NvbG9yU3BhY2UgL0RldmljZUdyYXkgL0RlY29kZSBbIDAgMSBdIC9GaWx0
ZXIgWyAvQVNDSUk4NURlY29kZSAvRmxhdGVEZWNvZGUgXSAvSGVpZ2h0IDI2MCAvTGVuZ3RoIDE4
NDk0IAogIC9TdWJ0eXBlIC9JbWFnZSAvVHlwZSAvWE9iamVjdCAvV2lkdGggODkyCj4+CnN0cmVh
bQpHYiIvTF08M11vZVJoJDQ0W1FpdWUwRkdganAqcGZeXUFMJlNOKiRuSkUkW2FUc0I3UExJKShG
ImlgTjBFJW8qbSQ1dFQ8cXVWPkcvNz0uOStVR2NCak00VmdmN2YtQGpCQjJxPTcqXEQlX2xDXUdP
YkNzbnJcaXNATj5xU1UoXkcoWl8jTW8sdDddSU4ibSdCRU84NjRMSD5OYjR1Uj1SWStqbmg3QWhh
czhwNWBDWFJgRWpmR08jP25lMEwvTjBoOCxDU2hnXVQrSlUqMispUXFXcW4xcFtSIypha0JCJFBX
amVqMTs9V3NCV3NYUD5pUykiJ211ISEwMmwnYiddRmNnVlhmNmU+JkU5VzBSITNyJ0ZpV1lZNV5T
TUNZJENXZ2MwLiRdOyMobGs0IURPSFYjKlVtO0ksW0g7PjdBRUNPLV5HRUZhajtpTShwYVsyJGpZ
MDQxMmZeS0FQUVs4Vk1eI14mXWtJZ3BoXkVXLFIoM0FJa1E9RVFPbWlxTzdsOFFhcStIP2RdMUYh
K2lYXCc6NGdScSc6N0YiXUZEW0drMzUuYmBPZlQlWy9iKmRONixxOylUT1Q8TlhMVWlVTEZiRzNm
Ny5UKk0rMU51Ni1LNEhLPSJjZSUoS0siWlVWUGk6O1chMSNJSiQkKSFZU1t0aVBMNmIvQD9DcjJM
JDElMSNIYlkqRiszZVFDcDtCSzZuSzx0LF4+bGVaUUtbU0IvSXU3ZEsuXFItRl8saWBHVj82R0Vr
VVojVlo2Yz89VSEyOUNJIyRSckxdZVkzbGhbYHVEMjFdLUsyUEQkSyJEWGtZVGwnZyYnM1B1Zy5S
TE9UNSZWSHF1J20mTENWJGY9ME0qNShiRlhlX1ZxZm5jREltKEpqWW1obFNGX1FtcCElYTw0IkJg
RF9AW1JdZUlQaD5HckZyaVxQWnNxZyNLcjdwayIvLmVaUDxjPFs/TF4oPGhoVW4lbl9DOioka3No
blVlJ0hYZnEsK01CSiYqOEBXZThDJzVDPU00YWZLVmBbJTMoZzs6M0k/NC5jYlxaT2JPIWl0cHUr
XCltITxMUi82Rm1xcmpTOVFDSWlhYm4/SiVIRFA8NDolckBtSzAhQz8/LCZTOVciJ1RLKlsucjcj
JSxvW2MvRFNYLWQ9QjZHXE4rLVJcM0c3PV8sXHQ0OkJIJFZLXV05UklpTWg0cWhuVls5YixnPUxc
cE9wPy0zYztsdTdWZD5Yb0cjPCdvPCpwX19LKy86Nid1Lk5iSDFjKEVLalVnL04xWzNnMmo1SUJG
KilMa3NKVF1GSyxjZW5jMj45PWshST5GUCZKQDlcPGNValRUPj4rYERuOyUxOUowKCM7YiZAS2xG
XkkzSEpYYm5wJiNbKUlJbClWRTpDa3JhYVBxJllKaWBLNFVRYT86M0xkMCVQQD1tN1NPSCE8dFRA
VjY2Ll1tYmwiKUthUk1gNVNIYDtMc0JwbVs4QUpYQj9ecFNnQ2VLM0BKLFdGcl0lOGwtQy4xRlVl
IyQqUlRVQV4hU25BZCFLW0QpXCJsbVArSVJEVjptWnM+aEM1cUg1MzdIViFILnJROSREaDdCNjcx
XS44YU4qPDNMTVs2NXUzYl86UE1UZm9YQiMyZENZJUsyPGRrNXBOITI+Ijg/WzJIXTRAIiU6MGpR
QWtgSGBzP0EmMVhYQ0NaZFtqYU9QOkpVbmxndS4xS0FmPDUpIihkUTcsVjRrNV4vcyxwSm1VIyxl
VXFvTDdgUl82OyZvNXRjbV9VRnRyQDMsND9gPHFFI0NkT0c+U2JUUXNucDdkYFpdVFVFUHJNRTBe
M08/I202IUskOytlPS9eW1NySypyaV45TXBeOWs3QnNVWnA3U2YrIjNTI1pBQ3FeTFw7M2EnWnBD
KCc/RUtNTDlvPXJuRC1jW1QjYzRII1VbPFxQLyMqbzclOmZvVVo3ODQjckdKdVRRVVlGQkteR2ZV
Qk1QUDhBOzsyWDxwWWw0SDw4VE9FJ21fRnM2ODJCZF1iJkdkQj40OmEjZERaZG9kdUo3XkdbM0so
V2hOcDBGM0JXQDNLY10vXGpFLyJiR01iNEVMc0osdEAtNT9wbWxHLjV1LTB1UmEvaTYmUWNMclcx
LltjNHVwcTwwNnFgTjtUXGJgcktiNGgwQ0AwIyxQUzBXVStYXCZAbEgnYyRCR0FZLUtaYlxEJmBP
cWsvKmY+USguZD4lIzhRLXEqRUhhKldxNGMjVXU5cj1ONy8rSiFoUk9bVStSO0xGRjgoPyZWLSFS
VylTPmozbT8nM21hNGtaRWZIbjBfVXInRUgqJzNfcUpnJytebz5mb0okTltlWzFvITNWYTxwVTQr
cURKSm8icytLMW0wb1tJPidISSNgLSl0RV1UOCpkPTo3QjEnOz04Ql41PyFJQnRENyFCbHFKU2Iu
VnIpPUw2Yz07S1RNRUleJlk/YlwxcV5tU0NnVkBzVlJMciowZTpDOCglKixqXyJtXTpDMG9OUXE+
UCE4PzEiLm40bDNVXEg9cSFfN0FXN2pXOFFHRmBqJllVPyVkKGtYXSlwSVxqNTVbaXI7K3VLN2Vn
KmpbbXBPckYtZFF0NFFyVSdwb190XWU7UWoyOiFhb1g5ZWVfUm83JkdHJlxiMVJcWipPanBuKWov
M2o4U2VIUTNDLktyVG8jdS8uKShSXyJFYFxjV1xGWm1cKSFGQEwjMEM4bXRDU2g0RlxCS3AtKjAx
bio/UyVfYVBcMCFNLS9qQ1ZsajtxMGxPWyhiaFA7clIwPSJwUGpIZV4ldXFqQ0A/W1JSQW9WUHFj
dExpRDQrSzwqKyZdcERHMU11MjpDK1dpaTA1QjcmW1NPbVQwTVIubTlOa0dFcU8pWzpZMHBUPk45
QkJdI0IxamU/Y3MmQFBhKENoMF9mcEU9c0hNb0ViQDdwJ14vL3NWOGlEJWtgT0ZIO0NITi9wO0FL
I1c7Um5JbHI9Q14qcmxjI3I0U1IiQGNQWHVHPVJjVmtvWjh0Vz8kM25vcTZYQklKdGUjW0NmWyU9
MUpYZ0tPckhbM2I8WkBqZ2I+Nl45XDRRXkBgL1BhOE0iQlBhOyliQnMyPG5kYDQ4WUNxQzJ1Ji1u
bS5UZFA4TFxfNDRGYSpYXTl0JnQ8PGxlPmxja0t1UXFnLmYmWGI+Xm4uczxCM18nUzBLRlpxUCZv
NTY7JkFIVy42L1Y4ald1Wl5jRixKRE1jNVg9KVVMcyFNTG4mISFOJTNyMSxbK3MlIjswIUQlNWFR
VmVqYD5kaXFdTXU8ZmVqPWtbZSZfVkssbU4uUTZAIV83LTxIXi4tcU1BQDJlQS1XP0hzN3NfXV1W
WyxIajBrPnJgRWY1TUQhZWk3YVRGN2lvbiZiTSRsXzxRTldvclcmXV9lbU5EMEYiaTxbWiNjNGhC
YV5fR29sYDkhME5CTEZROEM5S11AJ1U9cD1FZVdlajktcSVBYWIrPV5aQCtXOCs+Yl1fXFFcbFBH
Oi4wP3RRJmoxTlBcbTUwWVIjUXBrPkInTitEKTAkV2M8WjspZ3BxR3BxPCZpUS81TTc6UjN0cWRb
MlNkP20oYDhqNFk5Nz1RKi85Lm05LjZMb0FCR3FbRUNbMTZOa0NxTGFxZDU2ZDtENWwnNDUjZiox
Ji1Wbj8wX2AiOlBcWj9La0ppXyhaWUVrPmJhaFVHKyJdYW0oUl5bN2BUY3BZaztDKFpyZUxSRUsp
UmBbRzspaFgnSCtGRzw5OGNkciVOJys9OyVUKDY6V1ZCKVRnJThNWiVgW2VFaFhpTyg5SWBaKWhb
QXIiUT9Va2c4VVhlVTpLLSZhM1BgaixmMlY6XktzVmFBT2BSbGMvLlBuYUspJiZCTkQhVjxeakRa
L0AyJ25HUEI4aldNUWQ5WTRRJkcsMVsvQjRMKVRfKVMoSk9TcmoyWE4+Klx0KT5wSUNVLDRkVCpw
dSwwV3NHJkEuPEVqOGFDJChBZyIvcWwlZzg0XGdgV3RTKUE9RGpYX0VpJjFHb29XbD5TZW1IMjtE
IVg1Lzw3KHRzUkxTTVFZb1hnPk5zR2pJbCpdLzdtazpyJSgmQGtQS2NiJyxBWT1HJytIOHNJMGBn
LWEsJzRzLllqW210TWFWdXBJOkVLQ0pXWENYPj0/IlprXlwpJCw1R2NELVwxQFNxO21uOCJATWtN
OFhdQl08V0FXIipaPUg4SEpbQzo9K2NWOEpsTHFAYWQsaSRxbmRbaGozUlMnL0QuaD4vYmI4al9K
SUc1U1M4LEZWZTw6TWYkInNzc3QmRykha2lfNGxeNmZRLV5CWzhXKWhqTzBoNGUzXDk+cjlgZ1Np
WyFGLVFcTltdMkYiNFFvLiNHYiteKF44JGxwMiNaNCFTN3NQYmtKWGJRcCxiYldRSFM+cigvWz1p
JTYxNSVIJTc3WWpqcURDJ3BPcjZWaDNlQT06W1hNaWVZWyFFbG86VlM6Tz0yUj45Z2dtWSRvPGFS
MHBVcFpFREwrZVhJNVdYIzwhZCRFJzRmL28tJnNEN2xUckJFVyxBTklbZlBdZ2tKVGYmaUpDVHFc
KXQwImREVTIwLi5fOVlrOlkxMnRaR1k8QEsmR3BII0IpS0QydE0hYEwsPUZyIllLWFlpZC42WV5E
bT9gU1QtQlNZS0M/YVRDUEZAdFUvPD89OEwxRy5bMy5lUWdoSCZJbU1MNldbYnFKcGE7Ii1aKiU8
PE8sJjZfXTVYLTYjXSwqU3VYM1UrKUEiZGhKMC1IIXVkJjldQD0tdEolbEsvVTZtXEpSRSFhXW1w
IjJlYihFLVpCcDk0RzdVXDlhLTttL0QuIkdWLlhKcTIqWz88Il9NVWQmMDtIRUlwdFIsNiReMFYu
LVglTCtvMFhNYG47MyRuUXEpaGpDIUBKW1NzZjApV1w5Yyo2TUZHMXE7UWppJjAhYzUmUl1scGFl
anJqNHVxLlNnaD5XbE4jKUVhPmdrUT5YaWA4L05uMklFMTQ+VClVPUVeKWkvaCNiMiovXGJxa0JY
KCdkQ3AhUUM/MUVRKnFiVVtgdEZBMFpsRy5lPz4hJFNBdCQqPSYwUytZMiUiIyFVcyNmKStJRWRi
RW9kTT9EX2xiTz9MQTlfcHJaI0IxMCU2NVwxWWUoLFREKDQjLmFkT1kzaFE2ckBcXWFyKjljQ1Qq
Ji1MY3VmOEVtcmhvIy1BU29PNkMxVkcwIWlXOjMhL1dKdVQlNVBHcF4wOEQ8YTlcJlpRUklUIjM+
Wlo1VW1HP1JsZFhKJEI2NnBKQmgtNyxxJj1uKGo7clBXQlZcQyVRSDcxLFYjQD8/VGIhU1opaXMn
JnNmZXJTIVNnY2RxNF4qLlMwLz8idTRWTCQ1a2E9blglLDh1PmdEO1VUXmk/bUFjNllnZWEzJ1ZP
KnVEOmBrR14sSi1mOnBYWXNOT25qamNFdUonXC5wW2tsXiRuLzBDJDJFdWYrIk1IYEZFNztFJzFw
VTRmVGc6LChYT2xsLS06cyRRT0dyZ2oyKDZSM0IxcSxha09CNFJbUz05O1I4X0dFbE4lcSU3XmE5
YV1nXnRka28tcCNKYEFPXidvNVwoNWdxVkYqVlVCbDs5dVpQUzIkc3RhImZJNDZoclJdT2tyVStX
IydUUC1nbzhxXzNRcW0odGc1cGY6SkJoTTchQiVWUGB1W3BJb3NKNGw/L1ZbNTx1XD8uaCg1LEYq
Pj43OStBJWY+OUdyQ0VZND8qMihZR2U2ZVxDLjZTbk4rWlJTLyInckJEbjAyciZeb0JoblRvMks0
PCckIlpxP1xOcTtwWFxjLCk8Uy42PTxOZkdCPC9SaCRjY0IsTW9ebEV1cU1qQDBSUkw0WXRpTkct
S2NTM2FUI1s4OzRiXmgxbWxPUiRJQlJuMS1GW1g3IWdoJydqXjQzTEtVJiFOazZzMExAOT4wZCJI
T2cydChJKlFKYkc2M2ZeaW5MVmRbQjtKLmg3OU8jUmk3LlVgX24oUUIwViRMa1RxTHQ0VlFqJEdM
cVJuOSgvNkxzMGRHQVg4TjpHZ25taCFbVmshRFswXitsPjMzRFk3YmtCPTVYJHAwUjBvSigzQDwq
ZnA/UTBvUzxkV1dxVCJRSF9LRDpySyhFUWVOZT1xXmpgclRcM2M6UUY6JjluImdnRW1TbCtjYCpF
Q2hEVyZdZmQ4IlNTL1A5JTRLUUVacVBkLlpmZlNmRkxvRFkpMiU4WDk7bGFtaEpiNEVGPzYuWFEv
QUNAYl09MEhSZm4oaXJWU0hsVzJVSjNIXC05VTpbXCVgIlhWY0pARz1OMWEjO2Q0Kj0kSzFidSYy
J101KWgsODJ0QjFeJENFPTAoVzNqLEsxUSQyIWFuMF11RVtKcFlEdUxKdFRmUiJpbVxIRlJVRCxq
LEFVX0VlUEYqN3ApLW9WLjRPZUUiQFpbVWZnaFkmODo8XVkrQ1w8UD47PFZAaEtINjtnVVcqLE1r
UzVJPCxQImglOEkib2U9WDJrVjhuTTdKTSFgcDNjSks+LC1CUUNJTEIzTSxNUktAI2FtTDExL3JW
Y1RjKT02X2lTZDdLYTImOmFyUEouY19TSC5JKlc8Y0E5NWknaVpsLzNfTGgvMlMnYyxGVl5NclhT
MiJbXVx0RWs9bzJEQUpFY2EuPltaOnE9b1lwSUI+Ky9eOzQ2O0tFWUhAbkZgPHQ4PEdsb21MWSJL
dENYZjZkbC09TWlnOVZlbjMwcT9mN0dGPkUuQTlRIiFnVSklKjQnaixtMEhGaEpEZVQ6JzJlUStf
P3BMIlAuMC5RODVOVjAjXClNPGNDa21WZzdQb2dKSy9ITVRPZVlAQFkqWmw9al1cJXBvT3EtWk5R
MlNYYF1RIUhSQGNkZF1EPllwQG9BYTZXdDQiaVBwJiZAZmotIlc8RzoxMD1pWlVmKGRyZT5VLm5X
ImMhZzcnLW8hZ2hlJGlyXyQ+J2cpL0tyLDwjZCQxTkZgMF9IZUk2W29oSlolVz9VQyhkJnR0NkZw
bi4qMXUvaC1vXkVILThbMms0bFpdIWI8KjJRZyVaUVpMS2k+Rjs6Ri5LMENMLzlyNjdmTGRoMlNR
L1E3VCVDQyl0b2JaJnJUVVc1IiY0O1dZRVJBbkVVc3BDX2opSVdeTFUpLFBPQ1oiUU1sRSQuXjwo
VFc6KDNiWWY5YjZeY1BvdUYhV2FDTkBHbTwnaS4qYTMyIjM3dG9TLTkqV21hS1VIQlJBYEU1XlEq
QkNQOz5LYjQ4aWo8RnVKVy9MXjklWlhBJlIlbzF1Q1k5ZT1WL25EM1tqRSNaKUZkIUBBMTNgJSVy
bUJWIyguOSJVN0YrWlcyRT9kTkwvVllOZGJtJm1BVWxsVj1LO25nLjo0SiNjMmxPI1ZETnMuRDxH
V2tYUzEuNjE8LjE4ZW9aWkNXRiZDP2NCc21LYEU0ODFMZi1RbT4ka3BOYEZyXz01J1gxLTQ4XS8h
N0hQQSxdXzcicHI/Pi1VMCQoXzNxZTRfQjJjcnNXWWpJSjtoQFhvWk8mXzpXaDc/RlRUMkQiVyNN
Ml5PXyd1am1nL29rOzw4dF1oNmoncS4kYS1KTS1FJygrXHBEQ10yKis1LDRldWFMaTxgQXNYRDhM
XmNRL25dWlgsakpFR0w8IUtOUV1AWk5VUkdNPSNIUUcmbk8yPCR1XjA5ZUZyR1opKiQ+ZTxLLjI2
bEhnQWs8ZTJkP2czLl8uRmVmSy1gKlwwYW05LUtKNDwjYDVHc0dZU2NfYjAyNiNzUFNiPV1eXz4u
XiY3PyJTNzNtIi5hRTg0bXRjUTtxR3JhPD09NXFkcGokZ0NpSXE6UjxjcF06UldHRTQoSGRscktz
KGYxV2IxV0EzaUZnVig6JTFzUUNHKTh0LkZTSSc1PTdIKEslJl5JPTdbbT9HVU89X2swQjU8Xzwt
M2c4L1tiQi0iU1drNSdRbEl1IVRNLjYpXGxBKThyPyI3XUE9Rz9yJEkmYCFPXlIvcSsuZTxtQzVL
MSFOJFMoWmNzOG0tXE0+RkJZcmspK3ApZFQjJ1whSmtmOmhrVCJfN0NeOW4xLztuYmliNHA+a2Q4
UDQsU1EhKy41OFc8P2NpRC9EUlo6NG9qPD5jPFc1RDprOz5uTDAsLz0xY0sqbnVkJEkwc1paRyFp
WGlzTk81NDdKSytrLl9KYzkqW3UtOWhLJTZHMElzMWZfUUxuPmQmKExWMmZsXkBJVVRZPCNtaENI
PDlCI2BmYkAzbThcZjJCI19HKV5kXTwiNGRYVDdqZkBfTjFXajpZVDtZY29KamFTKDwnLU8yNzJS
b2UxPFozcCJLQjRUXV0jWmoobCRjNW9SRFJUYkYiKV1mJzs1KHVxWj9FY2MlZkcnY0w3NC1hYWIk
Ryg2aCNwYlxOWG5JX3M0UisoW25MI2ZHcCZXcS5ZOCxrayxSIWlEUV4iTmw7biNxcDx0TFpoRF09
YUNxMF1SdTJPOExTOkohcjdeOixeU1FIMyNyWGhLbjczNDxnZ25LPydmcChGL1ZIPU1hYVxrVSk6
KlhuM2xIbnJjPURYMSRwdTEvRiU+VkNULHJyOG8uYClyMzJHa0c0VEtVUlFuWWY7MFBzLy1ZKyIm
Nl1PPSFvJm4tYm0tbk5Yazs1LTNoRUtdLHIyQzAlUiM4QGonNCdDPHUoM2xQbCRxKW9tSXRALChr
RUtTNC1TVS1iRmc1OHMzUjQ6STEkcSQ4aDNcMjk0bXQ/cm1aZj0obixQZD9dIlkjKVE1Zk9FLito
KDJmXSNTIXAqK0BXTjpnLnRHUUxETms+TmVVVCFeT0xYJVBxUUAwK2VSI3NvTDJPM1EhbWJgP0ln
X0U5TnNQYDxzOFJxQzRBWEtMTCNVYVNUKy02PkA+NEJWIjBWaUxQWEFmOmZIIiVfbm9QJy87cC8p
WzIuLDtHZ1pGKFJMVUZySzQjK3E4UVcmUW00KWxiZWI6OUQ+YUNpaFJyS05wWSZqNjc0TnJrRFZS
Y20kOUcnKEFcPVBNOFpoYjFZLU5QRCk0cTIzdVE1MzJlV0dibjhxPURQNkZONkVsPkcpRHBOQGgl
WUMmKEtwdSdWR1dhITNUZm9jYDovKEFPVUxrYDswLHEsWm0mN1U+OWdiSjY8YGU9KS5WcFo4VSdC
WTtbImhuOzgsPFYyTDBFbTEjZS9uLWYrYSFSUCZCWiZTbEgvKTlYMidbMDJrOT5CNEQ+OSE5Njhg
aWVuZjpMYGdrMz42VmEtcjpKMC49PGE7I3FqWi5YU2ZpYiYnTWRZdEdhTEBbJC9yUSRNZjFGdCJP
RFtyPikka1xmYi1oLFl0cj9dN1V1QDFnPV4/UDpiQyEsMzU3dW8/KDs+Wj9zLG1OWmtPTiQnR0I2
aFw+czEoYktAUTRCSzIrPFIzRTkuQGZcUlYzVD03IVgkZG04SVg8Q09BPUwvXEFpIzNmM0ksL1BP
OittXXBPUWlMWzlMPE5DTF09cXFac2hCTmJLWSU7UTRAaGpLWVVmKkNEMSlwUj8hSjFRQj89RyRe
UmMyQUsucjcqQzIpVSgxJm9BOEhFJDtjOm9tPlpSTVBqJ2tJKSlwanBSQEtnL0lrTDxPPipqTTls
JUw6RDlFVF9YXzZkT2x0VjdnR2dTRG5zTUpIZjU2QTJeMCNQNiYwNyknLCMoWyRcN3E9Pik4aS0r
JllUY3NAbl8/ciItSGhpcS9YNEBWTXRGRzVuLTs6YyE8QS1IUmxKcmRqcGEjVDwhaWwyZSwncDVB
W2IyIWJ1LF5sQUdMbzglKGNmJVFdTHFzUWg7XCg+PFwvTU9SaDBZVlJqMCNPUklUK3Q8MkopKmtI
UElpLUNwbzdsPUVkV25ML2o7Kyx1WjNcVlk5QSw3K20xLkZCPmFbNzFDXmg2UVVbZGsvdGRMKj9A
MSxBW3FyMFo2aUE0YEU8QVBoZj5mS2ZCcGAvNlg5PzdTbiJhYmM3PiVJUUpTQmVfSjwoJCJtcT45
T0IoNFBRZWo8XSpaOzZGVyl1PDtgYW82WDo8Nm9jK0kyYExoKi4sV2ZPWE8oalgqQjIlO1xZOnIu
JDYnKV9SLDlWWkUoRWZ0PTRSUFFOIUooMXJIUyFQSkxML0xBOzM3cTBWLDchanNobmlqIWlAPStM
OVdBSmo0N2poRzNkTVlWJ1MzVjJHP0FHMyZPY2FraWV1JFMxZiRISFgxNGkyMTdHLFYpNlRvMDQ4
JXBsay9KTyh0V2AnSyhmcV5CQkJwYyYkIzszNVVsSz8mVVcvXCRVVlBrJyJcYm1tW1pZaCNQKS4v
K2s4QT5RZm01YVY9J1ExMjEtMyY0Pm1KJURmUUFUY1JlbzxCLWosNHRbW2djRyxVPFhVW1REJixL
LVYtLyg7Z2lGOigvODlqRkZdMDYyXm1qKXFEYSJeOCRKKllxJS1kQkNNY3VgPy8rYkIoMyI3OyRY
MVE+Zmtfb0NodVo8U2tEVTosOzduUigqLyMjSmc1RFwxZEJGRnVVU1RuK2xYQTVIUExRQ2ZEOl5d
MGpASC5gP3M9LVAmUEgtVzQ9KnUuZzdzJFxRNzdhQEZCXThdUlQtZGEpOS04LSFaKjh1VF4qOC1k
YUBsSE09QDMzbzwyVioqVy0zb0ojNEw9TUszLUI2ZGNqdVEyNilHRCkzODM/PlU9LG9gTztLUTpF
I2ckazgnQVJNOzJjYGVwL1tYSkgkUjdDb1IvakFgKXFFV09FNF9bZVYuaU45SjdtMUVCMW9JSTo+
aTVyQl9aUitaVlpBUkBVRTw3WWpCdSNQXkFfZV9uPG0uOCllWDM6PTUsb1VUMkZQMTs8P2RoUVhW
RmctbjdkWVljJFA8WE5HLXJYXilRQFpxRW4vLVtQMVVDPDBqcjdOP0s3Rk5sNjokWGJGV0ZWYSZn
SzsxKVddJiFKbE47Lj4qLzgnKiMyMF8lUDxraTZuJlpQIVxJS0QsUD8rPTJxMCpFPFNJZzA7LDpA
IWUhUmAhS1NTJk1sKT80ajEpKFNXRWs6TCczXXAmVmFsIWlpTE5xPTszR3AiYzBFcF1wTzBaPywq
dXFBQkk5RTsrNWpMJkpJJWUjWCRZWz5PMzBCcDYxXzhiQEQzPjRcO2t1Qyw4NShCUlVULVJhYWE1
bV1cIlFbU0VeYTQkKm8pTTRJU21SYjJJJU5aSGYtKmcmLlZPSjFrUyhEP0dLPDBXaTE9bV8mKkNL
aS4hazYobiRObEZuR2ZWJUMnVFVIN2lKMkdvVjh1PEMjT0Y1JjFDR2FHXTliRFkmX2IsdSsjdSdV
ci8lVGphS0gwQzgmSlhbY1VEVT5RYyEpYWdAVj5QNEZVTiFyJyhwdHRFVihUNGZdXk5pWiQ7LDNG
JygwV2hCZTxuJzxmXyNRayVMbCQzNUpeQ0krPj0/aC10OGwtIV9IYSJDLF0tLWolWCxqVE4nK3Ep
SmBfUFVEYShJdWBTQzZQYUlnLV8nanBjImJnNj4oLEVhRkkhR2piMjVpRWxBOWM0TSI9Q2EmRnRt
Jk1gWj1mLmN0UDJZUTU5aTA2Tytmci1tXUpLYEJqO18zZU1eXl8rPkRROGRIQzcjRXRDLmdyMGRA
UCVVSTJLdWxAQ1U6XzNYSk1MUGRsMSFlIjJbXlRgUz5HYiUjUjVbaG9oRkNXJGQkN2JRXmgmSEtS
alFtb2MhI1Z1TU1AKVRZZz46UWNEQTUqZnRcTiE2UCc+U18/YF9XV2ZrYlAnY2dhVWZGSEA9dWNE
NWNxWCFZPDIrLm5bTkNHTGRaZDQyaU9ZTUNAdSFmRUIsSkxoUm5RUlssN1FvLTxjXUA4RStBbT8i
Sz0scWBZa2w/dV09U0NQR1k9LFtXOVJKM1NUIVFjZUFNX2pKPCc0NUtkMjU4Ok9cVzlrND9tZl44
K2Q9JC8/YU1xV0RKYmBHVktSIyhOZSRAdG4+QU5gWWFtSkwyK1g/RkRgckMnO3MqY1k+MzxAMTMj
XHRlXkUjP0pdPyUmdWllUztePSojZmstXkwkbj1XTyJlLT1LVWVeK0paRzRjS1x0OkVnXGRrVVBZ
MzNUPU9PPWxQJkwtczg0Lz9sbUYqWU1pX19Ga1ZaYjRETGRkTV1NSjVeZnA4JSY4VWhkKWxRIj5j
VmNzQmspVlMzaFo6cVxgNUktR1RbYileOjQjVzwlYGEzQENrWm5fIzJCWlQ/Xk1jaGk6TSs8Ukps
Sm5PcWsha1gtWVVzR1FvZChrJW0kcjFROkkhPjdrJSlvVyk4I0ZyImk2SC9fS2tybSgnKWVHPy9w
VCZRLE9qdU5BTFE8QjVbVTdUXWIuMHBnYW5gMypuIWlHJWNEOXQpaGs6UTtNMzRfdTMzdE9CTUJm
KnRqYyM6KXJQZWA5L2JsaS0jIV00TFoxazZfVy0tMWQ5XnQlO1dZXyk5TVpUOyRkRTZuVyFvUzNS
UG5OK1tyWyllLUYzUSRwUCVUSjJYXnFaUHVTVnVJVTZOalNVanQlbzQ0bXNbVSdDMCVyJ2NlMTBn
OD9cLlBiTSpFYXAsVnQzOSFDaF9GMSlBVCI2NCMiL19zbTsvVTJDWSg/XC9QVENbUm1KTSNYMi8m
bUgyYzJcZU5fRFNFMGQ8L148XnIvXC8iQkRZNmEvQl8vLklIYCRza1dJbTtVZitxSWo+X2IqTzlj
Nm5AXHFra1w3cE9mTkdvZXNyWHNvVDRkXDJpJEZPbXEhMGA3T2NHaEMiXD0vK10pN1s5VkEzZUlG
VjUjM1tkcD1ASFUmQVI7ViheIy4rJjhIUVRvRThYT01kQTYycC5aW1BNbjk3PGQ+WENiOExpaitP
cDNYZV86bD1ybWxhI10qIl9EXUIzVFkpND5BQmFLY3JhUEduXUtiRGNxRiJRdTheMDRTS0svM25E
bTg5KyYwJm1KLjA+ZW0sYSNcVFJZOGNtXF41VUsudGoqLUE/ZVgoWixMWE1cOTxLVk8nRD8tZj50
ZUJPR0Y2cz5vNj91RiRALEg/I1pSR2tKcyojVjlqOyQkNzBFXGRlblZYKkk6RGNqNE9dZTI3MVYl
WiNmUSNVJ0lxMV9HKipIcCRuQ3JZaEZfN2liSU1Naz8ubUNjcFxdMyZNYT0wQWRxYi0zKSxfTTZd
OCQ2OWZdSyw2ViJKSj4yJnEqU1hGTWkrKnVySmdXOGJKKFRrdEE1Smo3STwlSGA3JjZ0ckZoM0BX
IUUpM18nT1lhQUBgITQqXjhYPi9TJzMxODYwXW0jTlgiSTRnaGNER1lgWy1yRkcoYy4paSZbN2kq
XFJLVldnVDNiPSVAKGpEM1dmSmApck1mOzxSIWskXGZFU1AjP1pPZEwzNz5FOCllc0AkWCZxRG8r
R1JsRTEtKnI+JUFpTVknL0s6SmYwUj1JayUzPk4/K3E5N2s5RVY6dVJRWUkhaSYvaU9mcTdmb18r
NlIiQmBJLjdgTlJqRlNrZXA2JSFtaysrU184LT1wVEJlMExBNi9DbDleX0NtVmUsMl8qcitVbk4t
OCxiVFp0WWEpWE4yO1c1OUZOaUliXXBzNnMmKEdNJlEtTiRMLm1DWk0xL08vV11oP2VXZF1ybTdG
Oj1JYVBKMlgsLV9YSVJpSC9MLCY6Si1XZiYlO3JDZlkmdEluLzY4UWArdXVqTlkoWmdFQmVUO04i
bGFYdFBrUyVQWkZJW1NUcT1cbGlLJFFsT28ra1YzZzB0W3I9V1YyQklAMTFYM0FkNkA7JDVnY0I5
JGk2c0xHP3B0U0ZWRTdbakhcYE8sRSg9VT4uU1ZsMUdIY09DM0ppZHU8RS5HblAyUWclXi1taWxW
XzZiVUBvNWwqQiMkPFlOKGtTJjIzOTVoZyhoL0UjZWQrai02IWglaiZkMCY8LD5QdTFXdE0uQGA2
blV0ZkwpIlliN1FYKzdtO15QVEpSby1RVyNUcGtZODhrKUc1JThmNU1SSUYtaFI9Y2l1K0Rxbmsh
YC1EV1M9Lk48VydaQ1ApWk82OiEiNitWRmdHODtsTj86L0ZUWCZGIyM9PWNXakxVaW5uajdZOjFA
J1pEPU1BYjVIUV5aa0M/OExPZm47ISwucGdhI0ZDVUNwakJYSmlJVmNHWjtra2xaZDJOVCZSMDNM
YWhvODxrdTBzREk0P0A1UDxZX0lddEFga11JaFdScGZyTDA9MylpbDxjazc9JGtrTE9dXlstLW1I
MWhOSHApbTovP3FtcmYjYDRYbkVUKjVCc3E+aSpYJy9WVFhBV14rclpgaV06QGctI11ANUdiVmhQ
SEVuaCk6PFAoRnVINm5Jamk+UFQjXjxuJjRxa0Rwa1orLXM2ZV5UYGsyKCpJbHVObGJubEc/K2Bh
N106ITMzMT4mJktUZjpZMSYoO206JHQhayM2REdUIks2JjdjKypsUm1KTVZTJlE/UU5eVlFTLzwx
SmtPaiczTXA1SjxfbFNPMEZTUk1OczwlSD83RUpCZS1tW2ZfKV4mR0IjN0RdSkdgREJCZyI0Km5I
YD1mbS9saV1TOUhNTCtfM1paSmVSPm9CWGRdQmlmZW8vR19ZZVM5YDNeLiY/TW00SUgrRnFANjBz
Y2ZzKSVeVkhYYSZDb1hjNFBJKEU1clBfNFsuMUVHb1BILUFjKkRwWV9qLSNROVxDLWgkLjlgcnJP
UERFM0IhL3JJJipwV0ZDOGQ4P1U6biU1LE9UcSVJJGIhVk49UzRNQ0BmR0hAXCRbMSZmWitEXVI6
XFtXKGB1S0s0IyJOOE5zSGgoSV4nQl5dYzQ0XidYNVkiZSFhQFE4IS5QRVduQT9KcyVYZDleI2dg
Y09SOGcxIlRDW05mPjpHOERASSY6KF0lXkVjOy4mMnBWMVNtVFMmMU5MPEEkZUF1KW08WUF1WWIp
VyVCajg6Rio1bUdwMDVkZ3BKbUU/QmNKb1MjOSUnYHEnSUtHJV8oKmJiVHFKP0MtZGBwU2Q8ZmAh
bVdsJ3JwPnFrbyVcU3AwQCFYZTQ+LVtYQ20xQ1thRkpiVDRQNGVRPFhHTFlkSVluZGkhcWktUFw1
QkJfLWRsL19lbHNPSlFDdSkqVT9yOmRURipnaU5zUnFkOGwtRF8rMVMvWz5hLmpLPFxfNTgyMFhe
PDBZUitaM1hIYVZFWk1lZW4nSnJqRk8uOScjTlllQzQ6Kyo3bGZkTD5yOlR0U2JRamJtZERNUltj
YU5Icl9JVixwTE1eMDdMWEsxWTojSmc6cUxqP0U1XlZHZFRULUNYJFM2IXRQWlVNPVEnUW9FbClA
RzghamdIbj1HTjFtSiMidDUyU3RBPy9dQFBBQUdpZjMjK0NgUjEzaSk1OlxNNjZFZDg6cDAsImdH
W3QqIkVQTS0wIW1cKkYxQklVaV9TSXAhMjBdMTojS1Bic19hNWc/bj4hLyIpTy9IKT1JXSorXlVn
U2VkK2AwO1MvO3BVI1o7bl1aXU8qLU45UE0oMCw/RDlUMk0vRCpFNjojTjtWIT05WyhPS1lwam0h
NiJBVkhANCsiNFNKSkUuKl8zXGYya0RxYjVTdCNQIlw1VSpmXHUjJylIZF0pIlBPOCtgQyljcmM9
T3NSSTtnTi1nZjNbbTZIMicnRkFXUCRAZXNDImJScyUsMkxWP0pWQDdQXFgzQWEnblFxY29WZDJq
Qy9dTVRAKiVpNz8xYWdZYGUoIzBbM188Ok9HLWRCY1c8JG03dCVBcSE8aUEjMyElcUhhOzg0Ujtl
bXBWXCZJazxAPCw1cChccDslPW8pKllOM1tMXCU5Q0JlXGZcWXNIRjJWLCZGZS8jcyJLWjZkRjxo
RztLZkdncj9ERFYlPU0+ZU5WI29mUjpVUStva2VncjojTjNPdGtSUmZsZEIqTXQ5Wl9GMSc/XlJb
VS1kTXVzPClhUksvQEcrZzlyK05DMVA+XSFRV2JqZ2hCZ0M+SyRTN0dWNHV0T0BBXEN0Kl8zRTRX
JG06ZG1UbjdJLmszIyxgM2lBNy5PcSUwcGpRVzBxLVVZUVU+Ok4jN0UrR0BDXGBoTm8lWCRrLk9v
aGUndXM3czQ2dVIoRUNJaW1TNidDLW1QJVU+NDpiYCM0YF9wcVlSZExkTVUpQzlyLG1bLUVgUS5V
SjkoJi08Ui1KWi9NTHREalA9MUxiLFAtMDwpTjBnNVNbWik/b0hUdDo1Z1lQNHFGVT9fZFcla2Fv
KzIhPC4jL2VWKlpwcltBX24wPEUrPl1CRjs2NmklJEFHTmhlLVM0cFA/OT85bVxmSTknM0I7Mkck
VWI6VzxGRldMMCouXmhaRlp0YGEhXW8lXWxFJU8kbGYlIjM0VTEscSJKb3NfLTdvREtGPGAvQkxS
ZWFART5GWT4kXi5ha1Q0MDVCWkx1RlNGN0xbIlY8cHRwRVc3VjU/VCUrLj5jKiROOT0mYHU8RjYt
Y2c2b0JAUFtEIkckOzZeXyEydENpYDsxXEFoLyRaK1FxIjJyQkMlNmNIV2w4KzxZb1ZjYSJCS21t
XXEiY0JNTWQ5clFrczUiby4+c1RmSU08bltcQks/I29NOEhgODcmdEpiN0htMVRSSkxgKm5XdEor
ckFFI0pHR0RaX0NvVT1HPlNWRzF0UT1MTzU6bTdFKUZuT2lWRUQ0amBOTCpNXWZOYVhTZTY1XyJp
aUlxc1dOJ3Fac047PGInaFZINlhibChULCFqa1tqWlBIMVlXUGdMbUtIP0g1aDs2X29cQz1dPCU+
TFRVTnBeR00hZkNIVElvdTJXQk1IPCxnPi4sNz43PlxLIztjLUNoOyxMMWY7LEwxZjssTDFmOyxM
M1xjSSVJXERwPiQ5SlFAU0cxTSpZW2t1XjRyNnNDUj5bdExsLkRlUzNlJi0iWS5UbWNmSGUoO0Z0
bTY6MTBROCc7YkhqYmxtVi9ZZS9mJzhMSTowVGApZWJwcV4nVyVRLSdRSFhCS0hvUGVgSVYmcXAq
S1RuPSRsTTZEay5wOF5PMzpoZUZVXzRHLkJfPW5MWkhTJ1NoNEByMDFJVVJARCxsUmhhaDUtYVln
KURuLWdlQ0BAQSZEblpTaERaK15ZaiEyYjUjXmI+Sl1uPyRTL0hMdS0qJGI7V0xlWTY4OFQzazFX
cUpVa0kvMmVaZXBVQVVsJUshMl9xXlhZcmshIms/VWI6LjlsKDxKZkE6S2VfaUR1TzUsR0QrbD50
KzZRSkg1IjosZSY6LDohKCRnO0RAPmdBPWs9Z0wlcmxTcVEiXFlFTi49cS9WXE9RZU5UbWRVUDlx
ZkE6YTBCVjRDLVBiKGxmMmRUPTFpSSxYOzRsT0pvPFIwaj9wKi5zPzxwZFIoXGtDN3QnTCthXG9k
Y3JscmI+RW1yP25qPWlmIU1aKCVYU1ZxcnRrWjVMQilOVSZCOShORi4tQzgoUV1QLWFRZyJEaCk/
MWQpVC5QWUoiUnVTRmtmKj8lbVI8KEUhcTxAcnEmJWJqaTRNUHFecF8vYSouSm0+XU81Zl46N0Na
VzI/aiEjNypYaGBfdCdJZyI6X1JAUEcuODpDPkJkJ19bUi5OYi1xMDZfZUVpSmxKZUY3aV0nTlJF
X2lPXkdOakRAdExXP1FLWS8+WlUpUTUmMHUwQ20yUzA0J2ByQUtEJzFjcmJiLWoxKllMJFs/bHRd
ZV9eMGw8LiFHMkNBL2BHWVErOjVMT1wnPmRQZmBESFRLMzorRCFKIyM0JD9hOTFjPSVuLDRIMV4m
UlY5OClMcyNRVkkhTmc3dXJgOVpvJEMtSnFiVTkxbEMmbiw0SDFdZyVKUWtkNDojcUgyPCFpPTMx
YjciNCxfNUdQbzNeKVdKR2VfXjBsO0w6WS5MMnVPLV1gN1NtR0M7S28+QTZsc09jKk1QMl9BIzlo
cHEpXlc8aikhSE4iRyNDZW9APipkPyhHIU5hP0FOckFgVFRBKEpbZm9LaFYoUSVLbTB1cXQ9VlxR
TyUxMyU2OzpOVitnP0gyaytYc3UtUmdYQl5ma3JmKUA4OG50ZSg3JkQrQ0pfNTsiQydbQmlcbUM0
cCJbSmc6VzdrcWxHYmpNbjRbYWkmSUY4PldMQTs4WVAkcDoqNTNDLzFyI2smJCw2MnRHZTMiR0ta
ZyxvRGFESzlWMUE3YUxNYnUva01WKjMrJyNmbCw+XzxiJ15AUCxlNCFhWipGRi9mKyVxJipNVVJf
Zk8kSj9MSmg6J3IwTHBKTGxucjxvXiVOZjs4TGdqIUpVXDpEQkpvIlhsKj5nckJzNihcJ1YmQUFh
Mi5WXSM2OlpCQ3NMdDdnITRpPkE6O2JzXCxCWGZjKWtCLz9uXDQsUGZNNUwmc1hFO0ZjNjBWaCld
YkRgbDxpIjozYT09PylFZXUxTThZVSx0MCpXV1kmWyVGamk2MFxXY2RMJWhHIlYiUUk+UGYuQis2
QUJxYTI8azBndSRAUHJgJjVXWUtDJFBmcDJFOGNIaS1KOVIqQE5GPkhOSGgySVJCL046dS5lKydc
QCYyOCZURjlRMGc3SGpEKyc6ZFMiPllTITFWT1xOV1tzYFZiK05NXigyJDBVQ1c6WVheUCI3LGVn
MSokbHVITSxLRC9tdCQ2KD5HIyQ/azZhKUEraStILS0hdV4uZS1nSChEMyZfJDk1OSh1amh1RjpB
c2NsTC00TUg2NzdFSDlddTBkLWQoYE4+NjIvLDkvakZYKVNQJ2BiKjg5N2M8N2hlTFZmJVMoVFkz
RCpAJFcxV1R1OGlrW1NZIkw6RjEtSC5sQTFuY3FZVksvTEBVNlAnOTAqY2ZhJDphU1JYcW9bR1Ep
PiNtZzZtO15TR2M+czBvcC9FSSNcXlxPcG0zXCU3Wi9fR0M3V0VFPk5VOkpKTjBRaz1oNW1YImZS
OF11W0hjJWVsP0IlRypgRikvKjYxJSEnRUA7ajxBdTdbSElvLGNESkVxPm0/QWBuZHVpYDNibkxT
N2YlVVkyU1YhQ1kxWVkqUWs5YiZNa280Wzw4OiMxZVBKYTJYbl9BZlpOIi5cRy5cYy1TbiprNls5
b1wwcGRaamQoNVBsRGc5PTdPcDo3XSNdKSc0JkFoMFBSLmhSXjU1azhaVk41aGhzTEpJZEp1Xi8s
bWhdOGUyRkE5QkBhQmFfa3QxbWBSdF1fR0ZPaUFpTldsZio0OXBBcUplWkd0Ql5ZJlhtJVNxYmVM
QSM1Tz0/QC1gZjQ+SGVfQUdxNig5LSFcTnBySGU4aDpxcEExckUwZDFEWWhFI3NUaERYajwuKzBI
LUokMk50KDhTJW42SkN1M1BsZDVYRTdqcCZIJl8uR1dKP2IrUDdEJmUycGwmSUxAJGQzZ3M3WXVM
WmlhRUZpME9rY1E9JSUmcSpQVkdfbVtDbmE0SDZiMEdNXTV0MmxPS3JJbEVQPCw2Xi51cE5LLkNC
czJNTFlJND1hRG9dXHUyYDtwdG9xT2lSO2A/KkZFX0JiaVJjRGVYUyVScFU1TjAuMlBVJEMtaDc5
VmEmKjdRYEhPP1BBPVFxLT1WYiw/Vmx1cW1ZTWBuYCxIQS1Cal4wQkUhVnJPPXBZdS8icFZkanJH
XzphITZjLzw1Llw5M1xhOnA8OnUkcnBEMzxvPmtfTFxvZz4xZWokUDQqK0hsaTsiUWhCXmJIMkon
P3BMS2kkW3NCRDYpbWZlKik4VW1xRFdYNEJsR0JocyglZTNPJl1IMzU1dEhpITBGcjkpUm5lJl1P
LGYjQzk1Y1lkWEJYI2paLk5eZUUhVzM4UjJLIllOQktcUS48M3BmQVViR2IscEY6UyEickI+WEZY
MFZJcE1gK0Q2YjN1PmVbdTJbdFtTbUNXMSM9WTFVTk1gSz9xbjdZXzsoPmEvJ0ptKjRMWyVNbGZJ
KHRFXiJoKkMySFBGLz5BQyYlVVhVLUJAWmFcOEFCO2gzOChlOmRVJXRvayxVM2hiOzEkJWhVUTtC
R0IqXSRoQUYyM0NnPG9GcyI2dVIuO1VsUDtqO2k3SmoyRV1cO0c3cDRALEg2XzlmRGFIYiprMWtj
IjIzKkBhbjFgRlExXlppSGtcbmtGNUpqW0ZGVTRAXFcuVlVpJmAiX1stQW1DRDpwMFZbUmI4XSIx
XjAlLzcybjBqOzRNa2RNNyQrZFIkUDFpIik/aUw4b3Fub3FiRENxdDRuK1pqKCZmZEYnVVxzOW5l
VUNGOzlTWzJlOCFNQFtjNz4qaignZ0VrP18sPTQiRiRFY0trWWA8Zjlra3FxVjw4KzFYMzxePmMv
JzBxTjVPPSc0QHM5JV1vRzdnMiEsU0J0a042O2cjIUcpIjU9KmJmM0UlRlVwa2VEZEYkSE44ZmpA
NXQ/OFM5NSlGODBXNlxgYklGc29lKGR1WFQwKEBVPUJAbTIuXGE8RCprJ3RAbU1KMFVTVj9TYyM7
a2lYXy0jJidELm4sQEA7O0ZXRldqQGNTdVM2SEhManRvJ0lvcUJcXG5cSSwiVCRII0lHVzknXEAm
Mk0uWkpBPUxbciExPkZLYlhaXV40MSUhKWVcIWRrQSVxbzdnU0pyQmJLRjxfNW1hbmNlKWpfVWpr
ZWdLRSwyKi1zMVt1ZTFSVVFERjdXKmpGXUJeKTBUS1NWNGcqMC4oWVBIPlMuSHVEVUF1aHAsTyNy
cyU5ZD9qYlRZSzdLLDwmWDxCVEZYOjhJRyYtazA6PlguImJIbzphdGNoJFFYMSlkZ1NtYFZbTEAh
KCpbIXJuXWY4IkxMc150MjpjW2Zga0djK1NHNlJJNCM4Wko/QDFEMHI8WHM0SEdvRi9dN3FoLDNT
RmlMWCtSTi46JGZBNlc+IVdPZ2huZzNvQGJCXEMlJDdzbmZJUkVVV1hwcnFjQi1sS20kbmY3WEdR
TjghT1hjJDNlXHU8bEhAX1c4dGUiYEUzO0EkWGBISk85PGEtNmFOMik7dCFlaWtDODQ9bixkaSRI
XTdgL2c4IUJjbm0nUEtrWllaUTsobk00X1lNb3RMSitIVW0yXSJXY2MqSiQsQXNsKW9USDt1ay5J
Xk1pbj8xLWE9X3BYYS09PVZzOEFWcF5JT2BFPUQ1O1kkVkdhSyZbNSFzXmg1ZkZjTidURFZCS0hs
R0xXNVgrc2U+SmVSIjQjXyouQzFcJlQ1JUBESE5fMl9VcyU0LUJwOyZeMXBCJy1YcUBsR1lQTlw0
Q3NvaTJIQCQ2bUhgbGcsaCUiLygzOlMsKVUsMkhvRiFVXk9QaiVMZjE2bTZiLUQ6QC9haCZYM2cs
UGQ0RFo8UWlsXmZjLWtRZyMhUSJHWi1GdCdIWCtbSjg4P0lCWidnWy5oVkNRLnBbSSJRVm1QVm46
aEYzOk5hTUVvUTFjQ1lQbCdPVEM2Kk10YjJaPHM0WFEzXmdBPj9qKnE5MHJRYF4udHFlRVlrY29L
WnRNVkxTMEpiSSo3WTwrXWlZX0RlLDFgO05sRGFOWDFHXVc3TGlfKnNnZCxsPkNYKEhmRGcxcl5Y
JFhsKkxBNXNdNls3KGVXaEE9WUxxVlQjL0NcSVByP2JpJUwlWFEsNTsyNGUtRzIxbTJFJThpXD5O
RURbcDxIJ2ArVFhnY1BNLjgiKFhqR0dPazYyZT5OXGM4Q1k/TCNtQkxpciY4PElqLyRbNC06K1lT
OTdEcyExMmgtPSVxdF0sUm9WYWVMZmFAM0lTVTZQbihWKW1kOk89LysmVTt1RS5SUkdAWXQ2Y1BX
cE1yU2s5U0pkT0JjUUVRS1dfW0Q6X3I8IlFHPlJPJzNILkxeQk45aWZEZFtUdFJhUzoyRSNnXzY9
bGojJ3NoJmoldUpgWzcvI0tZOFw5O1Nibz4oVD4qYCQjbGpiTFwiN0w4ZCRwXmw3P3AydHFtL2Q7
ZG5WM1RZJmckV15lKylDKyFRMnFKSHJGaG9zRkRvblxxayptUyJbMmc/XFAmQWFILCg1LjFqOkNH
MnMtVmBENUBaQ04rQFEsZS9lJltDJS8wKjslZVtBRVRuTVxZKihPMlVxXihPajVmVHRVNU1vbjZh
NydRMy5ObWRILGtgZm9INDBKL0U/XCRtdTtHODIiaSVBS2FZbyY2dSdpTFdaJEJsPlE/U3FyTlxo
QUNqRGVpZ0JBRy0xdXU3MV8+NVVxbi5oa2g0dEFmQT40KmlqQUgsOk84UUxvRFxSRV9sNV9GOXRY
QHNTYTNQZmgkOVlJVTFfVlw4OGVhK04+NjJxbGEsUF9TTHQnVCsrKFtKXE0+IUdWXFNnXnBaMWIl
OFEiayhIPz4wXERfLSVxSChRYlVmZ0MsNicmcDs4NGdWKzQ3aDxXdVVjY10jPyc5PU5HZzdndDhD
PFdjayY6Imslays4dFFKUHQ0L0dEPSptWEcxIzYoZkIrbXImJiVTIUxQUz5gTjVBPmY2OlAqNEBu
JU9Pcj5rNVxKRFdsbjg3SV5nLUZSRTkuXjtGazQlR19IUFlbSGBtLEZtSWVQNUY1dSsjJmZgTGpG
KURcNT1FK2A5TkNEU0RCWGBmazZrQ29xRDxkN0tqKiYiai0nXDpzazhfNDNQWjosRmorUXJnVWJD
LWE1PGpWc24/a3RvOmAjTFVAKixPX0MtdClQV2RHVnROcFNuciMxPjxuXGsmT2spJmxmWStxRVtV
JWBHaUBIakhZRz5sO0dLXDIiPilCYlRrb2ljPyZ1bkIsUWBnXEJVWFZCLF1WWm8+WkRNNjhXUV5I
cz1hKVRpQW5MJWFaSDNpRWUkM18rTnE6I2MlUz4lSCkxaFtOX1dkaHNGbGZHU0VNZzA3V0hNWitV
NFwpJlkiTzVFMVtoWFpmczpMUG5AazBgJGoxPk5QOyU7al1FVjdsLHE4UihLL1hZZF4pbEpgPG1A
dEwuJTwmYEU9OWdJYCw6MkolLUUxMmkzP0NLZnBAJmcnW1hYMjU9VlwqWVNNcEg1c20/MWQjMDY3
c2o9bWpJa29DPVs2Tkc2X0wqKzZMP2lPN0xPUUdfTF1oOT1EVGBzXD5MYDNfSTtRNEUmaG9vQGQr
USstUHJaIj1KSUdjcC80WkE/TW9AbSMlYWF0KiQuSVdnYVEqNXFsaHM1SWonI2hMP0BHcjUxRGM2
SnM+VSRbMCVbJ3NSUlxONDVcYjBiRFBZJUk7YUtORyplL0M5ZVYxSFUsZEthWWdKSCJmbzhLXExt
Tz4/QC0tVlJXcDZDMiRGXlx1JnBNbUVPNWM6bFY/LSdzXS1FYDk1dEUpOzdIRUYiSiEzTDUnXk1E
NTRkdW5ZIi1IZktBT1FmOl5zOj9qU2M9Py50NktvSS8vRVxnIkZnT0phYyNwUmNGZG1KJEApMykv
cyZbLl9fIUEuP2MlP1s6P11COTMvTmlfYExxOWJnYS5sTCpXYlRlSkMuOVpgKFpSWkFQTjRrJkgv
NCFUKyw4OjEnJT5kKVEtNkw+NTcqaUNbMzdyZHEsaz5VPVllcEQqQUk5WlQiYjtpTEpkdT5NTVll
V3QrUV1GUSElRlMtcEV1NCNQVk1PVGBJOyQ0X1Itc3E2S19YXFlydEdEMSZFYzohbkglTmlCUGpl
RG02Lmc8Ji9lUzglIiFHVD0nTVU0Tlg/TmMrWGRvLWo/aig7NGlUPmQ8KGYxI1hPKlIuWSctQWBO
N1doK0pvPiFbMThvLWNYKWdYQkhiLDBUMlgnYUFidC5rYGYlKlhWZlQ1ZGElOWhGdUtWLVVXcTch
SkhaMipZWyprTHMxZy5oPWtoNy00MzcnTzk+Q2lORCY/JChCSkxBWEEmMCdTcS9GVmJnJ0soRmpE
Qy8waClkKkA/UVVcOS5ZZGVWbmNxcXBvM0RrJmM7KkJgVjBsdE5adUlicnVlPmZeJD84ZzQ/Rlcq
c1V0LkZjT0NXNDR0MCgsZjBIKEtqUVc3KjEzLGdBO2tNaWdSWS1QUD08ImhoSSohQFcvQDNuNlFL
MDRCZmBAY0JIJCJuKXVDTHAnNT5uQDE8OypaKFFsY01NYC1uYTRibWFuJTkvQk0nKWNKZzBcNEMy
dTwjW0piSFReWUcuYS5tb1hxczBfX28jaUhwPlUlMCIxPnBQUCo4XWZQTFtDa3FiZF4jL2JZUi41
MVJbcXJkakR0W0pOQ1RkQnJZWkooTjZMLF1rbSwjKUJWUUdXZ0xTJm83ZD5ZUCdyMzRHTUdLQmBH
RVpPaidUIm9UODo+Mj1nXzRLJD5VRF5nJmpNJj06NWBEbnJycXVZMVAlZXUhVEs7Rj40RyxGUmBd
PjEuZmtCYSkibDgoVXJNUkYvV0hCO2w/XUNmWHBkWyk1M0ZxOixYKioncUdSRVhDcS9qPkleRmJ1
Wl0obnUtNUNXNF1UbzNVRkxJbVVtREMqIWRjJU4vLlciKy5oY1R0Nls+dSdCOSpVO1RKMnRdQV1y
Ny49T3B1XUtvKVklN0gqPCx1JFQ3TD00NkQpcDNlUj5aQD1cKnI+bCgoSzlZXkJeLGB0KltSTHEj
SlZyNztRZWU3I1E/QyJRQFlsRS4mSFRZOj9jLklVSmohazk6XTstXkZZYzh0O2xDazFZKSpIcSkk
S1lDWnQ/W1pHR3BXV3JSaUYlKUolazk2RDNwXWpvU25RJl40PFpCQClebTBjLk9sbnQuT2xudC5P
bG50Lk9sbnQuT2xudC5PbG50Lk9sbnQuT2xudC5PbG50Lk9sbnQuT2xudC5PbG50Lk9sbnQuT2xu
dC5PbG50Lk9sbnQuT2xudC5PbG50Lk9sbnQuT2xudC5PbG50Lk9sbnQuT2xudC5PbG50Lk9sbnQu
T2xudC5PbG50Lk9sbnQuYyg0KjVOTi4yTjt+PmVuZHN0cmVhbQplbmRvYmoKNSAwIG9iago8PAov
Q29udGVudHMgMjYgMCBSIC9NZWRpYUJveCBbIDAgMCA2MTIgNzkyIF0gL1BhcmVudCAyNSAwIFIg
L1Jlc291cmNlcyA8PAovRm9udCAxIDAgUiAvUHJvY1NldCBbIC9QREYgL1RleHQgL0ltYWdlQiAv
SW1hZ2VDIC9JbWFnZUkgXSAvWE9iamVjdCA8PAovRm9ybVhvYi45Y2U1YmU1MTczZjRjZDZkZmNk
MDExOTQ4ZmI0MzA2MiAzIDAgUgo+Pgo+PiAvUm90YXRlIDAgL1RyYW5zIDw8Cgo+PiAKICAvVHlw
ZSAvUGFnZQo+PgplbmRvYmoKNiAwIG9iago8PAovQml0c1BlckNvbXBvbmVudCA4IC9Db2xvclNw
YWNlIC9EZXZpY2VSR0IgL0ZpbHRlciBbIC9BU0NJSTg1RGVjb2RlIC9GbGF0ZURlY29kZSBdIC9I
ZWlnaHQgMzYgL0xlbmd0aCAxNTU5IC9TTWFzayA3IDAgUiAKICAvU3VidHlwZSAvSW1hZ2UgL1R5
cGUgL1hPYmplY3QgL1dpZHRoIDE0Mwo+PgpzdHJlYW0KR2IiLyhjWXFmNCkjWlBNPjdOWz8qbmxu
NSdvS0JdI1h0Y2VKQjQtJDxONjxgX0M7XmVqVE9ma1pxXFs5NVZELnA9PmNRaUBRK0g+PUEjWU9s
cGRqJGRCXSUtOEA1WCJNZFRTZ2lbWEImJUZqJEJaImJaQFdxLycwQicrR2ZjU09KVnEhPydXITxF
MyUhPEUzJSE8RTMlITxFMyUhPEUzJSE8TCRPKkEjQjMnTkhPcV4vOUZnUmNsIkgjKmFWIiZuVVRe
XkFIbEhKOlwsc2tdRmY+PUw/aU1ddE0qZ1l1biwvOkpPWjY7aDU6RWtfJzZGVSZxUmQ1OUVsKFxG
WGs7YzpbaWtEIm1AdDtHXVhtU001V1FHUV84KCpmRFg9O0dVVmVEM3BUVVB0SWxYL3RcYy45OU9D
RklCRTE7SmdOTmUhV2ZaamhPMEA6P3RObHJLLyxUVi1vWmpMOmhlPXJZalwwXCZyYSJPLzQ8YD5P
XyhMbT06M0FFWkJcQEAhSi0mQ00nJSxBIk5eSl09Tzc/ZiNTLG42aj9nUEpiV0lnZ3BcNEVlbDlu
SmhvbEhLYyE2cnFBMFdVWGBzJEMxN0lURUtjOU4xMVBLcWpxamNmJysoKjpUcCI9TXM0RFRvKEQ2
PitZPkVST2AzRTszQjtJJGFgZHJAai8pclJedDhIVj9dKEI0NThXSypkXVltISNpcGpwSjJQPWNl
bkdrX2JoOl9VaFNPXydkO21xOHVUbyptS0dXakpdX0d1amVkcGIja3VuO0BiTlk/XDw6Z1hrcCg9
MGdcR05aTkltJE8/RC44R3FobmZeTCxpSVVkVUIzLEVjPnU6SSFmYk4mU047VlxvRERiVksxMkQ5
M0haMTJbTUtGaUthUWVtc0ssSiwxJnBRZzJqODxkLCU+aU5vamxfJk1zcHQuME05IzV1OCxmY1E7
W0JdUjdFS0dUSGRUN3JyJj4lOmhQXUA2aC4xO2pMI3M8dSM1OjZYWFA+a01rTDxOW3JJQSpsZW8k
Mic6JSJER2lvQGpIWF9dQlxsR3U4YDBfbzdnS21yJTROQTNNOD5lW1spaSIxNlg1RiZSWTFQQilU
WyhDQGdHMk5tNidATkAnKk5gR1tQckpyVGBbak5cZiRJKmJCMSYnJktUKllCSmRKalVGLzc+OkxO
by1FakBBLS8lN3BgXGVMM1xPKTA7MyE2RkgyTGsjVVhqOWFxXzwoZS5BMzVqR1FScEBdW24wTDw0
Rm03UWc+KEpqNTx0PCM9a1FdbSpzYCRzM1Q3WzVkU1NaXlEzbmJCU2tjPSFWM15YWEUpIjtAWVRD
UlM/I1NRIW8xam5WZjlAUSopaDNfZzhiaD8xQyNvQS9fWyhJMUdPNkltK0hOQFUvLzssMjFTZGdz
Plo5VHFlW1smM2ozOidGPDMxW18zIVQ+QlJlZ09AXlxaQyMwailXQyUkSkViMS4xQkVjN2ZaNSkh
czljJTpvKEcpRGtIMCVTW3Q3TEBoUkouUXNjMDNlUzN0WkYlNj0sJFA7cU9DNWAxZUdBNTZCKU1v
LWgyZ2FuXlQ9M3AsZiprPUNDY1YlV08sXF1XRlNdNTpvNlBpZHFfW0stYkxoZF1xYSdATjpzJUki
T0tDbE5EJUF0LTcwRDttbDZpJ0ooQV9YRWlLMTNWXlw1VldKWWhvZ2VsSSwnZUZGa3JyMilxXjY6
TypwVkcxU1w8T1QhK1hzYl9jV1ZsdEhHK2NMRjxqRiZyUEphPkJVNzRhPjJAJzA4P1Bwa1FMW21x
OGdpYVslLjlYYm9eNihOQkpSLS4mNmspQC8zaDM4KihzWWAzWjVQYFFmQHVIMEtBSXUzSyU5Zl1B
OkJCNk9eZU85cWk6SiYzcTJuUlAvNHJxTkVoKS9vbWlCRWkoJGshdT1EPDNGP2VoKCk6U2dKdTYp
aVNeMSM/SlZWOVRlJVU0aG8iQHFQTVk/dV5WRDRqYE1BPnEmSGNpWGxdaVVKZzs3VzcmXUUsTTQr
a0lLS044clZcUl5BbW0nZj1maVtmOV03aFg4LUwjUkNcQSNSQ1xBI2xaQEwkZ3Jpb0Ndfj5lbmRz
dHJlYW0KZW5kb2JqCjcgMCBvYmoKPDwKL0JpdHNQZXJDb21wb25lbnQgOCAvQ29sb3JTcGFjZSAv
RGV2aWNlR3JheSAvRGVjb2RlIFsgMCAxIF0gL0ZpbHRlciBbIC9BU0NJSTg1RGVjb2RlIC9GbGF0
ZURlY29kZSBdIC9IZWlnaHQgMzYgL0xlbmd0aCAzNiAKICAvU3VidHlwZSAvSW1hZ2UgL1R5cGUg
L1hPYmplY3QgL1dpZHRoIDE0Mwo+PgpzdHJlYW0KR2IiMDshPEUwIyEucG1EWCkxQm0hPDwqIiEw
Nz1IZmEvNX4+ZW5kc3RyZWFtCmVuZG9iago4IDAgb2JqCjw8Ci9CaXRzUGVyQ29tcG9uZW50IDgg
L0NvbG9yU3BhY2UgL0RldmljZVJHQiAvRmlsdGVyIFsgL0FTQ0lJODVEZWNvZGUgL0ZsYXRlRGVj
b2RlIF0gL0hlaWdodCAzNSAvTGVuZ3RoIDE1NTQgL1NNYXNrIDkgMCBSIAogIC9TdWJ0eXBlIC9J
bWFnZSAvVHlwZSAvWE9iamVjdCAvV2lkdGggMTM1Cj4+CnN0cmVhbQpHYiIvJ2NZcWY0J2BMMko+
N05bPypubG41J29LQl0jWHRjZUpCNC0kPE42PGBfQzteZWpUT2ZrWnFcWzk1VkQucD0+Y1FpQFto
cmAvMSI9OEZzQ1ptWnRxJDkmb0ZgIiwrK1hyXC1pMU5aYzk4Kkt1dGF1UTAtT2BSW05uXTUvMkI3
MlwxLEUnR001cSdHTTVxJ0dNNXEnR1AkXmEpTU8qakRxZyI8MW5qZS1KcTdXaXBVb2guLEUzbTUk
ZWlLZChwOVdOXCNXQDAhbmZhXXRNKyw1JG9xLzpKT1thPC5QTzZSIlBkIUc9QDQkclVaXVNwUlE0
YUc/LWJzVkU5ISdRJWZkJ1IiUGQhXCYvQTUnOS5ZXTZBWydDWGdaRXJiPlA8PS8vSFJYY1hnN25e
OnIxXGRENkJYMFMnNVhedCNKKUBHZjtJVV5NJGMvbGxlRWolc0hxcTRRb0JWVypaPmVIbUVsNnBi
LCs4KUdfR0UnSCo6OVlwcUwpcmksREVfRjdFOnFDYzZcLWtjKjFQK0RDVjRMaGxxdHA2clptODRx
cloqPHM1VTBJT2xEaDsmRzlPQ1M1SEZIdVE3XUdCX0Q9aj1iLyVhUmtdPGElOERVUWclYDRscCh1
a1o5cSchXENiQidnUEhZKFkwLEBrW1o7YzM4NSwnOCFPW185QDtvWyYtaClUXkxrVC5EQkBKLF9Q
OjRIaVoqOSFYSldMaFJCISFiSylpLkJyJUo8Iy8sJCw3LkVVJnNQKnBHTFBxVDxhJzIjKHVrWjlp
STZwVF8tWW8sZSFAXFFtPUdxZVpKcy9HWiwkVzlkNkJUTTMnS05UWl1HQzw1ZGpBSFljZkIvOWBP
TEJTcDtuU1tUMyo2VD9CQmlmMlkzc0RMS1FFUS9nbE4yXW89ImlqJiJFTWNcWys9Mj5zXiUhPDRz
K0liZWZlaWk5P1leRW9hcEguaDErLHNNbiQlM1JqOF8oQ1Jeczo2TmBQb2VFPitnRi9OJFczLFlX
bCYuVmI0Rmk8VyNJbkpvTURMKCtzXy1OLXEzNT8+IlxeckBXaiRHbFxAYm86aVAzTXNCZ0UkMUYt
aC9kTWxHaUlpUzRmRnFWIkAiIUolbEtXKnUvXlFhKEE/RyQobVxxKTVRNyhrJFZBbUsnJ2IrVjBY
L0pfMlxYT0hCVjY/SyZFJVgldUQmXVRBU1ZbLE4hPWUrQCFpM01NYTk9Ik9ZQGRaZFVeTD5vUGcu
SXRkQnU0XEFFPS5JWTpuaSZlUjgtOyRUSDNqVmMzWixxL2ZmKi1vQjI4SmdpKy9URHJLMERVZWtP
NiNqZ0hUcVc1aW1jW1MzXHI4aylTUTpER1A6KnVTXTsodWpPR0Q3ME5xIldoKCwyJUROaTw7Y10h
czdyJlplSCNxWFFnYih0NGdxb3UzJGJlYj1WKydMdUUsVWg5N25sWGxWcCVJWmlxPi9iRVA7NyZS
amckMWhuQUxgWlk+SnFqMzRtVCU9OkZgSFdPQzRNRl1CUSdpQCZgdFQ9NFIhLHIiJFE0aHVDOUJp
Sy91MzAxNiknLDsqcjNbPjQ6SzZySWciNnAuMWhyMklLTGpCQklqMztDVUpkXm43UCcsVCRzIWJg
XVxTbVNIPS03MzVXOkNPbTptbzljXlopW3JJVls4RCZPVjBZdT51RjhsaUtvJiwoSFsqR18vSk5H
MDhdUiQmVkIibSRPIUFsaD1JS00mWmpNdDduNihUNFJhTSYhV2ItUFtAQzNXVWFNQlVQZmVccj1Q
XlFGcSRrZW5wL0hBNCw/ZCZKP1gvQzw3VXNASSdSInNncD0uL1BPai9rMCQhIStJXWJzLjUzaD1S
VGk/OzVIXic5c1gjbUFUWi8xaFE2K18tOSEtaEciNF88bjRYQmNlSzU+TyolUDUtc201aWpcOT5t
Pl5zXF5jSTpUcDVvZ1llPExBX1pxa05tJTJHJFBUdWlqR2doRXRBKy00UG0pIV9GS2dNdCU4QTQj
J0pXI1c2RlRTKTQlbDEkPygpPSszdGdNcWRySnFBVCtKcUFUK0pxQVQrSyZaZ0leWFtIXCgnfj5l
bmRzdHJlYW0KZW5kb2JqCjkgMCBvYmoKPDwKL0JpdHNQZXJDb21wb25lbnQgOCAvQ29sb3JTcGFj
ZSAvRGV2aWNlR3JheSAvRGVjb2RlIFsgMCAxIF0gL0ZpbHRlciBbIC9BU0NJSTg1RGVjb2RlIC9G
bGF0ZURlY29kZSBdIC9IZWlnaHQgMzUgL0xlbmd0aCAzNiAKICAvU3VidHlwZSAvSW1hZ2UgL1R5
cGUgL1hPYmplY3QgL1dpZHRoIDEzNQo+PgpzdHJlYW0KR2IiMDswYF83UyE1YkUuV0ZsTjVURSJy
bCE4cVthT15qZ34+ZW5kc3RyZWFtCmVuZG9iagoxMCAwIG9iago8PAovQ29udGVudHMgMjcgMCBS
IC9NZWRpYUJveCBbIDAgMCA2MTIgNzkyIF0gL1BhcmVudCAyNSAwIFIgL1Jlc291cmNlcyA8PAov
Rm9udCAxIDAgUiAvUHJvY1NldCBbIC9QREYgL1RleHQgL0ltYWdlQiAvSW1hZ2VDIC9JbWFnZUkg
XSAvWE9iamVjdCA8PAovRm9ybVhvYi4zMGNmOTQ4MjBlOTJkY2JmYTExNjI0ZWFhZTcxMTk4YyA4
IDAgUiAvRm9ybVhvYi41ZTIzNGE0YTRiYzgyZmI4MjFlNWRhYjkyNDhlNmY2ZSA2IDAgUgo+Pgo+
PiAvUm90YXRlIDAgL1RyYW5zIDw8Cgo+PiAKICAvVHlwZSAvUGFnZQo+PgplbmRvYmoKMTEgMCBv
YmoKPDwKL0NvbnRlbnRzIDI4IDAgUiAvTWVkaWFCb3ggWyAwIDAgNjEyIDc5MiBdIC9QYXJlbnQg
MjUgMCBSIC9SZXNvdXJjZXMgPDwKL0ZvbnQgMSAwIFIgL1Byb2NTZXQgWyAvUERGIC9UZXh0IC9J
bWFnZUIgL0ltYWdlQyAvSW1hZ2VJIF0gL1hPYmplY3QgPDwKL0Zvcm1Yb2IuNWUyMzRhNGE0YmM4
MmZiODIxZTVkYWI5MjQ4ZTZmNmUgNiAwIFIKPj4KPj4gL1JvdGF0ZSAwIC9UcmFucyA8PAoKPj4g
CiAgL1R5cGUgL1BhZ2UKPj4KZW5kb2JqCjEyIDAgb2JqCjw8Ci9CaXRzUGVyQ29tcG9uZW50IDgg
L0NvbG9yU3BhY2UgL0RldmljZVJHQiAvRmlsdGVyIFsgL0FTQ0lJODVEZWNvZGUgL0ZsYXRlRGVj
b2RlIF0gL0hlaWdodCAzNCAvTGVuZ3RoIDE2MTIgL1NNYXNrIDEzIDAgUiAKICAvU3VidHlwZSAv
SW1hZ2UgL1R5cGUgL1hPYmplY3QgL1dpZHRoIDE0MQo+PgpzdHJlYW0KR2IiLyhjVkdgZCo8LytT
UmcwSjJMTlxsKTZWUjJpTihMPlxKbkhvU2ROQ0wwViFNZVVKTlpQLk1xXD4/YitaJUJJdGsoWjZx
REUvQV8uP3VRdDtiRy1GPUNJNiYqV0A6Kl1fXSUnZyEoIUUzVTtEPkhGNlBQPHIuX3RWQEtxZ0ly
MV41VTtgIXM4Vy0hczhXLSFzOFctIXM4Vy0hczhXLSFzOFlDcnJtdXNqUmAxWDFBUW42JG8jWXBd
aUhvJy4pQ2w/MFtdWjc9aSxkbFZIQzRXYix0TVwyaDwvTVg0P3E7cC83a2gvc2VYWzNWY0FPIysv
ajMrcVVoWyZTY2VaYjVRRExsYy1YImBsR0Aocj4jIkEhKWtGOCJOJXEvUVdqciEyODBYa2NoWUhE
WT1bRi9qXmc/PmMiJlRta05AX3M+W0xrKGxQTyNlNz5PMi9YZiQ+a19zYTA6KTBPalRUKzVKVSck
M0VISHM/Lkg/YEMjRTUzW08jI1NAPmoxMCo6MmhNREtLKCFqYTNNLjRDLT9eYV1jT0JoRydxSTgu
LD4+WC9lSSFoZStfcnFKK10iYyJAYm9rMk1ZRSkkUiFiYlE0YDM4Q0k/JCFqWGZkVj8+LF9DaWlk
T1JpLTlTI1tAO1UkbFtSXzkoUFlNNWIxIiF1cVc+UCthQF1qQC5Ob1NTbzZqYUVnLiluSzw0UChg
KStaYTkmZG09QGJCIk9LQ1xlWls7dVJfUVBYOS9SZWtJPmksNychPDo/Mi5NWzdhNkZgdWZDMzBV
YlM0YHRIVjAvaV5yZj9SZyhKQlsrMDxcIS5zQ2NgUGU9LGgmMConLEFOPFRjK1lLYCg6MV9TPFFh
VDZrJU0iTVtPM0snUyU6aW9jLSI4Lz9jYko6RW5kPzdCI1liQFFUUVdBWFNeM21iNUoyPEs/JGJP
Wi09WVtFSkhkbDxWN1BgMjMrbDAsSl0qOGA/Il9cKE0wIlw8aWBybkUvOXFMO0wvZmpwcSsqTGA6
cSZwcjx0XDp1JihvUmdcW10uJ1VDJmk+I0kuZmZUNm9RRGohcmJDWmpRMkFvUCRxMVdUdHUhOWhh
O1MkOGRoTElbTykjb2RlNy8iTXEpa01II2tKZGplNDxnMlAyZ290XUpyTGo5dXNPYmtMWyNCYzQ0
Q01SXWU9JyciOEsqSD9MQmRqcEFOX01TLWw4a0wiXHNeb2lbanJORmNLN29GVVwrRXNXSTpGKSIx
ZUZqT25hVEVBTG8qSzxfJ2NMVHVMaCxqViM8aExiOiZmWzlLQ1dbblcnMWUpb2VpSDBaVUlPcF5I
UGI8PW0ib203NDhkTidvTj0uNV9wcjdyZFcuWjNCO1VmPHFIQ0Y3SnBtT1FMNj9gN1xFOW1KLClL
JWJgOChTOE1eImIuXlRZKyJMYUksIUs1MjFMb1gqXztLS11MTkZrTjNOaVguWEo2RkFSaiwvWGg2
RG5vTClHUW1ZRFQrMjtePCFCUEZiODpjXHMyYWBgPGdxK1BnYGg5LD1PSVt1bSgjVENlJlo8WkRb
S2xUXTFcLVBjKCk2SiJnJkZWMk81NUJlO0hXZz04YTdHJ24oLDZpWjZGOUdeMiZGLiokPDp1c1Fh
UyYwUlZZcFojcEhxVzM0J05fa1lGI1QkRStjXWZaYEJzQz1zLiZyJFhxNT9hJiguQ0prMDdCSFZM
LEFANDMyKSVAS2pQWjc+NFo9JDM6Zm9XdUtxNjA1aU81R0JYMUJvMEVFYEBfQG46WysmLzNRS11x
IXV1Yjh0KEs3NTJgJSJMOCldOidyLDxNPT1iTDYqQFhWLFtxWkoqISNlaytNZUwuU19BPyFcRjZT
P2IkZyxPczdbSC9PNUFzZCMvMDk5aDFkO2VEP08wUDpXYFxvVGBZdVBIKUZEITY6OVZQbE8vaFcq
O3BzMC8xXygkLFRxQW5yWVF0Z0hUXzIsNVZQPz1iPzFnVGA8UGZKZDA4bFduUm83JkRObFxMWilS
TT5ITGZiK1tnZEooNzJaVitUIjhfPU9namlIRTBbTy9WNjhaSjJDYTwvYiNjRThuZ0E6JiJfcWh0
T1tJMjQmVjsqPW07L3U/KDlBLmFEIU4sZzFwZVxKaUlxNz83MDZcJ1gicFA5ZHMhJUZERzFsYTJ+
PmVuZHN0cmVhbQplbmRvYmoKMTMgMCBvYmoKPDwKL0JpdHNQZXJDb21wb25lbnQgOCAvQ29sb3JT
cGFjZSAvRGV2aWNlR3JheSAvRGVjb2RlIFsgMCAxIF0gL0ZpbHRlciBbIC9BU0NJSTg1RGVjb2Rl
IC9GbGF0ZURlY29kZSBdIC9IZWlnaHQgMzQgL0xlbmd0aCAzNyAKICAvU3VidHlwZSAvSW1hZ2Ug
L1R5cGUgL1hPYmplY3QgL1dpZHRoIDE0MQo+PgpzdHJlYW0KR2IiMDswYF83UyE1YkUuV0ZsWU5U
RSJybCE4dTYpaDgjc2h+PmVuZHN0cmVhbQplbmRvYmoKMTQgMCBvYmoKPDwKL0NvbnRlbnRzIDI5
IDAgUiAvTWVkaWFCb3ggWyAwIDAgNjEyIDc5MiBdIC9QYXJlbnQgMjUgMCBSIC9SZXNvdXJjZXMg
PDwKL0ZvbnQgMSAwIFIgL1Byb2NTZXQgWyAvUERGIC9UZXh0IC9JbWFnZUIgL0ltYWdlQyAvSW1h
Z2VJIF0gL1hPYmplY3QgPDwKL0Zvcm1Yb2IuMzBjZjk0ODIwZTkyZGNiZmExMTYyNGVhYWU3MTE5
OGMgOCAwIFIgL0Zvcm1Yb2IuZTU5N2Y0ZDUxMTkwYTdlNjkwZDg1MWFiNGEzZDY4MzggMTIgMCBS
Cj4+Cj4+IC9Sb3RhdGUgMCAvVHJhbnMgPDwKCj4+IAogIC9UeXBlIC9QYWdlCj4+CmVuZG9iagox
NSAwIG9iago8PAovQ29udGVudHMgMzAgMCBSIC9NZWRpYUJveCBbIDAgMCA2MTIgNzkyIF0gL1Bh
cmVudCAyNSAwIFIgL1Jlc291cmNlcyA8PAovRm9udCAxIDAgUiAvUHJvY1NldCBbIC9QREYgL1Rl
eHQgL0ltYWdlQiAvSW1hZ2VDIC9JbWFnZUkgXSAvWE9iamVjdCA8PAovRm9ybVhvYi5lNTk3ZjRk
NTExOTBhN2U2OTBkODUxYWI0YTNkNjgzOCAxMiAwIFIKPj4KPj4gL1JvdGF0ZSAwIC9UcmFucyA8
PAoKPj4gCiAgL1R5cGUgL1BhZ2UKPj4KZW5kb2JqCjE2IDAgb2JqCjw8Ci9Db250ZW50cyAzMSAw
IFIgL01lZGlhQm94IFsgMCAwIDYxMiA3OTIgXSAvUGFyZW50IDI1IDAgUiAvUmVzb3VyY2VzIDw8
Ci9Gb250IDEgMCBSIC9Qcm9jU2V0IFsgL1BERiAvVGV4dCAvSW1hZ2VCIC9JbWFnZUMgL0ltYWdl
SSBdCj4+IC9Sb3RhdGUgMCAvVHJhbnMgPDwKCj4+IAogIC9UeXBlIC9QYWdlCj4+CmVuZG9iagox
NyAwIG9iago8PAovQ29udGVudHMgMzIgMCBSIC9NZWRpYUJveCBbIDAgMCA2MTIgNzkyIF0gL1Bh
cmVudCAyNSAwIFIgL1Jlc291cmNlcyA8PAovRm9udCAxIDAgUiAvUHJvY1NldCBbIC9QREYgL1Rl
eHQgL0ltYWdlQiAvSW1hZ2VDIC9JbWFnZUkgXQo+PiAvUm90YXRlIDAgL1RyYW5zIDw8Cgo+PiAK
ICAvVHlwZSAvUGFnZQo+PgplbmRvYmoKMTggMCBvYmoKPDwKL0NvbnRlbnRzIDMzIDAgUiAvTWVk
aWFCb3ggWyAwIDAgNjEyIDc5MiBdIC9QYXJlbnQgMjUgMCBSIC9SZXNvdXJjZXMgPDwKL0ZvbnQg
MSAwIFIgL1Byb2NTZXQgWyAvUERGIC9UZXh0IC9JbWFnZUIgL0ltYWdlQyAvSW1hZ2VJIF0KPj4g
L1JvdGF0ZSAwIC9UcmFucyA8PAoKPj4gCiAgL1R5cGUgL1BhZ2UKPj4KZW5kb2JqCjE5IDAgb2Jq
Cjw8Ci9GaWx0ZXIgWyAvRmxhdGVEZWNvZGUgXSAvTGVuZ3RoIDgxNwo+PgpzdHJlYW0KeJxl1s1u
2kAUhuE9V+Flqy7IOTNnxpYipCQQKYv+qOkNUHBSpGKQQxa5+/L6Q63aIoFe45nxY2/G87uH5cOw
OzXzL+Nh89ifmqfdsB37l8PruOmb7/3zbpiZN9vd5nQ5mn43+/VxNj9Pfnx7OfX7h+HpMLu+buZf
zydfTuNb8+5m+nz41P9Y79fvZ/PP47Yfd8Pz/2ceX4/Hn/2+H07N1WyxaLb903npj+vjp/W+b+Z/
Df9z8tvbsW98OjbJNodt/3Jcb/pxPTz3s+urq0Vz3bWLWT9s/zlnkTTn+9Pmx3q8jL06fxbnNrXR
rnY6qROd1ZkOddBFXeiqrnSrbulO3dE36hv6Vn1L36nv6KV6Sa/UK/pefX9uk9/wm/yG3+Q3/Ca/
4Tf5Db/Jb/hNfsNv8ht+k9/wm/yG3+Q3/Ca/4Tf5Db/Jb/hNfsNv8ht+l9/xu/yO3+V3/C6/43f5
Hb/L7/hdfsfv8jt+l9/xu/yO3+V3/C6/43f5Hb/L7/hdfsfv8jv+JH/Cn+RP+JP8CX+SP+FP8if8
Sf6EP8mf8Cf5E/4kf8Kf5E/4k/wJf5I/4U/yJ/xJ/oQ/yZ/wJ/kT/ix/xp/lz/iz/Bl/lj/jz/Jn
/Fn+jD/Ln/Fn+TP+LH/Gn+XP+LP8GX+WP+PP8mf8Wf6MP8uf8Wf5M/6QP/CH/IE/5A/8IX/gD/kD
f8gf+EP+wB/yB/6QP/CH/IE/5A/8IX/gD/kDf8gf+EP+wB/yB/4if8Ff5C/4i/wFf5G/4C/yF/xF
/oK/yF/wF/kL/iJ/wV/kL/iL/AV/kb/gL/IX/EX+gr/IX/AX+Qv+Kn/FX+Wv+Kv8FX+Vv+Kv8lf8
Vf6Kv8pf8Vf5K/4qf8Vf5a/4q/wVf5W/4q/yV/xV/oq/yl/xV/kr/nbyxxJzO/ljxXVbV+Nvk8Zw
3Tarp7mhxt8WjcfZVv2Pp23V3Ffbqaf1b9TT+Fs1tvZO6/A826Wae2xXap5be69mze7ix9nJv+R+
O/mXPPPu4ueZdPKvMHcXP2t2Fz/32F38GDr5Vzbtppddk32V94Dfe/XmdRzP2/j0sjBt0mzPu6H/
/T5xPByZxfcX1nfYM2VuZHN0cmVhbQplbmRvYmoKMjAgMCBvYmoKPDwKL0ZpbHRlciBbIC9GbGF0
ZURlY29kZSBdIC9MZW5ndGggODI2NCAvTGVuZ3RoMSAxNDY0MAo+PgpzdHJlYW0KeJzVe3mUXFd5
5733bfX2V2+rruqtuqq7qvetWt3WvloW1i7Z8i7TklpSo9XdbckeszhgM4EY4zBgAjgTzB4Iw2LC
KrNlYBKGEEJilhA4wyQI2YHBcwIYOIw0v3vfq+rqluDMyfwzU6Xb77777vLdb/1995UIJYTY5EEi
kT2794+Mf3z7y59Eyz+ivPjwqemziqMqhNA1KNsOn1sovuJG8weEsIdw7x89e+zUq2pf3E2I9Efo
Hx47ef/Rnnf9+Rdw/2eEDGw7PjN95F/XvrCCkOGf4fnkcTQo/8y2EzIyiPvu46cW7js8oK/G/R4+
38kzh6c/eu/nQkJGj+D5I6em7ztLbVnF/fO4L56ePjXz05XP3ELImEeI+vzZM/MLV15Oxgm5jvDn
Z+dmzv7p+r+6gvsi5vMIozP0MaIQmV1gr0WP1ydX+iUyTiU+RCb1T4Y0f/ZsLxbJBlIsvl8qXsHk
UpH8JV8hfQyePVivUXG1iMp5hM9byP/thxIGacigWyUaCNOJQUysYBOHuMQjWeKTgIQkIjHJkRaS
JwXSStpIO+kgnaCx69+0aomUSTfpIRVS/TeN7yV9pJ8MoDZIhsgwGSGjZAyyqZEJsoJMkikIaSVZ
RVaTNWQtWUfWg78bySaymWy5vO3K89I7lDuU15E3kNvRwv9+HGOeYFvoN6VPSy9IR+hB8mv6M/oW
Oki/QD9Kpsnj9F6s9HJyA3jwMfJ99gfskjRJ52kX/SI9SP8D5viSdEj6Cf0XSLpGV5KL7Pl7n/3/
4Uv2k5sJ2UDJ4Lnrix+Weq4vTx9vKR9/8ZYhSL6b7GMfYBcg8yEyR+7DLt8Fzfwxdr2NnqRvpZ+g
l5jFigwz0JKmRmEuXk1VTc3FufGpyRWTU5PVShn3+IZL2qrojQcVVEuiezIonsLjqfFaGKlReXRs
dKzcmHW8Njo2PlbjU1T4FNVSWY0mtMmpatPC4fKFXZo2rae8paKJda7uWiqXBmg6qqzxGeMl3fAV
S09UKwMUnbUG2XUK8Xi8Ng46MQk6i3VqyX74rFqlLGvLei8+RatWKif1/xMaiWBpE/fSOUHgVMpF
cKhSbZ69pNXXnhRU1glrYp+gTlucqqZGamP/Eyuuoi8V2TV4KOhbHJtQIYgNfxfPwuU8Y7cqMj7q
mMaopCiKrEiGJMvaDlmmlMkybxEVdYxXQo9Jkq7JsqTIliExhiEqy/dQNPqqmCkrUZrFpEyXM4qO
3pTS9yqKJBaRxBqyLNbYJEvUxEwYRw0qS9qMrEoZSTJGVElOOmYyMjOwPh3kLVJmO+3hvfEwEn3E
TcZX0CCpLZS9msmcKiqpki42pmQUpmB8RkZ3tahKWEdV+ChBwiST6JRkSn7SOYr8iD/k9CmqLpuS
5UgGdq+9VlJlUK+PakwSTMGGccuwuUEJH0WjByXMmnUynD8SU9UYPAKRlt/CB4ArsqXnFAo+3CuZ
mN7iFILydps1CMq8OSFkXKLj4in6Yd9lSiVZkE2ZpHHCP4BdYBlOT11uGc46mhKELitAhYa9gEsK
lgUpSmaWQiSMyRrTwTEMzChUYZRlMIBpRWwpkTgzGba0Al3fhFt0bekTNMrKWEFT1WFMasVpS2Sp
sjJMqeplMhlV1WwvG3OtwEddaUtsgG8IU4AbmSEfbDvGiaQz8jUmnkBlhgsVC8xgw3forq/pmVx/
2mm4RdV1w1RVtUqT8Y1Hgzk5YZEOhklxKZWzpmnlOFkEA8byWITSH+ttA0K3ZcHYUb603tbfk8O1
qruBKpZUpKVLXv4JOOb52ZDv0jA7cgq3A8XORj6XLkTFdD2fA7cxV0oen0FMn97rUESlGzvEsmCY
nRIfW5TG2ebVVTmZc3H5XmheEGN2XNXAw8aojnn4VpOtNG9VSjZFBZxhiDP7yTP0OUScdYT4WnMw
gCPQWOK8NJW7CNRH6z1q47XJ2uTU6NTkSpr6vPL9VtGRbDsMsj6z2wzPbVsPgqgkwcwkbhDUBpGK
43hQX2aZuAeXVNtx6aXiniOBn5X48Nu2FOIcvfy3Eq1/dM9zPUOHNlJmeJ7j6rqgnT5GV7C7gJGq
Ke3LqI+v0XbMspTIli0zCHxfNn3D9VrP27YS2opl+SFvy5qe28ruyOhObWXow2WZVlDrL8Qxpddo
q/NxL30X+HiA3JnQUq4vnTjdNFg0aFkxFWrh4u1UrR46EIQbNU4vn6YMR8+341JE08dtWJPvOrBp
Hf6N+Z7DqGX7lDpuEHpZyjZT5tpRkPXAOjVwcbGdUJaztgNDUB2ZmZ7XWrL0zFqJ13ayTZKyCSKI
CxQsyGazSq7VcQLf86SQiRldJ8xzf5qR67dGRPE38FypJWdCJp6nG2o+l6O0GOczjNe+4dO2gALh
dl/5EH2I/R7w3o3QNs4dtx7CcjyU8l2KG9GQ8mQ9nWwE06k4txhbBVekytgE7uMy2sGgqWdsl2au
Kw6G7hrQkTGMOPYLCtM0M2hzPAMMAGtcphvWZEvBNNqiHiU0zQiSZMzp3piRPDfeaCAi3EJVaCr8
N3vQcbIn9O7RVYNtsrxF0kJVsf1O29R1z9LkucDzKAOX5iXJ7+4ZqeQD9zrTzcrQ4ChyR6MTMTpc
fi7D4HPepyBayXIb5wXZTb9Mn4W9bSBnoTkgXqprQcC3p9YtTlhbqQyLixZtjuvG6Iomm5OhZ/Xu
pXJYHo04ultmooBz9f50p9TqfNhSlCCIIvPDsKX2n8FIEbyhLEwYKbVhpIpre4hNsBOGzqriwkh7
Ya2JNfN+KBbv6NiwBkkS5sz9DcybPktZy+W/96PYhH8K6GChUKDdLB0Fe87CnnUjtees4+n652jj
capN4ik46rq6wW1M5r6KvgG8c5H9rCZHEztLMdMi+Gm6n4oTzlQrwsbE39q40JiYQ7Gc0B6X5uIo
1NRqaYSqQt8mpvglcRmddOopQ2eZjGuDJqrrdjtYAUMJI8ehzLaDl0PGff2rV3f3wLLMfMjkcnm8
1lGUWS4uB+AgYrrEMgXLdhw/sHSEQcNgGV1HJFUM04ocJaaPGxkbGzUM29H1xxw7iBzbdiLfcdSo
Y2W1UqmubI9zubbSWBGfsa72/GAmY1q2rbc6th/YFnVBpWRYXtaCltuWmclQ6iktyDLhJ8mHhZ+8
ppe8lke8pvfjGWv3lV+Qf2JbkZMujRYJuzDbH1l3KtoJ0wfljJoHFHkPNtLKNgePPfjGhxzGTAuP
XjI/+7I4bmFJFtw0Z5C6guaJq5XbWsGLPbJ6i8lNzvfNE6p6p8W2sJY4ftns/EvQBD1lzkNvfPCx
IJ2T3EefpE+LPNWlPGlJqO2kdarX0zraHqFTDfO4zTl6oxu5DiKVJJkbb0NIcuw4yh7a5cKsXfeG
g9w6VAc6cMHct92FQkDhXXPTDXYUZ7k32bXbc3nfbdu5mifKy+k5S4/Sv04jlUvLaaZTm2o4PBYn
aY5LBSM/5bpMWx3CfXteOKJi42GEBbQNcCxeNjehSp6Xo1+F09+JDpHn0nUhAi+iQLgNknfjnAs9
3ZTL+lTw+CL5T+Sj8Dtk8ioNuNkKIX8jkX/WcN3WD3XUVuIOYM70xwfycY6JPfwznaG7uB6RRqpW
E/EKZFfpmPStlNxvhXB+rhfSXRKnDTtxXZDo0ZQX+8nj5NNkGLTAZuHhBnjKhfxvdEwdW+a9kOIs
eq+7FC4WugxNyKn7sWSBJrxPcw/FlgEH4VcS5JDQsJneSX8JX0LoJPRNwrLC6INJmitlff+CkYvD
EGD8gkN/LrW1t1/+InyEZcW5gK7PpzF/Nz1LfwKe9lxlDfjGiSKn8wpe154c6sy39PduXje+WlMi
t6VzgMoZzQXajfKBFSCiGopm05+s7bv1wOb1slwduemmddVcBzukZLz+jb0Bgk5QGN1asCUp3cde
6gF3tIKCRlRdT5dL+C/sl2aZ5DhR7DFD4wGcB3Kr18x6rfSSedSO46wH3WHrDtcj/NNHClzsYo19
9MVYo3YVQsyN1/eYtK+ncbJ5dzF6a4+XahlExSB0YR5ZL1bgEIE/3fyaqVLo2MWvcaWBwkY3r27v
RLjovsG26Q9bujcBwUgMkTsH4waE1cGCwnVjvbn2NqqhP1ykw6QVnaWhvuJ6ZBUpP7bRw4gRU/Al
SdLbMDF8K1FDINXKMoGV6tjidg6ZoLzTY4FltQ95nFiqOIV8q2OEkZ9VFbO4bu2qtb7XEnbAhbON
geN00osYEkDTN+VaW5mSYYgKmmypRkbP+4pqGmHor4zCuGX1RF/Jg3ruz7e10YYMZ8Hfch0bcTe1
LMcXHE7om3ZtqSA7bu7fwRi4c/I8uxdOu63LDKydtuK6efqsZWVfHvs+lYZ2RJ5PmefEnz7S0gII
2zk8zja1BEF97T30FPg1lvArXVwItZlHi2o9QteLU4MJDvh922VZybaCV7mSXAhGigW4KH4AEHVV
b+3v8ZD4tbb17JPfLFjqhvSiZWdfGsCNBczzI50nmggvGITEU+1orVR6ugt51eqSXDcAMxs5Ct0J
/nRyqSYHMPyYqnFakmDlVNvUJJjzoL9iYgVQ4goBgWqUaaMTRy06MLh27eBgW2GgJfBNQ2Ke66+2
8YmgikjEZcuhzzK7+0X3MJox1g4OoP9ItcdzVMXzAh+a+XcA0yFCuR1KDH7IQyhPZXgWfFwp4k3D
N6qinguXndossnCR8DKiT5f8X0J4bdcLXpPJTPIq1LxXEjEIbl+SPSBuzsiM5RkmJz4LDMbhlueG
6M46K1TUnEItTsVeK/P5Qsfr6VI9D5HSTnI/SfB1LWhuRZRcjZbcb4dLlUVkteJaSIsOZX47Cjpm
cOCUcWzAHlzaXJ6wWGA4rvALtCu6NsS587diItLwv7uEXkxAe9XkZCu3DOCspUJDeKIQca0ZU+vK
gc19ZFV/n1CFwDQU1Q+DsdoxBJLBwXWR7VA4LR+mDZBPn2ODA2tGKhXPhoMKghB5t9O9bQ6hSMus
GxiccewIQUkGsENvjG3k1u+jj5KhJCdMsmcO00vRKKD60kA3UZtcsRjo1BTWjyUDRqPS2FXdaxON
7vfwEwQ5DYsclssKsmpZRpZt1OOi7eZlVeb4XVqE+bJje/Vu1JQFnHfpo4iw4p/ueq7D46eGkKoD
/kAQ3xIoXQB1FwF18annOGleDqzxKfoIGSEbhVdJEhr+d5TH+MUMZaqR0NQWd34VOnlYZUne0UhQ
TFVsyEN+wmxQbvKjKBA+ehWOoY8s5hU60JjDVZFpTNDu6Mb3ro1z9tJV9FcC49YdYkLLiIBm1ee8
9zmIWP/RjaGRMLLzD8eWXaS/yn7SjWL7NS68ghdFzrHHWjo6GucDb6Vz9InkrCJBT0lsilP0pDZ5
jQaiWrcMUbmhx74ZLcNYT6QYS6Icd8I/vBkk8RYPXjTivZbuiVtKMwzGzkZo5WCXbcUPn8tyhI1Z
/hgh2XmfS39JOzpaHjvGmwA93Ncg3LifzC76ZQv+o0puXYIMagIVRMskmb46YHU7QFKanimNNXo2
gb6GQhzqRkQxkJxkI13W+BmWW1WRrfCdgdFVJTPR2i+r4qS3AQ2hEvjAW4iTJqEieG5Bty/FRhh4
fEob4dmUVKdSCQE0EMUixe3p2zScZ5e/Wtc0fDIwASg213JuEG6i5cn+J1kI77+T3NW8//F6JKrj
vgZGErBjBb64jnP3Xw+w/CjjKuyoJlBF8O6ZddtaAsuprbvDNeCgTNNZ39eFFM2fmNx+Y3uHqyD9
0SVNEqk5t5Rc78BoLYz6q2t7Oq2cqg4W82bU3za5Yj3TwA8lDNpcSzdzFlLb4cn961ZuGJqSTMtx
MD3r7uirDq3p7QuDNevX5gweXVr7YyozhTGZnyM7Xj6/5cb+qioFrdC7TGd+4MAtU+Uu6SlJyeqb
bSq5VlfFUlJMduVrNGInSDt0bzwJzwD8uVqjXqqygMeav/Fsy7K9HfrgVg+preUdL6nXOdS2XHbC
sjy0/eaKza9WFx2ifa5lLsfyfi6oIzwJnMu92vkMsoQQlmZeyGb9Ev3X/OUvBLnYsqB7dF17e5tE
rkVjzpcEXSJMrKaT1UbI+L5rm9S9Tu2aTYjdOqjvSGrshGm5l791+e+6Elqv/CahNZmfDtBPsTUk
V/cpyRnXYgpaKf+1+zqbCct1Zh+A4cLdvsOJ2Wr/A14U2tzPvPIBqB9SyyfddN8G/VuywPOx7rJS
9x49dS2iT7DLT6fug27ifoDXFuq+QXgLV6RkYv/fpuvYPH/BHiSpchpPq2NCM8WrouQlnNDPhBsa
z/vrIKz8sGtZTJE1eXC8VTFdpPrO8USO1zualFOKvpWXckySdiatbB4Mmz4hS8W1ayuhfPsBeOeE
ZbdMtYZyixOFeiCFbXtuBXcFIzmdf0jewd6enmXk4sbhmS+saYPjSHGOO8oA3gHuHPiJ/Ynv5T54
2REcAP/orz7hI7pfc9/J+7hYC3OVRDmn1KZ3h/W3d2NqHXYKD/WSVG0lKZYLpt+p5CTVvT5pPO6Y
luSYcmF8SNKQSVjQ5XmuH7Z16562UAp0iLtFDlunbkm0BgjiwO1yWFm7tijJJ6YXdfxL9CP0ZhIT
0gP8wl/qhVo1dbWQQE6lf9Dbnz8bdlnGxvjuUpc6GZij3mr5+cqOEhuKHgikLmtTNJLm3/Tz9BLp
W9xzje+Tv2AUN6Wp5KgxkXeC8O6DJiFHezpn3LMzRCT1Qu/XWs0XrWFgdYto+0M3gaH7zzOaIlJX
aPKjd+RzUYINJuk7sXaen8wEqc5ela8KFLDkXLQ8E4hwFz1dMMVBd9ajPOtxW38DONnHT2JDpBW9
CHk5kOEFET/9uOsJfgrOT8M/M5OP4y87jn/5pdzb8/70oVw2y/mRAz9+BhzZm3jxUtNLUgCTRSCi
Lr4r1r5mDtjVQsKIXbt3b429LEM67XmtXdaAfd2Q3c0zMnqpeOLd4EDAieEg/sJh/m6DFk+889E7
eC2V7Q/Il8GT33I+d85xlHZP5pleEEp2wcz67fSibngvujkKA0UCJN6+vjWfT8/n1kJT+PmymGsJ
D7VXeA5bKVgFaldCNDG95Nj+//oMWIe4b4dsC1hC05yUfGVxnqUUnbKGHQqYEAghYNNt9Eed81+t
nxxcOJJviev2BdzxJiHvBKFfU9q3RCLpCT/LZZscTYiMtpVe5KacirIx/YzQpUSP/wpz9y7V41KT
JnMJxsJDpW/kHwnqauzcOHZjor27Vm0YNQy1ZNs5q0fo8cVUefefYzRVZA4FOjtb3nYXXzzZVxfW
Lgt/3vSzhaZXOpOpX9Qq5Q9ou9LELswjfCRvZ6z2QuQAYYcAQPQSB40QjHP7H9c3+t7bOFOQudHF
c4L3Y81+LpPFl0rNSy7nLJZ+teaL40yk5W1WXWpW+/0pr4UIdddp+7pu0EuSjqrnGQffXSfi3bff
9bbGkdBhIGR+8JTw/j9DPyYb+lG3FgHcEj0pafXfLKQkJcJJHp63hxDY3bZdY+NrMpk8cjyrylUJ
IM4y7tjKX1H4UWRkMrpcrFY7uWSEnt1zId+SE7lAFOX+dDqfi/lrrv77eGf+tsE1x9dQ9od38Ad1
nLYL9n2J7CI3cexdWv4Tjmae1eDzo3IJeQoHqKVywxnwXKU2OjW+QnjGaiVFp0xDEJyir1FcX5Z3
rM+YdqnguWZoD1V1TQvDIMxMP5rRWKdtSCINMa9LlG4szACvZodjqJlStPNht2WV+YtdlV4Cxiqs
am8vxrmWiXUbDgRhqOuZTPTdCWpl3i3OBIRJ0Gw27vqz68utKru8AH4wpW5z++g9kE1HclpSSnJJ
nm7wE7vVdNGQaQg3Fsa51YHncPW7ZwQIkjtam4uiFdw+8U6O/oQDA/1wHdCBhLGJDrwAvq6o66Ng
5lL3WTe+q40eqvn3ml+2VChmwci0JL60w9ezcFudrhOYrfcXDCZeanrMrnLD/LqegY52cQ29+UG3
YZetbfnfv4ne9VauzAmNLUAGDT39anoeyMUejS7P6Dhlv9NlPJp1gHHbkVHHJ0JxxO+E48bjLUa0
pfai1IOs3jCuG0rRcWKrYgAt0x8h0mcpfTT2fWayxKkxucZuOgcl4FadUI7k6om7EZka/PweaB2p
n3IlWpqa+RK21t8R198S08cRBfVtjG0YdDvabcfZeOLAwYSjO3fvucGzbYXzudw5Y4sIecl2/L1T
lG3bU6D5fH7+hHBNnCbdcDBKb+/Ye34xFuyjn4ScR5f62XL9vPCazif9adIDIAL681ld+3wAEgPq
cCcHMRn/XpYSZ+8xVaV2q97seLvgjP1HeDLLXzMX1nUPcR/E++8dZdKBLSICJLa9j/4atHXV0Yyg
Ic2qxjl2XyLL5FRlPX3QQ2qoyIo5wo8x3LadO/asppomdbhOFhJ0vcJdemXl6krfJ3ikhZP2jJ8y
qYW/3+b61pp/+90g4RPncfMVVvfNr4fslsQDgaqWnPml8UD7sfr60BPx4Oa8wV1rkM1aHdcnzLqT
hwM43ERLbvuTuvt9z+11zWH1GE2fZK8gnQ0fLKyso372DpUuiYP4ijZn5dw2y+7+OKJPW28Xtbra
LLOb//ro/aZrdLazlxXXbI1LZcpuf3vYJbWHH7orLpV4DjzQUxhuvKfbQD8IXleX6GeD5YtIo/Hr
hTI9luglXQ+9bHMc55YnCwAa4ncKbXDbhVLnEVtyvFho5B6ukbsLlLbkW9722l8jTWfMtkMqq2qn
396+91wu66W/tfiQwBRDvwtDyldjqfI9CdeBNAzWhDTctsvf46/b1Hp8VFXJgZlwdbwW+vgQiB3d
X2/aM5jL+kIeu1kWeWjyniQXcIe79Id2iyiykgZITmCpLHG12ISFoiDIyTu375nS1EwXEJ/VY3pu
Wxe8dLnTGs5AL7kpjxlBO4J6QH/pefHlL7TYrsI6OnNvOyiCIXz2TW/JRyE1Dfc9M9RFT9LwLx+E
jg7V5VdJSBBu+3f9jJEesx3Z2lArWaWC7ZpB/mZuxogJoxvvhEJaliR5A923+opwLaaVXX/9xp2d
SG5bBvrP3IF+cOK1LXuvN5nkeVFgdXVN35rz/foZ0ltBU46/wUre2ERBPd+ELokfvkjl6tTBdtdx
SszxfKBYR7mDaa6Xf+VQy8P0Yr6QZ+zyc4GN5MmlVUVtweYv/81XmPjNNpT3pqc+87O73TU/J0S6
xFnxl2+/2RfXL9+9l+SuTIpf2vITcZb+xpnyX4Lz34Ozp0FZln0g/fX34mcLnnSTr6F2Ebn9DSif
QHkc5dso78azL6L8PCn0KZT7UP98en0frmdQXolSQplDuRflAZRXoNyN8nsou1FejP6fRvmvqO9A
eTi9dpJuVsG1inIapReF9/kn9H0TtrAH14/hHlf6FyjfQPlzjFGxo+/gGegk/4i296J8F2UC5QLK
N0WfbvoqXHVcv4/yU5Sv4N7C9cl0P59D+QLaykkdX87CCXzfIH1bPir/WHmtWlF3qOfUt6uXtF7t
Ru209mHtG5kwszXzROYX+oT+av3bxrjxBuO/mwfNz5qXrF5rn/UN+6j9uP1J+5LjO9fh+4jzMTfj
Drsn3Y+7v/DavA3eEe8N3tezRnZP9j1+h7/Pf5f/62Br8Mbg26Ef3hg+Gv5D1B8tRO8SErueHUAG
cxfkykiGbCD8XfyT1Et/zd9LLzbkuYpeaMjeYr+f1hlxGj0k0s9ektblpj5qU90iB9n307pDFugv
xDp81XbcJ3WKERvTOiMa8uCkLpGIjKd1uamP2lS3aR+5Ia07wAkn07oP+s+m9YD49P2Yjcp6uq+k
nuwrqSf7SurJvpK63NRHbarrpI3V50n2mNRtto+9Ma0n+03qAemWL4q63USD3USD3USD3USD3USD
3USD3USD3USD3USD3USDndKwj8yQY+RecGqazG2em5lemD03U9x85tSpM6fni7Xh0eKh+4dOHx6a
n943c+zek9Nze+ZmTy/MzBW3z548icuumePTp6Y3nzl7/9zsseMLxd7DfcXx0bHRweKyjr1rji8s
nF01MnLm7Mzpo2dOL5ycPTQ3PXf/8Jm5YyNnZ86cPTkzkg5JRqzrGzTOzy4cL+6bmZ+ZOzdzpLgV
o4q7pk/NFHfOHjsyfXLb9MypmXuGDeOm47PzydP9Z44unJ+emymi4eTs4ZnT8xh37+kjIGDh+Exx
/4t2FHdj/aTzjqTDYPHAzNz87JnTxbHhseFksnQsn+bwmbOzmOTQzMkz5weL06eP8Mbpk/NnitPn
pmdPTh86OVMUdE4Xt27cW5xeWGWkO50/PDd7dmF+eH72pNjl7q070ieHU0YfTvgsnqZLzo/UGT4C
7o+cnDk2ffLwmSMz//LLZ58rPv/C88++UPzhCz/8H8++8D/JZjIH6U2TBTJLzqFWRMsZcgrfM+Q0
mcd9jQwDlRbJIXI/otppchh/5zHiOMYskLNkFWxkBK1L5zm8ZJZhXOegI9yaZvFsRrTOoIxcNe9I
uiLvy/VqGlc+2xHc7cEss+i7gPocaNqOu5OiH7/bhetx9D+FwndxFjPz/scErUXSi3n6cB0X/5tm
lAyi/rtn7CVrlu2Tz8qpPyp2tiD2cwh9oflYbXGfvBfvy2caWbZK8xrrQNEgPMp5tC1graKwpnnx
jPPxCFq2pmvxHfLdcSntFPs6IrizDX9nRPs9oMDA9ybMNCuktzh2P2pHUTsvaOVzJD2WSoSvdy/q
R1IOcJpmxOgXkR247k733zzzjiUzcK4eEKPn0X5G9B0DXWOCtkXKlq5bp+aw4NpsSskhXE+i5byY
dVrQVe/Jdz6PZ7x2DmVW+J9Dgq/FJn5OC1o3kr2ivgA5GstkOi+0dxb3C0JX58Vci7LcjfE7lO8q
l5TvKP9Aisp/U36E8h3lR6g/g/ozyvf5nfIDIiVh6coD/P/RXf3ZMF2rjY+PjY2OjowMDw8NDQ4O
DPT39/X19larlUpPT3d3uVwqdXUVi52dHR3t7W1tra2FQj7fgqQojqMoDPlr12zW429ZHdu2LNM0
DF38EJ2/TENgfd0n6ZWHrz++5f+pf0+pylYy8FRGw9+PKApaPqJp+Pu/ASmerP1lbmRzdHJlYW0K
ZW5kb2JqCjIxIDAgb2JqCjw8Ci9Bc2NlbnQgODAwIC9DYXBIZWlnaHQgMSAvRGVzY2VudCAtMjAw
IC9GbGFncyA0IC9Gb250QkJveCBbIDIzIC0yMDIgNjgzIDcwMCBdIC9Gb250RmlsZTIgMjAgMCBS
IAogIC9Gb250TmFtZSAvQUFBQUFBK05laGFtYSAvSXRhbGljQW5nbGUgMCAvU3RlbVYgODcgL1R5
cGUgL0ZvbnREZXNjcmlwdG9yCj4+CmVuZG9iagoyMiAwIG9iago8PAovQmFzZUZvbnQgL0FBQUFB
QStOZWhhbWEgL0ZpcnN0Q2hhciAwIC9Gb250RGVzY3JpcHRvciAyMSAwIFIgL0xhc3RDaGFyIDE1
MiAvTmFtZSAvRjIrMCAvU3VidHlwZSAvVHJ1ZVR5cGUgCiAgL1RvVW5pY29kZSAxOSAwIFIgL1R5
cGUgL0ZvbnQgL1dpZHRocyBbIDcwMSA3MDEgNzAxIDcwMSA3MDEgNzAxIDcwMSA3MDEgNzAxIDcw
MSAKICA3MDEgNzAxIDcwMSA3MDEgNzAxIDcwMSA3MDEgNzAxIDcwMSA3MDEgCiAgNzAxIDcwMSA3
MDEgNzAxIDcwMSA3MDEgNzAxIDcwMSA3MDEgNzAxIAogIDcwMSA3MDEgMjA2IDIzMCAzMjcgNDM5
IDQwNiA0NzIgNDIxIDE5NCAKICAyNDUgMjQ1IDQzNSAzNzYgMTkyIDM3NiAxNjggMzY3IDM4NiAy
OTAgCiAgMzcwIDM3MyAzNzkgMzgzIDM1MSAzODUgMzM1IDM1MiAxODYgMjAzIAogIDMzMiAzODkg
MzMyIDI4NyA1NTAgNzAxIDcwMSA3MDEgNzAxIDcwMSAKICA3MDEgNzAxIDcwMSA3MDEgNzAxIDcw
MSA3MDEgNzAxIDcwMSA3MDEgCiAgNzAxIDcwMSA3MDEgNzAxIDcwMSA3MDEgNzAxIDcwMSA3MDEg
NzAxIAogIDcwMSAyOTUgMzY2IDI5NiA0NTkgNDgzIDE0OSA3MDEgNzAxIDcwMSAKICA3MDEgNzAx
IDcwMSA3MDEgNzAxIDcwMSA3MDEgNzAxIDcwMSA3MDEgCiAgNzAxIDcwMSA3MDEgNzAxIDcwMSA3
MDEgNzAxIDcwMSA3MDEgNzAxIAogIDcwMSA3MDEgNzAxIDMzNiAxODAgMzM2IDQ1MSA3MDEgNDY2
IDQzNyAKICA1MTggMjE3IDIxNiAyMjAgNDIzIDQ3NSAzMDggNDQ0IDQ3MCA1MTggCiAgMzg3IDUy
MSA0NzggNDk1IDQ1OCA1MjQgNDE3IDQzNSA0NDcgNDQ5IAogIDU0NyA0NDcgNDI5IF0KPj4KZW5k
b2JqCjIzIDAgb2JqCjw8Ci9PdXRsaW5lcyAzNCAwIFIgL1BhZ2VNb2RlIC9Vc2VOb25lIC9QYWdl
cyAyNSAwIFIgL1R5cGUgL0NhdGFsb2cKPj4KZW5kb2JqCjI0IDAgb2JqCjw8Ci9BdXRob3IgKFwo
YW5vbnltb3VzXCkpIC9DcmVhdGlvbkRhdGUgKEQ6MjAxNzA5MjkwOTIzMTArMDAnMDAnKSAvQ3Jl
YXRvciAoXCh1bnNwZWNpZmllZFwpKSAvS2V5d29yZHMgKCkgL01vZERhdGUgKEQ6MjAxNzA5Mjkw
OTIzMTArMDAnMDAnKSAvUHJvZHVjZXIgKFJlcG9ydExhYiBQREYgTGlicmFyeSAtIHd3dy5yZXBv
cnRsYWIuY29tKSAKICAvU3ViamVjdCAoXCh1bnNwZWNpZmllZFwpKSAvVGl0bGUgKFwoYW5vbnlt
b3VzXCkpIC9UcmFwcGVkIC9GYWxzZQo+PgplbmRvYmoKMjUgMCBvYmoKPDwKL0NvdW50IDggL0tp
ZHMgWyA1IDAgUiAxMCAwIFIgMTEgMCBSIDE0IDAgUiAxNSAwIFIgMTYgMCBSIDE3IDAgUiAxOCAw
IFIgXSAvVHlwZSAvUGFnZXMKPj4KZW5kb2JqCjI2IDAgb2JqCjw8Ci9GaWx0ZXIgWyAvQVNDSUk4
NURlY29kZSAvRmxhdGVEZWNvZGUgXSAvTGVuZ3RoIDIzNQo+PgpzdHJlYW0KR2FxS2hiNmwqPyY0
UT9oTVMmTTNtRUBDXWRdSTFhRE0wUUdcRVk7ajpsPjVPTCFzNClMLDRxN0UmaD9nJVBQRjdKN0N1
UjFLWTIlZk9ib2hKb2BiJV9zOFUxSlpHO0lDRkM+V1onVmw3alJrSkFcJD0mVFtQKyxhQTckVjpH
LTRKVDgnSTUtV05jVkBhXzxTNVNSOF02RTVAIVxDISE2LTsnR3AiKl1QOFA/c2RNcElgRzMjQVBY
XmZuV2hkTkV1LSRTJ2k+PiVaOl8pVWBTWkFgTXRmXXFDI3JdaUlXU1ZCR2xxMDE0S25+PmVuZHN0
cmVhbQplbmRvYmoKMjcgMCBvYmoKPDwKL0ZpbHRlciBbIC9BU0NJSTg1RGVjb2RlIC9GbGF0ZURl
Y29kZSBdIC9MZW5ndGggNjA3Cj4+CnN0cmVhbQpHYiE8TTRgPnMsJjtHQ1hgSnNnbSpULVs+WGtI
SFMuUFomLyFYJ3VRTVBCODUlbToiPDonMjIxYm4rIm9OK0tjPEhaR1g5K0x0cVg+QVhCXkYnLE9W
TzxBSEFbRXQjTV5pUSlxQV8+PU4qaDlKdFJFJmkiW2Y9RW4pJUs3TGtUU2diM1lZS15IYk5vX1xz
SygjWCVIN1xrKyooQDhQNEZFUmZcJmRDa2JaaEBKPDA8JGkpMTJHOl0zaFo6aENWOj5PPlpcb2Zj
Q0tFWi1xRz5pLy8oX15nXywuKyNTbjttaDZPSkFDQ1tUYC5uZ1VDSDs5TUorcWdyZGM8O2dRPTdD
bDEhMHA5ZWFSJThYU1glWysraztsS3JdSmVKalxebVUycj11T0VMcWBER1lGJ3MyXWQkZXMrYGEn
SEpVUC9ATCNlI2dvZi1hbkwqMyFRdUQvVThoJGxmckJCb14ybkY0QzNoM0BcL2g2JG5jO1RNOEVF
ImVtO0soSWReJks8SG9NbkdrKE8sJ0JPSklrZkdqUz1wOWtgX2EjXXJecCFXTU5FNUAwZFRpPFxj
ZXVQRypzXFdxdWZsQkFPT29PajV1YSZWJUUxQzRIaEBvSlBtPGkpWlJuRSFpZVxWIl9yP1NWRTpu
aV5ISHNSaVwnODpnZ1ByOCo5VzAuL3Q2b0pIUzl1PSQhT29iLUgoUVRVLkNUPz5zTl9rTXBkc1w8
SEdbKmRqXT01TGQwIylqNFw0LzMpTWFqOmNeN1VOJEc2W1QtSDM9QVpWSjhfJWVeO1NBb2NPUEU6
MXBENFk1MH4+ZW5kc3RyZWFtCmVuZG9iagoyOCAwIG9iago8PAovRmlsdGVyIFsgL0FTQ0lJODVE
ZWNvZGUgL0ZsYXRlRGVjb2RlIF0gL0xlbmd0aCA1MTUKPj4Kc3RyZWFtCkdiITxMXFNmOz0kcF0j
ZCJpaFs/LCNYWFZZPTRxWzkpb0RBWkssczMnRjk8UXMrYUxkTXFFbmc2X0ZWMSdNMUhMJnFaRiNl
Yj06aEdSTGI0KzxXczAiMHVBQVRDPEd1aFtDSUlnYVdRM0x1dCwuRkxVXz9oNTc1aUZMVEFDTT4h
Wk9ZI0lEPStnXmsoSEZuUTEmJ0MyS0dWQSlyb1EzOUFfVT4lTExQIjBGbWQqUGpeTGdbZl1pUXNh
Jmk+VTZANT9JVUNQPGhIIlVcOE4sK0tvUUhJWkMtTSpDPF9YOWUyYWJILylXXzJjbW4kPWpfXyIm
bERGYVxVMEBGXTtnNSw8blFqSmFgYEEvdD5iOkY4aGVXbV9PYE5oVjEtIUg9OksuWTZZZVw+RTBg
JExzM2oyQHVeWktkajIlOy1ZW1IvLGEjR2A5V0NqZVZoT3FWSHBgXDxyNCFVLGEwW09MbSQoPClY
L2FHVGsxSW9uN1Q2ZEAvNi80ZmhMZSciWEVra2UwYWttJjMkbFU6PCtRSFllSjNzUmBXYiZtUzBo
b2dTMDdAbSNeVyheN0UtXjBnQHNiYl86SWQrNikmQE5CR1gsTCZYPykoMTBrTE9dRztQTFNFPlQ9
bEIsQmc1KVBYNEdjJ0hcUmVqP0VkYWdPYVtKTydfXTxUMFpmY1BjOTgoLn4+ZW5kc3RyZWFtCmVu
ZG9iagoyOSAwIG9iago8PAovRmlsdGVyIFsgL0FTQ0lJODVEZWNvZGUgL0ZsYXRlRGVjb2RlIF0g
L0xlbmd0aCA0OTYKPj4Kc3RyZWFtCkdiIT03NCldYSomLTFYWj9aQlF0V29MXnRjaDpQTVJDWkAs
a2BDSyRXKVA0J1JmPlZFR1UrU1ArQHRsNCtiT21QcT5CSjIjWl9JUGNeUU4lQGgrREMhWVhRT1RK
SSlLKE80NjNjT0JbdTZcT0FkKzRjZnJBLEghbz9jLUJOI0U0YV8hSjw+JF1FW3EpUExALEpbVl0y
X1AyPDpdXGVWSlUmWV1iaS9tdUAmZXEpV2xoKEBcME9QYWQvQDdEajY8S0dWR1M4L0huTTBeQmhk
TT1xcltwQSpnUzxHZjtFNDgqXktNPGprMDllJlNdRF9HP1tsLyVdRmBOVVxRKU5LPmxOMHIpPENL
YWdgIlkwIlsvM11DWilCJkEqJzVbajo9NTFSVSQpY14sVyJXZyQnMCxBcjU+NiVvQVRgSi5cQiZw
OSE7QCojYUhaPjdaWU9CJ2pPQWxwYTxpOzlVI2lJb1VRYT1lPEgtNUFdQCRtRUNEUEQnalxKWC9u
QVRXOkdsU0VKWV4zS14xJDcvTTdUMiQjSGpWQU9gaUczMzM8U09CZlRIOlhWMkFHQkZnIUBYJDhF
aHBcU082IUYwNFc5SmsmO0VKMmtLKShVby0xa1lJJkV0V3IyRWNaPEltcT1FLjMlXnR1KDojVSxL
cGRyfj5lbmRzdHJlYW0KZW5kb2JqCjMwIDAgb2JqCjw8Ci9GaWx0ZXIgWyAvQVNDSUk4NURlY29k
ZSAvRmxhdGVEZWNvZGUgXSAvTGVuZ3RoIDQ1Mgo+PgpzdHJlYW0KR2IhPEs0YDpCViUjNE5SJ2Qh
NXE2TDtXY0RRUio+L3NTMjZAIkJAdVdlPTRFcyROQFNUVjkvUFx0UDxAM2FfN0tJOk5UIWxAXEwk
QGZ1NGI/b2dZP0shWWFTYF4+JytRVy9CN2ZeQjRcIWZMcXNUNUIiZ2NVdSlvVDRybGhkUko8LWBm
a2tMN1dbIlEiX1pTa1BdUF4rTS9aNUBsKUo9dGJSJUVIM1teKmkmPUJFTkg4WS1HW1o8XygmKlhK
TUs6Wiw2VVFyUlhGJyxSPVxfNy09KVpjKCU3Qil1Rz81LlotPmVrS147JW1QQ1RINztwU1NgUz9w
Wy1EMVwuMzwzME9lbDhAM3I8dSwzKi5zKFRybmEsITlmRCdNKHQ1Wj8nKElYaTc2L2I8LlJJO0xJ
W1xfXmZjcWZjOlk9NSMlLVZOPWVSI0w8IUkxTFIsUmM/Xl5DRzVGMGRySShWMV8/OyxHY3BvTytw
TC9qNihBQEwzMVIuLzooTWhCO2JwIy08W3JcKWhXbTFJQi5jWlZIPUgxXkgwYFhtMzUvYlI+a0Jq
JyJbMy9rNnIoWC1xLHI3ZGMybGoxVmlJWT90a2BSW1NSfj5lbmRzdHJlYW0KZW5kb2JqCjMxIDAg
b2JqCjw8Ci9GaWx0ZXIgWyAvQVNDSUk4NURlY29kZSAvRmxhdGVEZWNvZGUgXSAvTGVuZ3RoIDI4
NAo+PgpzdHJlYW0KR2FzYWowb0VrJiZGQkBRLj9jalFCTkpCWm9nKUtQM0Rlcm1pPTY+cSxsXU44
VV41IWZAIk9KQSpkMSUwLEQibTxxRTgyOllEaUVXK0gkKCEkJTUnJmlLMVpVLWBvMDY4L0JsUGJa
NCQvZ01vbjZWT1wuOj0pcURdaD9gME04YkxRS10xVCxYRj5LckxXNlZeUmYjMkQvX2wrTC5PKUdJ
S1hdbGlzLl1fO0pydWxtXV9ZSTIycW91TkoqKCFOODVjcCk8PitObGM8O1NKQiRoRnUwaUVYcyhh
Llo5WltZbi4uYyw9XnFiV01lMVM+X0tyJmNZVyRgal0uYzs6QCkuNnFuaD5jU1Q6QFBEJU9ZVisk
OjArJ1BYZ0R1fj5lbmRzdHJlYW0KZW5kb2JqCjMyIDAgb2JqCjw8Ci9GaWx0ZXIgWyAvQVNDSUk4
NURlY29kZSAvRmxhdGVEZWNvZGUgXSAvTGVuZ3RoIDE3OQo+PgpzdHJlYW0KR2FxY29dYT1nLCUj
Ik0rTUNKTT8xV2YnckIuSVksRi0sclI3NyJIQ0kvaCg6alVgXmA2XGFaMydaLzlWRFxJKTFsbjhd
J3BdSHRyIk1gc19AMUtrUlE2JT1vR1lDbyVwTzM9XGwnSmQrKl4ybEpGTjp1aVNQN2NGVSw4bE1r
JVpfRWxvXl5ENCtcXDFML0s4SFczVi9taSM/LVRKO2M9aHJhVmQoQGdySXQiLi07RTdmfj5lbmRz
dHJlYW0KZW5kb2JqCjMzIDAgb2JqCjw8Ci9GaWx0ZXIgWyAvQVNDSUk4NURlY29kZSAvRmxhdGVE
ZWNvZGUgXSAvTGVuZ3RoIDE4MAo+PgpzdHJlYW0KR2FxY29dYT1nLCUjIk0rTUNKTT8xV2YlT0RD
b081Ri0oRSg3NyJIQ0kvaCdvPENALWJhPF5RdUtlVG1hYjYvZSlxaWE+VUlZNVdtX1R0MmZSIktp
P0YkVWlbTy9ZXyJUKGcjWnJLOz4taSJJcjRjOCclSVAlZSxkMDknXVNGJmdIaFZIIjpRJloxKypd
bk5vWVg3YGNRNU4hSmlJdDRtXzFCKS4wXENfXSVfQClvWC82TX4+ZW5kc3RyZWFtCmVuZG9iagoz
NCAwIG9iago8PAovQ291bnQgMCAvVHlwZSAvT3V0bGluZXMKPj4KZW5kb2JqCnhyZWYKMCAzNQow
MDAwMDAwMDAwIDY1NTM1IGYgCjAwMDAwMDAwNzMgMDAwMDAgbiAKMDAwMDAwMDExNyAwMDAwMCBu
IAowMDAwMDAwMjI0IDAwMDAwIG4gCjAwMDAwMTE3MjMgMDAwMDAgbiAKMDAwMDAzMDQyNiAwMDAw
MCBuIAowMDAwMDMwNjg0IDAwMDAwIG4gCjAwMDAwMzI0NDYgMDAwMDAgbiAKMDAwMDAzMjY4NyAw
MDAwMCBuIAowMDAwMDM0NDQ0IDAwMDAwIG4gCjAwMDAwMzQ2ODUgMDAwMDAgbiAKMDAwMDAzNDk5
MiAwMDAwMCBuIAowMDAwMDM1MjUxIDAwMDAwIG4gCjAwMDAwMzcwNjggMDAwMDAgbiAKMDAwMDAz
NzMxMSAwMDAwMCBuIAowMDAwMDM3NjE5IDAwMDAwIG4gCjAwMDAwMzc4NzkgMDAwMDAgbiAKMDAw
MDAzODA3NSAwMDAwMCBuIAowMDAwMDM4MjcxIDAwMDAwIG4gCjAwMDAwMzg0NjcgMDAwMDAgbiAK
MDAwMDAzOTM2MCAwMDAwMCBuIAowMDAwMDQ3NzE2IDAwMDAwIG4gCjAwMDAwNDc5MDkgMDAwMDAg
biAKMDAwMDA0ODczOSAwMDAwMCBuIAowMDAwMDQ4ODI2IDAwMDAwIG4gCjAwMDAwNDkxMTAgMDAw
MDAgbiAKMDAwMDA0OTIxOSAwMDAwMCBuIAowMDAwMDQ5NTQ1IDAwMDAwIG4gCjAwMDAwNTAyNDMg
MDAwMDAgbiAKMDAwMDA1MDg0OSAwMDAwMCBuIAowMDAwMDUxNDM2IDAwMDAwIG4gCjAwMDAwNTE5
NzkgMDAwMDAgbiAKMDAwMDA1MjM1NCAwMDAwMCBuIAowMDAwMDUyNjI0IDAwMDAwIG4gCjAwMDAw
NTI4OTUgMDAwMDAgbiAKdHJhaWxlcgo8PAovSUQgCls8MWU1Y2E3NTYzN2NlZTQxN2NlYWE1NmE4
YWUzYWE0ZmY+PDFlNWNhNzU2MzdjZWU0MTdjZWFhNTZhOGFlM2FhNGZmPl0KJSBSZXBvcnRMYWIg
Z2VuZXJhdGVkIFBERiBkb2N1bWVudCAtLSBkaWdlc3QgKGh0dHA6Ly93d3cucmVwb3J0bGFiLmNv
bSkKCi9JbmZvIDI0IDAgUgovUm9vdCAyMyAwIFIKL1NpemUgMzUKPj4Kc3RhcnR4cmVmCjUyOTQy
CiUlRU9GCg==

--===============2683740693983495590==--

-------------------------------------------------------------------------------
