Content-Type: multipart/mixed; boundary="===============6827823851871727827=="
MIME-Version: 1.0
Subject: my subject
From: cleanapp
To: paul@polo.com, Or@refael-t.co.il
Date: Sun, 01 Oct 2017 19:10:40 -0000
Message-ID: <20171001191040.80946.79078@users-macbook-pro.local>

--===============6827823851871727827==
MIME-Version: 1.0
Content-Type: text/plain; charset="utf-8"
Content-Transfer-Encoding: 7bit

My body
--===============6827823851871727827==
Content-Type: application/pdf
MIME-Version: 1.0
Content-Transfer-Encoding: base64
Content-Disposition: attachment; filename="myfile.pdf"

JVBERi0xLjQKJZOMi54gUmVwb3J0TGFiIEdlbmVyYXRlZCBQREYgZG9jdW1lbnQgaHR0cDovL3d3
dy5yZXBvcnRsYWIuY29tCjEgMCBvYmoKPDwKL0YxIDIgMCBSIC9GMiswIDI0IDAgUgo+PgplbmRv
YmoKMiAwIG9iago8PAovQmFzZUZvbnQgL0hlbHZldGljYSAvRW5jb2RpbmcgL1dpbkFuc2lFbmNv
ZGluZyAvTmFtZSAvRjEgL1N1YnR5cGUgL1R5cGUxIC9UeXBlIC9Gb250Cj4+CmVuZG9iagozIDAg
b2JqCjw8Ci9CaXRzUGVyQ29tcG9uZW50IDggL0NvbG9yU3BhY2UgL0RldmljZVJHQiAvRmlsdGVy
IFsgL0FTQ0lJODVEZWNvZGUgL0ZsYXRlRGVjb2RlIF0gL0hlaWdodCAyNjAgL0xlbmd0aCAxMTI5
NCAvU01hc2sgNCAwIFIgCiAgL1N1YnR5cGUgL0ltYWdlIC9UeXBlIC9YT2JqZWN0IC9XaWR0aCA4
OTIKPj4Kc3RyZWFtCkdiIi9sYkhXJjElN0VBLDY4aU1STz9HQWVSM3I1LyRTISJDZ21OJG9PU0Rm
SjNIOTkwInFtUS46L1FFImxhOG5VcjkoZzc1TWA9PyEhISIsL2o+JkkiVStsKyEuXGpKSG1bdGgh
ISEjV2lEZllJUzBuOjohNVBBbltAMCdOISEhIkxLNSVmXWZNMkRIIS5cIV5cIS9qSiEhISJMSzUl
ZldmTTJEcEs6PClHVFU5b2dNIV5dPUk+MjdpKCc0TCJBXjNIX0tnLF5PJTsxY0tcVCdrNyEvcT8k
Q3E4YHBVIz83Sk9SW0ldOUZfPS5eZG4rMD4zQDpvUnQ3PT4ndXVCPWgtUCtrISEobS5wRltJN2tw
MUZUIjdVPGttK1RdMGBybEQjLEExOFFfcl46LG1PSj1JKiZiRVBwVywmaSE7T1FCKFpuMWJrSlIm
ZCQoTmBbRy9xWlkhPEJYZmU5YzN0Xy4yR05xPzQ2dWcvbyQwMGBfOkw3SmhlL2MrXz9gMF4mJDpI
IyxPTEJiIig/M0U2Ll01Vl9qYEIqbDM5biY7TzlCPDlBLGZQPiNFUjdxZj4vWkpkTlstVy00NCNq
IW0oPk5cRWJqbWxPL2BuQGdSTS4uayxtRj83YUpSUjBPTWYzaSxJLlg9RDouI0YrJystJFM1XGJv
LGxkb3AqcD5NM0VGX3IiYDBaJWBuJiFfMFQ0J1QvT2JdMCgvLT5sO19JTUVhMCtLVGQlbTkjcihq
UHRCWEpSYE9PQ0YsWiEhJ3JfWko1PCVuSEVaKUQ4ZC9obE1zQ1shaV01TFImLVwuPjs9KVAhISVV
WTMuTElPKU1QLHVpWlsnYTQlJkZlKVJqRVA8KURxYFNtaS0vISJqMT5KK0IrJWooTlhoY0hpRWUu
XUJWQHAya1NGZztSJCshISVmdF5VZVgoJnIxakFbUXNeTVZYc0NuMWduOj9lIU10ZWROcFc1IVdX
M0UnSCMtXzAjZm9EUi8sWiMrJTtxKlgqOiZRXVw1K11AT19OXSE7T1hGXiNyWUcmXkk+TEo7aGYv
RDRhTGchR2NcRWBrOS9EPTdvT2kib3JVQERgRHNPK2pbKl1MNVxVTHA7c1wzTlldKjw6RyZRbitm
UkZTIS5eLSskW2dbaW0sTyRTQzs9bVNOVl8sT2pZaStPLSE6M0o6OFEtUW1XKE42OmRQVV9qLzJG
M1dCVkQvRFVYdFlRaldvUDRIYjBCITcxSHRPcj9kUC1lISlzPjI1dTBbNixaNl5iT3BLVj8qOltC
aUtDUlRrb049ZW9TOXE6LmJpbkUhQW1nZGhrKksvZW5WVTpkXHVtQl90SUVCYCxATCEhKGViXDRx
PjJOL0Z0XjpkUFZqPykkTDxrcmclPT5KWS5WISJiaklFNmM0bSVrKy0xSmhHST9CZnRtLDRLVm9p
IScwVi4nW1FTM2tnQlFZaTZcKXMwKiI2QWcwPTFYW3J0IkMyOi86N28iXnFgWF4yIVg0QixERyFN
OG41JyQ/az9jZkJYdUlwME1jITsibiJZWl5ULzA7MCNpb0xwO2NwU1pPTCEmMG9GJSw6NEhNa08i
b2pGTUIlPi5qbjlfcUVrTSpUMz9EVGknLnNKVEg8P1lsSEhWPD1Ua2xtWTVTJnJVbk88QkNgRj81
SDdoMTMuKHM+KFVpMSNJWnI0XV1tOmUzNDxvbjooKjhEKCxLVCNiJkdGci5OREEuSEBJbmlSYXIo
cSpNcjNOXUJSKlJeSGJqQUAvQGVKOSRxJlpoN0NQNmMiNkdMVCc0aChEZ2V0IyFoXE5icmhKUGIo
UXVjWVo/T1pmSkU5Zjg0MzRRPkpmbFRJQSswTWstXmA0WDQlXy0jLG9sJkhTMyJOITRRZlhpXEFw
PExsImZvbydZLyJoNTBDV0BtZ3M9cSxDXFQyMDcjJTA1WTFYVGhdLzMlIW5iJGUscidMdFw3Tk1B
XHFaPlFMXl5IL1VuLU5uaV1BWnNRcnJzO2Ffb0RlJUNmXnBJMWU1YSpgVTovNidALHJOKlcqalZy
azU+RGsoKiE8Q1VgMnIqa2xbX1gwa2pwIjpZaW1dY0MhVlVdMDVDYWwoNkxIXkVWJVlsMkIqSFg0
O0NQSidWMyhFPjRzR1x1UCZMRylsbUM5PnVKNixQMkJoRzEjUD05JUAsLF1SLnFOUV5kS2ZtW1Et
XWU4L1wkZjdfcURdQ1EhcHIramFTJU5KKkhhUVFDVzRqLyZXNGVCZlIrW20sJVApX2JvIyhdPTVH
K1dwcmYtRzs3LWFeOF4yX0JsaShwZUtnPmt0bGdoXlFFa09kJD8/TD06Z19TRkgtRiVpaj5sVlky
VCZeP1ZDakZWbSQrKz5ob2Y+QCVCXjJfUihpQVxTYVNnMU82WVlTSnVwYzVJX1ReP1NoSlRFX1s+
JVwxJVVLR1JNVl8qOUZbSlstOF8vR0dgVCpvIUZOPWNOaXFgJjtBbjBkYVNESEdJPWZJYTElcy4m
TF9qLj8uVCFwPUNAWypCQSk1ZEElTTpMIVUvRzJGaC0/QmhMbTNHb0piRCk7ST1mJ2hYcCQsUlhF
USM7aTxYNEFsKFolUHNgcidrNVxVQypOdCtrK18zJUQqR0JdQ2FnRC1hSVBTXypeNzE2JDZkUDxx
aFQ7LT42cE9fJUJYTj5xYDliQy4pMDYnci0qTU9pWW0+L11qcSMpOmItMVtQJC1abCpXMD9JKypJ
WGtCJjg4bkEjTzhtTWROSmQpKVpjLDcjKnQ7SDo/U1RXbEYmN15bNTloUT5LbEhTVEcqayZkSmBJ
PmEoaUg1VFlpLnFyLm1hQj8tKDRcPi0jZz0mKmJcclJnaF8tOCwmRFUjUGdOSms5KDhCOiYwaWo1
c11bKUlBcjxhYC5uTiJSSkVWNExFSSU6ND51Sy9TVSQ9Z1EyL2RBP1g/cSdAciFcclVZYTV0UUg2
XWxPQidBNXBcRTVyOSZ0WS0jMSE7OWNIVSRUPDAnTFYjST9dZS9ubj4mU0E+UDZQazQ+SkZkNEs2
QTFXNmd1cykycVhXJUokUkgpLSE/MyJOZ2MpbCtpVVRaQElmdC5YMCZrJEMmUEU7TURxdUxcc1hL
bVRlaltTPUUiLGM5PC1cWVtYUThLI0wtUlklPSduYkteKGIsZDAoYXVOOmZwYlBFNippM2k6N11N
biQ0UE0/Xk49VTw5RVI2P1Fjc1VxSlNXQ2ZkaCRkUyRVbyciNT0vbkplNWxbU0tLNyJCRGFdT3NX
c1lUI0ZoI15lKE09WUxHXmVRNzVBMzlsPjMhRykpbF1RVlk3MEdFPShlbV1fby5YJ1g+UVFXM09Y
V3FwVERuKDkrUT11SVJSPFNpSjEnSEROIStlcnRXRk0lTkZqTCpVaS9tcThzZlpSblZvb0tXTjJZ
bUo1V2BPUTlBXmwmV1hMUiQlTl9TLjtpVWg+Jlk2YkUwPjJGXEVvTlYlRVo9c0UxMDlPam0+Ll07
MjRmZDpfWC07JXI9Mk0+bChVLVFHZzNZS1BoSjZ1SVhrb2ReNWxqUjtNaGRJVzRpKUhcbWFtRklq
OyMoIVlqK21HTVkxTC5OcycvTVVkMEg5YmM3byhwPE1RVzs1Oj0nTWdEZio/PShiKk9YallMOT82
I25uY2dJPVkqQzkpQCdPPiRdQyUlKi0lIkMrPWM+UVgwcmIhbzVwaylaVVZXXENUclBCOD5BVkJO
ZD9jVCY/TVY6ZFo5Sy8/KUdJXmZAcDZxNCFxTjM4OzZIMEBJIkg3XDk8WV5AQGxFJmdZNk1LOVc5
UikvLFQoJlkvUy5nOTdjMmtXL04uLlZxQHRnIWhNZU09Q09eKWZdTjwuKmcjRXRUKmRSUGFiQS1Z
cT4oJ3U5XV05cC0wQm9fPFZsQ1cuTUxuLS9DOV0wOVFxTD43WHNXVkMrW1wvbFAwKkFEKk8zOD8v
JEI1ZiEsWUUzcm1nQCQhVkhQME9dNUFTMEBCJjhGLCNzNWl1NG9wbCMnO0VzKD5NPEMmPGtbSyIh
Ul5VQ0EqSEpYJnAzXCxMPV0jZ1ZhVDtUP15ET2tSVTopOSFvRF9qOU9vSURxPTs9QSdtPmYxPVJq
R0BVVkI+alxuLWdQPTtyRnQnKW1TLWRAJC83QkUrbFYvOkRwNSY9QyJcRUhTPURcQTBXT3AuYVBV
JGNEVkxSaVU/UFsnJU5AYG0vQU8jIVZxJmFVYWUqOmVCPTVGRm9vUWRWTCk3InBcYmNFYUFpbjVS
JTQyOjx1byNUTXRtITdYRW06LlYtI1I9JUI8UDJPPG4iZDZsPjBfX2xtWEcnVUVQWl1nU2hSXCgy
LyRecz81a1kuJXVWPC1Eci9EP2sqcFtNLD1zWzgkVk9VRSliYitAOzsiNXBAdElAMSwtI3NFUS1K
VENrNUJDR2lnbVVHK11UJGo/Zzh1RlshSz1uQmpcaSojMWY4Jm5VZ1QhKlQ5US9VdTkqPmI0NkdV
PC1dNz5SQGxdPzpmPm9AQ0BKQChuPkVsIVQ4QUp1OyNbQ1JWUU49OFgqPD9cKkReLitDJVw+dV1P
OEomUThZcFBHb1AxNjs5TiolQXFLX0U1dFBAR1drbEJGXzRVLyxEaHNXM1RhPTsjRWdOIURQRXAo
azFDaHA5YnIoL09vcWtLc0FzXENBcDQvMGctLCM7a0VZX0U9VEo5O0s6V29QS1lgLWYzMVxSSS9N
RzZKR0JsP0dWUXEkYkVWO1tQcU4+bG9SZmomKWBdcjtZdT5Hb1dXNGVsTFtHciRZSjRzUWtJSyMw
aWwxRzFnODhbS3FkV0VELVdycF0oL1ksSmZXbk0vXXMvXFJZLU9IdFZDXEtVTmMnOjteOmxGPiRn
QyIrUk4pblxBNjEkNSJcQiJKQE1HLjtjSy5wOD0wQVZDVi1PZnRfV1tlUV41Oy5ZLDZbMzcrMmhm
TTUnMi5VNjZCMVRfOGovdVhiMUQ3KThecT5WaE1eVkVUWkRub21CTSMhNDtuODQ1cG5oWEBwVidw
OlhqNkdtPGpPbCs+WmMxIk5xZWRNNlQybFc0PU90dCdDKmk2R2lfRUYsWUcyO2xPO0AyWmgxbjde
b0ZFJ0tzLlQhcGpiJ01eOjooUSo7WGk8Pi02ITxpdGRpXD1qXUkzW2FhNmhsPzpxb1VcSSlVanRg
WGVlRSVbWHJyampbbF4vdTQ7V09cOyw5I3AzTmd1ZDQhRmAtWiN1OGApcU1mZy88MD8yZ1ckR0JM
Vy5pRjM7TTMvbmdNb1Q+aWFbcmM4cGU3TlJsUD9jJFc6Zm0waF5BXlljRnQ7MihZXmZFZTpkOC5T
TTRsV0lhaWNcZVpDcEhUQCtZXDw5aDlNWiwzLjhlJUBoaDJXRmAnSGNQXT5eR14xPy1AZnJULGtc
SkErO25QR3IqPVtoaWFxbEdDZ1gxL1xgYzJba0VvRDI2TUtHSFFlQ2tNMzxcXWdQO1FrJGBNNChT
NUorPillLjs9QlpzXy1sY2lZV3FXNUs6UmlSIi1ObnBTOE80Y00vXVo9QGxdYCRCPk47Sz88PjFZ
Kjc9XigoPlAqXEtlJCllXzlJOm08Jy9ubVptJEBRby9caG87YUg7aUckQWNKdCpWP1JSLmtkaUtk
O24nXFVLJVxnVSYlSlg8KDUqXURmYFdKNFY5NWFnJl5DPCZjI2k1NDtjKSlzKWUoODRlV29BVVFD
TztRQWNIW0lrPSk3WHAwJlhQSSFVYWdwNzdqJEhZVTZvVTA+b2VYQ1c4Sz1DYDY3UmtMSDVxMUAj
VG91RDpHYk5gODJRbSFeQ2grZCxgM0gkOldwQVskdD9LPk1gYGY8ZCohTm1bQm9FXjBIK3I7NmRI
MyVUUidkSVgjYjxBSSFkUURVIi81S20oLSNXZihWZD91Ui1aLXBXVl9WIj9hYSI5SVxHcyM+UC87
K20wbU8rX0NhUE9PK1ozYWxHVSlkbkZmZSZuK2JDKCkxbktyI14iVE0+WGMyVnVHR00oclVuaiJJ
RHBhWFxbXz83NjY7aV8+Il88NTwxL11wSksvXHRAXCZRQysxSTo8J2Y6WTo6NCwqLlcuRCNVPWc1
dSJAPXN1IWBXUURqTklrKWBnQWxtInNbMjkoZ2JAcVpmZVJmPXJIKjZKPj0mckJvcWwwcDtNKGg1
LnFfXTU6T3RndE5bOFY1TkNwWUFRLSskS1JFYC8qSnBdIjhgN2ErRWFnUiYtYic7aixPPV4tNyQj
IzpQWTc3Z0ROWktkPWhDTC0lRGlqQSMmYk1HPk5VcC5Oa15kXTlLYEY1ITA9YFJEcURvN21rPUM1
NjBmWiJqVFVSWWkkZnUoOGVJITRlRGxBQTEjP04jaEdGSWphIzAyWTFSYHI0JEloRCNzKXIkM1Vk
PWBRdGFiTEZbTGU3TTlVYTlgayNgZzptYFo4UidecDc5Tik+dWs+WmciaVxOO2hpQVdaRj0nTik3
USUobnU1ZFBHYCVzVlBFMCxuPjk+Si1iaztzX2QxNUItLlhvaC1VUGE2YSJIQF8ybm5KaDw7VUU0
RkA7LUg3VkNrJXI4Ul5eXlJKbF09MiI2a0EpMSlRZC5CP1hEYE5LLU8hcCdHNTQvTkBWR09sTmlk
Z0dFcHEtLUVCSCpySlkuSGszbF1TJFgobm4rXSNeRXFyQmchPyZRM3VoJlRiSCNKcjtBSlRLPCpi
IVpOKShwXDk/R1c3WSlNYDxpMlA9J3AzaVo4PEJpZF1XaGNIQkgwKVRaVytpI0hBNmthQk9ZaCQ6
UDpkNCQ0bl5JPkZxOVllT0ZhPTVKPTxLck8mXkFzPENyQ0xlVFdQYz1hcCkrJEVsbCotJnBhVl1W
TiQ5amdpTV5DTGNEX0slZktHMlEhJldlJ1hUTTJHUDJpO0siPnUpKyZNcydAJ1JuPURMcjdZM2Zg
Q1E1YDFoTWFWKTxtK0UlL1dsaUNyYWUiYSJMOWFQbUIzNCE6QFBLWl9mVVooX2QrOS8tITUkTz8y
SXQ9Yi5qTVo6RDEnR2hCP1thRmhUdVcsKCwwa1csKkRLQl4uUkBkOjgrOF4jb1xNL0FALGxDOGxu
QV8tXVBJNURlWiYycCgjMTgkRFkvZFUzYFovYGBvYC1BQnFgZCxlSVNxRTsrbTEpT0AwN1NGaVg7
XCdfY0prLHA/KmkyW1JLbDRmKm5eQFUnOFhDYS0sLCJ1RTpRXV1jUV40Sj90V0BDUWpeO0d1XF9K
JGNvL0E4UDNzLmcpQUVwL0JQL1Fpb1ExN2UyQFFXOD9aYSphX1sqZGhKI2k5U0VXY21WW09QYm1e
TS4/XlxNUSorcWZHIkZQb2IsWCQpPSt1T0BBYS8lJCdJUmI9S0cuRV9DPVQ+ZzYnNGgvKDhQb2Y9
VUsyTy1XNiEnaU1GVlg+MypeW1IsW2xJKUFSIkJaNlVQTUdcVzYyckE5Z0MxWEs+aGckc2hLWVlU
Y3BQYl1vKSNgXkdgRCtPUERsXzsraS5YQiQxOTxaTjdSQTxgLU9SIm1uKksqLlBJNj5eTGspN1xQ
NikuITw6bU03RjdJSm1DZTopUVVsT102dV1YVWp0KmBZJV4qYi1VLiorLEdYMlBiTyFdMUFxX3Fd
JTJBWjpGQzEuTWg4SU9zKjs4QGxPaDs0LkQ/YDpSSWVEVWpPU2spWSwpTTxuYyFQVi4tYllTIVNG
ck5IUm1uOl9HS0w0Y3MhKUQ5LkFuWEpeO3Ambi5pcE4sZFhgO1U7PjxiYCVQZ0RbXnQtZnIkVGdr
UXFwMGtmZkY7UClRM0BmcC1gJ0ZmRjZJaUZfL0E7citILTxOKkVqZVtEUlFnbippOSUybEkvYD9e
YChIXGJdKSMnM0EzTnA5YGlOUjwiRURcXWtATk1kZ1Q2IkJDYVs2QmJaMl9KTj89IW8hJD46JS1f
XW1GT1otT0NOU2lHNEBIcThSTjNEOS5mVS8xLi5XOEA0PkwtZ2dxTm49Vm04RmlHT3MwZipeK2Bl
L2FrMENRbUdmKj4mKThaYE44IyQjZkZgQVRWdGE+Jm9pOU5sZCcuUiEyQldHUDRxNjonKS8+UFJU
SVFRMWpKMmhKW19iRFFxOGI6KC48M1RKLUMzciQyVG5tOHRSR05LJCwiZztDX1ljPXBJKWVVZTw+
Z0xDVF8yT0JlbEJnKSM8WUVIPj4xL180NW9kPFYiNHNnWUgtJllEajpjJGFuJm0tLGdtZCs/P1df
LjVfOCJPX0hTTFwnZGc9InRZQXUzYTM2ZCYkYTZwXT1kZD8/MSVEYSxUazwqOkk3c0E5Sj47P0Qm
ZlMwZ2liUT4uT3FyNio2PytzZm9MU3VQQjBUM1NSXXIwMklyQWJPXTBJRkUnTjRHYCJnWVVmImoo
V25tLWMjXEVjcEI4OTgoKk1TVUZsJVlMTWIsYnJDZlhhWjZOK2FnV1Q6VCcjXj4/aEQnO2VCckNy
MlIuIUk2VUE1SEIxK0JnXFQ/KzFDUzhdNkVxZyM1Wm9lIVdRcSY2Jyc7SjskOWhBS2IpX191JV1O
KFVKTTAjZChHSFRYc1hWO11UV15MTTIlN05GRnNOOTxsUmNFTjgtK3NRPzIqSEVAanJKXmNgI2NN
SXQyKEZhT0ZpTTlpKV90I1opOF5dWkVNaCI6OClDKUlSVlJoKXJGQVlIT2lCUnRKbiljbEVNJ25g
LzteM3FQK1ViIzI7UFUzUCdVR0kvMCkpQTk8JzxFTlsoKDJENElrUEdFQCxiKHBpU1paKj9dQ3Fq
W3NmZXBmcjM/XiJPMFUqVF86UkQjSjk3VD0tS2xccHNpMklvYj41dVxUZDQqTG9zL3JlQCErJHVk
OmNeRV49cktGV2wocHUwaWBLJDBaUURhdFBqcy1AKmtFbF8zPi5iQVM7MzEhS3FrXUVZaC9lQm9w
YzAhTVRTMyw3Pkc5dSQyZFZRRUQkX0MjSXE0JnEqNCRmJDwzXGpbL1dqND8qZzFPYmVaa01GcXR1
cmpTbCpJR1ZYOVFEQ1QoLG1WXExcNzxCVEk4XF9yImxiPi1NNyxXLmN1QyUySkxHQUpEPDxcbG9O
MUBydVRyWyxkMSpjUlJUPm9MKnUnQTBcUVIwUHFrPE8hJ0tRT2w0Lzk+JzRXJjs2I0BxWTVgS3Ay
QSQhYDxfTF9CdWBoR21oOiNES29TIzdrckJDWytpQWBhOU5BXWRlMXBmTCMjQDxgX1RWI3UvZ1dn
KGxIcFlmLTN1KEpIZDMidU5BPEQkaSIwPDIxSmA8MF9zXU1hK1k1WDRBSUhCXiZKdVYqMD1eJCIk
KmBKRSklN2ttNDl0OjUzI2InQ1lRXGhsISEnZ2NpJkxmPCEhIixcJG11I1QhISZoM0RmUG1aISEj
OEJHWVM1PSEhKChFY05zUk8hISheMTM8OSpbISRFIWItTkYsSCErXmBGIjk4RSVKOEZfRnpCLyVv
W25XKnRYISEhIT1fY1NSSWk8MCxcIScjVlFGcTJoKSEhISI8IypcRW9TZUQpKCE4bjoqZyxUUWgh
ISEjNzBvUnU0R1lTNT0hLlxSSEMkUElIZWM+YU4hKUAiI1dQYFpWISEhImhgKFhObms2KGJiIScj
Z2ReKC8kZSEhISI8KF4kbFxTZUQpKCE4b1EuXE5CZlYrVE1LQkowUHJubVAoLjIhISEhaDE8OEdG
UyInSFkhISZvUGE1XlNmITw8KiIlVkM9O2ojOHQhISEhI0VBcUpMTER1cCI+ITFaY3Focj9YVSE8
PCoiU2o5KC5fZixZVyEhIy06KD4iPyMiOThFJUdTRGFkJidrT14hISlMRk1YO0w/JyomIjRpLjRq
cjVSXSI/ISEnZkVXTmgnLD1uJXBdISEhIz5QTmk/amgnUmppISEhI1crWEdgLSRtdSNUISEpcVJl
ZjdsSy1BRTA2ISEoci5gL1VLRyFlcT9nISEocyEvPUZOOTpOcm9AISEhI0cjJlkoUyEhISErXmkw
PlQhISM3YihldCYyISEiRElfWy07QyEhIm43Mj88ZFghMidQTy0zKyNHITBpJmIiOThFJXp6enp6
eiEuXEROJiJFWi4vOltXYysyPDtXWUozTDM3U1tPIzI/M189cidjV3FudDFGM3JVJExlOygob3VD
dEk9M3FiU2FAPlA4Ky1BJmY6Jz9QZUdRKGNlKS1nJk0rKG41a0ZcZDsoRT9ubXAnbG1KImFTP15I
X1ZAcmYyYkNWcSRIPmVqbGUhISdMdDpGNXVDY2hZUmo0X0xQQzFNNHM2MTNRPlRwW3IsWG5YS1Ja
QWFoP3BJZyIqbmBcVGRAW2lIbXIlRT1JbmIrLllJMGZlJFVgR2tZdFFTRFZeITVKYz0jNGFkXydA
NktvIiRMO2Nraj8hO2s7OWInVVojSTs+ak1JXFMsZVhAaFkjbTpOX2NtTUdnODVobVB1NGIpWzU6
U2xJW2llUz4jWEdYYG87PzombWcvb20ySFNgYjBWQ0RHY3RfM0V1JixBUFpMXVoiKChITyVHKEk4
XS83WyFUNS1ePnFeMzxNIScuIkdnO1ZmOTwlSE9bdVxaIjtFUTwsKigtLldOKDVrT0Y4Zlk4Zj0l
N3VIZDhlLE5tbnJURjZvOHBzKCNgXTc+ZzcySjdELV0/O3UrPENyNlIvSycrW1tsOyE/JXI6aU8/
OF0sVE5eYk8+YDoxN1ptJ2ctLEs7S2xHMGtLZE1bRihmZW4hJyNePTQ9QmpxR2pxNkI4YiY9Wz5b
Mz1JTEBcVGQwYzojTStVbkROZWhhJjo5Xm5SazhiJj1bSShMSFtMPTc0PnA7YGNHcSJpJDxGVU4v
ZVpHMmtTWTk6R1JZW3Riai1pUTNpO010PTxwMy8oaCo/JElUYlVNXnU1Y1gzdFdXL2g/RDckYzpj
YU5camdISWdjJWQ8XUFxWGQ6Kl9KOHVWQDJFb0lBci1xM1tILTdUYClBWF1ZYjNTMSNrPiVcYEhe
XkssKEMkaF43c0VxaEw4Jm5WMi5XN1ErKlJIPUhUP1wlUGEqIlI1IjAtaS9LSU4mVz9gMilAUzM5
LypGLCpELllIaiVKZW5hLjEnXGNpYTczNF4zcVVbZElRcCIqN1Jrc004RVoqKD40XVxRQz0sKFcz
UyI7I2NiI2pqbF1AOlxmbGQ6b1BPTWImImk8IytjMkw0Y2JgbyVlXlJtTF1ULCpiaWw5JVFAYnE8
b2EpbCJBW1FVaD9uaEZEcHMwbVo1ZDhaYCZULmckVjpodHJrZStsMnFwNlwwbFAkbzZvWG41Jl5F
WExOMFg/bjNqaFYvSFY1OWQsS09zYEsubydRKy5ZZj4jKkMsWy0pVmtyXDYhTEpVITgjWSI6aUVP
c1dNN1oxbGEnPHA1aFQicDxFKCU7ZDdqW1dgMGFIU3VCP1FxN11gI1c7NTVqKW8+dDgqNm4nTFAj
Xj1yYkRLbWgxWkE0OU9rWXVETkUkalpLVldaPz9HSFZXcy9vTz5JVUs5OS8wSWFgXUFyK3VUNnBI
I0oicExPbFhaUW9LXDQ0RkkvODIrRzxhS2gzJEJUWVVEbTcnQiVHJ1RCRyxAJmtyaUdXdHQ1Jl5K
LlxaTHVLaTVHZUE4SjFwJWhmaVFZOTInMjQtLGc1U2tlZTVrRFsuOGkvLVRCNEQsajdmWC5JLUQ9
blVpR2JzPzFaS3JeQj5UOSUoQiVXOWhnOEE8MFo8RXNZX09fPmhIPiImQWM8X1o5VC9rdClbbFdV
W1dmV3RxcmolJDdoVnJaX19ccFtvXiZXRCo7MDdIbkZyYDM+Tj4jPGwrPkg+bmJqZk5qUyQxOTJw
RmVnaGVhT2EhKDtITGhKajdrNWQsLS49NS42K0opT3UyaTFcNj4kVkgrMTY6a01tWlBUXk8/SU9C
XmRdYD8wOUInUS5PW0RSOkI/aUYyWihYbUwzaTpdJWMnaGVTbz07TWkvOmRIQGdyX05tInQ3NHFT
JF8mWltRQWFiLiFWRT0uKVNsOUUxPCk5WVwvLkE5T0VsZUQxJTUsUCJnbzpoWy9sZysoT1k9JSpD
bEVXb2MvLjovamUpbmppcnA0UUJmRGJaSVQ6L25pVzZnbVAiUFhoJCRLZ09EOFAlYzlCaEJpaDRF
KVg4N0lbNDtfU0RXcTgzV1lxOmBsMV46XnFkLSptSGpMcUxBUlFWWU48UVRacz5RJUpAQz9aRS0/
aDVnSSRHQjFwSWJyanBXI25RJlI2SklwcTNOcTxpTVxeQ282LSNBTy9tYCRNVmx0YyJjV1JSVlg0
SSRNVChDTGtsUz4mcmEwQF07aGJVbVllUnJiaT9aR3NQaFNiYUteMjNkJixBLFA+LUxKaDZLLCw/
JCZZSWhVQWdzKUdKLCwtSWYlJEMyMSRwITtIVlNwak8wO29YWiNASTJRTSI7LztGWS5pXComdSxM
NF5ldSkyWixYS1tqXmU7UkorLG8ncSU9XD49aD9iRlhzPTNUKmdRWT5rMVBaJ2RyM0duWE50cTgu
MVdTdEFqKUNPa1JWKVU6OTdcYl1yKS0uXykxPTRsQDRiQkpJIy9SX3NVbD1sal1nVWheVWdCYls1
aCw6WDRlUkgoS0k1ZSkmb28oOVtFPVZhWGBbYicmQFZobzxbXk4jcDRtXCdaW0AnVXUxJjdKMjdY
N19gRDgnL3FlTmBkJ19LMi8/ZjI/QD8zRDllVyskQV80IkEuLiluc2xtWjJuVVZcXzM9RkwjQ0ht
PVEpXC9xMWlsQjVQTlEwY0JvKl8scj8+aypBbkxETG46TUpvalRTaSpcYlpPcEl0UXArYDRzUVRr
PC10MF4yKzdALFNJZ25KR2kuLl42cm9zYic2ZiotYzc4O2pVI0ssbkosaTYmK1o1LjBpY0UtbCMq
SCwpLmQ/J2NEPGF0bCZOKzgzRmFwcE0hOS5xWFFNRURbQ0VHbFNvWmNVTz8mcChqJylcRCt0al5O
SFRlcldrNiFrW2otVF51azwtXyk3VldhWl1NP3RnKW9FMlQ+XERpL3FZbUdWOCs8JUxtYTcxM2Ng
KEJUa0glPzZBLzY4bD5gViknTTxDdClwSCRUQFhxb0lGM0pbQ0lhZFk7ITJjU01maFU3L1dMPipd
WnMsY0QkR2c5O2paX1FeXXAqLSksJmc5P2FPQkh0TEdXZSooLV9AWUJoQCVZZGs4XyUjJzZaYT5t
SGxLQmZUNE9sYykoR2FyZnV0QWdWbjc1cTc9dSgoYzEvMzxGZ0dPcWI2JDRmbE9tWUQuaVIrT28l
OGVGJVgwJEdZVUIhNEQqMlctTEpoNks5a2RfPS5iZnVjSVhNOjFaSWg/aHFkIi0/SD4kTmM6NGtA
cVMqPGtuSScpUjk6W2JtRF8sMVQ5PT9Yb0YwN1xYJSRHJTVLXnJGc0g7N2lDYExfLllpS1otKSIj
YSlmKWE0OWhEL1g/LF91OnEtRTUjQlBGbk1CSmgqbWFwXVJKOCJkR1sqPl84IVsxKlMoZ0FhYEcm
QkJoPElCb3RMOl1UKEJAITN0IjBLcWFzWldTM0ZoJVBrUjVYRjg/I01hJkU2L05TMVYqSCtQZylU
TGg4RGdpLVJebXVTQGAqTExjbUhpZlYuOFVnLUxubV89YTVAOydgXEpqa0hcJHRVTEcmSFEwTWA+
bitSQ1dLP0hsNWBOUzFoNTlYUlZncD48ViNxa3RxJz9HcyYhMDZgVD0+KjdHcC9bQCxiKUdqVElz
SyInMl4sXyhRdHBxL3VOZ1NgRW5DJUptUj42MWVQSm81UDg9TkMjPVQoQkQ9Z09NU05BOi1RXi5R
R2RJMDM+QilQbHUjMmFdQ1tzImdRKy9BQDAjPztxNiRbTV5PXVBLcl00VXBra21fJD8ibkVbcVw8
c2BON2s9SyYpZjtkIVQ5WiNeVDhBbzA2QXVAUl9hKmJKIm5eVnQtWz5pc0plc0RCRiVXRVgsazdY
ZWdcTlsuU2xwMzNMXypIVjpjVllLLEM1aHUyQy9yT2FrcGpiJEombCNgbChyIlE8UkMlTixuWmFG
YTdBaDw1VGtVdGo9TWR0PVNCJV8oRzNHQDw1Zz0kY1JhTExEXGcmOyhqYjg3TTtGJTJCNTdDa19b
JWR0M1pscyNHYjk9XCNSWWRgNjo2aFRfTEBPJWtdcGhub1ttZnI3UERdYWVjRGx0Zl1oUFlFcGVd
MzIzVD5LLDxddFdMZkQ8QzVvKGxOXm49dDE0SDBQN3RXVU5Sa2djOmJNWmYtdG41Uz9HVDdAZkhd
cF41aicyTlI5I28qVixOUTxBZGZXV05lJ21kTnQzUkZidDJfKyhaOCY+UEkxRERhQls1cWxYVyxr
OWcpVCkpTVlGVD5JRWFtQ3FSK1o1MTBLP0tSUVI2dFhKRSRARFtIRChhXXJfb209akhWVT85MCRq
PnNyIy9tM24wTyZeYlA2OCReXEI6JitoJmptVjckKW1pNE9nQTJ1LGApbl9MZTYsNWdRcVMwKCt0
XjxZPzYzNCZrND1vKU1ERjFpKFZTM05ZR2VrR25YP10tTHFNdEZ0bmVUaSticG5CITdgcS1DNSNM
K1hcKFcjIjxiXXMsUWFMQUEjRic/TjpqNG5CamExMmJpZURYZidObWBlKk9ecjRFU1hYQEUhISIi
O3JvWElvXz1zRlxtXztqUVhFUEduP2VfaFQiVFNORiVcRThHbj0xKltTLGBOaDhgMlZULEBXYSQs
MyhbPjtJX1plIThwRTtTRUgkcSUkKj87MDBDVF4hLl5LNnM1KF1nKzJZZ0BqU25YXTVXaVtLPzQ4
MV0hOjdTTkoqKV5RNEkoc0NkSHFSPUFpVD1OISEhITdONCpnIzBCJUpxcGd1VVNtJVcoQyVdQE1G
QDVuOGY/ckx0QztGZWRicT9UMCdANjpacFVbUD5AXy9mWVghM0M1PChXLDJtKzJZL0k+bEVuPi4j
I1tVYCNIVCMhISdXYGlJcClyMzU8bD8mJypUZyE8RCRYRTE/PjlndV8qXFMsYE5oJmhvakYtYi5E
W0hOLlxxND06Ky8hMV87dEkzbnBvenp6enp6enp6enp6enp6enp6enp6enp6enp6enp6enp6enp6
enp6enp6ISEkaVhJZldoZllCcH4+ZW5kc3RyZWFtCmVuZG9iago0IDAgb2JqCjw8Ci9CaXRzUGVy
Q29tcG9uZW50IDggL0NvbG9yU3BhY2UgL0RldmljZUdyYXkgL0RlY29kZSBbIDAgMSBdIC9GaWx0
ZXIgWyAvQVNDSUk4NURlY29kZSAvRmxhdGVEZWNvZGUgXSAvSGVpZ2h0IDI2MCAvTGVuZ3RoIDE4
NDk0IAogIC9TdWJ0eXBlIC9JbWFnZSAvVHlwZSAvWE9iamVjdCAvV2lkdGggODkyCj4+CnN0cmVh
bQpHYiIvTF08M11vZVJoJDQ0W1FpdWUwRkdganAqcGZeXUFMJlNOKiRuSkUkW2FUc0I3UExJKShG
ImlgTjBFJW8qbSQ1dFQ8cXVWPkcvNz0uOStVR2NCak00VmdmN2YtQGpCQjJxPTcqXEQlX2xDXUdP
YkNzbnJcaXNATj5xU1UoXkcoWl8jTW8sdDddSU4ibSdCRU84NjRMSD5OYjR1Uj1SWStqbmg3QWhh
czhwNWBDWFJgRWpmR08jP25lMEwvTjBoOCxDU2hnXVQrSlUqMispUXFXcW4xcFtSIypha0JCJFBX
amVqMTs9V3NCV3NYUD5pUykiJ211ISEwMmwnYiddRmNnVlhmNmU+JkU5VzBSITNyJ0ZpV1lZNV5T
TUNZJENXZ2MwLiRdOyMobGs0IURPSFYjKlVtO0ksW0g7PjdBRUNPLV5HRUZhajtpTShwYVsyJGpZ
MDQxMmZeS0FQUVs4Vk1eI14mXWtJZ3BoXkVXLFIoM0FJa1E9RVFPbWlxTzdsOFFhcStIP2RdMUYh
K2lYXCc6NGdScSc6N0YiXUZEW0drMzUuYmBPZlQlWy9iKmRONixxOylUT1Q8TlhMVWlVTEZiRzNm
Ny5UKk0rMU51Ni1LNEhLPSJjZSUoS0siWlVWUGk6O1chMSNJSiQkKSFZU1t0aVBMNmIvQD9DcjJM
JDElMSNIYlkqRiszZVFDcDtCSzZuSzx0LF4+bGVaUUtbU0IvSXU3ZEsuXFItRl8saWBHVj82R0Vr
VVojVlo2Yz89VSEyOUNJIyRSckxdZVkzbGhbYHVEMjFdLUsyUEQkSyJEWGtZVGwnZyYnM1B1Zy5S
TE9UNSZWSHF1J20mTENWJGY9ME0qNShiRlhlX1ZxZm5jREltKEpqWW1obFNGX1FtcCElYTw0IkJg
RF9AW1JdZUlQaD5HckZyaVxQWnNxZyNLcjdwayIvLmVaUDxjPFs/TF4oPGhoVW4lbl9DOioka3No
blVlJ0hYZnEsK01CSiYqOEBXZThDJzVDPU00YWZLVmBbJTMoZzs6M0k/NC5jYlxaT2JPIWl0cHUr
XCltITxMUi82Rm1xcmpTOVFDSWlhYm4/SiVIRFA8NDolckBtSzAhQz8/LCZTOVciJ1RLKlsucjcj
JSxvW2MvRFNYLWQ9QjZHXE4rLVJcM0c3PV8sXHQ0OkJIJFZLXV05UklpTWg0cWhuVls5YixnPUxc
cE9wPy0zYztsdTdWZD5Yb0cjPCdvPCpwX19LKy86Nid1Lk5iSDFjKEVLalVnL04xWzNnMmo1SUJG
KilMa3NKVF1GSyxjZW5jMj45PWshST5GUCZKQDlcPGNValRUPj4rYERuOyUxOUowKCM7YiZAS2xG
XkkzSEpYYm5wJiNbKUlJbClWRTpDa3JhYVBxJllKaWBLNFVRYT86M0xkMCVQQD1tN1NPSCE8dFRA
VjY2Ll1tYmwiKUthUk1gNVNIYDtMc0JwbVs4QUpYQj9ecFNnQ2VLM0BKLFdGcl0lOGwtQy4xRlVl
IyQqUlRVQV4hU25BZCFLW0QpXCJsbVArSVJEVjptWnM+aEM1cUg1MzdIViFILnJROSREaDdCNjcx
XS44YU4qPDNMTVs2NXUzYl86UE1UZm9YQiMyZENZJUsyPGRrNXBOITI+Ijg/WzJIXTRAIiU6MGpR
QWtgSGBzP0EmMVhYQ0NaZFtqYU9QOkpVbmxndS4xS0FmPDUpIihkUTcsVjRrNV4vcyxwSm1VIyxl
VXFvTDdgUl82OyZvNXRjbV9VRnRyQDMsND9gPHFFI0NkT0c+U2JUUXNucDdkYFpdVFVFUHJNRTBe
M08/I202IUskOytlPS9eW1NySypyaV45TXBeOWs3QnNVWnA3U2YrIjNTI1pBQ3FeTFw7M2EnWnBD
KCc/RUtNTDlvPXJuRC1jW1QjYzRII1VbPFxQLyMqbzclOmZvVVo3ODQjckdKdVRRVVlGQkteR2ZV
Qk1QUDhBOzsyWDxwWWw0SDw4VE9FJ21fRnM2ODJCZF1iJkdkQj40OmEjZERaZG9kdUo3XkdbM0so
V2hOcDBGM0JXQDNLY10vXGpFLyJiR01iNEVMc0osdEAtNT9wbWxHLjV1LTB1UmEvaTYmUWNMclcx
LltjNHVwcTwwNnFgTjtUXGJgcktiNGgwQ0AwIyxQUzBXVStYXCZAbEgnYyRCR0FZLUtaYlxEJmBP
cWsvKmY+USguZD4lIzhRLXEqRUhhKldxNGMjVXU5cj1ONy8rSiFoUk9bVStSO0xGRjgoPyZWLSFS
VylTPmozbT8nM21hNGtaRWZIbjBfVXInRUgqJzNfcUpnJytebz5mb0okTltlWzFvITNWYTxwVTQr
cURKSm8icytLMW0wb1tJPidISSNgLSl0RV1UOCpkPTo3QjEnOz04Ql41PyFJQnRENyFCbHFKU2Iu
VnIpPUw2Yz07S1RNRUleJlk/YlwxcV5tU0NnVkBzVlJMciowZTpDOCglKixqXyJtXTpDMG9OUXE+
UCE4PzEiLm40bDNVXEg9cSFfN0FXN2pXOFFHRmBqJllVPyVkKGtYXSlwSVxqNTVbaXI7K3VLN2Vn
KmpbbXBPckYtZFF0NFFyVSdwb190XWU7UWoyOiFhb1g5ZWVfUm83JkdHJlxiMVJcWipPanBuKWov
M2o4U2VIUTNDLktyVG8jdS8uKShSXyJFYFxjV1xGWm1cKSFGQEwjMEM4bXRDU2g0RlxCS3AtKjAx
bio/UyVfYVBcMCFNLS9qQ1ZsajtxMGxPWyhiaFA7clIwPSJwUGpIZV4ldXFqQ0A/W1JSQW9WUHFj
dExpRDQrSzwqKyZdcERHMU11MjpDK1dpaTA1QjcmW1NPbVQwTVIubTlOa0dFcU8pWzpZMHBUPk45
QkJdI0IxamU/Y3MmQFBhKENoMF9mcEU9c0hNb0ViQDdwJ14vL3NWOGlEJWtgT0ZIO0NITi9wO0FL
I1c7Um5JbHI9Q14qcmxjI3I0U1IiQGNQWHVHPVJjVmtvWjh0Vz8kM25vcTZYQklKdGUjW0NmWyU9
MUpYZ0tPckhbM2I8WkBqZ2I+Nl45XDRRXkBgL1BhOE0iQlBhOyliQnMyPG5kYDQ4WUNxQzJ1Ji1u
bS5UZFA4TFxfNDRGYSpYXTl0JnQ8PGxlPmxja0t1UXFnLmYmWGI+Xm4uczxCM18nUzBLRlpxUCZv
NTY7JkFIVy42L1Y4ald1Wl5jRixKRE1jNVg9KVVMcyFNTG4mISFOJTNyMSxbK3MlIjswIUQlNWFR
VmVqYD5kaXFdTXU8ZmVqPWtbZSZfVkssbU4uUTZAIV83LTxIXi4tcU1BQDJlQS1XP0hzN3NfXV1W
WyxIajBrPnJgRWY1TUQhZWk3YVRGN2lvbiZiTSRsXzxRTldvclcmXV9lbU5EMEYiaTxbWiNjNGhC
YV5fR29sYDkhME5CTEZROEM5S11AJ1U9cD1FZVdlajktcSVBYWIrPV5aQCtXOCs+Yl1fXFFcbFBH
Oi4wP3RRJmoxTlBcbTUwWVIjUXBrPkInTitEKTAkV2M8WjspZ3BxR3BxPCZpUS81TTc6UjN0cWRb
MlNkP20oYDhqNFk5Nz1RKi85Lm05LjZMb0FCR3FbRUNbMTZOa0NxTGFxZDU2ZDtENWwnNDUjZiox
Ji1Wbj8wX2AiOlBcWj9La0ppXyhaWUVrPmJhaFVHKyJdYW0oUl5bN2BUY3BZaztDKFpyZUxSRUsp
UmBbRzspaFgnSCtGRzw5OGNkciVOJys9OyVUKDY6V1ZCKVRnJThNWiVgW2VFaFhpTyg5SWBaKWhb
QXIiUT9Va2c4VVhlVTpLLSZhM1BgaixmMlY6XktzVmFBT2BSbGMvLlBuYUspJiZCTkQhVjxeakRa
L0AyJ25HUEI4aldNUWQ5WTRRJkcsMVsvQjRMKVRfKVMoSk9TcmoyWE4+Klx0KT5wSUNVLDRkVCpw
dSwwV3NHJkEuPEVqOGFDJChBZyIvcWwlZzg0XGdgV3RTKUE9RGpYX0VpJjFHb29XbD5TZW1IMjtE
IVg1Lzw3KHRzUkxTTVFZb1hnPk5zR2pJbCpdLzdtazpyJSgmQGtQS2NiJyxBWT1HJytIOHNJMGBn
LWEsJzRzLllqW210TWFWdXBJOkVLQ0pXWENYPj0/IlprXlwpJCw1R2NELVwxQFNxO21uOCJATWtN
OFhdQl08V0FXIipaPUg4SEpbQzo9K2NWOEpsTHFAYWQsaSRxbmRbaGozUlMnL0QuaD4vYmI4al9K
SUc1U1M4LEZWZTw6TWYkInNzc3QmRykha2lfNGxeNmZRLV5CWzhXKWhqTzBoNGUzXDk+cjlgZ1Np
WyFGLVFcTltdMkYiNFFvLiNHYiteKF44JGxwMiNaNCFTN3NQYmtKWGJRcCxiYldRSFM+cigvWz1p
JTYxNSVIJTc3WWpqcURDJ3BPcjZWaDNlQT06W1hNaWVZWyFFbG86VlM6Tz0yUj45Z2dtWSRvPGFS
MHBVcFpFREwrZVhJNVdYIzwhZCRFJzRmL28tJnNEN2xUckJFVyxBTklbZlBdZ2tKVGYmaUpDVHFc
KXQwImREVTIwLi5fOVlrOlkxMnRaR1k8QEsmR3BII0IpS0QydE0hYEwsPUZyIllLWFlpZC42WV5E
bT9gU1QtQlNZS0M/YVRDUEZAdFUvPD89OEwxRy5bMy5lUWdoSCZJbU1MNldbYnFKcGE7Ii1aKiU8
PE8sJjZfXTVYLTYjXSwqU3VYM1UrKUEiZGhKMC1IIXVkJjldQD0tdEolbEsvVTZtXEpSRSFhXW1w
IjJlYihFLVpCcDk0RzdVXDlhLTttL0QuIkdWLlhKcTIqWz88Il9NVWQmMDtIRUlwdFIsNiReMFYu
LVglTCtvMFhNYG47MyRuUXEpaGpDIUBKW1NzZjApV1w5Yyo2TUZHMXE7UWppJjAhYzUmUl1scGFl
anJqNHVxLlNnaD5XbE4jKUVhPmdrUT5YaWA4L05uMklFMTQ+VClVPUVeKWkvaCNiMiovXGJxa0JY
KCdkQ3AhUUM/MUVRKnFiVVtgdEZBMFpsRy5lPz4hJFNBdCQqPSYwUytZMiUiIyFVcyNmKStJRWRi
RW9kTT9EX2xiTz9MQTlfcHJaI0IxMCU2NVwxWWUoLFREKDQjLmFkT1kzaFE2ckBcXWFyKjljQ1Qq
Ji1MY3VmOEVtcmhvIy1BU29PNkMxVkcwIWlXOjMhL1dKdVQlNVBHcF4wOEQ8YTlcJlpRUklUIjM+
Wlo1VW1HP1JsZFhKJEI2NnBKQmgtNyxxJj1uKGo7clBXQlZcQyVRSDcxLFYjQD8/VGIhU1opaXMn
JnNmZXJTIVNnY2RxNF4qLlMwLz8idTRWTCQ1a2E9blglLDh1PmdEO1VUXmk/bUFjNllnZWEzJ1ZP
KnVEOmBrR14sSi1mOnBYWXNOT25qamNFdUonXC5wW2tsXiRuLzBDJDJFdWYrIk1IYEZFNztFJzFw
VTRmVGc6LChYT2xsLS06cyRRT0dyZ2oyKDZSM0IxcSxha09CNFJbUz05O1I4X0dFbE4lcSU3XmE5
YV1nXnRka28tcCNKYEFPXidvNVwoNWdxVkYqVlVCbDs5dVpQUzIkc3RhImZJNDZoclJdT2tyVStX
IydUUC1nbzhxXzNRcW0odGc1cGY6SkJoTTchQiVWUGB1W3BJb3NKNGw/L1ZbNTx1XD8uaCg1LEYq
Pj43OStBJWY+OUdyQ0VZND8qMihZR2U2ZVxDLjZTbk4rWlJTLyInckJEbjAyciZeb0JoblRvMks0
PCckIlpxP1xOcTtwWFxjLCk8Uy42PTxOZkdCPC9SaCRjY0IsTW9ebEV1cU1qQDBSUkw0WXRpTkct
S2NTM2FUI1s4OzRiXmgxbWxPUiRJQlJuMS1GW1g3IWdoJydqXjQzTEtVJiFOazZzMExAOT4wZCJI
T2cydChJKlFKYkc2M2ZeaW5MVmRbQjtKLmg3OU8jUmk3LlVgX24oUUIwViRMa1RxTHQ0VlFqJEdM
cVJuOSgvNkxzMGRHQVg4TjpHZ25taCFbVmshRFswXitsPjMzRFk3YmtCPTVYJHAwUjBvSigzQDwq
ZnA/UTBvUzxkV1dxVCJRSF9LRDpySyhFUWVOZT1xXmpgclRcM2M6UUY6JjluImdnRW1TbCtjYCpF
Q2hEVyZdZmQ4IlNTL1A5JTRLUUVacVBkLlpmZlNmRkxvRFkpMiU4WDk7bGFtaEpiNEVGPzYuWFEv
QUNAYl09MEhSZm4oaXJWU0hsVzJVSjNIXC05VTpbXCVgIlhWY0pARz1OMWEjO2Q0Kj0kSzFidSYy
J101KWgsODJ0QjFeJENFPTAoVzNqLEsxUSQyIWFuMF11RVtKcFlEdUxKdFRmUiJpbVxIRlJVRCxq
LEFVX0VlUEYqN3ApLW9WLjRPZUUiQFpbVWZnaFkmODo8XVkrQ1w8UD47PFZAaEtINjtnVVcqLE1r
UzVJPCxQImglOEkib2U9WDJrVjhuTTdKTSFgcDNjSks+LC1CUUNJTEIzTSxNUktAI2FtTDExL3JW
Y1RjKT02X2lTZDdLYTImOmFyUEouY19TSC5JKlc8Y0E5NWknaVpsLzNfTGgvMlMnYyxGVl5NclhT
MiJbXVx0RWs9bzJEQUpFY2EuPltaOnE9b1lwSUI+Ky9eOzQ2O0tFWUhAbkZgPHQ4PEdsb21MWSJL
dENYZjZkbC09TWlnOVZlbjMwcT9mN0dGPkUuQTlRIiFnVSklKjQnaixtMEhGaEpEZVQ6JzJlUStf
P3BMIlAuMC5RODVOVjAjXClNPGNDa21WZzdQb2dKSy9ITVRPZVlAQFkqWmw9al1cJXBvT3EtWk5R
MlNYYF1RIUhSQGNkZF1EPllwQG9BYTZXdDQiaVBwJiZAZmotIlc8RzoxMD1pWlVmKGRyZT5VLm5X
ImMhZzcnLW8hZ2hlJGlyXyQ+J2cpL0tyLDwjZCQxTkZgMF9IZUk2W29oSlolVz9VQyhkJnR0NkZw
bi4qMXUvaC1vXkVILThbMms0bFpdIWI8KjJRZyVaUVpMS2k+Rjs6Ri5LMENMLzlyNjdmTGRoMlNR
L1E3VCVDQyl0b2JaJnJUVVc1IiY0O1dZRVJBbkVVc3BDX2opSVdeTFUpLFBPQ1oiUU1sRSQuXjwo
VFc6KDNiWWY5YjZeY1BvdUYhV2FDTkBHbTwnaS4qYTMyIjM3dG9TLTkqV21hS1VIQlJBYEU1XlEq
QkNQOz5LYjQ4aWo8RnVKVy9MXjklWlhBJlIlbzF1Q1k5ZT1WL25EM1tqRSNaKUZkIUBBMTNgJSVy
bUJWIyguOSJVN0YrWlcyRT9kTkwvVllOZGJtJm1BVWxsVj1LO25nLjo0SiNjMmxPI1ZETnMuRDxH
V2tYUzEuNjE8LjE4ZW9aWkNXRiZDP2NCc21LYEU0ODFMZi1RbT4ka3BOYEZyXz01J1gxLTQ4XS8h
N0hQQSxdXzcicHI/Pi1VMCQoXzNxZTRfQjJjcnNXWWpJSjtoQFhvWk8mXzpXaDc/RlRUMkQiVyNN
Ml5PXyd1am1nL29rOzw4dF1oNmoncS4kYS1KTS1FJygrXHBEQ10yKis1LDRldWFMaTxgQXNYRDhM
XmNRL25dWlgsakpFR0w8IUtOUV1AWk5VUkdNPSNIUUcmbk8yPCR1XjA5ZUZyR1opKiQ+ZTxLLjI2
bEhnQWs8ZTJkP2czLl8uRmVmSy1gKlwwYW05LUtKNDwjYDVHc0dZU2NfYjAyNiNzUFNiPV1eXz4u
XiY3PyJTNzNtIi5hRTg0bXRjUTtxR3JhPD09NXFkcGokZ0NpSXE6UjxjcF06UldHRTQoSGRscktz
KGYxV2IxV0EzaUZnVig6JTFzUUNHKTh0LkZTSSc1PTdIKEslJl5JPTdbbT9HVU89X2swQjU8Xzwt
M2c4L1tiQi0iU1drNSdRbEl1IVRNLjYpXGxBKThyPyI3XUE9Rz9yJEkmYCFPXlIvcSsuZTxtQzVL
MSFOJFMoWmNzOG0tXE0+RkJZcmspK3ApZFQjJ1whSmtmOmhrVCJfN0NeOW4xLztuYmliNHA+a2Q4
UDQsU1EhKy41OFc8P2NpRC9EUlo6NG9qPD5jPFc1RDprOz5uTDAsLz0xY0sqbnVkJEkwc1paRyFp
WGlzTk81NDdKSytrLl9KYzkqW3UtOWhLJTZHMElzMWZfUUxuPmQmKExWMmZsXkBJVVRZPCNtaENI
PDlCI2BmYkAzbThcZjJCI19HKV5kXTwiNGRYVDdqZkBfTjFXajpZVDtZY29KamFTKDwnLU8yNzJS
b2UxPFozcCJLQjRUXV0jWmoobCRjNW9SRFJUYkYiKV1mJzs1KHVxWj9FY2MlZkcnY0w3NC1hYWIk
Ryg2aCNwYlxOWG5JX3M0UisoW25MI2ZHcCZXcS5ZOCxrayxSIWlEUV4iTmw7biNxcDx0TFpoRF09
YUNxMF1SdTJPOExTOkohcjdeOixeU1FIMyNyWGhLbjczNDxnZ25LPydmcChGL1ZIPU1hYVxrVSk6
KlhuM2xIbnJjPURYMSRwdTEvRiU+VkNULHJyOG8uYClyMzJHa0c0VEtVUlFuWWY7MFBzLy1ZKyIm
Nl1PPSFvJm4tYm0tbk5Yazs1LTNoRUtdLHIyQzAlUiM4QGonNCdDPHUoM2xQbCRxKW9tSXRALChr
RUtTNC1TVS1iRmc1OHMzUjQ6STEkcSQ4aDNcMjk0bXQ/cm1aZj0obixQZD9dIlkjKVE1Zk9FLito
KDJmXSNTIXAqK0BXTjpnLnRHUUxETms+TmVVVCFeT0xYJVBxUUAwK2VSI3NvTDJPM1EhbWJgP0ln
X0U5TnNQYDxzOFJxQzRBWEtMTCNVYVNUKy02PkA+NEJWIjBWaUxQWEFmOmZIIiVfbm9QJy87cC8p
WzIuLDtHZ1pGKFJMVUZySzQjK3E4UVcmUW00KWxiZWI6OUQ+YUNpaFJyS05wWSZqNjc0TnJrRFZS
Y20kOUcnKEFcPVBNOFpoYjFZLU5QRCk0cTIzdVE1MzJlV0dibjhxPURQNkZONkVsPkcpRHBOQGgl
WUMmKEtwdSdWR1dhITNUZm9jYDovKEFPVUxrYDswLHEsWm0mN1U+OWdiSjY8YGU9KS5WcFo4VSdC
WTtbImhuOzgsPFYyTDBFbTEjZS9uLWYrYSFSUCZCWiZTbEgvKTlYMidbMDJrOT5CNEQ+OSE5Njhg
aWVuZjpMYGdrMz42VmEtcjpKMC49PGE7I3FqWi5YU2ZpYiYnTWRZdEdhTEBbJC9yUSRNZjFGdCJP
RFtyPikka1xmYi1oLFl0cj9dN1V1QDFnPV4/UDpiQyEsMzU3dW8/KDs+Wj9zLG1OWmtPTiQnR0I2
aFw+czEoYktAUTRCSzIrPFIzRTkuQGZcUlYzVD03IVgkZG04SVg8Q09BPUwvXEFpIzNmM0ksL1BP
OittXXBPUWlMWzlMPE5DTF09cXFac2hCTmJLWSU7UTRAaGpLWVVmKkNEMSlwUj8hSjFRQj89RyRe
UmMyQUsucjcqQzIpVSgxJm9BOEhFJDtjOm9tPlpSTVBqJ2tJKSlwanBSQEtnL0lrTDxPPipqTTls
JUw6RDlFVF9YXzZkT2x0VjdnR2dTRG5zTUpIZjU2QTJeMCNQNiYwNyknLCMoWyRcN3E9Pik4aS0r
JllUY3NAbl8/ciItSGhpcS9YNEBWTXRGRzVuLTs6YyE8QS1IUmxKcmRqcGEjVDwhaWwyZSwncDVB
W2IyIWJ1LF5sQUdMbzglKGNmJVFdTHFzUWg7XCg+PFwvTU9SaDBZVlJqMCNPUklUK3Q8MkopKmtI
UElpLUNwbzdsPUVkV25ML2o7Kyx1WjNcVlk5QSw3K20xLkZCPmFbNzFDXmg2UVVbZGsvdGRMKj9A
MSxBW3FyMFo2aUE0YEU8QVBoZj5mS2ZCcGAvNlg5PzdTbiJhYmM3PiVJUUpTQmVfSjwoJCJtcT45
T0IoNFBRZWo8XSpaOzZGVyl1PDtgYW82WDo8Nm9jK0kyYExoKi4sV2ZPWE8oalgqQjIlO1xZOnIu
JDYnKV9SLDlWWkUoRWZ0PTRSUFFOIUooMXJIUyFQSkxML0xBOzM3cTBWLDchanNobmlqIWlAPStM
OVdBSmo0N2poRzNkTVlWJ1MzVjJHP0FHMyZPY2FraWV1JFMxZiRISFgxNGkyMTdHLFYpNlRvMDQ4
JXBsay9KTyh0V2AnSyhmcV5CQkJwYyYkIzszNVVsSz8mVVcvXCRVVlBrJyJcYm1tW1pZaCNQKS4v
K2s4QT5RZm01YVY9J1ExMjEtMyY0Pm1KJURmUUFUY1JlbzxCLWosNHRbW2djRyxVPFhVW1REJixL
LVYtLyg7Z2lGOigvODlqRkZdMDYyXm1qKXFEYSJeOCRKKllxJS1kQkNNY3VgPy8rYkIoMyI3OyRY
MVE+Zmtfb0NodVo8U2tEVTosOzduUigqLyMjSmc1RFwxZEJGRnVVU1RuK2xYQTVIUExRQ2ZEOl5d
MGpASC5gP3M9LVAmUEgtVzQ9KnUuZzdzJFxRNzdhQEZCXThdUlQtZGEpOS04LSFaKjh1VF4qOC1k
YUBsSE09QDMzbzwyVioqVy0zb0ojNEw9TUszLUI2ZGNqdVEyNilHRCkzODM/PlU9LG9gTztLUTpF
I2ckazgnQVJNOzJjYGVwL1tYSkgkUjdDb1IvakFgKXFFV09FNF9bZVYuaU45SjdtMUVCMW9JSTo+
aTVyQl9aUitaVlpBUkBVRTw3WWpCdSNQXkFfZV9uPG0uOCllWDM6PTUsb1VUMkZQMTs8P2RoUVhW
RmctbjdkWVljJFA8WE5HLXJYXilRQFpxRW4vLVtQMVVDPDBqcjdOP0s3Rk5sNjokWGJGV0ZWYSZn
SzsxKVddJiFKbE47Lj4qLzgnKiMyMF8lUDxraTZuJlpQIVxJS0QsUD8rPTJxMCpFPFNJZzA7LDpA
IWUhUmAhS1NTJk1sKT80ajEpKFNXRWs6TCczXXAmVmFsIWlpTE5xPTszR3AiYzBFcF1wTzBaPywq
dXFBQkk5RTsrNWpMJkpJJWUjWCRZWz5PMzBCcDYxXzhiQEQzPjRcO2t1Qyw4NShCUlVULVJhYWE1
bV1cIlFbU0VeYTQkKm8pTTRJU21SYjJJJU5aSGYtKmcmLlZPSjFrUyhEP0dLPDBXaTE9bV8mKkNL
aS4hazYobiRObEZuR2ZWJUMnVFVIN2lKMkdvVjh1PEMjT0Y1JjFDR2FHXTliRFkmX2IsdSsjdSdV
ci8lVGphS0gwQzgmSlhbY1VEVT5RYyEpYWdAVj5QNEZVTiFyJyhwdHRFVihUNGZdXk5pWiQ7LDNG
JygwV2hCZTxuJzxmXyNRayVMbCQzNUpeQ0krPj0/aC10OGwtIV9IYSJDLF0tLWolWCxqVE4nK3Ep
SmBfUFVEYShJdWBTQzZQYUlnLV8nanBjImJnNj4oLEVhRkkhR2piMjVpRWxBOWM0TSI9Q2EmRnRt
Jk1gWj1mLmN0UDJZUTU5aTA2Tytmci1tXUpLYEJqO18zZU1eXl8rPkRROGRIQzcjRXRDLmdyMGRA
UCVVSTJLdWxAQ1U6XzNYSk1MUGRsMSFlIjJbXlRgUz5HYiUjUjVbaG9oRkNXJGQkN2JRXmgmSEtS
alFtb2MhI1Z1TU1AKVRZZz46UWNEQTUqZnRcTiE2UCc+U18/YF9XV2ZrYlAnY2dhVWZGSEA9dWNE
NWNxWCFZPDIrLm5bTkNHTGRaZDQyaU9ZTUNAdSFmRUIsSkxoUm5RUlssN1FvLTxjXUA4RStBbT8i
Sz0scWBZa2w/dV09U0NQR1k9LFtXOVJKM1NUIVFjZUFNX2pKPCc0NUtkMjU4Ok9cVzlrND9tZl44
K2Q9JC8/YU1xV0RKYmBHVktSIyhOZSRAdG4+QU5gWWFtSkwyK1g/RkRgckMnO3MqY1k+MzxAMTMj
XHRlXkUjP0pdPyUmdWllUztePSojZmstXkwkbj1XTyJlLT1LVWVeK0paRzRjS1x0OkVnXGRrVVBZ
MzNUPU9PPWxQJkwtczg0Lz9sbUYqWU1pX19Ga1ZaYjRETGRkTV1NSjVeZnA4JSY4VWhkKWxRIj5j
VmNzQmspVlMzaFo6cVxgNUktR1RbYileOjQjVzwlYGEzQENrWm5fIzJCWlQ/Xk1jaGk6TSs8Ukps
Sm5PcWsha1gtWVVzR1FvZChrJW0kcjFROkkhPjdrJSlvVyk4I0ZyImk2SC9fS2tybSgnKWVHPy9w
VCZRLE9qdU5BTFE8QjVbVTdUXWIuMHBnYW5gMypuIWlHJWNEOXQpaGs6UTtNMzRfdTMzdE9CTUJm
KnRqYyM6KXJQZWA5L2JsaS0jIV00TFoxazZfVy0tMWQ5XnQlO1dZXyk5TVpUOyRkRTZuVyFvUzNS
UG5OK1tyWyllLUYzUSRwUCVUSjJYXnFaUHVTVnVJVTZOalNVanQlbzQ0bXNbVSdDMCVyJ2NlMTBn
OD9cLlBiTSpFYXAsVnQzOSFDaF9GMSlBVCI2NCMiL19zbTsvVTJDWSg/XC9QVENbUm1KTSNYMi8m
bUgyYzJcZU5fRFNFMGQ8L148XnIvXC8iQkRZNmEvQl8vLklIYCRza1dJbTtVZitxSWo+X2IqTzlj
Nm5AXHFra1w3cE9mTkdvZXNyWHNvVDRkXDJpJEZPbXEhMGA3T2NHaEMiXD0vK10pN1s5VkEzZUlG
VjUjM1tkcD1ASFUmQVI7ViheIy4rJjhIUVRvRThYT01kQTYycC5aW1BNbjk3PGQ+WENiOExpaitP
cDNYZV86bD1ybWxhI10qIl9EXUIzVFkpND5BQmFLY3JhUEduXUtiRGNxRiJRdTheMDRTS0svM25E
bTg5KyYwJm1KLjA+ZW0sYSNcVFJZOGNtXF41VUsudGoqLUE/ZVgoWixMWE1cOTxLVk8nRD8tZj50
ZUJPR0Y2cz5vNj91RiRALEg/I1pSR2tKcyojVjlqOyQkNzBFXGRlblZYKkk6RGNqNE9dZTI3MVYl
WiNmUSNVJ0lxMV9HKipIcCRuQ3JZaEZfN2liSU1Naz8ubUNjcFxdMyZNYT0wQWRxYi0zKSxfTTZd
OCQ2OWZdSyw2ViJKSj4yJnEqU1hGTWkrKnVySmdXOGJKKFRrdEE1Smo3STwlSGA3JjZ0ckZoM0BX
IUUpM18nT1lhQUBgITQqXjhYPi9TJzMxODYwXW0jTlgiSTRnaGNER1lgWy1yRkcoYy4paSZbN2kq
XFJLVldnVDNiPSVAKGpEM1dmSmApck1mOzxSIWskXGZFU1AjP1pPZEwzNz5FOCllc0AkWCZxRG8r
R1JsRTEtKnI+JUFpTVknL0s6SmYwUj1JayUzPk4/K3E5N2s5RVY6dVJRWUkhaSYvaU9mcTdmb18r
NlIiQmBJLjdgTlJqRlNrZXA2JSFtaysrU184LT1wVEJlMExBNi9DbDleX0NtVmUsMl8qcitVbk4t
OCxiVFp0WWEpWE4yO1c1OUZOaUliXXBzNnMmKEdNJlEtTiRMLm1DWk0xL08vV11oP2VXZF1ybTdG
Oj1JYVBKMlgsLV9YSVJpSC9MLCY6Si1XZiYlO3JDZlkmdEluLzY4UWArdXVqTlkoWmdFQmVUO04i
bGFYdFBrUyVQWkZJW1NUcT1cbGlLJFFsT28ra1YzZzB0W3I9V1YyQklAMTFYM0FkNkA7JDVnY0I5
JGk2c0xHP3B0U0ZWRTdbakhcYE8sRSg9VT4uU1ZsMUdIY09DM0ppZHU8RS5HblAyUWclXi1taWxW
XzZiVUBvNWwqQiMkPFlOKGtTJjIzOTVoZyhoL0UjZWQrai02IWglaiZkMCY8LD5QdTFXdE0uQGA2
blV0ZkwpIlliN1FYKzdtO15QVEpSby1RVyNUcGtZODhrKUc1JThmNU1SSUYtaFI9Y2l1K0Rxbmsh
YC1EV1M9Lk48VydaQ1ApWk82OiEiNitWRmdHODtsTj86L0ZUWCZGIyM9PWNXakxVaW5uajdZOjFA
J1pEPU1BYjVIUV5aa0M/OExPZm47ISwucGdhI0ZDVUNwakJYSmlJVmNHWjtra2xaZDJOVCZSMDNM
YWhvODxrdTBzREk0P0A1UDxZX0lddEFga11JaFdScGZyTDA9MylpbDxjazc9JGtrTE9dXlstLW1I
MWhOSHApbTovP3FtcmYjYDRYbkVUKjVCc3E+aSpYJy9WVFhBV14rclpgaV06QGctI11ANUdiVmhQ
SEVuaCk6PFAoRnVINm5Jamk+UFQjXjxuJjRxa0Rwa1orLXM2ZV5UYGsyKCpJbHVObGJubEc/K2Bh
N106ITMzMT4mJktUZjpZMSYoO206JHQhayM2REdUIks2JjdjKypsUm1KTVZTJlE/UU5eVlFTLzwx
SmtPaiczTXA1SjxfbFNPMEZTUk1OczwlSD83RUpCZS1tW2ZfKV4mR0IjN0RdSkdgREJCZyI0Km5I
YD1mbS9saV1TOUhNTCtfM1paSmVSPm9CWGRdQmlmZW8vR19ZZVM5YDNeLiY/TW00SUgrRnFANjBz
Y2ZzKSVeVkhYYSZDb1hjNFBJKEU1clBfNFsuMUVHb1BILUFjKkRwWV9qLSNROVxDLWgkLjlgcnJP
UERFM0IhL3JJJipwV0ZDOGQ4P1U6biU1LE9UcSVJJGIhVk49UzRNQ0BmR0hAXCRbMSZmWitEXVI6
XFtXKGB1S0s0IyJOOE5zSGgoSV4nQl5dYzQ0XidYNVkiZSFhQFE4IS5QRVduQT9KcyVYZDleI2dg
Y09SOGcxIlRDW05mPjpHOERASSY6KF0lXkVjOy4mMnBWMVNtVFMmMU5MPEEkZUF1KW08WUF1WWIp
VyVCajg6Rio1bUdwMDVkZ3BKbUU/QmNKb1MjOSUnYHEnSUtHJV8oKmJiVHFKP0MtZGBwU2Q8ZmAh
bVdsJ3JwPnFrbyVcU3AwQCFYZTQ+LVtYQ20xQ1thRkpiVDRQNGVRPFhHTFlkSVluZGkhcWktUFw1
QkJfLWRsL19lbHNPSlFDdSkqVT9yOmRURipnaU5zUnFkOGwtRF8rMVMvWz5hLmpLPFxfNTgyMFhe
PDBZUitaM1hIYVZFWk1lZW4nSnJqRk8uOScjTlllQzQ6Kyo3bGZkTD5yOlR0U2JRamJtZERNUltj
YU5Icl9JVixwTE1eMDdMWEsxWTojSmc6cUxqP0U1XlZHZFRULUNYJFM2IXRQWlVNPVEnUW9FbClA
RzghamdIbj1HTjFtSiMidDUyU3RBPy9dQFBBQUdpZjMjK0NgUjEzaSk1OlxNNjZFZDg6cDAsImdH
W3QqIkVQTS0wIW1cKkYxQklVaV9TSXAhMjBdMTojS1Bic19hNWc/bj4hLyIpTy9IKT1JXSorXlVn
U2VkK2AwO1MvO3BVI1o7bl1aXU8qLU45UE0oMCw/RDlUMk0vRCpFNjojTjtWIT05WyhPS1lwam0h
NiJBVkhANCsiNFNKSkUuKl8zXGYya0RxYjVTdCNQIlw1VSpmXHUjJylIZF0pIlBPOCtgQyljcmM9
T3NSSTtnTi1nZjNbbTZIMicnRkFXUCRAZXNDImJScyUsMkxWP0pWQDdQXFgzQWEnblFxY29WZDJq
Qy9dTVRAKiVpNz8xYWdZYGUoIzBbM188Ok9HLWRCY1c8JG03dCVBcSE8aUEjMyElcUhhOzg0Ujtl
bXBWXCZJazxAPCw1cChccDslPW8pKllOM1tMXCU5Q0JlXGZcWXNIRjJWLCZGZS8jcyJLWjZkRjxo
RztLZkdncj9ERFYlPU0+ZU5WI29mUjpVUStva2VncjojTjNPdGtSUmZsZEIqTXQ5Wl9GMSc/XlJb
VS1kTXVzPClhUksvQEcrZzlyK05DMVA+XSFRV2JqZ2hCZ0M+SyRTN0dWNHV0T0BBXEN0Kl8zRTRX
JG06ZG1UbjdJLmszIyxgM2lBNy5PcSUwcGpRVzBxLVVZUVU+Ok4jN0UrR0BDXGBoTm8lWCRrLk9v
aGUndXM3czQ2dVIoRUNJaW1TNidDLW1QJVU+NDpiYCM0YF9wcVlSZExkTVUpQzlyLG1bLUVgUS5V
SjkoJi08Ui1KWi9NTHREalA9MUxiLFAtMDwpTjBnNVNbWik/b0hUdDo1Z1lQNHFGVT9fZFcla2Fv
KzIhPC4jL2VWKlpwcltBX24wPEUrPl1CRjs2NmklJEFHTmhlLVM0cFA/OT85bVxmSTknM0I7Mkck
VWI6VzxGRldMMCouXmhaRlp0YGEhXW8lXWxFJU8kbGYlIjM0VTEscSJKb3NfLTdvREtGPGAvQkxS
ZWFART5GWT4kXi5ha1Q0MDVCWkx1RlNGN0xbIlY8cHRwRVc3VjU/VCUrLj5jKiROOT0mYHU8RjYt
Y2c2b0JAUFtEIkckOzZeXyEydENpYDsxXEFoLyRaK1FxIjJyQkMlNmNIV2w4KzxZb1ZjYSJCS21t
XXEiY0JNTWQ5clFrczUiby4+c1RmSU08bltcQks/I29NOEhgODcmdEpiN0htMVRSSkxgKm5XdEor
ckFFI0pHR0RaX0NvVT1HPlNWRzF0UT1MTzU6bTdFKUZuT2lWRUQ0amBOTCpNXWZOYVhTZTY1XyJp
aUlxc1dOJ3Fac047PGInaFZINlhibChULCFqa1tqWlBIMVlXUGdMbUtIP0g1aDs2X29cQz1dPCU+
TFRVTnBeR00hZkNIVElvdTJXQk1IPCxnPi4sNz43PlxLIztjLUNoOyxMMWY7LEwxZjssTDFmOyxM
M1xjSSVJXERwPiQ5SlFAU0cxTSpZW2t1XjRyNnNDUj5bdExsLkRlUzNlJi0iWS5UbWNmSGUoO0Z0
bTY6MTBROCc7YkhqYmxtVi9ZZS9mJzhMSTowVGApZWJwcV4nVyVRLSdRSFhCS0hvUGVgSVYmcXAq
S1RuPSRsTTZEay5wOF5PMzpoZUZVXzRHLkJfPW5MWkhTJ1NoNEByMDFJVVJARCxsUmhhaDUtYVln
KURuLWdlQ0BAQSZEblpTaERaK15ZaiEyYjUjXmI+Sl1uPyRTL0hMdS0qJGI7V0xlWTY4OFQzazFX
cUpVa0kvMmVaZXBVQVVsJUshMl9xXlhZcmshIms/VWI6LjlsKDxKZkE6S2VfaUR1TzUsR0QrbD50
KzZRSkg1IjosZSY6LDohKCRnO0RAPmdBPWs9Z0wlcmxTcVEiXFlFTi49cS9WXE9RZU5UbWRVUDlx
ZkE6YTBCVjRDLVBiKGxmMmRUPTFpSSxYOzRsT0pvPFIwaj9wKi5zPzxwZFIoXGtDN3QnTCthXG9k
Y3JscmI+RW1yP25qPWlmIU1aKCVYU1ZxcnRrWjVMQilOVSZCOShORi4tQzgoUV1QLWFRZyJEaCk/
MWQpVC5QWUoiUnVTRmtmKj8lbVI8KEUhcTxAcnEmJWJqaTRNUHFecF8vYSouSm0+XU81Zl46N0Na
VzI/aiEjNypYaGBfdCdJZyI6X1JAUEcuODpDPkJkJ19bUi5OYi1xMDZfZUVpSmxKZUY3aV0nTlJF
X2lPXkdOakRAdExXP1FLWS8+WlUpUTUmMHUwQ20yUzA0J2ByQUtEJzFjcmJiLWoxKllMJFs/bHRd
ZV9eMGw8LiFHMkNBL2BHWVErOjVMT1wnPmRQZmBESFRLMzorRCFKIyM0JD9hOTFjPSVuLDRIMV4m
UlY5OClMcyNRVkkhTmc3dXJgOVpvJEMtSnFiVTkxbEMmbiw0SDFdZyVKUWtkNDojcUgyPCFpPTMx
YjciNCxfNUdQbzNeKVdKR2VfXjBsO0w6WS5MMnVPLV1gN1NtR0M7S28+QTZsc09jKk1QMl9BIzlo
cHEpXlc8aikhSE4iRyNDZW9APipkPyhHIU5hP0FOckFgVFRBKEpbZm9LaFYoUSVLbTB1cXQ9VlxR
TyUxMyU2OzpOVitnP0gyaytYc3UtUmdYQl5ma3JmKUA4OG50ZSg3JkQrQ0pfNTsiQydbQmlcbUM0
cCJbSmc6VzdrcWxHYmpNbjRbYWkmSUY4PldMQTs4WVAkcDoqNTNDLzFyI2smJCw2MnRHZTMiR0ta
ZyxvRGFESzlWMUE3YUxNYnUva01WKjMrJyNmbCw+XzxiJ15AUCxlNCFhWipGRi9mKyVxJipNVVJf
Zk8kSj9MSmg6J3IwTHBKTGxucjxvXiVOZjs4TGdqIUpVXDpEQkpvIlhsKj5nckJzNihcJ1YmQUFh
Mi5WXSM2OlpCQ3NMdDdnITRpPkE6O2JzXCxCWGZjKWtCLz9uXDQsUGZNNUwmc1hFO0ZjNjBWaCld
YkRgbDxpIjozYT09PylFZXUxTThZVSx0MCpXV1kmWyVGamk2MFxXY2RMJWhHIlYiUUk+UGYuQis2
QUJxYTI8azBndSRAUHJgJjVXWUtDJFBmcDJFOGNIaS1KOVIqQE5GPkhOSGgySVJCL046dS5lKydc
QCYyOCZURjlRMGc3SGpEKyc6ZFMiPllTITFWT1xOV1tzYFZiK05NXigyJDBVQ1c6WVheUCI3LGVn
MSokbHVITSxLRC9tdCQ2KD5HIyQ/azZhKUEraStILS0hdV4uZS1nSChEMyZfJDk1OSh1amh1RjpB
c2NsTC00TUg2NzdFSDlddTBkLWQoYE4+NjIvLDkvakZYKVNQJ2BiKjg5N2M8N2hlTFZmJVMoVFkz
RCpAJFcxV1R1OGlrW1NZIkw6RjEtSC5sQTFuY3FZVksvTEBVNlAnOTAqY2ZhJDphU1JYcW9bR1Ep
PiNtZzZtO15TR2M+czBvcC9FSSNcXlxPcG0zXCU3Wi9fR0M3V0VFPk5VOkpKTjBRaz1oNW1YImZS
OF11W0hjJWVsP0IlRypgRikvKjYxJSEnRUA7ajxBdTdbSElvLGNESkVxPm0/QWBuZHVpYDNibkxT
N2YlVVkyU1YhQ1kxWVkqUWs5YiZNa280Wzw4OiMxZVBKYTJYbl9BZlpOIi5cRy5cYy1TbiprNls5
b1wwcGRaamQoNVBsRGc5PTdPcDo3XSNdKSc0JkFoMFBSLmhSXjU1azhaVk41aGhzTEpJZEp1Xi8s
bWhdOGUyRkE5QkBhQmFfa3QxbWBSdF1fR0ZPaUFpTldsZio0OXBBcUplWkd0Ql5ZJlhtJVNxYmVM
QSM1Tz0/QC1gZjQ+SGVfQUdxNig5LSFcTnBySGU4aDpxcEExckUwZDFEWWhFI3NUaERYajwuKzBI
LUokMk50KDhTJW42SkN1M1BsZDVYRTdqcCZIJl8uR1dKP2IrUDdEJmUycGwmSUxAJGQzZ3M3WXVM
WmlhRUZpME9rY1E9JSUmcSpQVkdfbVtDbmE0SDZiMEdNXTV0MmxPS3JJbEVQPCw2Xi51cE5LLkNC
czJNTFlJND1hRG9dXHUyYDtwdG9xT2lSO2A/KkZFX0JiaVJjRGVYUyVScFU1TjAuMlBVJEMtaDc5
VmEmKjdRYEhPP1BBPVFxLT1WYiw/Vmx1cW1ZTWBuYCxIQS1Cal4wQkUhVnJPPXBZdS8icFZkanJH
XzphITZjLzw1Llw5M1xhOnA8OnUkcnBEMzxvPmtfTFxvZz4xZWokUDQqK0hsaTsiUWhCXmJIMkon
P3BMS2kkW3NCRDYpbWZlKik4VW1xRFdYNEJsR0JocyglZTNPJl1IMzU1dEhpITBGcjkpUm5lJl1P
LGYjQzk1Y1lkWEJYI2paLk5eZUUhVzM4UjJLIllOQktcUS48M3BmQVViR2IscEY6UyEickI+WEZY
MFZJcE1gK0Q2YjN1PmVbdTJbdFtTbUNXMSM9WTFVTk1gSz9xbjdZXzsoPmEvJ0ptKjRMWyVNbGZJ
KHRFXiJoKkMySFBGLz5BQyYlVVhVLUJAWmFcOEFCO2gzOChlOmRVJXRvayxVM2hiOzEkJWhVUTtC
R0IqXSRoQUYyM0NnPG9GcyI2dVIuO1VsUDtqO2k3SmoyRV1cO0c3cDRALEg2XzlmRGFIYiprMWtj
IjIzKkBhbjFgRlExXlppSGtcbmtGNUpqW0ZGVTRAXFcuVlVpJmAiX1stQW1DRDpwMFZbUmI4XSIx
XjAlLzcybjBqOzRNa2RNNyQrZFIkUDFpIik/aUw4b3Fub3FiRENxdDRuK1pqKCZmZEYnVVxzOW5l
VUNGOzlTWzJlOCFNQFtjNz4qaignZ0VrP18sPTQiRiRFY0trWWA8Zjlra3FxVjw4KzFYMzxePmMv
JzBxTjVPPSc0QHM5JV1vRzdnMiEsU0J0a042O2cjIUcpIjU9KmJmM0UlRlVwa2VEZEYkSE44ZmpA
NXQ/OFM5NSlGODBXNlxgYklGc29lKGR1WFQwKEBVPUJAbTIuXGE8RCprJ3RAbU1KMFVTVj9TYyM7
a2lYXy0jJidELm4sQEA7O0ZXRldqQGNTdVM2SEhManRvJ0lvcUJcXG5cSSwiVCRII0lHVzknXEAm
Mk0uWkpBPUxbciExPkZLYlhaXV40MSUhKWVcIWRrQSVxbzdnU0pyQmJLRjxfNW1hbmNlKWpfVWpr
ZWdLRSwyKi1zMVt1ZTFSVVFERjdXKmpGXUJeKTBUS1NWNGcqMC4oWVBIPlMuSHVEVUF1aHAsTyNy
cyU5ZD9qYlRZSzdLLDwmWDxCVEZYOjhJRyYtazA6PlguImJIbzphdGNoJFFYMSlkZ1NtYFZbTEAh
KCpbIXJuXWY4IkxMc150MjpjW2Zga0djK1NHNlJJNCM4Wko/QDFEMHI8WHM0SEdvRi9dN3FoLDNT
RmlMWCtSTi46JGZBNlc+IVdPZ2huZzNvQGJCXEMlJDdzbmZJUkVVV1hwcnFjQi1sS20kbmY3WEdR
TjghT1hjJDNlXHU8bEhAX1c4dGUiYEUzO0EkWGBISk85PGEtNmFOMik7dCFlaWtDODQ9bixkaSRI
XTdgL2c4IUJjbm0nUEtrWllaUTsobk00X1lNb3RMSitIVW0yXSJXY2MqSiQsQXNsKW9USDt1ay5J
Xk1pbj8xLWE9X3BYYS09PVZzOEFWcF5JT2BFPUQ1O1kkVkdhSyZbNSFzXmg1ZkZjTidURFZCS0hs
R0xXNVgrc2U+SmVSIjQjXyouQzFcJlQ1JUBESE5fMl9VcyU0LUJwOyZeMXBCJy1YcUBsR1lQTlw0
Q3NvaTJIQCQ2bUhgbGcsaCUiLygzOlMsKVUsMkhvRiFVXk9QaiVMZjE2bTZiLUQ6QC9haCZYM2cs
UGQ0RFo8UWlsXmZjLWtRZyMhUSJHWi1GdCdIWCtbSjg4P0lCWidnWy5oVkNRLnBbSSJRVm1QVm46
aEYzOk5hTUVvUTFjQ1lQbCdPVEM2Kk10YjJaPHM0WFEzXmdBPj9qKnE5MHJRYF4udHFlRVlrY29L
WnRNVkxTMEpiSSo3WTwrXWlZX0RlLDFgO05sRGFOWDFHXVc3TGlfKnNnZCxsPkNYKEhmRGcxcl5Y
JFhsKkxBNXNdNls3KGVXaEE9WUxxVlQjL0NcSVByP2JpJUwlWFEsNTsyNGUtRzIxbTJFJThpXD5O
RURbcDxIJ2ArVFhnY1BNLjgiKFhqR0dPazYyZT5OXGM4Q1k/TCNtQkxpciY4PElqLyRbNC06K1lT
OTdEcyExMmgtPSVxdF0sUm9WYWVMZmFAM0lTVTZQbihWKW1kOk89LysmVTt1RS5SUkdAWXQ2Y1BX
cE1yU2s5U0pkT0JjUUVRS1dfW0Q6X3I8IlFHPlJPJzNILkxeQk45aWZEZFtUdFJhUzoyRSNnXzY9
bGojJ3NoJmoldUpgWzcvI0tZOFw5O1Nibz4oVD4qYCQjbGpiTFwiN0w4ZCRwXmw3P3AydHFtL2Q7
ZG5WM1RZJmckV15lKylDKyFRMnFKSHJGaG9zRkRvblxxayptUyJbMmc/XFAmQWFILCg1LjFqOkNH
MnMtVmBENUBaQ04rQFEsZS9lJltDJS8wKjslZVtBRVRuTVxZKihPMlVxXihPajVmVHRVNU1vbjZh
NydRMy5ObWRILGtgZm9INDBKL0U/XCRtdTtHODIiaSVBS2FZbyY2dSdpTFdaJEJsPlE/U3FyTlxo
QUNqRGVpZ0JBRy0xdXU3MV8+NVVxbi5oa2g0dEFmQT40KmlqQUgsOk84UUxvRFxSRV9sNV9GOXRY
QHNTYTNQZmgkOVlJVTFfVlw4OGVhK04+NjJxbGEsUF9TTHQnVCsrKFtKXE0+IUdWXFNnXnBaMWIl
OFEiayhIPz4wXERfLSVxSChRYlVmZ0MsNicmcDs4NGdWKzQ3aDxXdVVjY10jPyc5PU5HZzdndDhD
PFdjayY6Imslays4dFFKUHQ0L0dEPSptWEcxIzYoZkIrbXImJiVTIUxQUz5gTjVBPmY2OlAqNEBu
JU9Pcj5rNVxKRFdsbjg3SV5nLUZSRTkuXjtGazQlR19IUFlbSGBtLEZtSWVQNUY1dSsjJmZgTGpG
KURcNT1FK2A5TkNEU0RCWGBmazZrQ29xRDxkN0tqKiYiai0nXDpzazhfNDNQWjosRmorUXJnVWJD
LWE1PGpWc24/a3RvOmAjTFVAKixPX0MtdClQV2RHVnROcFNuciMxPjxuXGsmT2spJmxmWStxRVtV
JWBHaUBIakhZRz5sO0dLXDIiPilCYlRrb2ljPyZ1bkIsUWBnXEJVWFZCLF1WWm8+WkRNNjhXUV5I
cz1hKVRpQW5MJWFaSDNpRWUkM18rTnE6I2MlUz4lSCkxaFtOX1dkaHNGbGZHU0VNZzA3V0hNWitV
NFwpJlkiTzVFMVtoWFpmczpMUG5AazBgJGoxPk5QOyU7al1FVjdsLHE4UihLL1hZZF4pbEpgPG1A
dEwuJTwmYEU9OWdJYCw6MkolLUUxMmkzP0NLZnBAJmcnW1hYMjU9VlwqWVNNcEg1c20/MWQjMDY3
c2o9bWpJa29DPVs2Tkc2X0wqKzZMP2lPN0xPUUdfTF1oOT1EVGBzXD5MYDNfSTtRNEUmaG9vQGQr
USstUHJaIj1KSUdjcC80WkE/TW9AbSMlYWF0KiQuSVdnYVEqNXFsaHM1SWonI2hMP0BHcjUxRGM2
SnM+VSRbMCVbJ3NSUlxONDVcYjBiRFBZJUk7YUtORyplL0M5ZVYxSFUsZEthWWdKSCJmbzhLXExt
Tz4/QC0tVlJXcDZDMiRGXlx1JnBNbUVPNWM6bFY/LSdzXS1FYDk1dEUpOzdIRUYiSiEzTDUnXk1E
NTRkdW5ZIi1IZktBT1FmOl5zOj9qU2M9Py50NktvSS8vRVxnIkZnT0phYyNwUmNGZG1KJEApMykv
cyZbLl9fIUEuP2MlP1s6P11COTMvTmlfYExxOWJnYS5sTCpXYlRlSkMuOVpgKFpSWkFQTjRrJkgv
NCFUKyw4OjEnJT5kKVEtNkw+NTcqaUNbMzdyZHEsaz5VPVllcEQqQUk5WlQiYjtpTEpkdT5NTVll
V3QrUV1GUSElRlMtcEV1NCNQVk1PVGBJOyQ0X1Itc3E2S19YXFlydEdEMSZFYzohbkglTmlCUGpl
RG02Lmc8Ji9lUzglIiFHVD0nTVU0Tlg/TmMrWGRvLWo/aig7NGlUPmQ8KGYxI1hPKlIuWSctQWBO
N1doK0pvPiFbMThvLWNYKWdYQkhiLDBUMlgnYUFidC5rYGYlKlhWZlQ1ZGElOWhGdUtWLVVXcTch
SkhaMipZWyprTHMxZy5oPWtoNy00MzcnTzk+Q2lORCY/JChCSkxBWEEmMCdTcS9GVmJnJ0soRmpE
Qy8waClkKkA/UVVcOS5ZZGVWbmNxcXBvM0RrJmM7KkJgVjBsdE5adUlicnVlPmZeJD84ZzQ/Rlcq
c1V0LkZjT0NXNDR0MCgsZjBIKEtqUVc3KjEzLGdBO2tNaWdSWS1QUD08ImhoSSohQFcvQDNuNlFL
MDRCZmBAY0JIJCJuKXVDTHAnNT5uQDE8OypaKFFsY01NYC1uYTRibWFuJTkvQk0nKWNKZzBcNEMy
dTwjW0piSFReWUcuYS5tb1hxczBfX28jaUhwPlUlMCIxPnBQUCo4XWZQTFtDa3FiZF4jL2JZUi41
MVJbcXJkakR0W0pOQ1RkQnJZWkooTjZMLF1rbSwjKUJWUUdXZ0xTJm83ZD5ZUCdyMzRHTUdLQmBH
RVpPaidUIm9UODo+Mj1nXzRLJD5VRF5nJmpNJj06NWBEbnJycXVZMVAlZXUhVEs7Rj40RyxGUmBd
PjEuZmtCYSkibDgoVXJNUkYvV0hCO2w/XUNmWHBkWyk1M0ZxOixYKioncUdSRVhDcS9qPkleRmJ1
Wl0obnUtNUNXNF1UbzNVRkxJbVVtREMqIWRjJU4vLlciKy5oY1R0Nls+dSdCOSpVO1RKMnRdQV1y
Ny49T3B1XUtvKVklN0gqPCx1JFQ3TD00NkQpcDNlUj5aQD1cKnI+bCgoSzlZXkJeLGB0KltSTHEj
SlZyNztRZWU3I1E/QyJRQFlsRS4mSFRZOj9jLklVSmohazk6XTstXkZZYzh0O2xDazFZKSpIcSkk
S1lDWnQ/W1pHR3BXV3JSaUYlKUolazk2RDNwXWpvU25RJl40PFpCQClebTBjLk9sbnQuT2xudC5P
bG50Lk9sbnQuT2xudC5PbG50Lk9sbnQuT2xudC5PbG50Lk9sbnQuT2xudC5PbG50Lk9sbnQuT2xu
dC5PbG50Lk9sbnQuT2xudC5PbG50Lk9sbnQuT2xudC5PbG50Lk9sbnQuT2xudC5PbG50Lk9sbnQu
T2xudC5PbG50Lk9sbnQuYyg0KjVOTi4yTjt+PmVuZHN0cmVhbQplbmRvYmoKNSAwIG9iago8PAov
Q29udGVudHMgMjggMCBSIC9NZWRpYUJveCBbIDAgMCA2MTIgNzkyIF0gL1BhcmVudCAyNyAwIFIg
L1Jlc291cmNlcyA8PAovRm9udCAxIDAgUiAvUHJvY1NldCBbIC9QREYgL1RleHQgL0ltYWdlQiAv
SW1hZ2VDIC9JbWFnZUkgXSAvWE9iamVjdCA8PAovRm9ybVhvYi45Y2U1YmU1MTczZjRjZDZkZmNk
MDExOTQ4ZmI0MzA2MiAzIDAgUgo+Pgo+PiAvUm90YXRlIDAgL1RyYW5zIDw8Cgo+PiAKICAvVHlw
ZSAvUGFnZQo+PgplbmRvYmoKNiAwIG9iago8PAovQml0c1BlckNvbXBvbmVudCA4IC9Db2xvclNw
YWNlIC9EZXZpY2VSR0IgL0ZpbHRlciBbIC9BU0NJSTg1RGVjb2RlIC9GbGF0ZURlY29kZSBdIC9I
ZWlnaHQgMzYgL0xlbmd0aCAxNTU5IC9TTWFzayA3IDAgUiAKICAvU3VidHlwZSAvSW1hZ2UgL1R5
cGUgL1hPYmplY3QgL1dpZHRoIDE0Mwo+PgpzdHJlYW0KR2IiLyhjWXFmNCkjWlBNPjdOWz8qbmxu
NSdvS0JdI1h0Y2VKQjQtJDxONjxgX0M7XmVqVE9ma1pxXFs5NVZELnA9PmNRaUBRK0g+PUEjWU9s
cGRqJGRCXSUtOEA1WCJNZFRTZ2lbWEImJUZqJEJaImJaQFdxLycwQicrR2ZjU09KVnEhPydXITxF
MyUhPEUzJSE8RTMlITxFMyUhPEUzJSE8TCRPKkEjQjMnTkhPcV4vOUZnUmNsIkgjKmFWIiZuVVRe
XkFIbEhKOlwsc2tdRmY+PUw/aU1ddE0qZ1l1biwvOkpPWjY7aDU6RWtfJzZGVSZxUmQ1OUVsKFxG
WGs7YzpbaWtEIm1AdDtHXVhtU001V1FHUV84KCpmRFg9O0dVVmVEM3BUVVB0SWxYL3RcYy45OU9D
RklCRTE7SmdOTmUhV2ZaamhPMEA6P3RObHJLLyxUVi1vWmpMOmhlPXJZalwwXCZyYSJPLzQ8YD5P
XyhMbT06M0FFWkJcQEAhSi0mQ00nJSxBIk5eSl09Tzc/ZiNTLG42aj9nUEpiV0lnZ3BcNEVlbDlu
SmhvbEhLYyE2cnFBMFdVWGBzJEMxN0lURUtjOU4xMVBLcWpxamNmJysoKjpUcCI9TXM0RFRvKEQ2
PitZPkVST2AzRTszQjtJJGFgZHJAai8pclJedDhIVj9dKEI0NThXSypkXVltISNpcGpwSjJQPWNl
bkdrX2JoOl9VaFNPXydkO21xOHVUbyptS0dXakpdX0d1amVkcGIja3VuO0BiTlk/XDw6Z1hrcCg9
MGdcR05aTkltJE8/RC44R3FobmZeTCxpSVVkVUIzLEVjPnU6SSFmYk4mU047VlxvRERiVksxMkQ5
M0haMTJbTUtGaUthUWVtc0ssSiwxJnBRZzJqODxkLCU+aU5vamxfJk1zcHQuME05IzV1OCxmY1E7
W0JdUjdFS0dUSGRUN3JyJj4lOmhQXUA2aC4xO2pMI3M8dSM1OjZYWFA+a01rTDxOW3JJQSpsZW8k
Mic6JSJER2lvQGpIWF9dQlxsR3U4YDBfbzdnS21yJTROQTNNOD5lW1spaSIxNlg1RiZSWTFQQilU
WyhDQGdHMk5tNidATkAnKk5gR1tQckpyVGBbak5cZiRJKmJCMSYnJktUKllCSmRKalVGLzc+OkxO
by1FakBBLS8lN3BgXGVMM1xPKTA7MyE2RkgyTGsjVVhqOWFxXzwoZS5BMzVqR1FScEBdW24wTDw0
Rm03UWc+KEpqNTx0PCM9a1FdbSpzYCRzM1Q3WzVkU1NaXlEzbmJCU2tjPSFWM15YWEUpIjtAWVRD
UlM/I1NRIW8xam5WZjlAUSopaDNfZzhiaD8xQyNvQS9fWyhJMUdPNkltK0hOQFUvLzssMjFTZGdz
Plo5VHFlW1smM2ozOidGPDMxW18zIVQ+QlJlZ09AXlxaQyMwailXQyUkSkViMS4xQkVjN2ZaNSkh
czljJTpvKEcpRGtIMCVTW3Q3TEBoUkouUXNjMDNlUzN0WkYlNj0sJFA7cU9DNWAxZUdBNTZCKU1v
LWgyZ2FuXlQ9M3AsZiprPUNDY1YlV08sXF1XRlNdNTpvNlBpZHFfW0stYkxoZF1xYSdATjpzJUki
T0tDbE5EJUF0LTcwRDttbDZpJ0ooQV9YRWlLMTNWXlw1VldKWWhvZ2VsSSwnZUZGa3JyMilxXjY6
TypwVkcxU1w8T1QhK1hzYl9jV1ZsdEhHK2NMRjxqRiZyUEphPkJVNzRhPjJAJzA4P1Bwa1FMW21x
OGdpYVslLjlYYm9eNihOQkpSLS4mNmspQC8zaDM4KihzWWAzWjVQYFFmQHVIMEtBSXUzSyU5Zl1B
OkJCNk9eZU85cWk6SiYzcTJuUlAvNHJxTkVoKS9vbWlCRWkoJGshdT1EPDNGP2VoKCk6U2dKdTYp
aVNeMSM/SlZWOVRlJVU0aG8iQHFQTVk/dV5WRDRqYE1BPnEmSGNpWGxdaVVKZzs3VzcmXUUsTTQr
a0lLS044clZcUl5BbW0nZj1maVtmOV03aFg4LUwjUkNcQSNSQ1xBI2xaQEwkZ3Jpb0Ndfj5lbmRz
dHJlYW0KZW5kb2JqCjcgMCBvYmoKPDwKL0JpdHNQZXJDb21wb25lbnQgOCAvQ29sb3JTcGFjZSAv
RGV2aWNlR3JheSAvRGVjb2RlIFsgMCAxIF0gL0ZpbHRlciBbIC9BU0NJSTg1RGVjb2RlIC9GbGF0
ZURlY29kZSBdIC9IZWlnaHQgMzYgL0xlbmd0aCAzNiAKICAvU3VidHlwZSAvSW1hZ2UgL1R5cGUg
L1hPYmplY3QgL1dpZHRoIDE0Mwo+PgpzdHJlYW0KR2IiMDshPEUwIyEucG1EWCkxQm0hPDwqIiEw
Nz1IZmEvNX4+ZW5kc3RyZWFtCmVuZG9iago4IDAgb2JqCjw8Ci9CaXRzUGVyQ29tcG9uZW50IDgg
L0NvbG9yU3BhY2UgL0RldmljZVJHQiAvRmlsdGVyIFsgL0FTQ0lJODVEZWNvZGUgL0ZsYXRlRGVj
b2RlIF0gL0hlaWdodCAzNSAvTGVuZ3RoIDE1NTQgL1NNYXNrIDkgMCBSIAogIC9TdWJ0eXBlIC9J
bWFnZSAvVHlwZSAvWE9iamVjdCAvV2lkdGggMTM1Cj4+CnN0cmVhbQpHYiIvJ2NZcWY0J2BMMko+
N05bPypubG41J29LQl0jWHRjZUpCNC0kPE42PGBfQzteZWpUT2ZrWnFcWzk1VkQucD0+Y1FpQFto
cmAvMSI9OEZzQ1ptWnRxJDkmb0ZgIiwrK1hyXC1pMU5aYzk4Kkt1dGF1UTAtT2BSW05uXTUvMkI3
MlwxLEUnR001cSdHTTVxJ0dNNXEnR1AkXmEpTU8qakRxZyI8MW5qZS1KcTdXaXBVb2guLEUzbTUk
ZWlLZChwOVdOXCNXQDAhbmZhXXRNKyw1JG9xLzpKT1thPC5QTzZSIlBkIUc9QDQkclVaXVNwUlE0
YUc/LWJzVkU5ISdRJWZkJ1IiUGQhXCYvQTUnOS5ZXTZBWydDWGdaRXJiPlA8PS8vSFJYY1hnN25e
OnIxXGRENkJYMFMnNVhedCNKKUBHZjtJVV5NJGMvbGxlRWolc0hxcTRRb0JWVypaPmVIbUVsNnBi
LCs4KUdfR0UnSCo6OVlwcUwpcmksREVfRjdFOnFDYzZcLWtjKjFQK0RDVjRMaGxxdHA2clptODRx
cloqPHM1VTBJT2xEaDsmRzlPQ1M1SEZIdVE3XUdCX0Q9aj1iLyVhUmtdPGElOERVUWclYDRscCh1
a1o5cSchXENiQidnUEhZKFkwLEBrW1o7YzM4NSwnOCFPW185QDtvWyYtaClUXkxrVC5EQkBKLF9Q
OjRIaVoqOSFYSldMaFJCISFiSylpLkJyJUo8Iy8sJCw3LkVVJnNQKnBHTFBxVDxhJzIjKHVrWjlp
STZwVF8tWW8sZSFAXFFtPUdxZVpKcy9HWiwkVzlkNkJUTTMnS05UWl1HQzw1ZGpBSFljZkIvOWBP
TEJTcDtuU1tUMyo2VD9CQmlmMlkzc0RMS1FFUS9nbE4yXW89ImlqJiJFTWNcWys9Mj5zXiUhPDRz
K0liZWZlaWk5P1leRW9hcEguaDErLHNNbiQlM1JqOF8oQ1Jeczo2TmBQb2VFPitnRi9OJFczLFlX
bCYuVmI0Rmk8VyNJbkpvTURMKCtzXy1OLXEzNT8+IlxeckBXaiRHbFxAYm86aVAzTXNCZ0UkMUYt
aC9kTWxHaUlpUzRmRnFWIkAiIUolbEtXKnUvXlFhKEE/RyQobVxxKTVRNyhrJFZBbUsnJ2IrVjBY
L0pfMlxYT0hCVjY/SyZFJVgldUQmXVRBU1ZbLE4hPWUrQCFpM01NYTk9Ik9ZQGRaZFVeTD5vUGcu
SXRkQnU0XEFFPS5JWTpuaSZlUjgtOyRUSDNqVmMzWixxL2ZmKi1vQjI4SmdpKy9URHJLMERVZWtP
NiNqZ0hUcVc1aW1jW1MzXHI4aylTUTpER1A6KnVTXTsodWpPR0Q3ME5xIldoKCwyJUROaTw7Y10h
czdyJlplSCNxWFFnYih0NGdxb3UzJGJlYj1WKydMdUUsVWg5N25sWGxWcCVJWmlxPi9iRVA7NyZS
amckMWhuQUxgWlk+SnFqMzRtVCU9OkZgSFdPQzRNRl1CUSdpQCZgdFQ9NFIhLHIiJFE0aHVDOUJp
Sy91MzAxNiknLDsqcjNbPjQ6SzZySWciNnAuMWhyMklLTGpCQklqMztDVUpkXm43UCcsVCRzIWJg
XVxTbVNIPS03MzVXOkNPbTptbzljXlopW3JJVls4RCZPVjBZdT51RjhsaUtvJiwoSFsqR18vSk5H
MDhdUiQmVkIibSRPIUFsaD1JS00mWmpNdDduNihUNFJhTSYhV2ItUFtAQzNXVWFNQlVQZmVccj1Q
XlFGcSRrZW5wL0hBNCw/ZCZKP1gvQzw3VXNASSdSInNncD0uL1BPai9rMCQhIStJXWJzLjUzaD1S
VGk/OzVIXic5c1gjbUFUWi8xaFE2K18tOSEtaEciNF88bjRYQmNlSzU+TyolUDUtc201aWpcOT5t
Pl5zXF5jSTpUcDVvZ1llPExBX1pxa05tJTJHJFBUdWlqR2doRXRBKy00UG0pIV9GS2dNdCU4QTQj
J0pXI1c2RlRTKTQlbDEkPygpPSszdGdNcWRySnFBVCtKcUFUK0pxQVQrSyZaZ0leWFtIXCgnfj5l
bmRzdHJlYW0KZW5kb2JqCjkgMCBvYmoKPDwKL0JpdHNQZXJDb21wb25lbnQgOCAvQ29sb3JTcGFj
ZSAvRGV2aWNlR3JheSAvRGVjb2RlIFsgMCAxIF0gL0ZpbHRlciBbIC9BU0NJSTg1RGVjb2RlIC9G
bGF0ZURlY29kZSBdIC9IZWlnaHQgMzUgL0xlbmd0aCAzNiAKICAvU3VidHlwZSAvSW1hZ2UgL1R5
cGUgL1hPYmplY3QgL1dpZHRoIDEzNQo+PgpzdHJlYW0KR2IiMDswYF83UyE1YkUuV0ZsTjVURSJy
bCE4cVthT15qZ34+ZW5kc3RyZWFtCmVuZG9iagoxMCAwIG9iago8PAovQml0c1BlckNvbXBvbmVu
dCA4IC9Db2xvclNwYWNlIC9EZXZpY2VSR0IgL0ZpbHRlciBbIC9BU0NJSTg1RGVjb2RlIC9GbGF0
ZURlY29kZSBdIC9IZWlnaHQgMzQgL0xlbmd0aCAxNjEyIC9TTWFzayAxMSAwIFIgCiAgL1N1YnR5
cGUgL0ltYWdlIC9UeXBlIC9YT2JqZWN0IC9XaWR0aCAxNDEKPj4Kc3RyZWFtCkdiIi8oY1ZHYGQq
PC8rU1JnMEoyTE5cbCk2VlIyaU4oTD5cSm5Ib1NkTkNMMFYhTWVVSk5aUC5NcVw+P2IrWiVCSXRr
KFo2cURFL0FfLj91UXQ7YkctRj1DSTYmKldAOipdX10lJ2chKCFFM1U7RD5IRjZQUDxyLl90VkBL
cWdJcjFeNVU7YCFzOFctIXM4Vy0hczhXLSFzOFctIXM4Vy0hczhZQ3JybXVzalJgMVgxQVFuNiRv
I1lwXWlIbycuKUNsPzBbXVo3PWksZGxWSEM0V2IsdE1cMmg8L01YND9xO3AvN2toL3NlWFszVmNB
TyMrL2ozK3FVaFsmU2NlWmI1UURMbGMtWCJgbEdAKHI+IyJBISlrRjgiTiVxL1FXanIhMjgwWGtj
aFlIRFk9W0Yval5nPz5jIiZUbWtOQF9zPltMayhsUE8jZTc+TzIvWGYkPmtfc2EwOikwT2pUVCs1
SlUnJDNFSEhzPy5IP2BDI0U1M1tPIyNTQD5qMTAqOjJoTURLSyghamEzTS40Qy0/XmFdY09CaEcn
cUk4Liw+PlgvZUkhaGUrX3JxSitdImMiQGJvazJNWUUpJFIhYmJRNGAzOENJPyQhalhmZFY/Pixf
Q2lpZE9SaS05UyNbQDtVJGxbUl85KFBZTTViMSIhdXFXPlArYUBdakAuTm9TU282amFFZy4pbks8
NFAoYCkrWmE5JmRtPUBiQiJPS0NcZVpbO3VSX1FQWDkvUmVrST5pLDcnITw6PzIuTVs3YTZGYHVm
QzMwVWJTNGB0SFYwL2lecmY/UmcoSkJbKzA8XCEuc0NjYFBlPSxoJjAqJyxBTjxUYytZS2AoOjFf
UzxRYVQ2ayVNIk1bTzNLJ1MlOmlvYy0iOC8/Y2JKOkVuZD83QiNZYkBRVFFXQVhTXjNtYjVKMjxL
PyRiT1otPVlbRUpIZGw8VjdQYDIzK2wwLEpdKjhgPyJfXChNMCJcPGlgcm5FLzlxTDtML2ZqcHEr
KkxgOnEmcHI8dFw6dSYob1JnXFtdLidVQyZpPiNJLmZmVDZvUURqIXJiQ1pqUTJBb1AkcTFXVHR1
ITloYTtTJDhkaExJW08pI29kZTcvIk1xKWtNSCNrSmRqZTQ8ZzJQMmdvdF1KckxqOXVzT2JrTFsj
QmM0NENNUl1lPScnIjhLKkg/TEJkanBBTl9NUy1sOGtMIlxzXm9pW2pyTkZjSzdvRlVcK0VzV0k6
RikiMWVGak9uYVRFQUxvKks8XydjTFR1TGgsalYjPGhMYjomZls5S0NXW25XJzFlKW9laUgwWlVJ
T3BeSFBiPD1tIm9tNzQ4ZE4nb049LjVfcHI3cmRXLlozQjtVZjxxSENGN0pwbU9RTDY/YDdcRTlt
SiwpSyViYDgoUzhNXiJiLl5UWSsiTGFJLCFLNTIxTG9YKl87S0tdTE5Ga04zTmlYLlhKNkZBUmos
L1hoNkRub0wpR1FtWURUKzI7XjwhQlBGYjg6Y1xzMmFgYDxncStQZ2BoOSw9T0lbdW0oI1RDZSZa
PFpEW0tsVF0xXC1QYygpNkoiZyZGVjJPNTVCZTtIV2c9OGE3RyduKCw2aVo2RjlHXjImRi4qJDw6
dXNRYVMmMFJWWXBaI3BIcVczNCdOX2tZRiNUJEUrY11mWmBCc0M9cy4mciRYcTU/YSYoLkNKazA3
QkhWTCxBQDQzMiklQEtqUFo3PjRaPSQzOmZvV3VLcTYwNWlPNUdCWDFCbzBFRWBAX0BuOlsrJi8z
UUtdcSF1dWI4dChLNzUyYCUiTDgpXTonciw8TT09Ykw2KkBYVixbcVpKKiEjZWsrTWVMLlNfQT8h
XEY2Uz9iJGcsT3M3W0gvTzVBc2QjLzA5OWgxZDtlRD9PMFA6V2Bcb1RgWXVQSClGRCE2OjlWUGxP
L2hXKjtwczAvMV8oJCxUcUFucllRdGdIVF8yLDVWUD89Yj8xZ1RgPFBmSmQwOGxXblJvNyZETmxc
TFopUk0+SExmYitbZ2RKKDcyWlYrVCI4Xz1PZ2ppSEUwW08vVjY4WkoyQ2E8L2IjY0U4bmdBOiYi
X3FodE9bSTI0JlY7Kj1tOy91Pyg5QS5hRCFOLGcxcGVcSmlJcTc/NzA2XCdYInBQOWRzISVGREcx
bGEyfj5lbmRzdHJlYW0KZW5kb2JqCjExIDAgb2JqCjw8Ci9CaXRzUGVyQ29tcG9uZW50IDggL0Nv
bG9yU3BhY2UgL0RldmljZUdyYXkgL0RlY29kZSBbIDAgMSBdIC9GaWx0ZXIgWyAvQVNDSUk4NURl
Y29kZSAvRmxhdGVEZWNvZGUgXSAvSGVpZ2h0IDM0IC9MZW5ndGggMzcgCiAgL1N1YnR5cGUgL0lt
YWdlIC9UeXBlIC9YT2JqZWN0IC9XaWR0aCAxNDEKPj4Kc3RyZWFtCkdiIjA7MGBfN1MhNWJFLldG
bFlOVEUicmwhOHU2KWg4I3Nofj5lbmRzdHJlYW0KZW5kb2JqCjEyIDAgb2JqCjw8Ci9Db250ZW50
cyAyOSAwIFIgL01lZGlhQm94IFsgMCAwIDYxMiA3OTIgXSAvUGFyZW50IDI3IDAgUiAvUmVzb3Vy
Y2VzIDw8Ci9Gb250IDEgMCBSIC9Qcm9jU2V0IFsgL1BERiAvVGV4dCAvSW1hZ2VCIC9JbWFnZUMg
L0ltYWdlSSBdIC9YT2JqZWN0IDw8Ci9Gb3JtWG9iLjMwY2Y5NDgyMGU5MmRjYmZhMTE2MjRlYWFl
NzExOThjIDggMCBSIC9Gb3JtWG9iLjVlMjM0YTRhNGJjODJmYjgyMWU1ZGFiOTI0OGU2ZjZlIDYg
MCBSIC9Gb3JtWG9iLmU1OTdmNGQ1MTE5MGE3ZTY5MGQ4NTFhYjRhM2Q2ODM4IDEwIDAgUgo+Pgo+
PiAvUm90YXRlIDAgL1RyYW5zIDw8Cgo+PiAKICAvVHlwZSAvUGFnZQo+PgplbmRvYmoKMTMgMCBv
YmoKPDwKL0JpdHNQZXJDb21wb25lbnQgOCAvQ29sb3JTcGFjZSAvRGV2aWNlUkdCIC9GaWx0ZXIg
WyAvQVNDSUk4NURlY29kZSAvRmxhdGVEZWNvZGUgXSAvSGVpZ2h0IDQxIC9MZW5ndGggMTYwNyAv
U01hc2sgMTQgMCBSIAogIC9TdWJ0eXBlIC9JbWFnZSAvVHlwZSAvWE9iamVjdCAvV2lkdGggMTM3
Cj4+CnN0cmVhbQpHYiIvKGNWR0tNJ2BMMkopWz9qaiVySisjWkIwKXIjY1l0XzExdTU9V0E7Mj06
Wi5jJlA+KVJ0L04pZS8+aj1dRC4vXTwuQFM+PmRYPS1pajtKSG9EZFhwUEcnalVrK0JJZ04jcXND
UCtldC0lMkdTY1NtbzRdR29ia2xZQl4zVD4xSCkjJ14kaypPUSRrKk9RJGsqT1EkaypPUSRrKk9R
JGsqT1EkaypPZCo6ZVRaT2g+XiE/Mm86SWBlK0ssKGomaEomOzNyXFBmW0hiMTRUUz8oanFCRERD
OipsZicuWXAkTkp1WVokcD5ncmFpQmFHQCNkRzVTbyYsSmAnZXBvXm02SEYjMDwxKDVwLmFLN2dv
SlRSZV4iQDA1Qy49MUpAcEBWUnFkMGM+aiNdY3E8XHA8XWkxZmFpQmldVDpiZyUpTi5hMjsmVDtq
VShzKz9iWmlsaStPQkNQdEI5U2ZpYiJGYVFOMDhhMmIzWz89JHMsaihQKkQ2J3NuO2J0YitUQVYz
QUU5VTNFYzZBNldDSnI2RylqaWdEOzRIcUI6aExQM0BuPldcNF1Icy81PGJyLFRdTkRLQilWKUNC
Y15XNC5QRURqNyZbUyNPLT5tVTckVk8saSdZQl1iI21BVlI8aj1Ka0g0RVw/Szc4bS8lVGBwSyVU
UEBdZWEwNlREUV1Lai1fTGdpVk5zRG1LSC4tLSoqTGsqZ2VGQWkwbUFLWyU7VSxQVVlTI3NkXFE9
LGtHcWpEVjFdbWtTP25CPU5mTV1BZWlJXGwmM3A+Y1lmT3AwVy9NSjFgWD9iLSY2LE02MillT2I5
IUZIVmE8MzM9Tl5GcDRjMEBUU2pKdU9JW00hUSxqJElJVyEjYlVwWjFSREVsYT1uJGkiSEZRVj9v
KUAkMy9aV288RDlaTkJxalgsRDxNN1wrZlhrXTZJTmgxbSFRJkVSc1VLTmI9aDIxKUQ2PFJTc3Jo
b0NkTi9TPl4uZUo4NjwhRy1sITJYPW8yX1hyKmIjMGBZYyVZNUBAMXEpVSQzU1kuci8yMD49NyM7
aE4oXXBFMzJrPFElVipGMyNaNTwxYWctOCpZMW1SWENTb3NlSTk5QWlRRjwqPkhGPnEmXVE9KVpC
PFYoZUdjUSo8Ij9MKFtTbmVBVmloODhiIzJmSFZvXVQzSkc0Kmx1VGMhdWY3KG1vLj1yXUU/Jlhv
QWdsY1wrKDRNKEdAQm5ccXBlT09LW2lnSHMwU2hMXkw5SVgoczJsXGElR01iViljcjE/NkErOmZX
cylqQl42I1JgQClcWiEoNidVYjVSamo6WFpWPUovTmhoNClac1BfKEQ5LylBNUxuaGdRWHAyblpD
YU9TdXQ1MWBiSVdHc1dxV042bjJoV15wRDVmR3NFKXE8dVpbV3BMOTF1Rygub2cmLG5eTzQzLDlp
SF5DNWJHVkJDXGI/QlotaU1hITQlI1BTRGk3ZS81c2k1ZjJRRl9FUXUla1BuVidbX1E8REpqdCg7
X1hVT3U4Vlk4UGFyOEorU1FmIWhsSiVwYlZWX1VOOkUyQFRfQVlRW29VZHFMOTRPPCYzPVo6Pk8i
dT4jMzwkbVA4QFxrIW5tWiovbzpROS84RVBgRCoqXydkT0VVdWM/VTErIUUoYDdUOj9gNy1UUW40
Z25yViFGVSw1V0hIcF1ITiRgTnU6PyhPYzVvYj07b2VYOW0oOWVEVEwsJE5CWWdvQ2JDZSJVTGNQ
OVgxUlBZb3Q+RiJhWE0xOykoQDA5cztpWllDSlEub2Y7WGouRzhoPFBIdSliW2NeSThQcSpQaWtt
OmkkcW80dVdaRklCUVwlQjhRV2paOXE/aWc/Y1JeJGpOaWdHVGxWXkI7W2RoMWxjJTsuLmIyMSFC
b0s2LGNTWFtTOGouSUJjKjtXSU8+TktkKGhYQ2wsZlNlWys2WUxpKSU0JC5cLmxHQ0ZdOUhcalRQ
RTp1V2IySCNwMjlvMShAJiwsN2JaLDIhRCg7cCVKRmgqVldab3VINlU8XEpyJXQmSW11LnVtSU1n
Ii9IIXBbXm9DRih1KkcyQjdnby9CX0tMIk8/cl9pZ1swUSdKMzBXUEUpNWtoalJzNHBWYVNJY1ZU
KGA0KSwoYDQpLDR1RTBKMmg3NSZ+PmVuZHN0cmVhbQplbmRvYmoKMTQgMCBvYmoKPDwKL0JpdHNQ
ZXJDb21wb25lbnQgOCAvQ29sb3JTcGFjZSAvRGV2aWNlR3JheSAvRGVjb2RlIFsgMCAxIF0gL0Zp
bHRlciBbIC9BU0NJSTg1RGVjb2RlIC9GbGF0ZURlY29kZSBdIC9IZWlnaHQgNDEgL0xlbmd0aCAz
NyAKICAvU3VidHlwZSAvSW1hZ2UgL1R5cGUgL1hPYmplY3QgL1dpZHRoIDEzNwo+PgpzdHJlYW0K
R2IiMDshPV0jLyE1YkUuV0dgOlAnRUErNSEhIWY+YkRQKEp+PmVuZHN0cmVhbQplbmRvYmoKMTUg
MCBvYmoKPDwKL0NvbnRlbnRzIDMwIDAgUiAvTWVkaWFCb3ggWyAwIDAgNjEyIDc5MiBdIC9QYXJl
bnQgMjcgMCBSIC9SZXNvdXJjZXMgPDwKL0ZvbnQgMSAwIFIgL1Byb2NTZXQgWyAvUERGIC9UZXh0
IC9JbWFnZUIgL0ltYWdlQyAvSW1hZ2VJIF0gL1hPYmplY3QgPDwKL0Zvcm1Yb2IuMmJlODg2ODNm
Yzc2OTM0OGIzZTgyMjI1NDk0MjU5NzkgMTMgMCBSIC9Gb3JtWG9iLjMwY2Y5NDgyMGU5MmRjYmZh
MTE2MjRlYWFlNzExOThjIDggMCBSIC9Gb3JtWG9iLjVlMjM0YTRhNGJjODJmYjgyMWU1ZGFiOTI0
OGU2ZjZlIDYgMCBSIC9Gb3JtWG9iLmU1OTdmNGQ1MTE5MGE3ZTY5MGQ4NTFhYjRhM2Q2ODM4IDEw
IDAgUgo+Pgo+PiAvUm90YXRlIDAgL1RyYW5zIDw8Cgo+PiAKICAvVHlwZSAvUGFnZQo+PgplbmRv
YmoKMTYgMCBvYmoKPDwKL0NvbnRlbnRzIDMxIDAgUiAvTWVkaWFCb3ggWyAwIDAgNjEyIDc5MiBd
IC9QYXJlbnQgMjcgMCBSIC9SZXNvdXJjZXMgPDwKL0ZvbnQgMSAwIFIgL1Byb2NTZXQgWyAvUERG
IC9UZXh0IC9JbWFnZUIgL0ltYWdlQyAvSW1hZ2VJIF0gL1hPYmplY3QgPDwKL0Zvcm1Yb2IuMzBj
Zjk0ODIwZTkyZGNiZmExMTYyNGVhYWU3MTE5OGMgOCAwIFIgL0Zvcm1Yb2IuNWUyMzRhNGE0YmM4
MmZiODIxZTVkYWI5MjQ4ZTZmNmUgNiAwIFIKPj4KPj4gL1JvdGF0ZSAwIC9UcmFucyA8PAoKPj4g
CiAgL1R5cGUgL1BhZ2UKPj4KZW5kb2JqCjE3IDAgb2JqCjw8Ci9Db250ZW50cyAzMiAwIFIgL01l
ZGlhQm94IFsgMCAwIDYxMiA3OTIgXSAvUGFyZW50IDI3IDAgUiAvUmVzb3VyY2VzIDw8Ci9Gb250
IDEgMCBSIC9Qcm9jU2V0IFsgL1BERiAvVGV4dCAvSW1hZ2VCIC9JbWFnZUMgL0ltYWdlSSBdIC9Y
T2JqZWN0IDw8Ci9Gb3JtWG9iLjMwY2Y5NDgyMGU5MmRjYmZhMTE2MjRlYWFlNzExOThjIDggMCBS
IC9Gb3JtWG9iLjVlMjM0YTRhNGJjODJmYjgyMWU1ZGFiOTI0OGU2ZjZlIDYgMCBSCj4+Cj4+IC9S
b3RhdGUgMCAvVHJhbnMgPDwKCj4+IAogIC9UeXBlIC9QYWdlCj4+CmVuZG9iagoxOCAwIG9iago8
PAovQ29udGVudHMgMzMgMCBSIC9NZWRpYUJveCBbIDAgMCA2MTIgNzkyIF0gL1BhcmVudCAyNyAw
IFIgL1Jlc291cmNlcyA8PAovRm9udCAxIDAgUiAvUHJvY1NldCBbIC9QREYgL1RleHQgL0ltYWdl
QiAvSW1hZ2VDIC9JbWFnZUkgXQo+PiAvUm90YXRlIDAgL1RyYW5zIDw8Cgo+PiAKICAvVHlwZSAv
UGFnZQo+PgplbmRvYmoKMTkgMCBvYmoKPDwKL0NvbnRlbnRzIDM0IDAgUiAvTWVkaWFCb3ggWyAw
IDAgNjEyIDc5MiBdIC9QYXJlbnQgMjcgMCBSIC9SZXNvdXJjZXMgPDwKL0ZvbnQgMSAwIFIgL1By
b2NTZXQgWyAvUERGIC9UZXh0IC9JbWFnZUIgL0ltYWdlQyAvSW1hZ2VJIF0KPj4gL1JvdGF0ZSAw
IC9UcmFucyA8PAoKPj4gCiAgL1R5cGUgL1BhZ2UKPj4KZW5kb2JqCjIwIDAgb2JqCjw8Ci9Db250
ZW50cyAzNSAwIFIgL01lZGlhQm94IFsgMCAwIDYxMiA3OTIgXSAvUGFyZW50IDI3IDAgUiAvUmVz
b3VyY2VzIDw8Ci9Gb250IDEgMCBSIC9Qcm9jU2V0IFsgL1BERiAvVGV4dCAvSW1hZ2VCIC9JbWFn
ZUMgL0ltYWdlSSBdCj4+IC9Sb3RhdGUgMCAvVHJhbnMgPDwKCj4+IAogIC9UeXBlIC9QYWdlCj4+
CmVuZG9iagoyMSAwIG9iago8PAovRmlsdGVyIFsgL0ZsYXRlRGVjb2RlIF0gL0xlbmd0aCA4MTcK
Pj4Kc3RyZWFtCnicZdbNbtpAFIbhPVfhZasuyDkzZ8aWIqQkECmL/qjpDVBwUqRikEMWufvy+kOt
2iKBXuOZ8WNvxvO7h+XDsDs18y/jYfPYn5qn3bAd+5fD67jpm+/9826YmTfb3eZ0OZp+N/v1cTY/
T358ezn1+4fh6TC7vm7mX88nX07jW/PuZvp8+NT/WO/X72fzz+O2H3fD8/9nHl+Px5/9vh9OzdVs
sWi2/dN56Y/r46f1vm/mfw3/c/Lb27FvfDo2yTaHbf9yXG/6cT0897Prq6tFc921i1k/bP85Z5E0
5/vT5sd6vIy9On8W5za10a52OqkTndWZDnXQRV3oqq50q27pTt3RN+ob+lZ9S9+p7+ilekmv1Cv6
Xn1/bpPf8Jv8ht/kN/wmv+E3+Q2/yW/4TX7Db/IbfpPf8Jv8ht/kN/wmv+E3+Q2/yW/4TX7Db/Ib
fpff8bv8jt/ld/wuv+N3+R2/y+/4XX7H7/I7fpff8bv8jt/ld/wuv+N3+R2/y+/4XX7H7/I7/iR/
wp/kT/iT/Al/kj/hT/In/En+hD/Jn/An+RP+JH/Cn+RP+JP8CX+SP+FP8if8Sf6EP8mf8Cf5E/4s
f8af5c/4s/wZf5Y/48/yZ/xZ/ow/y5/xZ/kz/ix/xp/lz/iz/Bl/lj/jz/Jn/Fn+jD/Ln/Fn+TP+
kD/wh/yBP+QP/CF/4A/5A3/IH/hD/sAf8gf+kD/wh/yBP+QP/CF/4A/5A3/IH/hD/sAf8gf+In/B
X+Qv+Iv8BX+Rv+Av8hf8Rf6Cv8hf8Bf5C/4if8Ff5C/4i/wFf5G/4C/yF/xF/oK/yF/wF/kL/ip/
xV/lr/ir/BV/lb/ir/JX/FX+ir/KX/FX+Sv+Kn/FX+Wv+Kv8FX+Vv+Kv8lf8Vf6Kv8pf8Vf5K/52
8scSczv5Y8V1W1fjb5PGcN02q6e5ocbfFo3H2Vb9j6dt1dxX26mn9W/U0/hbNbb2TuvwPNulmnts
V2qeW3uvZs3u4sfZyb/kfjv5lzzz7uLnmXTyrzB3Fz9rdhc/99hd/Bg6+Vc27aaXXZN9lfeA33v1
5nUcz9v49LIwbdJsz7uh//0+cTwcmcX3F9Z32DNlbmRzdHJlYW0KZW5kb2JqCjIyIDAgb2JqCjw8
Ci9GaWx0ZXIgWyAvRmxhdGVEZWNvZGUgXSAvTGVuZ3RoIDgyNjQgL0xlbmd0aDEgMTQ2NDAKPj4K
c3RyZWFtCnic1Xt5lFxXeee992319ldvq67qrbqqu6r3rVrd1r5aFtYu2fIu05JaUqPV3W3JHrM4
YDOBGOMwYAI4E8weCMNiwiqzZWAShhBCYpYQOMMkCNmBwXMCGDiMNL9736vq6pbgzMn8M1Ol2+++
++7y3W/9ffeVCCWE2ORBIpE9u/ePjH98+8ufRMs/orz48Knps4qjKoTQNSjbDp9bKL7iRvMHhLCH
cO8fPXvs1KtqX9xNiPRH6B8eO3n/0Z53/fkXcP9nhAxsOz4zfeRf176wgpDhn+H55HE0KP/MthMy
Moj77uOnFu47PKCvxv0ePt/JM4enP3rv50JCRo/g+SOnpu87S21Zxf3zuC+enj4189OVz9xCyJhH
iPr82TPzC1deTsYJuY7w52fnZs7+6fq/uoL7IubzCKMz9DGiEJldYK9Fj9cnV/olMk4lPkQm9U+G
NH/2bC8WyQZSLL5fKl7B5FKR/CVfIX0Mnj1Yr1FxtYjKeYTPW8j/7YcSBmnIoFslGgjTiUFMrGAT
h7jEI1nik4CEJCIxyZEWkicF0kraSDvpIJ2gsevftGqJlEk36SEVUv03je8lfaSfDKA2SIbIMBkh
o2QMsqmRCbKCTJIpCGklWUVWkzVkLVlH1oO/G8kmsplsubztyvPSO5Q7lNeRN5Db0cL/fhxjnmBb
6DelT0svSEfoQfJr+jP6FjpIv0A/SqbJ4/RerPRycgN48DHyffYH7JI0SedpF/0iPUj/A+b4knRI
+gn9F0i6RleSi+z5e5/9/+FL9pObCdlAyeC564sflnquL08fbykff/GWIUi+m+xjH2AXIPMhMkfu
wy7fBc38MXa9jZ6kb6WfoJeYxYoMM9CSpkZhLl5NVU3NxbnxqckVk1OT1UoZ9/iGS9qq6I0HFVRL
onsyKJ7C46nxWhipUXl0bHSs3Jh1vDY6Nj5W41NU+BTVUlmNJrTJqWrTwuHyhV2aNq2nvKWiiXWu
7loqlwZoOqqs8RnjJd3wFUtPVCsDFJ21Btl1CvF4vDYOOjEJOot1asl++KxapSxry3ovPkWrVion
9f8TGolgaRP30jlB4FTKRXCoUm2evaTV154UVNYJa2KfoE5bnKqmRmpj/xMrrqIvFdk1eCjoWxyb
UCGIDX8Xz8LlPGO3KjI+6pjGqKQoiqxIhiTL2g5ZppTJMm8RFXWMV0KPSZKuybKkyJYhMYYhKsv3
UDT6qpgpK1GaxaRMlzOKjt6U0vcqiiQWkcQasizW2CRL1MRMGEcNKkvajKxKGUkyRlRJTjpmMjIz
sD4d5C1SZjvt4b3xMBJ9xE3GV9AgqS2UvZrJnCoqqZIuNqZkFKZgfEZGd7WoSlhHVfgoQcIkk+iU
ZEp+0jmK/Ig/5PQpqi6bkuVIBnavvVZSZVCvj2pMEkzBhnHLsLlBCR9FowclzJp1Mpw/ElPVGDwC
kZbfwgeAK7Kl5xQKPtwrmZje4hSC8nabNQjKvDkhZFyi4+Ip+mHfZUolWZBNmaRxwj+AXWAZTk9d
bhnOOpoShC4rQIWGvYBLCpYFKUpmlkIkjMka08ExDMwoVGGUZTCAaUVsKZE4Mxm2tAJd34RbdG3p
EzTKylhBU9VhTGrFaUtkqbIyTKnqZTIZVdVsLxtzrcBHXWlLbIBvCFOAG5khH2w7xomkM/I1Jp5A
ZYYLFQvMYMN36K6v6Zlcf9ppuEXVdcNUVbVKk/GNR4M5OWGRDoZJcSmVs6Zp5ThZBAPG8liE0h/r
bQNCt2XB2FG+tN7W35PDtaq7gSqWVKSlS17+CTjm+dmQ79IwO3IKtwPFzkY+ly5ExXQ9nwO3MVdK
Hp9BTJ/e61BEpRs7xLJgmJ0SH1uUxtnm1VU5mXNx+V5oXhBjdlzVwMPGqI55+FaTrTRvVUo2RQWc
YYgz+8kz9DlEnHWE+FpzMIAj0FjivDSVuwjUR+s9auO1ydrk1OjU5Eqa+rzy/VbRkWw7DLI+s9sM
z21bD4KoJMHMJG4Q1AaRiuN4UF9mmbgHl1Tbceml4p4jgZ+V+PDbthTiHL38txKtf3TPcz1DhzZS
Znie4+q6oJ0+Rlewu4CRqinty6iPr9F2zLKUyJYtMwh8XzZ9w/Vaz9u2EtqKZfkhb8uantvK7sjo
Tm1l6MNlmVZQ6y/EMaXXaKvzcS99F/h4gNyZ0FKuL5043TRYNGhZMRVq4eLtVK0eOhCEGzVOL5+m
DEfPt+NSRNPHbViT7zqwaR3+jfmew6hl+5Q6bhB6Wco2U+baUZD1wDo1cHGxnVCWs7YDQ1AdmZme
11qy9Mxaidd2sk2SsgkiiAsULMhms0qu1XEC3/OkkIkZXSfMc3+akeu3RkTxN/BcqSVnQiaepxtq
PpejtBjnM4zXvuHTtoAC4XZf+RB9iP0e8N6N0DbOHbcewnI8lPJdihvRkPJkPZ1sBNOpOLcYWwVX
pMrYBO7jMtrBoKlnbJdmrisOhu4a0JExjDj2CwrTNDNoczwDDABrXKYb1mRLwTTaoh4lNM0IkmTM
6d6YkTw33mggItxCVWgq/Dd70HGyJ/Tu0VWDbbK8RdJCVbH9TtvUdc/S5LnA8ygDl+Ylye/uGank
A/c6083K0OAockejEzE6XH4uw+Bz3qcgWslyG+cF2U2/TJ+FvW0gZ6E5IF6qa0HAt6fWLU5YW6kM
i4sWbY7rxuiKJpuToWf17qVyWB6NOLpbZqKAc/X+dKfU6nzYUpQgiCLzw7Cl9p/BSBG8oSxMGCm1
YaSKa3uITbAThs6q4sJIe2GtiTXzfigW7+jYsAZJEubM/Q3Mmz5LWcvlv/ej2IR/CuhgoVCg3Swd
BXvOwp51I7XnrOPp+udo43GqTeIpOOq6usFtTOa+ir4BvHOR/awmRxM7SzHTIvhpup+KE85UK8LG
xN/auNCYmEOxnNAel+biKNTUammEqkLfJqb4JXEZnXTqKUNnmYxrgyaq63Y7WAFDCSPHocy2g5dD
xn39q1d398CyzHzI5HJ5vNZRlFkuLgfgIGK6xDIFy3YcP7B0hEHDYBldRyRVDNOKHCWmjxsZGxs1
DNvR9cccO4gc23Yi33HUqGNltVKprmyPc7m20lgRn7Gu9vxgJmNatq23OrYf2BZ1QaVkWF7Wgpbb
lpnJUOopLcgy4SfJh4WfvKaXvJZHvKb34xlr95VfkH9iW5GTLo0WCbsw2x9ZdyraCdMH5YyaBxR5
DzbSyjYHjz34xoccxkwLj14yP/uyOG5hSRbcNGeQuoLmiauV21rBiz2yeovJTc73zROqeqfFtrCW
OH7Z7PxL0AQ9Zc5Db3zwsSCdk9xHn6RPizzVpTxpSajtpHWq19M62h6hUw3zuM05eqMbuQ4ilSSZ
G29DSHLsOMoe2uXCrF33hoPcOlQHOnDB3LfdhUJA4V1z0w12FGe5N9m123N5323buZonysvpOUuP
0r9OI5VLy2mmU5tqODwWJ2mOSwUjP+W6TFsdwn17XjiiYuNhhAW0DXAsXjY3oUqel6NfhdPfiQ6R
59J1IQIvokC4DZJ345wLPd2Uy/pU8Pgi+U/ko/A7ZPIqDbjZCiF/I5F/1nDd1g911FbiDmDO9McH
8nGOiT38M52hu7gekUaqVhPxCmRX6Zj0rZTcb4Vwfq4X0l0Spw07cV2Q6NGUF/vJ4+TTZBi0wGbh
4QZ4yoX8b3RMHVvmvZDiLHqvuxQuFroMTcip+7FkgSa8T3MPxZYBB+FXEuSQ0LCZ3kl/CV9C6CT0
TcKywuiDSZorZX3/gpGLwxBg/IJDfy61tbdf/iJ8hGXFuYCuz6cxfzc9S38CnvZcZQ34xokip/MK
XteeHOrMt/T3bl43vlpTIrelc4DKGc0F2o3ygRUgohqKZtOfrO279cDm9bJcHbnppnXVXAc7pGS8
/o29AYJOUBjdWrAlKd3HXuoBd7SCgkZUXU+XS/gv7JdmmeQ4UewxQ+MBnAdyq9fMeq30knnUjuOs
B91h6w7XI/zTRwpc7GKNffTFWKN2FULMjdf3mLSvp3GyeXcxemuPl2oZRMUgdGEeWS9W4BCBP938
mqlS6NjFr3GlgcJGN69u70S46L7BtukPW7o3AcFIDJE7B+MGhNXBgsJ1Y7259jaqoT9cpMOkFZ2l
ob7iemQVKT+20cOIEVPwJUnS2zAxfCtRQyDVyjKBlerY4nYOmaC802OBZbUPeZxYqjiFfKtjhJGf
VRWzuG7tqrW+1xJ2wIWzjYHjdNKLGBJA0zflWluZkmGICppsqUZGz/uKahph6K+Mwrhl9URfyYN6
7s+3tdGGDGfB33IdG3E3tSzHFxxO6Jt2bakgO27u38EYuHPyPLsXTrutywysnbbiunn6rGVlXx77
PpWGdkSeT5nnxJ8+0tICCNs5PM42tQRBfe099BT4NZbwK11cCLWZR4tqPULXi1ODCQ74fdtlWcm2
gle5klwIRooFuCh+ABB1VW/t7/GQ+LW29eyT3yxY6ob0omVnXxrAjQXM8yOdJ5oILxiExFPtaK1U
eroLedXqklw3ADMbOQrdCf50cqkmBzD8mKpxWpJg5VTb1CSY86C/YmIFUOIKAYFqlGmjE0ctOjC4
du3gYFthoCXwTUNinuuvtvGJoIpIxGXLoc8yu/tF9zCaMdYODqD/SLXHc1TF8wIfmvl3ANMhQrkd
Sgx+yEMoT2V4FnxcKeJNwzeqop4Ll53aLLJwkfAyok+X/F9CeG3XC16TyUzyKtS8VxIxCG5fkj0g
bs7IjOUZJic+CwzG4ZbnhujOOitU1JxCLU7FXivz+ULH6+lSPQ+R0k5yP0nwdS1obkWUXI2W3G+H
S5VFZLXiWkiLDmV+Owo6ZnDglHFswB5c2lyesFhgOK7wC7QrujbEufO3YiLS8L+7hF5MQHvV5GQr
twzgrKVCQ3iiEHGtGVPryoHNfWRVf59QhcA0FNUPg7HaMQSSwcF1ke1QOC0fpg2QT59jgwNrRioV
z4aDCoIQebfTvW0OoUjLrBsYnHHsCEFJBrBDb4xt5Nbvo4+SoSQnTLJnDtNL0Sig+tJAN1GbXLEY
6NQU1o8lA0aj0thV3WsTje738BMEOQ2LHJbLCrJqWUaWbdTjou3mZVXm+F1ahPmyY3v1btSUBZx3
6aOIsOKf7nquw+OnhpCqA/5AEN8SKF0AdRcBdfGp5zhpXg6s8Sn6CBkhG4VXSRIa/neUx/jFDGWq
kdDUFnd+FTp5WGVJ3tFIUExVbMhDfsJsUG7yoygQPnoVjqGPLOYVOtCYw1WRaUzQ7ujG966Nc/bS
VfRXAuPWHWJCy4iAZtXnvPc5iFj/0Y2hkTCy8w/Hll2kv8p+0o1i+zUuvIIXRc6xx1o6OhrnA2+l
c/SJ5KwiQU9JbIpT9KQ2eY0Golq3DFG5oce+GS3DWE+kGEuiHHfCP7wZJPEWD1404r2W7olbSjMM
xs5GaOVgl23FD5/LcoSNWf4YIdl5n0t/STs6Wh47xpsAPdzXINy4n8wu+mUL/qNKbl2CDGoCFUTL
JJm+OmB1O0BSmp4pjTV6NoG+hkIc6kZEMZCcZCNd1vgZlltVka3wnYHRVSUz0dovq+KktwENoRL4
wFuIkyahInhuQbcvxUYYeHxKG+HZlFSnUgkBNBDFIsXt6ds0nGeXv1rXNHwyMAEoNtdybhBuouXJ
/idZCO+/k9zVvP/xeiSq474GRhKwYwW+uI5z918PsPwo4yrsqCZQRfDumXXbWgLLqa27wzXgoEzT
Wd/XhRTNn5jcfmN7h6sg/dElTRKpObeUXO/AaC2M+qtrezqtnKoOFvNm1N82uWI908APJQzaXEs3
cxZS2+HJ/etWbhiakkzLcTA96+7oqw6t6e0LgzXr1+YMHl1a+2MqM4UxmZ8jO14+v+XG/qoqBa3Q
u0xnfuDALVPlLukpScnqm20quVZXxVJSTHblazRiJ0g7dG88Cc8A/Llao16qsoDHmr/xbMuyvR36
4FYPqa3lHS+p1znUtlx2wrI8tP3mis2vVhcdon2uZS7H8n4uqCM8CZzLvdr5DLKEEJZmXshm/RL9
1/zlLwS52LKge3Rde3ubRK5FY86XBF0iTKymk9VGyPi+a5vUvU7tmk2I3Tqo70hq7IRpuZe/dfnv
uhJar/wmoTWZnw7QT7E1JFf3KckZ12IKWin/tfs6mwnLdWYfgOHC3b7Didlq/wNeFNrcz7zyAagf
Ussn3XTfBv1bssDzse6yUvcePXUtok+wy0+n7oNu4n6A1xbqvkF4C1ekZGL/36br2Dx/wR4kqXIa
T6tjQjPFq6LkJZzQz4QbGs/76yCs/LBrWUyRNXlwvFUxXaT6zvFEjtc7mpRTir6Vl3JMknYmrWwe
DJs+IUvFtWsroXz7AXjnhGW3TLWGcosThXoghW17bgV3BSM5nX9I3sHenp5l5OLG4ZkvrGmD40hx
jjvKAN4B7hz4if2J7+U+eNkRHAD/6K8+4SO6X3Pfyfu4WAtzlUQ5p9Smd4f1t3djah12Cg/1klRt
JSmWC6bfqeQk1b0+aTzumJbkmHJhfEjSkElY0OV5rh+2deuetlAKdIi7RQ5bp25JtAYI4sDtclhZ
u7YoySemF3X8S/Qj9GYSE9ID/MJf6oVaNXW1kEBOpX/Q258/G3ZZxsb47lKXOhmYo95q+fnKjhIb
ih4IpC5rUzSS5t/08/QS6Vvcc43vk79gFDelqeSoMZF3gvDugyYhR3s6Z9yzM0Qk9ULv11rNF61h
YHWLaPtDN4Gh+88zmiJSV2jyo3fkc1GCDSbpO7F2np/MBKnOXpWvChSw5Fy0PBOIcBc9XTDFQXfW
ozzrcVt/AzjZx09iQ6QVvQh5OZDhBRE//bjrCX4Kzk/DPzOTj+MvO45/+aXc2/P+9KFcNsv5kQM/
fgYc2Zt48VLTS1IAk0Ugoi6+K9a+Zg7Y1ULCiF27d2+NvSxDOu15rV3WgH3dkN3NMzJ6qXji3eBA
wInhIP7CYf5ugxZPvPPRO3gtle0PyJfBk99yPnfOcZR2T+aZXhBKdsHM+u30om54L7o5CgNFAiTe
vr41n0/P59ZCU/j5sphrCQ+1V3gOWylYBWpXQjQxveTY/v/6DFiHuG+HbAtYQtOclHxlcZ6lFJ2y
hh0KmBAIIWDTbfRHnfNfrZ8cXDiSb4nr9gXc8SYh7wShX1Pat0Qi6Qk/y2WbHE2IjLaVXuSmnIqy
Mf2M0KVEj/8Kc/cu1eNSkyZzCcbCQ6Vv5B8J6mrs3Dh2Y6K9u1ZtGDUMtWTbOatH6PHFVHn3n2M0
VWQOBTo7W952F1882VcX1i4Lf970s4WmVzqTqV/UKuUPaLvSxC7MI3wkb2es9kLkAGGHAED0EgeN
EIxz+x/XN/re2zhTkLnRxXOC92PNfi6TxZdKzUsu5yyWfrXmi+NMpOVtVl1qVvv9Ka+FCHXXafu6
btBLko6q5xkH310n4t233/W2xpHQYSBkfvCU8P4/Qz8mG/pRtxYB3BI9KWn13yykJCXCSR6et4cQ
2N22XWPjazKZPHI8q8pVCSDOMu7Yyl9R+FFkZDK6XKxWO7lkhJ7dcyHfkhO5QBTl/nQ6n4v5a67+
+3hn/rbBNcfXUPaHd/AHdZy2C/Z9iewiN3HsXVr+E45mntXg86NyCXkKB6ilcsMZ8FylNjo1vkJ4
xmolRadMQxCcoq9RXF+Wd6zPmHap4LlmaA9VdU0LwyDMTD+a0VinbUgiDTGvS5RuLMwAr2aHY6iZ
UrTzYbdllfmLXZVeAsYqrGpvL8a5lol1Gw4EYajrmUz03QlqZd4tzgSESdBsNu76s+vLrSq7vAB+
MKVuc/voPZBNR3JaUkpySZ5u8BO71XTRkGkINxbGudWB53D1u2cECJI7WpuLohXcPvFOjv6EAwP9
cB3QgYSxiQ68AL6uqOujYOZS91k3vquNHqr595pftlQoZsHItCS+tMPXs3Bbna4TmK33FwwmXmp6
zK5yw/y6noGOdnENvflBt2GXrW3537+J3vVWrswJjS1ABg09/Wp6HsjFHo0uz+g4Zb/TZTyadYBx
25FRxydCccTvhOPG4y1GtKX2otSDrN4wrhtK0XFiq2IALdMfIdJnKX009n1mssSpMbnGbjoHJeBW
nVCO5OqJuxGZGvz8HmgdqZ9yJVqamvkSttbfEdffEtPHEQX1bYxtGHQ72m3H2XjiwMGEozt377nB
s22F87ncOWOLCHnJdvy9U5Rt21Og+Xx+/oRwTZwm3XAwSm/v2Ht+MRbso5+EnEeX+tly/bzwms4n
/WnSAyAC+vNZXft8ABID6nAnBzEZ/16WEmfvMVWldqve7Hi74Iz9R3gyy18zF9Z1D3EfxPvvHWXS
gS0iAiS2vY/+GrR11dGMoCHNqsY5dl8iy+RUZT190ENqqMiKOcKPMdy2nTv2rKaaJnW4ThYSdL3C
XXpl5epK3yd4pIWT9oyfMqmFv9/m+taaf/vdIOET53HzFVb3za+H7JbEA4Gqlpz5pfFA+7H6+tAT
8eDmvMFda5DNWh3XJ8y6k4cDONxES277k7r7fc/tdc1h9RhNn2SvIJ0NHyysrKN+9g6VLomD+Io2
Z+XcNsvu/jiiT1tvF7W62iyzm//66P2ma3S2s5cV12yNS2XKbn972CW1hx+6Ky6VeA480FMYbryn
20A/CF5Xl+hng+WLSKPx64UyPZboJV0PvWxzHOeWJwsAGuJ3Cm1w24VS5xFbcrxYaOQerpG7C5S2
5Fve9tpfI01nzLZDKqtqp9/evvdcLuulv7X4kMAUQ78LQ8pXY6nyPQnXgTQM1oQ03LbL3+Ov29R6
fFRVyYGZcHW8Fvr4EIgd3V9v2jOYy/pCHrtZFnlo8p4kF3CHu/SHdosospIGSE5gqSxxtdiEhaIg
yMk7t++Z0tRMFxCf1WN6blsXvHS50xrOQC+5KY8ZQTuCekB/6Xnx5S+02K7COjpzbzsogiF89k1v
yUchNQ33PTPURU/S8C8fhI4O1eVXSUgQbvt3/YyRHrMd2dpQK1mlgu2aQf5mbsaICaMb74RCWpYk
eQPdt/qKcC2mlV1//cadnUhuWwb6z9yBfnDitS17rzeZ5HlRYHV1Td+a8/36GdJbQVOOv8FK3thE
QT3fhC6JH75I5erUwXbXcUrM8XygWEe5g2mul3/lUMvD9GK+kGfs8nOBjeTJpVVFbcHmL//NV5j4
zTaU96anPvOzu901PydEusRZ8Zdvv9kX1y/fvZfkrkyKX9ryE3GW/saZ8l+C89+Ds6dBWZZ9IP31
9+JnC550k6+hdhG5/Q0on0B5HOXbKO/Gsy+i/Dwp9CmU+1D/fHp9H65nUF6JUkKZQ7kX5QGUV6Dc
jfJ7KLtRXoz+n0b5r6jvQHk4vXaSblbBtYpyGqUXhff5J/R9E7awB9eP4R5X+hco30D5c4xRsaPv
4BnoJP+ItveifBdlAuUCyjdFn276Klx1XL+P8lOUr+DewvXJdD+fQ/kC2spJHV/Owgl83yB9Wz4q
/1h5rVpRd6jn1Lerl7Re7UbttPZh7RuZMLM180TmF/qE/mr928a48Qbjv5sHzc+al6xea5/1Dfuo
/bj9SfuS4zvX4fuI8zE34w67J92Pu7/w2rwN3hHvDd7Xs0Z2T/Y9foe/z3+X/+tga/DG4NuhH94Y
Phr+Q9QfLUTvEhK7nh1ABnMX5MpIhmwg/F38k9RLf83fSy825LmKXmjI3mK/n9YZcRo9JNLPXpLW
5aY+alPdIgfZ99O6QxboL8Q6fNV23Cd1ihEb0zojGvLgpC6RiIyndbmpj9pUt2kfuSGtO8AJJ9O6
D/rPpvWA+PT9mI3KerqvpJ7sK6kn+0rqyb6SutzUR22q66SN1edJ9pjUbbaPvTGtJ/tN6gHpli+K
ut1Eg91Eg91Eg91Eg91Eg91Eg91Eg91Eg91Eg91Eg53SsI/MkGPkXnBqmsxtnpuZXpg9N1PcfObU
qTOn54u14dHiofuHTh8emp/eN3Ps3pPTc3vmZk8vzMwVt8+ePInLrpnj06emN585e//c7LHjC8Xe
w33F8dGx0cHiso69a44vLJxdNTJy5uzM6aNnTi+cnD00Nz13//CZuWMjZ2fOnD05M5IOSUas6xs0
zs8uHC/um5mfmTs3c6S4FaOKu6ZPzRR3zh47Mn1y2/TMqZl7hg3jpuOz88nT/WeOLpyfnpspouHk
7OGZ0/MYd+/pIyBg4fhMcf+LdhR3Y/2k846kw2DxwMzc/OyZ08Wx4bHhZLJ0LJ/m8Jmzs5jk0MzJ
M+cHi9Onj/DG6ZPzZ4rT56ZnT04fOjlTFHROF7du3FucXlhlpDudPzw3e3Zhfnh+9qTY5e6tO9In
h1NGH074LJ6mS86P1Bk+Au6PnJw5Nn3y8JkjM//yy2efKz7/wvPPvlD84Qs//B/PvvA/yWYyB+lN
kwUyS86hVkTLGXIK3zPkNJnHfY0MA5UWySFyP6LaaXIYf+cx4jjGLJCzZBVsZAStS+c5vGSWYVzn
oCPcmmbxbEa0zqCMXDXvSLoi78v1ahpXPtsR3O3BLLPou4D6HGjajruToh+/24XrcfQ/hcJ3cRYz
8/7HBK1F0ot5+nAdF/+bZpQMov67Z+wla5btk8/KqT8qdrYg9nMIfaH5WG1xn7wX78tnGlm2SvMa
60DRIDzKebQtYK2isKZ58Yzz8QhatqZr8R3y3XEp7RT7OiK4sw1/Z0T7PaDAwPcmzDQrpLc4dj9q
R1E7L2jlcyQ9lkqEr3cv6kdSDnCaZsToF5EduO5O9988844lM3CuHhCj59F+RvQdA11jgrZFypau
W6fmsODabErJIVxPouW8mHVa0FXvyXc+j2e8dg5lVvifQ4KvxSZ+TgtaN5K9or4AORrLZDovtHcW
9wtCV+fFXIuy3I3xO5TvKpeU7yj/QIrKf1N+hPId5UeoP4P6M8r3+Z3yAyIlYenKA/z/0V392TBd
q42Pj42Njo6MDA8PDQ0ODgz09/f19fZWq5VKT093d7lcKnV1FYudnR0d7e1tba2thUI+34KkKI6j
KAz5a9ds1uNvWR3btizTNAxd/BCdv0xDYH3dJ+mVh68/vuX/qX9PqcpWMvBURsPfjygKWj6iafj7
vwEpnqz9ZW5kc3RyZWFtCmVuZG9iagoyMyAwIG9iago8PAovQXNjZW50IDgwMCAvQ2FwSGVpZ2h0
IDEgL0Rlc2NlbnQgLTIwMCAvRmxhZ3MgNCAvRm9udEJCb3ggWyAyMyAtMjAyIDY4MyA3MDAgXSAv
Rm9udEZpbGUyIDIyIDAgUiAKICAvRm9udE5hbWUgL0FBQUFBQStOZWhhbWEgL0l0YWxpY0FuZ2xl
IDAgL1N0ZW1WIDg3IC9UeXBlIC9Gb250RGVzY3JpcHRvcgo+PgplbmRvYmoKMjQgMCBvYmoKPDwK
L0Jhc2VGb250IC9BQUFBQUErTmVoYW1hIC9GaXJzdENoYXIgMCAvRm9udERlc2NyaXB0b3IgMjMg
MCBSIC9MYXN0Q2hhciAxNTIgL05hbWUgL0YyKzAgL1N1YnR5cGUgL1RydWVUeXBlIAogIC9Ub1Vu
aWNvZGUgMjEgMCBSIC9UeXBlIC9Gb250IC9XaWR0aHMgWyA3MDEgNzAxIDcwMSA3MDEgNzAxIDcw
MSA3MDEgNzAxIDcwMSA3MDEgCiAgNzAxIDcwMSA3MDEgNzAxIDcwMSA3MDEgNzAxIDcwMSA3MDEg
NzAxIAogIDcwMSA3MDEgNzAxIDcwMSA3MDEgNzAxIDcwMSA3MDEgNzAxIDcwMSAKICA3MDEgNzAx
IDIwNiAyMzAgMzI3IDQzOSA0MDYgNDcyIDQyMSAxOTQgCiAgMjQ1IDI0NSA0MzUgMzc2IDE5MiAz
NzYgMTY4IDM2NyAzODYgMjkwIAogIDM3MCAzNzMgMzc5IDM4MyAzNTEgMzg1IDMzNSAzNTIgMTg2
IDIwMyAKICAzMzIgMzg5IDMzMiAyODcgNTUwIDcwMSA3MDEgNzAxIDcwMSA3MDEgCiAgNzAxIDcw
MSA3MDEgNzAxIDcwMSA3MDEgNzAxIDcwMSA3MDEgNzAxIAogIDcwMSA3MDEgNzAxIDcwMSA3MDEg
NzAxIDcwMSA3MDEgNzAxIDcwMSAKICA3MDEgMjk1IDM2NiAyOTYgNDU5IDQ4MyAxNDkgNzAxIDcw
MSA3MDEgCiAgNzAxIDcwMSA3MDEgNzAxIDcwMSA3MDEgNzAxIDcwMSA3MDEgNzAxIAogIDcwMSA3
MDEgNzAxIDcwMSA3MDEgNzAxIDcwMSA3MDEgNzAxIDcwMSAKICA3MDEgNzAxIDcwMSAzMzYgMTgw
IDMzNiA0NTEgNzAxIDQ2NiA0MzcgCiAgNTE4IDIxNyAyMTYgMjIwIDQyMyA0NzUgMzA4IDQ0NCA0
NzAgNTE4IAogIDM4NyA1MjEgNDc4IDQ5NSA0NTggNTI0IDQxNyA0MzUgNDQ3IDQ0OSAKICA1NDcg
NDQ3IDQyOSBdCj4+CmVuZG9iagoyNSAwIG9iago8PAovT3V0bGluZXMgMzYgMCBSIC9QYWdlTW9k
ZSAvVXNlTm9uZSAvUGFnZXMgMjcgMCBSIC9UeXBlIC9DYXRhbG9nCj4+CmVuZG9iagoyNiAwIG9i
ago8PAovQXV0aG9yIChcKGFub255bW91c1wpKSAvQ3JlYXRpb25EYXRlIChEOjIwMTcxMDAxMTkx
MDQwKzAwJzAwJykgL0NyZWF0b3IgKFwodW5zcGVjaWZpZWRcKSkgL0tleXdvcmRzICgpIC9Nb2RE
YXRlIChEOjIwMTcxMDAxMTkxMDQwKzAwJzAwJykgL1Byb2R1Y2VyIChSZXBvcnRMYWIgUERGIExp
YnJhcnkgLSB3d3cucmVwb3J0bGFiLmNvbSkgCiAgL1N1YmplY3QgKFwodW5zcGVjaWZpZWRcKSkg
L1RpdGxlIChcKGFub255bW91c1wpKSAvVHJhcHBlZCAvRmFsc2UKPj4KZW5kb2JqCjI3IDAgb2Jq
Cjw8Ci9Db3VudCA4IC9LaWRzIFsgNSAwIFIgMTIgMCBSIDE1IDAgUiAxNiAwIFIgMTcgMCBSIDE4
IDAgUiAxOSAwIFIgMjAgMCBSIF0gL1R5cGUgL1BhZ2VzCj4+CmVuZG9iagoyOCAwIG9iago8PAov
RmlsdGVyIFsgL0FTQ0lJODVEZWNvZGUgL0ZsYXRlRGVjb2RlIF0gL0xlbmd0aCAyMzUKPj4Kc3Ry
ZWFtCkdhcUtoYjZsKj8mNFE/aE1TJk0zbUVAQ11kXUkxYURNMFFHXEVZO2o6bD41T0whczQpTCw0
cTdFJmg/ZyVQUEY3SjdDdVIxS1kyJWZPYm9oSm9gYiVfczhVMUpaRztJQ0ZDPldaJ1ZsN2pSa0pB
XCQ9JlRbUCssYUE3JFY6Ry00SlQ4J0k1LVdOY1ZAYV88UzVTUjhdNkU1QCFcQyEhNi07J0dwIipd
UDhQP3NkTXBJYEczI0FQWF5mbldoZE5FdS0kUydpPj4lWjpfKVVgU1pBYE10Zl1xQyNyXWlJV1NW
QkdscTAxNEtufj5lbmRzdHJlYW0KZW5kb2JqCjI5IDAgb2JqCjw8Ci9GaWx0ZXIgWyAvQVNDSUk4
NURlY29kZSAvRmxhdGVEZWNvZGUgXSAvTGVuZ3RoIDY0Mgo+PgpzdHJlYW0KR2IhPE00LS8sTSUi
TlIlJEJCUC0zZnQnSj1HdW1NL2Q0QFpcQV0hU0otJiRgcXU5IzRnTXJhVG01KG9lJi4jWFI2KSlG
cidJPGw2Im9FNFohO0thN19dbzNxUFQ/RHMoPFJgZ11lJy1zMzAqVjM0P0ZFM0lDZWxvR3FOVkc6
N0FuKUpGV14oOy8lOVRBTGZoK1pOZDFPWGQhc1dHVHQnUmRUVUF1MGQmXF1LTExoKiVRMnQkOyNa
ND9QR2skJCdVKnU8XE1WTGBDdDskLi5nT0FtazBBdFJJQE9HXWlMcD8wXDstZTRHQmssJidHJDhG
UWMkIjpYWjJISlEnQWlkZUNCKyhFRWd0VUNlMV5NJCwuR1swcCU+LVJgPVw6KFZRUVEiY2BnX2tY
PChqaDpxRjIzW10qUyNXYzk9YVN1Iz1OR2M9QCI2Z04hRDxlOGpGQ1w8TS0nJm0xbzNWWFJXIj0r
YGxsaGRqOWVvcDRkYD4xcTsock5LMzZqQGFGKERjKGQ+JHQuOUg4SW4+OENuYG8jWD5WIzAqW09R
ImFNWGlNSVNqWV07IztFL18hPmQvJT0uLUpmVi1lTSRcRTYoOT0/bHU7LUwxYD5VI1VqPzNVU1l1
aUY3Lm0rQURJZ184TXM2VDkmYDppU1tfdDQnTVRcOVY3YyJxWFg1WUkmKlsxJm0+Tl4wWnE7Zj9J
YTdIc1wjI0RxVidBbz89XCIlVi1EPkM4XV4oUTEtRyZDKGNTUyxdYE1OJEo7ImdZZUZbWiRVQVdE
JlFJN2EqKEs0RWhlcFklNXAhLGdpKUZNLDQ3JUNpN2lSNEVEUyoqS1M9MV9LQzcoTiFbSTFJV0Fz
Sn4+ZW5kc3RyZWFtCmVuZG9iagozMCAwIG9iago8PAovRmlsdGVyIFsgL0FTQ0lJODVEZWNvZGUg
L0ZsYXRlRGVjb2RlIF0gL0xlbmd0aCA2MDkKPj4Kc3RyZWFtCkdiITxMXFc1XSglIzAqbiJqOSVf
KnFAVi0lWCtjKEFjTldPViIjVF1ZV3JjZF1STVsuUSQ+JGxAaiNJZTVuViUzJ2BJIWdMZ1k9NHMn
JFFHPzQocSs3NmxJISJkRThicF1XbT9sc0dMQlZtajI9KEhfQjhvWD1LWWZsWUkxYTY6dHEjTWYt
VTYpNkdiKVIlQVY/VmcuMmhrcXM1TS0qQGo8PzgkPyFiJkIvPVtlTDg+akUlIzMrWyJoL2xASXIt
SEtdXEdxc1hEWD0iRVEqJE9IQTJhc0tVZFdZZFU5RCREWWFRZlEnKS1yNkw4VDVmWkspbkNnV1dO
Y1lFcilccmRDVjNvWWJITiFpXCkjJ2k5PldbO0FhSFI1QkBwXmwuIUInNStzaEVMPVYtTUUhLE9I
blZqRzdrLjpNNk5qSUMoLF0tWDFDJTswSmchamwnNVVKcDdsRGNFSipEJWEoajpQbiNEXigkS28j
UCNyViRlbUlmQ0ApZlk0SWplYllSSD1QVUotcD5QTk5wZyJHKFpGLHVIPScoO1dSNDNEbm5kMDxY
WE4wWDRUQS9TW1VUPGs2NiQnNik/TVMudSNdWW4mJmFMRnAqalNmOkdOUDpbdC5QPVpyVV5hSTUo
PF08QkRIdSs9LyY8PmlUI2UoUmQrIVFKJzpgTzcnLXBhLk0iXmZOV0NlPF5Xal9VUlpAbio2OmQl
cDs2NCxbLnAsIXVVRyxyZlY3PlVoNUdUTGdwKzdgVSFJT2tMdGtJQ1ZTN28hc09UN3IhKVFANVRY
XFNMNUIqM2hqKCFWLFxKUkt+PmVuZHN0cmVhbQplbmRvYmoKMzEgMCBvYmoKPDwKL0ZpbHRlciBb
IC9BU0NJSTg1RGVjb2RlIC9GbGF0ZURlY29kZSBdIC9MZW5ndGggNDk2Cj4+CnN0cmVhbQpHYiE9
NzQpXWEqJi0xWFo/WkJRdFdvTF50Y2g6UE1SQ1pALGtgPnJSPDJwWCRjMlNsMzRIYmpjT0BcYU89
VSssQG9ELWk5I1pfMVJhKGJfR1IpPEJpSi06LSJrX3QvbCJlUD5QMVcvMXMmMFo7R1JsK2ZpZl46
b09hNywyVCFALVlFXnUsWUxZQ1YpJzhhNSg1Z0ZiKGM4VC5YP2gyOWpmI1oyczorMF0nIWxicmRd
bU0+QChhUjp0UzMyNzheV29MVENrTSFlNVU+PzAzRjlSYEttPDFLPmtAZm5YZ2khYF1AMmZQMSNc
QXFVRy4yYk9RSCVPcFkwXiRIT2RcJDxlcF5uaE0tUi1ZT1cnaCI1Ny9ZT29qa2VUY0FKbEpGSk1N
VzNlSnAoImEkTW0jSiIyamlfVElJbkdkclJYIVlBSltTRjM0YiwuRTxFY2s3LyFBVlJZOk9eRVIt
bzY4N0hTKyRSLjQnXT5OMismN01JJyUuXHAuZGxhTmYlJUNWaGIqOFdWRTpfcFNvKm9iWkAhPldf
QyptOmBiPT1yMHJfRWs0IzAtUlItZG1NLTdGXk1jcGleNmRYXGkmcD09VGtSUGYnPExvTT1JRGpZ
JFdxbTktZks4IltoZ15uKks6aShWUFEscjZNOlRUP0NMOX4+ZW5kc3RyZWFtCmVuZG9iagozMiAw
IG9iago8PAovRmlsdGVyIFsgL0FTQ0lJODVEZWNvZGUgL0ZsYXRlRGVjb2RlIF0gL0xlbmd0aCA0
ODYKPj4Kc3RyZWFtCkdiITxLOWxJbSYlIzQ2TCdnRCVRS1wva2RvSyRpWkcrIlQ0JVVAYDksIyhD
O3I7WFtpMCpoWGVnMy9sLjJtIiNcSU5MUjljbl9oUDxaP1JlI2tKMyQnI1kiJC5MWWJdPz1OVnJp
TlVgOG47XyhicGlQXVJYWVU6JElBUmtkTGA9SHUubmZGUj0tQWFnMiZQLlxWKUlNbU9wSURNTlFi
a2NfaWlCJ0VVUTtZKnQwckZDRmVPbltpVCMqaEYlM2twYFIwcHFhZFElMTYvRUNbXVQ4RWxQJ0dC
Vl1zWzw4UGI0KyckYW0yZUwxYC5RX3NqZzJJQzlFUytnZCE+WVczUjE8TShDO1sxK21YYm5rXSll
czkjTD9JczUhbS5aMzJXYjQ6M0BnNTVTUyprQiI8WCl1bjwwO2dGc2RGR1NMPFkhaFwuaVhDMnQ3
YWYvXXQ1WjctP1FDZ0BhXzgnRj9uLnRXUkhcWihuNVlwRj4sUVI5QWhjZ2M6MDJaMGxrWyZla0le
bylJTjI5b1tcVCdRcStOW09gY2Y0OloiPUtUPmdlYnAzSlBdZFBaOkooOik8Vk4mKkdpJmxpNyVb
Xl0iOTJUWmY/Jl8vPDxUbWRJc1phWDZgMjk5JzFnMFUnIWEubVM0dTl+PmVuZHN0cmVhbQplbmRv
YmoKMzMgMCBvYmoKPDwKL0ZpbHRlciBbIC9BU0NJSTg1RGVjb2RlIC9GbGF0ZURlY29kZSBdIC9M
ZW5ndGggMjgwCj4+CnN0cmVhbQpHYXNiVV0rMlwzJHE5bz5gPnM1WyZqKCkyPFs9JjdPPjp0XUpW
O01ScmRWXlRVSFg+Ni1xXiU6ZyEyX2pfPEBXa11sXyVSQFhCQDMsTWtcZ0cpLkxjQGVIaCRBOzE6
U11JJ1trWk0oazI+IjFsVyU1aXM0cDVpSVpXIj8vZFBoLSxqakwxU0kvbTlUOWZpWDUvQSdjZiE2
ZCtpPk8iQ1lSLShCNDM9ZWYrRDRxTGVBaVVlVUJIZSgmdWxzK1FuO2wwMG5TNFRSdCkxVVhlIzRH
dUlFciY2SFxERFlNOiZwIlZubyxYWGBwKydJW1UqPVpyXEpyTFtnVHJfVD00MXRZYC4mJGUuKjZY
N25SP2dXODpKSUdcQH4+ZW5kc3RyZWFtCmVuZG9iagozNCAwIG9iago8PAovRmlsdGVyIFsgL0FT
Q0lJODVEZWNvZGUgL0ZsYXRlRGVjb2RlIF0gL0xlbmd0aCAxNzkKPj4Kc3RyZWFtCkdhcWNvXWE9
ZywlIyJNK01DSk0/MVdmJ3JCLklZLEYtLHJSNzciSENJL2goOmpVYF5gNlxhWjMnWi85VkRcSSkx
bG44XSdwXUh0ciJNYHNfQDFLa1JRNiU9b0dZQ28lcE8zPVxsJ0pkKypeMmxKRk46dWlTUDdjRlUs
OGxNayVaX0Vsb15eRDQrXFwxTC9LOEhXM1YvbWkjPy1USjtjPWhyYVZkKEBnckl0Ii4tO0U3Zn4+
ZW5kc3RyZWFtCmVuZG9iagozNSAwIG9iago8PAovRmlsdGVyIFsgL0FTQ0lJODVEZWNvZGUgL0Zs
YXRlRGVjb2RlIF0gL0xlbmd0aCAxODAKPj4Kc3RyZWFtCkdhcWNvXWE9ZywlIyJNK01DSk0/MVdm
JU9EQ29PNUYtKEUoNzciSENJL2gnbzxDQC1iYTxeUXVLZVRtYWI2L2UpcWlhPlVJWTVXbV9UdDJm
UiJLaT9GJFVpW08vWV8iVChnI1pySzs+LWkiSXI0YzgnJUlQJWUsZDA5J11TRiZnSGhWSCI6USZa
MSsqXW5Ob1lYN2BjUTVOIUppSXQ0bV8xQikuMFxDX10lX0Apb1gvNk1+PmVuZHN0cmVhbQplbmRv
YmoKMzYgMCBvYmoKPDwKL0NvdW50IDAgL1R5cGUgL091dGxpbmVzCj4+CmVuZG9iagp4cmVmCjAg
MzcKMDAwMDAwMDAwMCA2NTUzNSBmIAowMDAwMDAwMDczIDAwMDAwIG4gCjAwMDAwMDAxMTcgMDAw
MDAgbiAKMDAwMDAwMDIyNCAwMDAwMCBuIAowMDAwMDExNzIzIDAwMDAwIG4gCjAwMDAwMzA0MjYg
MDAwMDAgbiAKMDAwMDAzMDY4NCAwMDAwMCBuIAowMDAwMDMyNDQ2IDAwMDAwIG4gCjAwMDAwMzI2
ODcgMDAwMDAgbiAKMDAwMDAzNDQ0NCAwMDAwMCBuIAowMDAwMDM0Njg1IDAwMDAwIG4gCjAwMDAw
MzY1MDIgMDAwMDAgbiAKMDAwMDAzNjc0NSAwMDAwMCBuIAowMDAwMDM3MTAxIDAwMDAwIG4gCjAw
MDAwMzg5MTMgMDAwMDAgbiAKMDAwMDAzOTE1NiAwMDAwMCBuIAowMDAwMDM5NTYxIDAwMDAwIG4g
CjAwMDAwMzk4NjggMDAwMDAgbiAKMDAwMDA0MDE3NSAwMDAwMCBuIAowMDAwMDQwMzcxIDAwMDAw
IG4gCjAwMDAwNDA1NjcgMDAwMDAgbiAKMDAwMDA0MDc2MyAwMDAwMCBuIAowMDAwMDQxNjU2IDAw
MDAwIG4gCjAwMDAwNTAwMTIgMDAwMDAgbiAKMDAwMDA1MDIwNSAwMDAwMCBuIAowMDAwMDUxMDM1
IDAwMDAwIG4gCjAwMDAwNTExMjIgMDAwMDAgbiAKMDAwMDA1MTQwNiAwMDAwMCBuIAowMDAwMDUx
NTE1IDAwMDAwIG4gCjAwMDAwNTE4NDEgMDAwMDAgbiAKMDAwMDA1MjU3NCAwMDAwMCBuIAowMDAw
MDUzMjc0IDAwMDAwIG4gCjAwMDAwNTM4NjEgMDAwMDAgbiAKMDAwMDA1NDQzOCAwMDAwMCBuIAow
MDAwMDU0ODA5IDAwMDAwIG4gCjAwMDAwNTUwNzkgMDAwMDAgbiAKMDAwMDA1NTM1MCAwMDAwMCBu
IAp0cmFpbGVyCjw8Ci9JRCAKWzxmYWE0OTE3OWMwZTU3NzNjZDIzMGYxMDM5MmI0Njc0Yz48ZmFh
NDkxNzljMGU1NzczY2QyMzBmMTAzOTJiNDY3NGM+XQolIFJlcG9ydExhYiBnZW5lcmF0ZWQgUERG
IGRvY3VtZW50IC0tIGRpZ2VzdCAoaHR0cDovL3d3dy5yZXBvcnRsYWIuY29tKQoKL0luZm8gMjYg
MCBSCi9Sb290IDI1IDAgUgovU2l6ZSAzNwo+PgpzdGFydHhyZWYKNTUzOTcKJSVFT0YK

--===============6827823851871727827==--

-------------------------------------------------------------------------------
