Content-Type: multipart/mixed; boundary="===============0512906391361123875=="
MIME-Version: 1.0
Subject: my subject
From: cleanapp
To: paul@polo.com, Or@refael-t.co.il
Date: Sun, 01 Oct 2017 19:03:12 -0000
Message-ID: <20171001190312.80428.21230@users-macbook-pro.local>

--===============0512906391361123875==
MIME-Version: 1.0
Content-Type: text/plain; charset="utf-8"
Content-Transfer-Encoding: 7bit

My body
--===============0512906391361123875==
Content-Type: application/pdf
MIME-Version: 1.0
Content-Transfer-Encoding: base64
Content-Disposition: attachment; filename="myfile.pdf"

JVBERi0xLjQKJZOMi54gUmVwb3J0TGFiIEdlbmVyYXRlZCBQREYgZG9jdW1lbnQgaHR0cDovL3d3
dy5yZXBvcnRsYWIuY29tCjEgMCBvYmoKPDwKL0YxIDIgMCBSIC9GMiswIDIyIDAgUgo+PgplbmRv
YmoKMiAwIG9iago8PAovQmFzZUZvbnQgL0hlbHZldGljYSAvRW5jb2RpbmcgL1dpbkFuc2lFbmNv
ZGluZyAvTmFtZSAvRjEgL1N1YnR5cGUgL1R5cGUxIC9UeXBlIC9Gb250Cj4+CmVuZG9iagozIDAg
b2JqCjw8Ci9CaXRzUGVyQ29tcG9uZW50IDggL0NvbG9yU3BhY2UgL0RldmljZVJHQiAvRmlsdGVy
IFsgL0FTQ0lJODVEZWNvZGUgL0ZsYXRlRGVjb2RlIF0gL0hlaWdodCAyNjAgL0xlbmd0aCAxMTI5
NCAvU01hc2sgNCAwIFIgCiAgL1N1YnR5cGUgL0ltYWdlIC9UeXBlIC9YT2JqZWN0IC9XaWR0aCA4
OTIKPj4Kc3RyZWFtCkdiIi9sYkhXJjElN0VBLDY4aU1STz9HQWVSM3I1LyRTISJDZ21OJG9PU0Rm
SjNIOTkwInFtUS46L1FFImxhOG5VcjkoZzc1TWA9PyEhISIsL2o+JkkiVStsKyEuXGpKSG1bdGgh
ISEjV2lEZllJUzBuOjohNVBBbltAMCdOISEhIkxLNSVmXWZNMkRIIS5cIV5cIS9qSiEhISJMSzUl
ZldmTTJEcEs6PClHVFU5b2dNIV5dPUk+MjdpKCc0TCJBXjNIX0tnLF5PJTsxY0tcVCdrNyEvcT8k
Q3E4YHBVIz83Sk9SW0ldOUZfPS5eZG4rMD4zQDpvUnQ3PT4ndXVCPWgtUCtrISEobS5wRltJN2tw
MUZUIjdVPGttK1RdMGBybEQjLEExOFFfcl46LG1PSj1JKiZiRVBwVywmaSE7T1FCKFpuMWJrSlIm
ZCQoTmBbRy9xWlkhPEJYZmU5YzN0Xy4yR05xPzQ2dWcvbyQwMGBfOkw3SmhlL2MrXz9gMF4mJDpI
IyxPTEJiIig/M0U2Ll01Vl9qYEIqbDM5biY7TzlCPDlBLGZQPiNFUjdxZj4vWkpkTlstVy00NCNq
IW0oPk5cRWJqbWxPL2BuQGdSTS4uayxtRj83YUpSUjBPTWYzaSxJLlg9RDouI0YrJystJFM1XGJv
LGxkb3AqcD5NM0VGX3IiYDBaJWBuJiFfMFQ0J1QvT2JdMCgvLT5sO19JTUVhMCtLVGQlbTkjcihq
UHRCWEpSYE9PQ0YsWiEhJ3JfWko1PCVuSEVaKUQ4ZC9obE1zQ1shaV01TFImLVwuPjs9KVAhISVV
WTMuTElPKU1QLHVpWlsnYTQlJkZlKVJqRVA8KURxYFNtaS0vISJqMT5KK0IrJWooTlhoY0hpRWUu
XUJWQHAya1NGZztSJCshISVmdF5VZVgoJnIxakFbUXNeTVZYc0NuMWduOj9lIU10ZWROcFc1IVdX
M0UnSCMtXzAjZm9EUi8sWiMrJTtxKlgqOiZRXVw1K11AT19OXSE7T1hGXiNyWUcmXkk+TEo7aGYv
RDRhTGchR2NcRWBrOS9EPTdvT2kib3JVQERgRHNPK2pbKl1MNVxVTHA7c1wzTlldKjw6RyZRbitm
UkZTIS5eLSskW2dbaW0sTyRTQzs9bVNOVl8sT2pZaStPLSE6M0o6OFEtUW1XKE42OmRQVV9qLzJG
M1dCVkQvRFVYdFlRaldvUDRIYjBCITcxSHRPcj9kUC1lISlzPjI1dTBbNixaNl5iT3BLVj8qOltC
aUtDUlRrb049ZW9TOXE6LmJpbkUhQW1nZGhrKksvZW5WVTpkXHVtQl90SUVCYCxATCEhKGViXDRx
PjJOL0Z0XjpkUFZqPykkTDxrcmclPT5KWS5WISJiaklFNmM0bSVrKy0xSmhHST9CZnRtLDRLVm9p
IScwVi4nW1FTM2tnQlFZaTZcKXMwKiI2QWcwPTFYW3J0IkMyOi86N28iXnFgWF4yIVg0QixERyFN
OG41JyQ/az9jZkJYdUlwME1jITsibiJZWl5ULzA7MCNpb0xwO2NwU1pPTCEmMG9GJSw6NEhNa08i
b2pGTUIlPi5qbjlfcUVrTSpUMz9EVGknLnNKVEg8P1lsSEhWPD1Ua2xtWTVTJnJVbk88QkNgRj81
SDdoMTMuKHM+KFVpMSNJWnI0XV1tOmUzNDxvbjooKjhEKCxLVCNiJkdGci5OREEuSEBJbmlSYXIo
cSpNcjNOXUJSKlJeSGJqQUAvQGVKOSRxJlpoN0NQNmMiNkdMVCc0aChEZ2V0IyFoXE5icmhKUGIo
UXVjWVo/T1pmSkU5Zjg0MzRRPkpmbFRJQSswTWstXmA0WDQlXy0jLG9sJkhTMyJOITRRZlhpXEFw
PExsImZvbydZLyJoNTBDV0BtZ3M9cSxDXFQyMDcjJTA1WTFYVGhdLzMlIW5iJGUscidMdFw3Tk1B
XHFaPlFMXl5IL1VuLU5uaV1BWnNRcnJzO2Ffb0RlJUNmXnBJMWU1YSpgVTovNidALHJOKlcqalZy
azU+RGsoKiE8Q1VgMnIqa2xbX1gwa2pwIjpZaW1dY0MhVlVdMDVDYWwoNkxIXkVWJVlsMkIqSFg0
O0NQSidWMyhFPjRzR1x1UCZMRylsbUM5PnVKNixQMkJoRzEjUD05JUAsLF1SLnFOUV5kS2ZtW1Et
XWU4L1wkZjdfcURdQ1EhcHIramFTJU5KKkhhUVFDVzRqLyZXNGVCZlIrW20sJVApX2JvIyhdPTVH
K1dwcmYtRzs3LWFeOF4yX0JsaShwZUtnPmt0bGdoXlFFa09kJD8/TD06Z19TRkgtRiVpaj5sVlky
VCZeP1ZDakZWbSQrKz5ob2Y+QCVCXjJfUihpQVxTYVNnMU82WVlTSnVwYzVJX1ReP1NoSlRFX1s+
JVwxJVVLR1JNVl8qOUZbSlstOF8vR0dgVCpvIUZOPWNOaXFgJjtBbjBkYVNESEdJPWZJYTElcy4m
TF9qLj8uVCFwPUNAWypCQSk1ZEElTTpMIVUvRzJGaC0/QmhMbTNHb0piRCk7ST1mJ2hYcCQsUlhF
USM7aTxYNEFsKFolUHNgcidrNVxVQypOdCtrK18zJUQqR0JdQ2FnRC1hSVBTXypeNzE2JDZkUDxx
aFQ7LT42cE9fJUJYTj5xYDliQy4pMDYnci0qTU9pWW0+L11qcSMpOmItMVtQJC1abCpXMD9JKypJ
WGtCJjg4bkEjTzhtTWROSmQpKVpjLDcjKnQ7SDo/U1RXbEYmN15bNTloUT5LbEhTVEcqayZkSmBJ
PmEoaUg1VFlpLnFyLm1hQj8tKDRcPi0jZz0mKmJcclJnaF8tOCwmRFUjUGdOSms5KDhCOiYwaWo1
c11bKUlBcjxhYC5uTiJSSkVWNExFSSU6ND51Sy9TVSQ9Z1EyL2RBP1g/cSdAciFcclVZYTV0UUg2
XWxPQidBNXBcRTVyOSZ0WS0jMSE7OWNIVSRUPDAnTFYjST9dZS9ubj4mU0E+UDZQazQ+SkZkNEs2
QTFXNmd1cykycVhXJUokUkgpLSE/MyJOZ2MpbCtpVVRaQElmdC5YMCZrJEMmUEU7TURxdUxcc1hL
bVRlaltTPUUiLGM5PC1cWVtYUThLI0wtUlklPSduYkteKGIsZDAoYXVOOmZwYlBFNippM2k6N11N
biQ0UE0/Xk49VTw5RVI2P1Fjc1VxSlNXQ2ZkaCRkUyRVbyciNT0vbkplNWxbU0tLNyJCRGFdT3NX
c1lUI0ZoI15lKE09WUxHXmVRNzVBMzlsPjMhRykpbF1RVlk3MEdFPShlbV1fby5YJ1g+UVFXM09Y
V3FwVERuKDkrUT11SVJSPFNpSjEnSEROIStlcnRXRk0lTkZqTCpVaS9tcThzZlpSblZvb0tXTjJZ
bUo1V2BPUTlBXmwmV1hMUiQlTl9TLjtpVWg+Jlk2YkUwPjJGXEVvTlYlRVo9c0UxMDlPam0+Ll07
MjRmZDpfWC07JXI9Mk0+bChVLVFHZzNZS1BoSjZ1SVhrb2ReNWxqUjtNaGRJVzRpKUhcbWFtRklq
OyMoIVlqK21HTVkxTC5OcycvTVVkMEg5YmM3byhwPE1RVzs1Oj0nTWdEZio/PShiKk9YallMOT82
I25uY2dJPVkqQzkpQCdPPiRdQyUlKi0lIkMrPWM+UVgwcmIhbzVwaylaVVZXXENUclBCOD5BVkJO
ZD9jVCY/TVY6ZFo5Sy8/KUdJXmZAcDZxNCFxTjM4OzZIMEBJIkg3XDk8WV5AQGxFJmdZNk1LOVc5
UikvLFQoJlkvUy5nOTdjMmtXL04uLlZxQHRnIWhNZU09Q09eKWZdTjwuKmcjRXRUKmRSUGFiQS1Z
cT4oJ3U5XV05cC0wQm9fPFZsQ1cuTUxuLS9DOV0wOVFxTD43WHNXVkMrW1wvbFAwKkFEKk8zOD8v
JEI1ZiEsWUUzcm1nQCQhVkhQME9dNUFTMEBCJjhGLCNzNWl1NG9wbCMnO0VzKD5NPEMmPGtbSyIh
Ul5VQ0EqSEpYJnAzXCxMPV0jZ1ZhVDtUP15ET2tSVTopOSFvRF9qOU9vSURxPTs9QSdtPmYxPVJq
R0BVVkI+alxuLWdQPTtyRnQnKW1TLWRAJC83QkUrbFYvOkRwNSY9QyJcRUhTPURcQTBXT3AuYVBV
JGNEVkxSaVU/UFsnJU5AYG0vQU8jIVZxJmFVYWUqOmVCPTVGRm9vUWRWTCk3InBcYmNFYUFpbjVS
JTQyOjx1byNUTXRtITdYRW06LlYtI1I9JUI8UDJPPG4iZDZsPjBfX2xtWEcnVUVQWl1nU2hSXCgy
LyRecz81a1kuJXVWPC1Eci9EP2sqcFtNLD1zWzgkVk9VRSliYitAOzsiNXBAdElAMSwtI3NFUS1K
VENrNUJDR2lnbVVHK11UJGo/Zzh1RlshSz1uQmpcaSojMWY4Jm5VZ1QhKlQ5US9VdTkqPmI0NkdV
PC1dNz5SQGxdPzpmPm9AQ0BKQChuPkVsIVQ4QUp1OyNbQ1JWUU49OFgqPD9cKkReLitDJVw+dV1P
OEomUThZcFBHb1AxNjs5TiolQXFLX0U1dFBAR1drbEJGXzRVLyxEaHNXM1RhPTsjRWdOIURQRXAo
azFDaHA5YnIoL09vcWtLc0FzXENBcDQvMGctLCM7a0VZX0U9VEo5O0s6V29QS1lgLWYzMVxSSS9N
RzZKR0JsP0dWUXEkYkVWO1tQcU4+bG9SZmomKWBdcjtZdT5Hb1dXNGVsTFtHciRZSjRzUWtJSyMw
aWwxRzFnODhbS3FkV0VELVdycF0oL1ksSmZXbk0vXXMvXFJZLU9IdFZDXEtVTmMnOjteOmxGPiRn
QyIrUk4pblxBNjEkNSJcQiJKQE1HLjtjSy5wOD0wQVZDVi1PZnRfV1tlUV41Oy5ZLDZbMzcrMmhm
TTUnMi5VNjZCMVRfOGovdVhiMUQ3KThecT5WaE1eVkVUWkRub21CTSMhNDtuODQ1cG5oWEBwVidw
OlhqNkdtPGpPbCs+WmMxIk5xZWRNNlQybFc0PU90dCdDKmk2R2lfRUYsWUcyO2xPO0AyWmgxbjde
b0ZFJ0tzLlQhcGpiJ01eOjooUSo7WGk8Pi02ITxpdGRpXD1qXUkzW2FhNmhsPzpxb1VcSSlVanRg
WGVlRSVbWHJyampbbF4vdTQ7V09cOyw5I3AzTmd1ZDQhRmAtWiN1OGApcU1mZy88MD8yZ1ckR0JM
Vy5pRjM7TTMvbmdNb1Q+aWFbcmM4cGU3TlJsUD9jJFc6Zm0waF5BXlljRnQ7MihZXmZFZTpkOC5T
TTRsV0lhaWNcZVpDcEhUQCtZXDw5aDlNWiwzLjhlJUBoaDJXRmAnSGNQXT5eR14xPy1AZnJULGtc
SkErO25QR3IqPVtoaWFxbEdDZ1gxL1xgYzJba0VvRDI2TUtHSFFlQ2tNMzxcXWdQO1FrJGBNNChT
NUorPillLjs9QlpzXy1sY2lZV3FXNUs6UmlSIi1ObnBTOE80Y00vXVo9QGxdYCRCPk47Sz88PjFZ
Kjc9XigoPlAqXEtlJCllXzlJOm08Jy9ubVptJEBRby9caG87YUg7aUckQWNKdCpWP1JSLmtkaUtk
O24nXFVLJVxnVSYlSlg8KDUqXURmYFdKNFY5NWFnJl5DPCZjI2k1NDtjKSlzKWUoODRlV29BVVFD
TztRQWNIW0lrPSk3WHAwJlhQSSFVYWdwNzdqJEhZVTZvVTA+b2VYQ1c4Sz1DYDY3UmtMSDVxMUAj
VG91RDpHYk5gODJRbSFeQ2grZCxgM0gkOldwQVskdD9LPk1gYGY8ZCohTm1bQm9FXjBIK3I7NmRI
MyVUUidkSVgjYjxBSSFkUURVIi81S20oLSNXZihWZD91Ui1aLXBXVl9WIj9hYSI5SVxHcyM+UC87
K20wbU8rX0NhUE9PK1ozYWxHVSlkbkZmZSZuK2JDKCkxbktyI14iVE0+WGMyVnVHR00oclVuaiJJ
RHBhWFxbXz83NjY7aV8+Il88NTwxL11wSksvXHRAXCZRQysxSTo8J2Y6WTo6NCwqLlcuRCNVPWc1
dSJAPXN1IWBXUURqTklrKWBnQWxtInNbMjkoZ2JAcVpmZVJmPXJIKjZKPj0mckJvcWwwcDtNKGg1
LnFfXTU6T3RndE5bOFY1TkNwWUFRLSskS1JFYC8qSnBdIjhgN2ErRWFnUiYtYic7aixPPV4tNyQj
IzpQWTc3Z0ROWktkPWhDTC0lRGlqQSMmYk1HPk5VcC5Oa15kXTlLYEY1ITA9YFJEcURvN21rPUM1
NjBmWiJqVFVSWWkkZnUoOGVJITRlRGxBQTEjP04jaEdGSWphIzAyWTFSYHI0JEloRCNzKXIkM1Vk
PWBRdGFiTEZbTGU3TTlVYTlgayNgZzptYFo4UidecDc5Tik+dWs+WmciaVxOO2hpQVdaRj0nTik3
USUobnU1ZFBHYCVzVlBFMCxuPjk+Si1iaztzX2QxNUItLlhvaC1VUGE2YSJIQF8ybm5KaDw7VUU0
RkA7LUg3VkNrJXI4Ul5eXlJKbF09MiI2a0EpMSlRZC5CP1hEYE5LLU8hcCdHNTQvTkBWR09sTmlk
Z0dFcHEtLUVCSCpySlkuSGszbF1TJFgobm4rXSNeRXFyQmchPyZRM3VoJlRiSCNKcjtBSlRLPCpi
IVpOKShwXDk/R1c3WSlNYDxpMlA9J3AzaVo4PEJpZF1XaGNIQkgwKVRaVytpI0hBNmthQk9ZaCQ6
UDpkNCQ0bl5JPkZxOVllT0ZhPTVKPTxLck8mXkFzPENyQ0xlVFdQYz1hcCkrJEVsbCotJnBhVl1W
TiQ5amdpTV5DTGNEX0slZktHMlEhJldlJ1hUTTJHUDJpO0siPnUpKyZNcydAJ1JuPURMcjdZM2Zg
Q1E1YDFoTWFWKTxtK0UlL1dsaUNyYWUiYSJMOWFQbUIzNCE6QFBLWl9mVVooX2QrOS8tITUkTz8y
SXQ9Yi5qTVo6RDEnR2hCP1thRmhUdVcsKCwwa1csKkRLQl4uUkBkOjgrOF4jb1xNL0FALGxDOGxu
QV8tXVBJNURlWiYycCgjMTgkRFkvZFUzYFovYGBvYC1BQnFgZCxlSVNxRTsrbTEpT0AwN1NGaVg7
XCdfY0prLHA/KmkyW1JLbDRmKm5eQFUnOFhDYS0sLCJ1RTpRXV1jUV40Sj90V0BDUWpeO0d1XF9K
JGNvL0E4UDNzLmcpQUVwL0JQL1Fpb1ExN2UyQFFXOD9aYSphX1sqZGhKI2k5U0VXY21WW09QYm1e
TS4/XlxNUSorcWZHIkZQb2IsWCQpPSt1T0BBYS8lJCdJUmI9S0cuRV9DPVQ+ZzYnNGgvKDhQb2Y9
VUsyTy1XNiEnaU1GVlg+MypeW1IsW2xJKUFSIkJaNlVQTUdcVzYyckE5Z0MxWEs+aGckc2hLWVlU
Y3BQYl1vKSNgXkdgRCtPUERsXzsraS5YQiQxOTxaTjdSQTxgLU9SIm1uKksqLlBJNj5eTGspN1xQ
NikuITw6bU03RjdJSm1DZTopUVVsT102dV1YVWp0KmBZJV4qYi1VLiorLEdYMlBiTyFdMUFxX3Fd
JTJBWjpGQzEuTWg4SU9zKjs4QGxPaDs0LkQ/YDpSSWVEVWpPU2spWSwpTTxuYyFQVi4tYllTIVNG
ck5IUm1uOl9HS0w0Y3MhKUQ5LkFuWEpeO3Ambi5pcE4sZFhgO1U7PjxiYCVQZ0RbXnQtZnIkVGdr
UXFwMGtmZkY7UClRM0BmcC1gJ0ZmRjZJaUZfL0E7citILTxOKkVqZVtEUlFnbippOSUybEkvYD9e
YChIXGJdKSMnM0EzTnA5YGlOUjwiRURcXWtATk1kZ1Q2IkJDYVs2QmJaMl9KTj89IW8hJD46JS1f
XW1GT1otT0NOU2lHNEBIcThSTjNEOS5mVS8xLi5XOEA0PkwtZ2dxTm49Vm04RmlHT3MwZipeK2Bl
L2FrMENRbUdmKj4mKThaYE44IyQjZkZgQVRWdGE+Jm9pOU5sZCcuUiEyQldHUDRxNjonKS8+UFJU
SVFRMWpKMmhKW19iRFFxOGI6KC48M1RKLUMzciQyVG5tOHRSR05LJCwiZztDX1ljPXBJKWVVZTw+
Z0xDVF8yT0JlbEJnKSM8WUVIPj4xL180NW9kPFYiNHNnWUgtJllEajpjJGFuJm0tLGdtZCs/P1df
LjVfOCJPX0hTTFwnZGc9InRZQXUzYTM2ZCYkYTZwXT1kZD8/MSVEYSxUazwqOkk3c0E5Sj47P0Qm
ZlMwZ2liUT4uT3FyNio2PytzZm9MU3VQQjBUM1NSXXIwMklyQWJPXTBJRkUnTjRHYCJnWVVmImoo
V25tLWMjXEVjcEI4OTgoKk1TVUZsJVlMTWIsYnJDZlhhWjZOK2FnV1Q6VCcjXj4/aEQnO2VCckNy
MlIuIUk2VUE1SEIxK0JnXFQ/KzFDUzhdNkVxZyM1Wm9lIVdRcSY2Jyc7SjskOWhBS2IpX191JV1O
KFVKTTAjZChHSFRYc1hWO11UV15MTTIlN05GRnNOOTxsUmNFTjgtK3NRPzIqSEVAanJKXmNgI2NN
SXQyKEZhT0ZpTTlpKV90I1opOF5dWkVNaCI6OClDKUlSVlJoKXJGQVlIT2lCUnRKbiljbEVNJ25g
LzteM3FQK1ViIzI7UFUzUCdVR0kvMCkpQTk8JzxFTlsoKDJENElrUEdFQCxiKHBpU1paKj9dQ3Fq
W3NmZXBmcjM/XiJPMFUqVF86UkQjSjk3VD0tS2xccHNpMklvYj41dVxUZDQqTG9zL3JlQCErJHVk
OmNeRV49cktGV2wocHUwaWBLJDBaUURhdFBqcy1AKmtFbF8zPi5iQVM7MzEhS3FrXUVZaC9lQm9w
YzAhTVRTMyw3Pkc5dSQyZFZRRUQkX0MjSXE0JnEqNCRmJDwzXGpbL1dqND8qZzFPYmVaa01GcXR1
cmpTbCpJR1ZYOVFEQ1QoLG1WXExcNzxCVEk4XF9yImxiPi1NNyxXLmN1QyUySkxHQUpEPDxcbG9O
MUBydVRyWyxkMSpjUlJUPm9MKnUnQTBcUVIwUHFrPE8hJ0tRT2w0Lzk+JzRXJjs2I0BxWTVgS3Ay
QSQhYDxfTF9CdWBoR21oOiNES29TIzdrckJDWytpQWBhOU5BXWRlMXBmTCMjQDxgX1RWI3UvZ1dn
KGxIcFlmLTN1KEpIZDMidU5BPEQkaSIwPDIxSmA8MF9zXU1hK1k1WDRBSUhCXiZKdVYqMD1eJCIk
KmBKRSklN2ttNDl0OjUzI2InQ1lRXGhsISEnZ2NpJkxmPCEhIixcJG11I1QhISZoM0RmUG1aISEj
OEJHWVM1PSEhKChFY05zUk8hISheMTM8OSpbISRFIWItTkYsSCErXmBGIjk4RSVKOEZfRnpCLyVv
W25XKnRYISEhIT1fY1NSSWk8MCxcIScjVlFGcTJoKSEhISI8IypcRW9TZUQpKCE4bjoqZyxUUWgh
ISEjNzBvUnU0R1lTNT0hLlxSSEMkUElIZWM+YU4hKUAiI1dQYFpWISEhImhgKFhObms2KGJiIScj
Z2ReKC8kZSEhISI8KF4kbFxTZUQpKCE4b1EuXE5CZlYrVE1LQkowUHJubVAoLjIhISEhaDE8OEdG
UyInSFkhISZvUGE1XlNmITw8KiIlVkM9O2ojOHQhISEhI0VBcUpMTER1cCI+ITFaY3Focj9YVSE8
PCoiU2o5KC5fZixZVyEhIy06KD4iPyMiOThFJUdTRGFkJidrT14hISlMRk1YO0w/JyomIjRpLjRq
cjVSXSI/ISEnZkVXTmgnLD1uJXBdISEhIz5QTmk/amgnUmppISEhI1crWEdgLSRtdSNUISEpcVJl
ZjdsSy1BRTA2ISEoci5gL1VLRyFlcT9nISEocyEvPUZOOTpOcm9AISEhI0cjJlkoUyEhISErXmkw
PlQhISM3YihldCYyISEiRElfWy07QyEhIm43Mj88ZFghMidQTy0zKyNHITBpJmIiOThFJXp6enp6
eiEuXEROJiJFWi4vOltXYysyPDtXWUozTDM3U1tPIzI/M189cidjV3FudDFGM3JVJExlOygob3VD
dEk9M3FiU2FAPlA4Ky1BJmY6Jz9QZUdRKGNlKS1nJk0rKG41a0ZcZDsoRT9ubXAnbG1KImFTP15I
X1ZAcmYyYkNWcSRIPmVqbGUhISdMdDpGNXVDY2hZUmo0X0xQQzFNNHM2MTNRPlRwW3IsWG5YS1Ja
QWFoP3BJZyIqbmBcVGRAW2lIbXIlRT1JbmIrLllJMGZlJFVgR2tZdFFTRFZeITVKYz0jNGFkXydA
NktvIiRMO2Nraj8hO2s7OWInVVojSTs+ak1JXFMsZVhAaFkjbTpOX2NtTUdnODVobVB1NGIpWzU6
U2xJW2llUz4jWEdYYG87PzombWcvb20ySFNgYjBWQ0RHY3RfM0V1JixBUFpMXVoiKChITyVHKEk4
XS83WyFUNS1ePnFeMzxNIScuIkdnO1ZmOTwlSE9bdVxaIjtFUTwsKigtLldOKDVrT0Y4Zlk4Zj0l
N3VIZDhlLE5tbnJURjZvOHBzKCNgXTc+ZzcySjdELV0/O3UrPENyNlIvSycrW1tsOyE/JXI6aU8/
OF0sVE5eYk8+YDoxN1ptJ2ctLEs7S2xHMGtLZE1bRihmZW4hJyNePTQ9QmpxR2pxNkI4YiY9Wz5b
Mz1JTEBcVGQwYzojTStVbkROZWhhJjo5Xm5SazhiJj1bSShMSFtMPTc0PnA7YGNHcSJpJDxGVU4v
ZVpHMmtTWTk6R1JZW3Riai1pUTNpO010PTxwMy8oaCo/JElUYlVNXnU1Y1gzdFdXL2g/RDckYzpj
YU5camdISWdjJWQ8XUFxWGQ6Kl9KOHVWQDJFb0lBci1xM1tILTdUYClBWF1ZYjNTMSNrPiVcYEhe
XkssKEMkaF43c0VxaEw4Jm5WMi5XN1ErKlJIPUhUP1wlUGEqIlI1IjAtaS9LSU4mVz9gMilAUzM5
LypGLCpELllIaiVKZW5hLjEnXGNpYTczNF4zcVVbZElRcCIqN1Jrc004RVoqKD40XVxRQz0sKFcz
UyI7I2NiI2pqbF1AOlxmbGQ6b1BPTWImImk8IytjMkw0Y2JgbyVlXlJtTF1ULCpiaWw5JVFAYnE8
b2EpbCJBW1FVaD9uaEZEcHMwbVo1ZDhaYCZULmckVjpodHJrZStsMnFwNlwwbFAkbzZvWG41Jl5F
WExOMFg/bjNqaFYvSFY1OWQsS09zYEsubydRKy5ZZj4jKkMsWy0pVmtyXDYhTEpVITgjWSI6aUVP
c1dNN1oxbGEnPHA1aFQicDxFKCU7ZDdqW1dgMGFIU3VCP1FxN11gI1c7NTVqKW8+dDgqNm4nTFAj
Xj1yYkRLbWgxWkE0OU9rWXVETkUkalpLVldaPz9HSFZXcy9vTz5JVUs5OS8wSWFgXUFyK3VUNnBI
I0oicExPbFhaUW9LXDQ0RkkvODIrRzxhS2gzJEJUWVVEbTcnQiVHJ1RCRyxAJmtyaUdXdHQ1Jl5K
LlxaTHVLaTVHZUE4SjFwJWhmaVFZOTInMjQtLGc1U2tlZTVrRFsuOGkvLVRCNEQsajdmWC5JLUQ9
blVpR2JzPzFaS3JeQj5UOSUoQiVXOWhnOEE8MFo8RXNZX09fPmhIPiImQWM8X1o5VC9rdClbbFdV
W1dmV3RxcmolJDdoVnJaX19ccFtvXiZXRCo7MDdIbkZyYDM+Tj4jPGwrPkg+bmJqZk5qUyQxOTJw
RmVnaGVhT2EhKDtITGhKajdrNWQsLS49NS42K0opT3UyaTFcNj4kVkgrMTY6a01tWlBUXk8/SU9C
XmRdYD8wOUInUS5PW0RSOkI/aUYyWihYbUwzaTpdJWMnaGVTbz07TWkvOmRIQGdyX05tInQ3NHFT
JF8mWltRQWFiLiFWRT0uKVNsOUUxPCk5WVwvLkE5T0VsZUQxJTUsUCJnbzpoWy9sZysoT1k9JSpD
bEVXb2MvLjovamUpbmppcnA0UUJmRGJaSVQ6L25pVzZnbVAiUFhoJCRLZ09EOFAlYzlCaEJpaDRF
KVg4N0lbNDtfU0RXcTgzV1lxOmBsMV46XnFkLSptSGpMcUxBUlFWWU48UVRacz5RJUpAQz9aRS0/
aDVnSSRHQjFwSWJyanBXI25RJlI2SklwcTNOcTxpTVxeQ282LSNBTy9tYCRNVmx0YyJjV1JSVlg0
SSRNVChDTGtsUz4mcmEwQF07aGJVbVllUnJiaT9aR3NQaFNiYUteMjNkJixBLFA+LUxKaDZLLCw/
JCZZSWhVQWdzKUdKLCwtSWYlJEMyMSRwITtIVlNwak8wO29YWiNASTJRTSI7LztGWS5pXComdSxM
NF5ldSkyWixYS1tqXmU7UkorLG8ncSU9XD49aD9iRlhzPTNUKmdRWT5rMVBaJ2RyM0duWE50cTgu
MVdTdEFqKUNPa1JWKVU6OTdcYl1yKS0uXykxPTRsQDRiQkpJIy9SX3NVbD1sal1nVWheVWdCYls1
aCw6WDRlUkgoS0k1ZSkmb28oOVtFPVZhWGBbYicmQFZobzxbXk4jcDRtXCdaW0AnVXUxJjdKMjdY
N19gRDgnL3FlTmBkJ19LMi8/ZjI/QD8zRDllVyskQV80IkEuLiluc2xtWjJuVVZcXzM9RkwjQ0ht
PVEpXC9xMWlsQjVQTlEwY0JvKl8scj8+aypBbkxETG46TUpvalRTaSpcYlpPcEl0UXArYDRzUVRr
PC10MF4yKzdALFNJZ25KR2kuLl42cm9zYic2ZiotYzc4O2pVI0ssbkosaTYmK1o1LjBpY0UtbCMq
SCwpLmQ/J2NEPGF0bCZOKzgzRmFwcE0hOS5xWFFNRURbQ0VHbFNvWmNVTz8mcChqJylcRCt0al5O
SFRlcldrNiFrW2otVF51azwtXyk3VldhWl1NP3RnKW9FMlQ+XERpL3FZbUdWOCs8JUxtYTcxM2Ng
KEJUa0glPzZBLzY4bD5gViknTTxDdClwSCRUQFhxb0lGM0pbQ0lhZFk7ITJjU01maFU3L1dMPipd
WnMsY0QkR2c5O2paX1FeXXAqLSksJmc5P2FPQkh0TEdXZSooLV9AWUJoQCVZZGs4XyUjJzZaYT5t
SGxLQmZUNE9sYykoR2FyZnV0QWdWbjc1cTc9dSgoYzEvMzxGZ0dPcWI2JDRmbE9tWUQuaVIrT28l
OGVGJVgwJEdZVUIhNEQqMlctTEpoNks5a2RfPS5iZnVjSVhNOjFaSWg/aHFkIi0/SD4kTmM6NGtA
cVMqPGtuSScpUjk6W2JtRF8sMVQ5PT9Yb0YwN1xYJSRHJTVLXnJGc0g7N2lDYExfLllpS1otKSIj
YSlmKWE0OWhEL1g/LF91OnEtRTUjQlBGbk1CSmgqbWFwXVJKOCJkR1sqPl84IVsxKlMoZ0FhYEcm
QkJoPElCb3RMOl1UKEJAITN0IjBLcWFzWldTM0ZoJVBrUjVYRjg/I01hJkU2L05TMVYqSCtQZylU
TGg4RGdpLVJebXVTQGAqTExjbUhpZlYuOFVnLUxubV89YTVAOydgXEpqa0hcJHRVTEcmSFEwTWA+
bitSQ1dLP0hsNWBOUzFoNTlYUlZncD48ViNxa3RxJz9HcyYhMDZgVD0+KjdHcC9bQCxiKUdqVElz
SyInMl4sXyhRdHBxL3VOZ1NgRW5DJUptUj42MWVQSm81UDg9TkMjPVQoQkQ9Z09NU05BOi1RXi5R
R2RJMDM+QilQbHUjMmFdQ1tzImdRKy9BQDAjPztxNiRbTV5PXVBLcl00VXBra21fJD8ibkVbcVw8
c2BON2s9SyYpZjtkIVQ5WiNeVDhBbzA2QXVAUl9hKmJKIm5eVnQtWz5pc0plc0RCRiVXRVgsazdY
ZWdcTlsuU2xwMzNMXypIVjpjVllLLEM1aHUyQy9yT2FrcGpiJEombCNgbChyIlE8UkMlTixuWmFG
YTdBaDw1VGtVdGo9TWR0PVNCJV8oRzNHQDw1Zz0kY1JhTExEXGcmOyhqYjg3TTtGJTJCNTdDa19b
JWR0M1pscyNHYjk9XCNSWWRgNjo2aFRfTEBPJWtdcGhub1ttZnI3UERdYWVjRGx0Zl1oUFlFcGVd
MzIzVD5LLDxddFdMZkQ8QzVvKGxOXm49dDE0SDBQN3RXVU5Sa2djOmJNWmYtdG41Uz9HVDdAZkhd
cF41aicyTlI5I28qVixOUTxBZGZXV05lJ21kTnQzUkZidDJfKyhaOCY+UEkxRERhQls1cWxYVyxr
OWcpVCkpTVlGVD5JRWFtQ3FSK1o1MTBLP0tSUVI2dFhKRSRARFtIRChhXXJfb209akhWVT85MCRq
PnNyIy9tM24wTyZeYlA2OCReXEI6JitoJmptVjckKW1pNE9nQTJ1LGApbl9MZTYsNWdRcVMwKCt0
XjxZPzYzNCZrND1vKU1ERjFpKFZTM05ZR2VrR25YP10tTHFNdEZ0bmVUaSticG5CITdgcS1DNSNM
K1hcKFcjIjxiXXMsUWFMQUEjRic/TjpqNG5CamExMmJpZURYZidObWBlKk9ecjRFU1hYQEUhISIi
O3JvWElvXz1zRlxtXztqUVhFUEduP2VfaFQiVFNORiVcRThHbj0xKltTLGBOaDhgMlZULEBXYSQs
MyhbPjtJX1plIThwRTtTRUgkcSUkKj87MDBDVF4hLl5LNnM1KF1nKzJZZ0BqU25YXTVXaVtLPzQ4
MV0hOjdTTkoqKV5RNEkoc0NkSHFSPUFpVD1OISEhITdONCpnIzBCJUpxcGd1VVNtJVcoQyVdQE1G
QDVuOGY/ckx0QztGZWRicT9UMCdANjpacFVbUD5AXy9mWVghM0M1PChXLDJtKzJZL0k+bEVuPi4j
I1tVYCNIVCMhISdXYGlJcClyMzU8bD8mJypUZyE8RCRYRTE/PjlndV8qXFMsYE5oJmhvakYtYi5E
W0hOLlxxND06Ky8hMV87dEkzbnBvenp6enp6enp6enp6enp6enp6enp6enp6enp6enp6enp6enp6
enp6enp6ISEkaVhJZldoZllCcH4+ZW5kc3RyZWFtCmVuZG9iago0IDAgb2JqCjw8Ci9CaXRzUGVy
Q29tcG9uZW50IDggL0NvbG9yU3BhY2UgL0RldmljZUdyYXkgL0RlY29kZSBbIDAgMSBdIC9GaWx0
ZXIgWyAvQVNDSUk4NURlY29kZSAvRmxhdGVEZWNvZGUgXSAvSGVpZ2h0IDI2MCAvTGVuZ3RoIDE4
NDk0IAogIC9TdWJ0eXBlIC9JbWFnZSAvVHlwZSAvWE9iamVjdCAvV2lkdGggODkyCj4+CnN0cmVh
bQpHYiIvTF08M11vZVJoJDQ0W1FpdWUwRkdganAqcGZeXUFMJlNOKiRuSkUkW2FUc0I3UExJKShG
ImlgTjBFJW8qbSQ1dFQ8cXVWPkcvNz0uOStVR2NCak00VmdmN2YtQGpCQjJxPTcqXEQlX2xDXUdP
YkNzbnJcaXNATj5xU1UoXkcoWl8jTW8sdDddSU4ibSdCRU84NjRMSD5OYjR1Uj1SWStqbmg3QWhh
czhwNWBDWFJgRWpmR08jP25lMEwvTjBoOCxDU2hnXVQrSlUqMispUXFXcW4xcFtSIypha0JCJFBX
amVqMTs9V3NCV3NYUD5pUykiJ211ISEwMmwnYiddRmNnVlhmNmU+JkU5VzBSITNyJ0ZpV1lZNV5T
TUNZJENXZ2MwLiRdOyMobGs0IURPSFYjKlVtO0ksW0g7PjdBRUNPLV5HRUZhajtpTShwYVsyJGpZ
MDQxMmZeS0FQUVs4Vk1eI14mXWtJZ3BoXkVXLFIoM0FJa1E9RVFPbWlxTzdsOFFhcStIP2RdMUYh
K2lYXCc6NGdScSc6N0YiXUZEW0drMzUuYmBPZlQlWy9iKmRONixxOylUT1Q8TlhMVWlVTEZiRzNm
Ny5UKk0rMU51Ni1LNEhLPSJjZSUoS0siWlVWUGk6O1chMSNJSiQkKSFZU1t0aVBMNmIvQD9DcjJM
JDElMSNIYlkqRiszZVFDcDtCSzZuSzx0LF4+bGVaUUtbU0IvSXU3ZEsuXFItRl8saWBHVj82R0Vr
VVojVlo2Yz89VSEyOUNJIyRSckxdZVkzbGhbYHVEMjFdLUsyUEQkSyJEWGtZVGwnZyYnM1B1Zy5S
TE9UNSZWSHF1J20mTENWJGY9ME0qNShiRlhlX1ZxZm5jREltKEpqWW1obFNGX1FtcCElYTw0IkJg
RF9AW1JdZUlQaD5HckZyaVxQWnNxZyNLcjdwayIvLmVaUDxjPFs/TF4oPGhoVW4lbl9DOioka3No
blVlJ0hYZnEsK01CSiYqOEBXZThDJzVDPU00YWZLVmBbJTMoZzs6M0k/NC5jYlxaT2JPIWl0cHUr
XCltITxMUi82Rm1xcmpTOVFDSWlhYm4/SiVIRFA8NDolckBtSzAhQz8/LCZTOVciJ1RLKlsucjcj
JSxvW2MvRFNYLWQ9QjZHXE4rLVJcM0c3PV8sXHQ0OkJIJFZLXV05UklpTWg0cWhuVls5YixnPUxc
cE9wPy0zYztsdTdWZD5Yb0cjPCdvPCpwX19LKy86Nid1Lk5iSDFjKEVLalVnL04xWzNnMmo1SUJG
KilMa3NKVF1GSyxjZW5jMj45PWshST5GUCZKQDlcPGNValRUPj4rYERuOyUxOUowKCM7YiZAS2xG
XkkzSEpYYm5wJiNbKUlJbClWRTpDa3JhYVBxJllKaWBLNFVRYT86M0xkMCVQQD1tN1NPSCE8dFRA
VjY2Ll1tYmwiKUthUk1gNVNIYDtMc0JwbVs4QUpYQj9ecFNnQ2VLM0BKLFdGcl0lOGwtQy4xRlVl
IyQqUlRVQV4hU25BZCFLW0QpXCJsbVArSVJEVjptWnM+aEM1cUg1MzdIViFILnJROSREaDdCNjcx
XS44YU4qPDNMTVs2NXUzYl86UE1UZm9YQiMyZENZJUsyPGRrNXBOITI+Ijg/WzJIXTRAIiU6MGpR
QWtgSGBzP0EmMVhYQ0NaZFtqYU9QOkpVbmxndS4xS0FmPDUpIihkUTcsVjRrNV4vcyxwSm1VIyxl
VXFvTDdgUl82OyZvNXRjbV9VRnRyQDMsND9gPHFFI0NkT0c+U2JUUXNucDdkYFpdVFVFUHJNRTBe
M08/I202IUskOytlPS9eW1NySypyaV45TXBeOWs3QnNVWnA3U2YrIjNTI1pBQ3FeTFw7M2EnWnBD
KCc/RUtNTDlvPXJuRC1jW1QjYzRII1VbPFxQLyMqbzclOmZvVVo3ODQjckdKdVRRVVlGQkteR2ZV
Qk1QUDhBOzsyWDxwWWw0SDw4VE9FJ21fRnM2ODJCZF1iJkdkQj40OmEjZERaZG9kdUo3XkdbM0so
V2hOcDBGM0JXQDNLY10vXGpFLyJiR01iNEVMc0osdEAtNT9wbWxHLjV1LTB1UmEvaTYmUWNMclcx
LltjNHVwcTwwNnFgTjtUXGJgcktiNGgwQ0AwIyxQUzBXVStYXCZAbEgnYyRCR0FZLUtaYlxEJmBP
cWsvKmY+USguZD4lIzhRLXEqRUhhKldxNGMjVXU5cj1ONy8rSiFoUk9bVStSO0xGRjgoPyZWLSFS
VylTPmozbT8nM21hNGtaRWZIbjBfVXInRUgqJzNfcUpnJytebz5mb0okTltlWzFvITNWYTxwVTQr
cURKSm8icytLMW0wb1tJPidISSNgLSl0RV1UOCpkPTo3QjEnOz04Ql41PyFJQnRENyFCbHFKU2Iu
VnIpPUw2Yz07S1RNRUleJlk/YlwxcV5tU0NnVkBzVlJMciowZTpDOCglKixqXyJtXTpDMG9OUXE+
UCE4PzEiLm40bDNVXEg9cSFfN0FXN2pXOFFHRmBqJllVPyVkKGtYXSlwSVxqNTVbaXI7K3VLN2Vn
KmpbbXBPckYtZFF0NFFyVSdwb190XWU7UWoyOiFhb1g5ZWVfUm83JkdHJlxiMVJcWipPanBuKWov
M2o4U2VIUTNDLktyVG8jdS8uKShSXyJFYFxjV1xGWm1cKSFGQEwjMEM4bXRDU2g0RlxCS3AtKjAx
bio/UyVfYVBcMCFNLS9qQ1ZsajtxMGxPWyhiaFA7clIwPSJwUGpIZV4ldXFqQ0A/W1JSQW9WUHFj
dExpRDQrSzwqKyZdcERHMU11MjpDK1dpaTA1QjcmW1NPbVQwTVIubTlOa0dFcU8pWzpZMHBUPk45
QkJdI0IxamU/Y3MmQFBhKENoMF9mcEU9c0hNb0ViQDdwJ14vL3NWOGlEJWtgT0ZIO0NITi9wO0FL
I1c7Um5JbHI9Q14qcmxjI3I0U1IiQGNQWHVHPVJjVmtvWjh0Vz8kM25vcTZYQklKdGUjW0NmWyU9
MUpYZ0tPckhbM2I8WkBqZ2I+Nl45XDRRXkBgL1BhOE0iQlBhOyliQnMyPG5kYDQ4WUNxQzJ1Ji1u
bS5UZFA4TFxfNDRGYSpYXTl0JnQ8PGxlPmxja0t1UXFnLmYmWGI+Xm4uczxCM18nUzBLRlpxUCZv
NTY7JkFIVy42L1Y4ald1Wl5jRixKRE1jNVg9KVVMcyFNTG4mISFOJTNyMSxbK3MlIjswIUQlNWFR
VmVqYD5kaXFdTXU8ZmVqPWtbZSZfVkssbU4uUTZAIV83LTxIXi4tcU1BQDJlQS1XP0hzN3NfXV1W
WyxIajBrPnJgRWY1TUQhZWk3YVRGN2lvbiZiTSRsXzxRTldvclcmXV9lbU5EMEYiaTxbWiNjNGhC
YV5fR29sYDkhME5CTEZROEM5S11AJ1U9cD1FZVdlajktcSVBYWIrPV5aQCtXOCs+Yl1fXFFcbFBH
Oi4wP3RRJmoxTlBcbTUwWVIjUXBrPkInTitEKTAkV2M8WjspZ3BxR3BxPCZpUS81TTc6UjN0cWRb
MlNkP20oYDhqNFk5Nz1RKi85Lm05LjZMb0FCR3FbRUNbMTZOa0NxTGFxZDU2ZDtENWwnNDUjZiox
Ji1Wbj8wX2AiOlBcWj9La0ppXyhaWUVrPmJhaFVHKyJdYW0oUl5bN2BUY3BZaztDKFpyZUxSRUsp
UmBbRzspaFgnSCtGRzw5OGNkciVOJys9OyVUKDY6V1ZCKVRnJThNWiVgW2VFaFhpTyg5SWBaKWhb
QXIiUT9Va2c4VVhlVTpLLSZhM1BgaixmMlY6XktzVmFBT2BSbGMvLlBuYUspJiZCTkQhVjxeakRa
L0AyJ25HUEI4aldNUWQ5WTRRJkcsMVsvQjRMKVRfKVMoSk9TcmoyWE4+Klx0KT5wSUNVLDRkVCpw
dSwwV3NHJkEuPEVqOGFDJChBZyIvcWwlZzg0XGdgV3RTKUE9RGpYX0VpJjFHb29XbD5TZW1IMjtE
IVg1Lzw3KHRzUkxTTVFZb1hnPk5zR2pJbCpdLzdtazpyJSgmQGtQS2NiJyxBWT1HJytIOHNJMGBn
LWEsJzRzLllqW210TWFWdXBJOkVLQ0pXWENYPj0/IlprXlwpJCw1R2NELVwxQFNxO21uOCJATWtN
OFhdQl08V0FXIipaPUg4SEpbQzo9K2NWOEpsTHFAYWQsaSRxbmRbaGozUlMnL0QuaD4vYmI4al9K
SUc1U1M4LEZWZTw6TWYkInNzc3QmRykha2lfNGxeNmZRLV5CWzhXKWhqTzBoNGUzXDk+cjlgZ1Np
WyFGLVFcTltdMkYiNFFvLiNHYiteKF44JGxwMiNaNCFTN3NQYmtKWGJRcCxiYldRSFM+cigvWz1p
JTYxNSVIJTc3WWpqcURDJ3BPcjZWaDNlQT06W1hNaWVZWyFFbG86VlM6Tz0yUj45Z2dtWSRvPGFS
MHBVcFpFREwrZVhJNVdYIzwhZCRFJzRmL28tJnNEN2xUckJFVyxBTklbZlBdZ2tKVGYmaUpDVHFc
KXQwImREVTIwLi5fOVlrOlkxMnRaR1k8QEsmR3BII0IpS0QydE0hYEwsPUZyIllLWFlpZC42WV5E
bT9gU1QtQlNZS0M/YVRDUEZAdFUvPD89OEwxRy5bMy5lUWdoSCZJbU1MNldbYnFKcGE7Ii1aKiU8
PE8sJjZfXTVYLTYjXSwqU3VYM1UrKUEiZGhKMC1IIXVkJjldQD0tdEolbEsvVTZtXEpSRSFhXW1w
IjJlYihFLVpCcDk0RzdVXDlhLTttL0QuIkdWLlhKcTIqWz88Il9NVWQmMDtIRUlwdFIsNiReMFYu
LVglTCtvMFhNYG47MyRuUXEpaGpDIUBKW1NzZjApV1w5Yyo2TUZHMXE7UWppJjAhYzUmUl1scGFl
anJqNHVxLlNnaD5XbE4jKUVhPmdrUT5YaWA4L05uMklFMTQ+VClVPUVeKWkvaCNiMiovXGJxa0JY
KCdkQ3AhUUM/MUVRKnFiVVtgdEZBMFpsRy5lPz4hJFNBdCQqPSYwUytZMiUiIyFVcyNmKStJRWRi
RW9kTT9EX2xiTz9MQTlfcHJaI0IxMCU2NVwxWWUoLFREKDQjLmFkT1kzaFE2ckBcXWFyKjljQ1Qq
Ji1MY3VmOEVtcmhvIy1BU29PNkMxVkcwIWlXOjMhL1dKdVQlNVBHcF4wOEQ8YTlcJlpRUklUIjM+
Wlo1VW1HP1JsZFhKJEI2NnBKQmgtNyxxJj1uKGo7clBXQlZcQyVRSDcxLFYjQD8/VGIhU1opaXMn
JnNmZXJTIVNnY2RxNF4qLlMwLz8idTRWTCQ1a2E9blglLDh1PmdEO1VUXmk/bUFjNllnZWEzJ1ZP
KnVEOmBrR14sSi1mOnBYWXNOT25qamNFdUonXC5wW2tsXiRuLzBDJDJFdWYrIk1IYEZFNztFJzFw
VTRmVGc6LChYT2xsLS06cyRRT0dyZ2oyKDZSM0IxcSxha09CNFJbUz05O1I4X0dFbE4lcSU3XmE5
YV1nXnRka28tcCNKYEFPXidvNVwoNWdxVkYqVlVCbDs5dVpQUzIkc3RhImZJNDZoclJdT2tyVStX
IydUUC1nbzhxXzNRcW0odGc1cGY6SkJoTTchQiVWUGB1W3BJb3NKNGw/L1ZbNTx1XD8uaCg1LEYq
Pj43OStBJWY+OUdyQ0VZND8qMihZR2U2ZVxDLjZTbk4rWlJTLyInckJEbjAyciZeb0JoblRvMks0
PCckIlpxP1xOcTtwWFxjLCk8Uy42PTxOZkdCPC9SaCRjY0IsTW9ebEV1cU1qQDBSUkw0WXRpTkct
S2NTM2FUI1s4OzRiXmgxbWxPUiRJQlJuMS1GW1g3IWdoJydqXjQzTEtVJiFOazZzMExAOT4wZCJI
T2cydChJKlFKYkc2M2ZeaW5MVmRbQjtKLmg3OU8jUmk3LlVgX24oUUIwViRMa1RxTHQ0VlFqJEdM
cVJuOSgvNkxzMGRHQVg4TjpHZ25taCFbVmshRFswXitsPjMzRFk3YmtCPTVYJHAwUjBvSigzQDwq
ZnA/UTBvUzxkV1dxVCJRSF9LRDpySyhFUWVOZT1xXmpgclRcM2M6UUY6JjluImdnRW1TbCtjYCpF
Q2hEVyZdZmQ4IlNTL1A5JTRLUUVacVBkLlpmZlNmRkxvRFkpMiU4WDk7bGFtaEpiNEVGPzYuWFEv
QUNAYl09MEhSZm4oaXJWU0hsVzJVSjNIXC05VTpbXCVgIlhWY0pARz1OMWEjO2Q0Kj0kSzFidSYy
J101KWgsODJ0QjFeJENFPTAoVzNqLEsxUSQyIWFuMF11RVtKcFlEdUxKdFRmUiJpbVxIRlJVRCxq
LEFVX0VlUEYqN3ApLW9WLjRPZUUiQFpbVWZnaFkmODo8XVkrQ1w8UD47PFZAaEtINjtnVVcqLE1r
UzVJPCxQImglOEkib2U9WDJrVjhuTTdKTSFgcDNjSks+LC1CUUNJTEIzTSxNUktAI2FtTDExL3JW
Y1RjKT02X2lTZDdLYTImOmFyUEouY19TSC5JKlc8Y0E5NWknaVpsLzNfTGgvMlMnYyxGVl5NclhT
MiJbXVx0RWs9bzJEQUpFY2EuPltaOnE9b1lwSUI+Ky9eOzQ2O0tFWUhAbkZgPHQ4PEdsb21MWSJL
dENYZjZkbC09TWlnOVZlbjMwcT9mN0dGPkUuQTlRIiFnVSklKjQnaixtMEhGaEpEZVQ6JzJlUStf
P3BMIlAuMC5RODVOVjAjXClNPGNDa21WZzdQb2dKSy9ITVRPZVlAQFkqWmw9al1cJXBvT3EtWk5R
MlNYYF1RIUhSQGNkZF1EPllwQG9BYTZXdDQiaVBwJiZAZmotIlc8RzoxMD1pWlVmKGRyZT5VLm5X
ImMhZzcnLW8hZ2hlJGlyXyQ+J2cpL0tyLDwjZCQxTkZgMF9IZUk2W29oSlolVz9VQyhkJnR0NkZw
bi4qMXUvaC1vXkVILThbMms0bFpdIWI8KjJRZyVaUVpMS2k+Rjs6Ri5LMENMLzlyNjdmTGRoMlNR
L1E3VCVDQyl0b2JaJnJUVVc1IiY0O1dZRVJBbkVVc3BDX2opSVdeTFUpLFBPQ1oiUU1sRSQuXjwo
VFc6KDNiWWY5YjZeY1BvdUYhV2FDTkBHbTwnaS4qYTMyIjM3dG9TLTkqV21hS1VIQlJBYEU1XlEq
QkNQOz5LYjQ4aWo8RnVKVy9MXjklWlhBJlIlbzF1Q1k5ZT1WL25EM1tqRSNaKUZkIUBBMTNgJSVy
bUJWIyguOSJVN0YrWlcyRT9kTkwvVllOZGJtJm1BVWxsVj1LO25nLjo0SiNjMmxPI1ZETnMuRDxH
V2tYUzEuNjE8LjE4ZW9aWkNXRiZDP2NCc21LYEU0ODFMZi1RbT4ka3BOYEZyXz01J1gxLTQ4XS8h
N0hQQSxdXzcicHI/Pi1VMCQoXzNxZTRfQjJjcnNXWWpJSjtoQFhvWk8mXzpXaDc/RlRUMkQiVyNN
Ml5PXyd1am1nL29rOzw4dF1oNmoncS4kYS1KTS1FJygrXHBEQ10yKis1LDRldWFMaTxgQXNYRDhM
XmNRL25dWlgsakpFR0w8IUtOUV1AWk5VUkdNPSNIUUcmbk8yPCR1XjA5ZUZyR1opKiQ+ZTxLLjI2
bEhnQWs8ZTJkP2czLl8uRmVmSy1gKlwwYW05LUtKNDwjYDVHc0dZU2NfYjAyNiNzUFNiPV1eXz4u
XiY3PyJTNzNtIi5hRTg0bXRjUTtxR3JhPD09NXFkcGokZ0NpSXE6UjxjcF06UldHRTQoSGRscktz
KGYxV2IxV0EzaUZnVig6JTFzUUNHKTh0LkZTSSc1PTdIKEslJl5JPTdbbT9HVU89X2swQjU8Xzwt
M2c4L1tiQi0iU1drNSdRbEl1IVRNLjYpXGxBKThyPyI3XUE9Rz9yJEkmYCFPXlIvcSsuZTxtQzVL
MSFOJFMoWmNzOG0tXE0+RkJZcmspK3ApZFQjJ1whSmtmOmhrVCJfN0NeOW4xLztuYmliNHA+a2Q4
UDQsU1EhKy41OFc8P2NpRC9EUlo6NG9qPD5jPFc1RDprOz5uTDAsLz0xY0sqbnVkJEkwc1paRyFp
WGlzTk81NDdKSytrLl9KYzkqW3UtOWhLJTZHMElzMWZfUUxuPmQmKExWMmZsXkBJVVRZPCNtaENI
PDlCI2BmYkAzbThcZjJCI19HKV5kXTwiNGRYVDdqZkBfTjFXajpZVDtZY29KamFTKDwnLU8yNzJS
b2UxPFozcCJLQjRUXV0jWmoobCRjNW9SRFJUYkYiKV1mJzs1KHVxWj9FY2MlZkcnY0w3NC1hYWIk
Ryg2aCNwYlxOWG5JX3M0UisoW25MI2ZHcCZXcS5ZOCxrayxSIWlEUV4iTmw7biNxcDx0TFpoRF09
YUNxMF1SdTJPOExTOkohcjdeOixeU1FIMyNyWGhLbjczNDxnZ25LPydmcChGL1ZIPU1hYVxrVSk6
KlhuM2xIbnJjPURYMSRwdTEvRiU+VkNULHJyOG8uYClyMzJHa0c0VEtVUlFuWWY7MFBzLy1ZKyIm
Nl1PPSFvJm4tYm0tbk5Yazs1LTNoRUtdLHIyQzAlUiM4QGonNCdDPHUoM2xQbCRxKW9tSXRALChr
RUtTNC1TVS1iRmc1OHMzUjQ6STEkcSQ4aDNcMjk0bXQ/cm1aZj0obixQZD9dIlkjKVE1Zk9FLito
KDJmXSNTIXAqK0BXTjpnLnRHUUxETms+TmVVVCFeT0xYJVBxUUAwK2VSI3NvTDJPM1EhbWJgP0ln
X0U5TnNQYDxzOFJxQzRBWEtMTCNVYVNUKy02PkA+NEJWIjBWaUxQWEFmOmZIIiVfbm9QJy87cC8p
WzIuLDtHZ1pGKFJMVUZySzQjK3E4UVcmUW00KWxiZWI6OUQ+YUNpaFJyS05wWSZqNjc0TnJrRFZS
Y20kOUcnKEFcPVBNOFpoYjFZLU5QRCk0cTIzdVE1MzJlV0dibjhxPURQNkZONkVsPkcpRHBOQGgl
WUMmKEtwdSdWR1dhITNUZm9jYDovKEFPVUxrYDswLHEsWm0mN1U+OWdiSjY8YGU9KS5WcFo4VSdC
WTtbImhuOzgsPFYyTDBFbTEjZS9uLWYrYSFSUCZCWiZTbEgvKTlYMidbMDJrOT5CNEQ+OSE5Njhg
aWVuZjpMYGdrMz42VmEtcjpKMC49PGE7I3FqWi5YU2ZpYiYnTWRZdEdhTEBbJC9yUSRNZjFGdCJP
RFtyPikka1xmYi1oLFl0cj9dN1V1QDFnPV4/UDpiQyEsMzU3dW8/KDs+Wj9zLG1OWmtPTiQnR0I2
aFw+czEoYktAUTRCSzIrPFIzRTkuQGZcUlYzVD03IVgkZG04SVg8Q09BPUwvXEFpIzNmM0ksL1BP
OittXXBPUWlMWzlMPE5DTF09cXFac2hCTmJLWSU7UTRAaGpLWVVmKkNEMSlwUj8hSjFRQj89RyRe
UmMyQUsucjcqQzIpVSgxJm9BOEhFJDtjOm9tPlpSTVBqJ2tJKSlwanBSQEtnL0lrTDxPPipqTTls
JUw6RDlFVF9YXzZkT2x0VjdnR2dTRG5zTUpIZjU2QTJeMCNQNiYwNyknLCMoWyRcN3E9Pik4aS0r
JllUY3NAbl8/ciItSGhpcS9YNEBWTXRGRzVuLTs6YyE8QS1IUmxKcmRqcGEjVDwhaWwyZSwncDVB
W2IyIWJ1LF5sQUdMbzglKGNmJVFdTHFzUWg7XCg+PFwvTU9SaDBZVlJqMCNPUklUK3Q8MkopKmtI
UElpLUNwbzdsPUVkV25ML2o7Kyx1WjNcVlk5QSw3K20xLkZCPmFbNzFDXmg2UVVbZGsvdGRMKj9A
MSxBW3FyMFo2aUE0YEU8QVBoZj5mS2ZCcGAvNlg5PzdTbiJhYmM3PiVJUUpTQmVfSjwoJCJtcT45
T0IoNFBRZWo8XSpaOzZGVyl1PDtgYW82WDo8Nm9jK0kyYExoKi4sV2ZPWE8oalgqQjIlO1xZOnIu
JDYnKV9SLDlWWkUoRWZ0PTRSUFFOIUooMXJIUyFQSkxML0xBOzM3cTBWLDchanNobmlqIWlAPStM
OVdBSmo0N2poRzNkTVlWJ1MzVjJHP0FHMyZPY2FraWV1JFMxZiRISFgxNGkyMTdHLFYpNlRvMDQ4
JXBsay9KTyh0V2AnSyhmcV5CQkJwYyYkIzszNVVsSz8mVVcvXCRVVlBrJyJcYm1tW1pZaCNQKS4v
K2s4QT5RZm01YVY9J1ExMjEtMyY0Pm1KJURmUUFUY1JlbzxCLWosNHRbW2djRyxVPFhVW1REJixL
LVYtLyg7Z2lGOigvODlqRkZdMDYyXm1qKXFEYSJeOCRKKllxJS1kQkNNY3VgPy8rYkIoMyI3OyRY
MVE+Zmtfb0NodVo8U2tEVTosOzduUigqLyMjSmc1RFwxZEJGRnVVU1RuK2xYQTVIUExRQ2ZEOl5d
MGpASC5gP3M9LVAmUEgtVzQ9KnUuZzdzJFxRNzdhQEZCXThdUlQtZGEpOS04LSFaKjh1VF4qOC1k
YUBsSE09QDMzbzwyVioqVy0zb0ojNEw9TUszLUI2ZGNqdVEyNilHRCkzODM/PlU9LG9gTztLUTpF
I2ckazgnQVJNOzJjYGVwL1tYSkgkUjdDb1IvakFgKXFFV09FNF9bZVYuaU45SjdtMUVCMW9JSTo+
aTVyQl9aUitaVlpBUkBVRTw3WWpCdSNQXkFfZV9uPG0uOCllWDM6PTUsb1VUMkZQMTs8P2RoUVhW
RmctbjdkWVljJFA8WE5HLXJYXilRQFpxRW4vLVtQMVVDPDBqcjdOP0s3Rk5sNjokWGJGV0ZWYSZn
SzsxKVddJiFKbE47Lj4qLzgnKiMyMF8lUDxraTZuJlpQIVxJS0QsUD8rPTJxMCpFPFNJZzA7LDpA
IWUhUmAhS1NTJk1sKT80ajEpKFNXRWs6TCczXXAmVmFsIWlpTE5xPTszR3AiYzBFcF1wTzBaPywq
dXFBQkk5RTsrNWpMJkpJJWUjWCRZWz5PMzBCcDYxXzhiQEQzPjRcO2t1Qyw4NShCUlVULVJhYWE1
bV1cIlFbU0VeYTQkKm8pTTRJU21SYjJJJU5aSGYtKmcmLlZPSjFrUyhEP0dLPDBXaTE9bV8mKkNL
aS4hazYobiRObEZuR2ZWJUMnVFVIN2lKMkdvVjh1PEMjT0Y1JjFDR2FHXTliRFkmX2IsdSsjdSdV
ci8lVGphS0gwQzgmSlhbY1VEVT5RYyEpYWdAVj5QNEZVTiFyJyhwdHRFVihUNGZdXk5pWiQ7LDNG
JygwV2hCZTxuJzxmXyNRayVMbCQzNUpeQ0krPj0/aC10OGwtIV9IYSJDLF0tLWolWCxqVE4nK3Ep
SmBfUFVEYShJdWBTQzZQYUlnLV8nanBjImJnNj4oLEVhRkkhR2piMjVpRWxBOWM0TSI9Q2EmRnRt
Jk1gWj1mLmN0UDJZUTU5aTA2Tytmci1tXUpLYEJqO18zZU1eXl8rPkRROGRIQzcjRXRDLmdyMGRA
UCVVSTJLdWxAQ1U6XzNYSk1MUGRsMSFlIjJbXlRgUz5HYiUjUjVbaG9oRkNXJGQkN2JRXmgmSEtS
alFtb2MhI1Z1TU1AKVRZZz46UWNEQTUqZnRcTiE2UCc+U18/YF9XV2ZrYlAnY2dhVWZGSEA9dWNE
NWNxWCFZPDIrLm5bTkNHTGRaZDQyaU9ZTUNAdSFmRUIsSkxoUm5RUlssN1FvLTxjXUA4RStBbT8i
Sz0scWBZa2w/dV09U0NQR1k9LFtXOVJKM1NUIVFjZUFNX2pKPCc0NUtkMjU4Ok9cVzlrND9tZl44
K2Q9JC8/YU1xV0RKYmBHVktSIyhOZSRAdG4+QU5gWWFtSkwyK1g/RkRgckMnO3MqY1k+MzxAMTMj
XHRlXkUjP0pdPyUmdWllUztePSojZmstXkwkbj1XTyJlLT1LVWVeK0paRzRjS1x0OkVnXGRrVVBZ
MzNUPU9PPWxQJkwtczg0Lz9sbUYqWU1pX19Ga1ZaYjRETGRkTV1NSjVeZnA4JSY4VWhkKWxRIj5j
VmNzQmspVlMzaFo6cVxgNUktR1RbYileOjQjVzwlYGEzQENrWm5fIzJCWlQ/Xk1jaGk6TSs8Ukps
Sm5PcWsha1gtWVVzR1FvZChrJW0kcjFROkkhPjdrJSlvVyk4I0ZyImk2SC9fS2tybSgnKWVHPy9w
VCZRLE9qdU5BTFE8QjVbVTdUXWIuMHBnYW5gMypuIWlHJWNEOXQpaGs6UTtNMzRfdTMzdE9CTUJm
KnRqYyM6KXJQZWA5L2JsaS0jIV00TFoxazZfVy0tMWQ5XnQlO1dZXyk5TVpUOyRkRTZuVyFvUzNS
UG5OK1tyWyllLUYzUSRwUCVUSjJYXnFaUHVTVnVJVTZOalNVanQlbzQ0bXNbVSdDMCVyJ2NlMTBn
OD9cLlBiTSpFYXAsVnQzOSFDaF9GMSlBVCI2NCMiL19zbTsvVTJDWSg/XC9QVENbUm1KTSNYMi8m
bUgyYzJcZU5fRFNFMGQ8L148XnIvXC8iQkRZNmEvQl8vLklIYCRza1dJbTtVZitxSWo+X2IqTzlj
Nm5AXHFra1w3cE9mTkdvZXNyWHNvVDRkXDJpJEZPbXEhMGA3T2NHaEMiXD0vK10pN1s5VkEzZUlG
VjUjM1tkcD1ASFUmQVI7ViheIy4rJjhIUVRvRThYT01kQTYycC5aW1BNbjk3PGQ+WENiOExpaitP
cDNYZV86bD1ybWxhI10qIl9EXUIzVFkpND5BQmFLY3JhUEduXUtiRGNxRiJRdTheMDRTS0svM25E
bTg5KyYwJm1KLjA+ZW0sYSNcVFJZOGNtXF41VUsudGoqLUE/ZVgoWixMWE1cOTxLVk8nRD8tZj50
ZUJPR0Y2cz5vNj91RiRALEg/I1pSR2tKcyojVjlqOyQkNzBFXGRlblZYKkk6RGNqNE9dZTI3MVYl
WiNmUSNVJ0lxMV9HKipIcCRuQ3JZaEZfN2liSU1Naz8ubUNjcFxdMyZNYT0wQWRxYi0zKSxfTTZd
OCQ2OWZdSyw2ViJKSj4yJnEqU1hGTWkrKnVySmdXOGJKKFRrdEE1Smo3STwlSGA3JjZ0ckZoM0BX
IUUpM18nT1lhQUBgITQqXjhYPi9TJzMxODYwXW0jTlgiSTRnaGNER1lgWy1yRkcoYy4paSZbN2kq
XFJLVldnVDNiPSVAKGpEM1dmSmApck1mOzxSIWskXGZFU1AjP1pPZEwzNz5FOCllc0AkWCZxRG8r
R1JsRTEtKnI+JUFpTVknL0s6SmYwUj1JayUzPk4/K3E5N2s5RVY6dVJRWUkhaSYvaU9mcTdmb18r
NlIiQmBJLjdgTlJqRlNrZXA2JSFtaysrU184LT1wVEJlMExBNi9DbDleX0NtVmUsMl8qcitVbk4t
OCxiVFp0WWEpWE4yO1c1OUZOaUliXXBzNnMmKEdNJlEtTiRMLm1DWk0xL08vV11oP2VXZF1ybTdG
Oj1JYVBKMlgsLV9YSVJpSC9MLCY6Si1XZiYlO3JDZlkmdEluLzY4UWArdXVqTlkoWmdFQmVUO04i
bGFYdFBrUyVQWkZJW1NUcT1cbGlLJFFsT28ra1YzZzB0W3I9V1YyQklAMTFYM0FkNkA7JDVnY0I5
JGk2c0xHP3B0U0ZWRTdbakhcYE8sRSg9VT4uU1ZsMUdIY09DM0ppZHU8RS5HblAyUWclXi1taWxW
XzZiVUBvNWwqQiMkPFlOKGtTJjIzOTVoZyhoL0UjZWQrai02IWglaiZkMCY8LD5QdTFXdE0uQGA2
blV0ZkwpIlliN1FYKzdtO15QVEpSby1RVyNUcGtZODhrKUc1JThmNU1SSUYtaFI9Y2l1K0Rxbmsh
YC1EV1M9Lk48VydaQ1ApWk82OiEiNitWRmdHODtsTj86L0ZUWCZGIyM9PWNXakxVaW5uajdZOjFA
J1pEPU1BYjVIUV5aa0M/OExPZm47ISwucGdhI0ZDVUNwakJYSmlJVmNHWjtra2xaZDJOVCZSMDNM
YWhvODxrdTBzREk0P0A1UDxZX0lddEFga11JaFdScGZyTDA9MylpbDxjazc9JGtrTE9dXlstLW1I
MWhOSHApbTovP3FtcmYjYDRYbkVUKjVCc3E+aSpYJy9WVFhBV14rclpgaV06QGctI11ANUdiVmhQ
SEVuaCk6PFAoRnVINm5Jamk+UFQjXjxuJjRxa0Rwa1orLXM2ZV5UYGsyKCpJbHVObGJubEc/K2Bh
N106ITMzMT4mJktUZjpZMSYoO206JHQhayM2REdUIks2JjdjKypsUm1KTVZTJlE/UU5eVlFTLzwx
SmtPaiczTXA1SjxfbFNPMEZTUk1OczwlSD83RUpCZS1tW2ZfKV4mR0IjN0RdSkdgREJCZyI0Km5I
YD1mbS9saV1TOUhNTCtfM1paSmVSPm9CWGRdQmlmZW8vR19ZZVM5YDNeLiY/TW00SUgrRnFANjBz
Y2ZzKSVeVkhYYSZDb1hjNFBJKEU1clBfNFsuMUVHb1BILUFjKkRwWV9qLSNROVxDLWgkLjlgcnJP
UERFM0IhL3JJJipwV0ZDOGQ4P1U6biU1LE9UcSVJJGIhVk49UzRNQ0BmR0hAXCRbMSZmWitEXVI6
XFtXKGB1S0s0IyJOOE5zSGgoSV4nQl5dYzQ0XidYNVkiZSFhQFE4IS5QRVduQT9KcyVYZDleI2dg
Y09SOGcxIlRDW05mPjpHOERASSY6KF0lXkVjOy4mMnBWMVNtVFMmMU5MPEEkZUF1KW08WUF1WWIp
VyVCajg6Rio1bUdwMDVkZ3BKbUU/QmNKb1MjOSUnYHEnSUtHJV8oKmJiVHFKP0MtZGBwU2Q8ZmAh
bVdsJ3JwPnFrbyVcU3AwQCFYZTQ+LVtYQ20xQ1thRkpiVDRQNGVRPFhHTFlkSVluZGkhcWktUFw1
QkJfLWRsL19lbHNPSlFDdSkqVT9yOmRURipnaU5zUnFkOGwtRF8rMVMvWz5hLmpLPFxfNTgyMFhe
PDBZUitaM1hIYVZFWk1lZW4nSnJqRk8uOScjTlllQzQ6Kyo3bGZkTD5yOlR0U2JRamJtZERNUltj
YU5Icl9JVixwTE1eMDdMWEsxWTojSmc6cUxqP0U1XlZHZFRULUNYJFM2IXRQWlVNPVEnUW9FbClA
RzghamdIbj1HTjFtSiMidDUyU3RBPy9dQFBBQUdpZjMjK0NgUjEzaSk1OlxNNjZFZDg6cDAsImdH
W3QqIkVQTS0wIW1cKkYxQklVaV9TSXAhMjBdMTojS1Bic19hNWc/bj4hLyIpTy9IKT1JXSorXlVn
U2VkK2AwO1MvO3BVI1o7bl1aXU8qLU45UE0oMCw/RDlUMk0vRCpFNjojTjtWIT05WyhPS1lwam0h
NiJBVkhANCsiNFNKSkUuKl8zXGYya0RxYjVTdCNQIlw1VSpmXHUjJylIZF0pIlBPOCtgQyljcmM9
T3NSSTtnTi1nZjNbbTZIMicnRkFXUCRAZXNDImJScyUsMkxWP0pWQDdQXFgzQWEnblFxY29WZDJq
Qy9dTVRAKiVpNz8xYWdZYGUoIzBbM188Ok9HLWRCY1c8JG03dCVBcSE8aUEjMyElcUhhOzg0Ujtl
bXBWXCZJazxAPCw1cChccDslPW8pKllOM1tMXCU5Q0JlXGZcWXNIRjJWLCZGZS8jcyJLWjZkRjxo
RztLZkdncj9ERFYlPU0+ZU5WI29mUjpVUStva2VncjojTjNPdGtSUmZsZEIqTXQ5Wl9GMSc/XlJb
VS1kTXVzPClhUksvQEcrZzlyK05DMVA+XSFRV2JqZ2hCZ0M+SyRTN0dWNHV0T0BBXEN0Kl8zRTRX
JG06ZG1UbjdJLmszIyxgM2lBNy5PcSUwcGpRVzBxLVVZUVU+Ok4jN0UrR0BDXGBoTm8lWCRrLk9v
aGUndXM3czQ2dVIoRUNJaW1TNidDLW1QJVU+NDpiYCM0YF9wcVlSZExkTVUpQzlyLG1bLUVgUS5V
SjkoJi08Ui1KWi9NTHREalA9MUxiLFAtMDwpTjBnNVNbWik/b0hUdDo1Z1lQNHFGVT9fZFcla2Fv
KzIhPC4jL2VWKlpwcltBX24wPEUrPl1CRjs2NmklJEFHTmhlLVM0cFA/OT85bVxmSTknM0I7Mkck
VWI6VzxGRldMMCouXmhaRlp0YGEhXW8lXWxFJU8kbGYlIjM0VTEscSJKb3NfLTdvREtGPGAvQkxS
ZWFART5GWT4kXi5ha1Q0MDVCWkx1RlNGN0xbIlY8cHRwRVc3VjU/VCUrLj5jKiROOT0mYHU8RjYt
Y2c2b0JAUFtEIkckOzZeXyEydENpYDsxXEFoLyRaK1FxIjJyQkMlNmNIV2w4KzxZb1ZjYSJCS21t
XXEiY0JNTWQ5clFrczUiby4+c1RmSU08bltcQks/I29NOEhgODcmdEpiN0htMVRSSkxgKm5XdEor
ckFFI0pHR0RaX0NvVT1HPlNWRzF0UT1MTzU6bTdFKUZuT2lWRUQ0amBOTCpNXWZOYVhTZTY1XyJp
aUlxc1dOJ3Fac047PGInaFZINlhibChULCFqa1tqWlBIMVlXUGdMbUtIP0g1aDs2X29cQz1dPCU+
TFRVTnBeR00hZkNIVElvdTJXQk1IPCxnPi4sNz43PlxLIztjLUNoOyxMMWY7LEwxZjssTDFmOyxM
M1xjSSVJXERwPiQ5SlFAU0cxTSpZW2t1XjRyNnNDUj5bdExsLkRlUzNlJi0iWS5UbWNmSGUoO0Z0
bTY6MTBROCc7YkhqYmxtVi9ZZS9mJzhMSTowVGApZWJwcV4nVyVRLSdRSFhCS0hvUGVgSVYmcXAq
S1RuPSRsTTZEay5wOF5PMzpoZUZVXzRHLkJfPW5MWkhTJ1NoNEByMDFJVVJARCxsUmhhaDUtYVln
KURuLWdlQ0BAQSZEblpTaERaK15ZaiEyYjUjXmI+Sl1uPyRTL0hMdS0qJGI7V0xlWTY4OFQzazFX
cUpVa0kvMmVaZXBVQVVsJUshMl9xXlhZcmshIms/VWI6LjlsKDxKZkE6S2VfaUR1TzUsR0QrbD50
KzZRSkg1IjosZSY6LDohKCRnO0RAPmdBPWs9Z0wlcmxTcVEiXFlFTi49cS9WXE9RZU5UbWRVUDlx
ZkE6YTBCVjRDLVBiKGxmMmRUPTFpSSxYOzRsT0pvPFIwaj9wKi5zPzxwZFIoXGtDN3QnTCthXG9k
Y3JscmI+RW1yP25qPWlmIU1aKCVYU1ZxcnRrWjVMQilOVSZCOShORi4tQzgoUV1QLWFRZyJEaCk/
MWQpVC5QWUoiUnVTRmtmKj8lbVI8KEUhcTxAcnEmJWJqaTRNUHFecF8vYSouSm0+XU81Zl46N0Na
VzI/aiEjNypYaGBfdCdJZyI6X1JAUEcuODpDPkJkJ19bUi5OYi1xMDZfZUVpSmxKZUY3aV0nTlJF
X2lPXkdOakRAdExXP1FLWS8+WlUpUTUmMHUwQ20yUzA0J2ByQUtEJzFjcmJiLWoxKllMJFs/bHRd
ZV9eMGw8LiFHMkNBL2BHWVErOjVMT1wnPmRQZmBESFRLMzorRCFKIyM0JD9hOTFjPSVuLDRIMV4m
UlY5OClMcyNRVkkhTmc3dXJgOVpvJEMtSnFiVTkxbEMmbiw0SDFdZyVKUWtkNDojcUgyPCFpPTMx
YjciNCxfNUdQbzNeKVdKR2VfXjBsO0w6WS5MMnVPLV1gN1NtR0M7S28+QTZsc09jKk1QMl9BIzlo
cHEpXlc8aikhSE4iRyNDZW9APipkPyhHIU5hP0FOckFgVFRBKEpbZm9LaFYoUSVLbTB1cXQ9VlxR
TyUxMyU2OzpOVitnP0gyaytYc3UtUmdYQl5ma3JmKUA4OG50ZSg3JkQrQ0pfNTsiQydbQmlcbUM0
cCJbSmc6VzdrcWxHYmpNbjRbYWkmSUY4PldMQTs4WVAkcDoqNTNDLzFyI2smJCw2MnRHZTMiR0ta
ZyxvRGFESzlWMUE3YUxNYnUva01WKjMrJyNmbCw+XzxiJ15AUCxlNCFhWipGRi9mKyVxJipNVVJf
Zk8kSj9MSmg6J3IwTHBKTGxucjxvXiVOZjs4TGdqIUpVXDpEQkpvIlhsKj5nckJzNihcJ1YmQUFh
Mi5WXSM2OlpCQ3NMdDdnITRpPkE6O2JzXCxCWGZjKWtCLz9uXDQsUGZNNUwmc1hFO0ZjNjBWaCld
YkRgbDxpIjozYT09PylFZXUxTThZVSx0MCpXV1kmWyVGamk2MFxXY2RMJWhHIlYiUUk+UGYuQis2
QUJxYTI8azBndSRAUHJgJjVXWUtDJFBmcDJFOGNIaS1KOVIqQE5GPkhOSGgySVJCL046dS5lKydc
QCYyOCZURjlRMGc3SGpEKyc6ZFMiPllTITFWT1xOV1tzYFZiK05NXigyJDBVQ1c6WVheUCI3LGVn
MSokbHVITSxLRC9tdCQ2KD5HIyQ/azZhKUEraStILS0hdV4uZS1nSChEMyZfJDk1OSh1amh1RjpB
c2NsTC00TUg2NzdFSDlddTBkLWQoYE4+NjIvLDkvakZYKVNQJ2BiKjg5N2M8N2hlTFZmJVMoVFkz
RCpAJFcxV1R1OGlrW1NZIkw6RjEtSC5sQTFuY3FZVksvTEBVNlAnOTAqY2ZhJDphU1JYcW9bR1Ep
PiNtZzZtO15TR2M+czBvcC9FSSNcXlxPcG0zXCU3Wi9fR0M3V0VFPk5VOkpKTjBRaz1oNW1YImZS
OF11W0hjJWVsP0IlRypgRikvKjYxJSEnRUA7ajxBdTdbSElvLGNESkVxPm0/QWBuZHVpYDNibkxT
N2YlVVkyU1YhQ1kxWVkqUWs5YiZNa280Wzw4OiMxZVBKYTJYbl9BZlpOIi5cRy5cYy1TbiprNls5
b1wwcGRaamQoNVBsRGc5PTdPcDo3XSNdKSc0JkFoMFBSLmhSXjU1azhaVk41aGhzTEpJZEp1Xi8s
bWhdOGUyRkE5QkBhQmFfa3QxbWBSdF1fR0ZPaUFpTldsZio0OXBBcUplWkd0Ql5ZJlhtJVNxYmVM
QSM1Tz0/QC1gZjQ+SGVfQUdxNig5LSFcTnBySGU4aDpxcEExckUwZDFEWWhFI3NUaERYajwuKzBI
LUokMk50KDhTJW42SkN1M1BsZDVYRTdqcCZIJl8uR1dKP2IrUDdEJmUycGwmSUxAJGQzZ3M3WXVM
WmlhRUZpME9rY1E9JSUmcSpQVkdfbVtDbmE0SDZiMEdNXTV0MmxPS3JJbEVQPCw2Xi51cE5LLkNC
czJNTFlJND1hRG9dXHUyYDtwdG9xT2lSO2A/KkZFX0JiaVJjRGVYUyVScFU1TjAuMlBVJEMtaDc5
VmEmKjdRYEhPP1BBPVFxLT1WYiw/Vmx1cW1ZTWBuYCxIQS1Cal4wQkUhVnJPPXBZdS8icFZkanJH
XzphITZjLzw1Llw5M1xhOnA8OnUkcnBEMzxvPmtfTFxvZz4xZWokUDQqK0hsaTsiUWhCXmJIMkon
P3BMS2kkW3NCRDYpbWZlKik4VW1xRFdYNEJsR0JocyglZTNPJl1IMzU1dEhpITBGcjkpUm5lJl1P
LGYjQzk1Y1lkWEJYI2paLk5eZUUhVzM4UjJLIllOQktcUS48M3BmQVViR2IscEY6UyEickI+WEZY
MFZJcE1gK0Q2YjN1PmVbdTJbdFtTbUNXMSM9WTFVTk1gSz9xbjdZXzsoPmEvJ0ptKjRMWyVNbGZJ
KHRFXiJoKkMySFBGLz5BQyYlVVhVLUJAWmFcOEFCO2gzOChlOmRVJXRvayxVM2hiOzEkJWhVUTtC
R0IqXSRoQUYyM0NnPG9GcyI2dVIuO1VsUDtqO2k3SmoyRV1cO0c3cDRALEg2XzlmRGFIYiprMWtj
IjIzKkBhbjFgRlExXlppSGtcbmtGNUpqW0ZGVTRAXFcuVlVpJmAiX1stQW1DRDpwMFZbUmI4XSIx
XjAlLzcybjBqOzRNa2RNNyQrZFIkUDFpIik/aUw4b3Fub3FiRENxdDRuK1pqKCZmZEYnVVxzOW5l
VUNGOzlTWzJlOCFNQFtjNz4qaignZ0VrP18sPTQiRiRFY0trWWA8Zjlra3FxVjw4KzFYMzxePmMv
JzBxTjVPPSc0QHM5JV1vRzdnMiEsU0J0a042O2cjIUcpIjU9KmJmM0UlRlVwa2VEZEYkSE44ZmpA
NXQ/OFM5NSlGODBXNlxgYklGc29lKGR1WFQwKEBVPUJAbTIuXGE8RCprJ3RAbU1KMFVTVj9TYyM7
a2lYXy0jJidELm4sQEA7O0ZXRldqQGNTdVM2SEhManRvJ0lvcUJcXG5cSSwiVCRII0lHVzknXEAm
Mk0uWkpBPUxbciExPkZLYlhaXV40MSUhKWVcIWRrQSVxbzdnU0pyQmJLRjxfNW1hbmNlKWpfVWpr
ZWdLRSwyKi1zMVt1ZTFSVVFERjdXKmpGXUJeKTBUS1NWNGcqMC4oWVBIPlMuSHVEVUF1aHAsTyNy
cyU5ZD9qYlRZSzdLLDwmWDxCVEZYOjhJRyYtazA6PlguImJIbzphdGNoJFFYMSlkZ1NtYFZbTEAh
KCpbIXJuXWY4IkxMc150MjpjW2Zga0djK1NHNlJJNCM4Wko/QDFEMHI8WHM0SEdvRi9dN3FoLDNT
RmlMWCtSTi46JGZBNlc+IVdPZ2huZzNvQGJCXEMlJDdzbmZJUkVVV1hwcnFjQi1sS20kbmY3WEdR
TjghT1hjJDNlXHU8bEhAX1c4dGUiYEUzO0EkWGBISk85PGEtNmFOMik7dCFlaWtDODQ9bixkaSRI
XTdgL2c4IUJjbm0nUEtrWllaUTsobk00X1lNb3RMSitIVW0yXSJXY2MqSiQsQXNsKW9USDt1ay5J
Xk1pbj8xLWE9X3BYYS09PVZzOEFWcF5JT2BFPUQ1O1kkVkdhSyZbNSFzXmg1ZkZjTidURFZCS0hs
R0xXNVgrc2U+SmVSIjQjXyouQzFcJlQ1JUBESE5fMl9VcyU0LUJwOyZeMXBCJy1YcUBsR1lQTlw0
Q3NvaTJIQCQ2bUhgbGcsaCUiLygzOlMsKVUsMkhvRiFVXk9QaiVMZjE2bTZiLUQ6QC9haCZYM2cs
UGQ0RFo8UWlsXmZjLWtRZyMhUSJHWi1GdCdIWCtbSjg4P0lCWidnWy5oVkNRLnBbSSJRVm1QVm46
aEYzOk5hTUVvUTFjQ1lQbCdPVEM2Kk10YjJaPHM0WFEzXmdBPj9qKnE5MHJRYF4udHFlRVlrY29L
WnRNVkxTMEpiSSo3WTwrXWlZX0RlLDFgO05sRGFOWDFHXVc3TGlfKnNnZCxsPkNYKEhmRGcxcl5Y
JFhsKkxBNXNdNls3KGVXaEE9WUxxVlQjL0NcSVByP2JpJUwlWFEsNTsyNGUtRzIxbTJFJThpXD5O
RURbcDxIJ2ArVFhnY1BNLjgiKFhqR0dPazYyZT5OXGM4Q1k/TCNtQkxpciY4PElqLyRbNC06K1lT
OTdEcyExMmgtPSVxdF0sUm9WYWVMZmFAM0lTVTZQbihWKW1kOk89LysmVTt1RS5SUkdAWXQ2Y1BX
cE1yU2s5U0pkT0JjUUVRS1dfW0Q6X3I8IlFHPlJPJzNILkxeQk45aWZEZFtUdFJhUzoyRSNnXzY9
bGojJ3NoJmoldUpgWzcvI0tZOFw5O1Nibz4oVD4qYCQjbGpiTFwiN0w4ZCRwXmw3P3AydHFtL2Q7
ZG5WM1RZJmckV15lKylDKyFRMnFKSHJGaG9zRkRvblxxayptUyJbMmc/XFAmQWFILCg1LjFqOkNH
MnMtVmBENUBaQ04rQFEsZS9lJltDJS8wKjslZVtBRVRuTVxZKihPMlVxXihPajVmVHRVNU1vbjZh
NydRMy5ObWRILGtgZm9INDBKL0U/XCRtdTtHODIiaSVBS2FZbyY2dSdpTFdaJEJsPlE/U3FyTlxo
QUNqRGVpZ0JBRy0xdXU3MV8+NVVxbi5oa2g0dEFmQT40KmlqQUgsOk84UUxvRFxSRV9sNV9GOXRY
QHNTYTNQZmgkOVlJVTFfVlw4OGVhK04+NjJxbGEsUF9TTHQnVCsrKFtKXE0+IUdWXFNnXnBaMWIl
OFEiayhIPz4wXERfLSVxSChRYlVmZ0MsNicmcDs4NGdWKzQ3aDxXdVVjY10jPyc5PU5HZzdndDhD
PFdjayY6Imslays4dFFKUHQ0L0dEPSptWEcxIzYoZkIrbXImJiVTIUxQUz5gTjVBPmY2OlAqNEBu
JU9Pcj5rNVxKRFdsbjg3SV5nLUZSRTkuXjtGazQlR19IUFlbSGBtLEZtSWVQNUY1dSsjJmZgTGpG
KURcNT1FK2A5TkNEU0RCWGBmazZrQ29xRDxkN0tqKiYiai0nXDpzazhfNDNQWjosRmorUXJnVWJD
LWE1PGpWc24/a3RvOmAjTFVAKixPX0MtdClQV2RHVnROcFNuciMxPjxuXGsmT2spJmxmWStxRVtV
JWBHaUBIakhZRz5sO0dLXDIiPilCYlRrb2ljPyZ1bkIsUWBnXEJVWFZCLF1WWm8+WkRNNjhXUV5I
cz1hKVRpQW5MJWFaSDNpRWUkM18rTnE6I2MlUz4lSCkxaFtOX1dkaHNGbGZHU0VNZzA3V0hNWitV
NFwpJlkiTzVFMVtoWFpmczpMUG5AazBgJGoxPk5QOyU7al1FVjdsLHE4UihLL1hZZF4pbEpgPG1A
dEwuJTwmYEU9OWdJYCw6MkolLUUxMmkzP0NLZnBAJmcnW1hYMjU9VlwqWVNNcEg1c20/MWQjMDY3
c2o9bWpJa29DPVs2Tkc2X0wqKzZMP2lPN0xPUUdfTF1oOT1EVGBzXD5MYDNfSTtRNEUmaG9vQGQr
USstUHJaIj1KSUdjcC80WkE/TW9AbSMlYWF0KiQuSVdnYVEqNXFsaHM1SWonI2hMP0BHcjUxRGM2
SnM+VSRbMCVbJ3NSUlxONDVcYjBiRFBZJUk7YUtORyplL0M5ZVYxSFUsZEthWWdKSCJmbzhLXExt
Tz4/QC0tVlJXcDZDMiRGXlx1JnBNbUVPNWM6bFY/LSdzXS1FYDk1dEUpOzdIRUYiSiEzTDUnXk1E
NTRkdW5ZIi1IZktBT1FmOl5zOj9qU2M9Py50NktvSS8vRVxnIkZnT0phYyNwUmNGZG1KJEApMykv
cyZbLl9fIUEuP2MlP1s6P11COTMvTmlfYExxOWJnYS5sTCpXYlRlSkMuOVpgKFpSWkFQTjRrJkgv
NCFUKyw4OjEnJT5kKVEtNkw+NTcqaUNbMzdyZHEsaz5VPVllcEQqQUk5WlQiYjtpTEpkdT5NTVll
V3QrUV1GUSElRlMtcEV1NCNQVk1PVGBJOyQ0X1Itc3E2S19YXFlydEdEMSZFYzohbkglTmlCUGpl
RG02Lmc8Ji9lUzglIiFHVD0nTVU0Tlg/TmMrWGRvLWo/aig7NGlUPmQ8KGYxI1hPKlIuWSctQWBO
N1doK0pvPiFbMThvLWNYKWdYQkhiLDBUMlgnYUFidC5rYGYlKlhWZlQ1ZGElOWhGdUtWLVVXcTch
SkhaMipZWyprTHMxZy5oPWtoNy00MzcnTzk+Q2lORCY/JChCSkxBWEEmMCdTcS9GVmJnJ0soRmpE
Qy8waClkKkA/UVVcOS5ZZGVWbmNxcXBvM0RrJmM7KkJgVjBsdE5adUlicnVlPmZeJD84ZzQ/Rlcq
c1V0LkZjT0NXNDR0MCgsZjBIKEtqUVc3KjEzLGdBO2tNaWdSWS1QUD08ImhoSSohQFcvQDNuNlFL
MDRCZmBAY0JIJCJuKXVDTHAnNT5uQDE8OypaKFFsY01NYC1uYTRibWFuJTkvQk0nKWNKZzBcNEMy
dTwjW0piSFReWUcuYS5tb1hxczBfX28jaUhwPlUlMCIxPnBQUCo4XWZQTFtDa3FiZF4jL2JZUi41
MVJbcXJkakR0W0pOQ1RkQnJZWkooTjZMLF1rbSwjKUJWUUdXZ0xTJm83ZD5ZUCdyMzRHTUdLQmBH
RVpPaidUIm9UODo+Mj1nXzRLJD5VRF5nJmpNJj06NWBEbnJycXVZMVAlZXUhVEs7Rj40RyxGUmBd
PjEuZmtCYSkibDgoVXJNUkYvV0hCO2w/XUNmWHBkWyk1M0ZxOixYKioncUdSRVhDcS9qPkleRmJ1
Wl0obnUtNUNXNF1UbzNVRkxJbVVtREMqIWRjJU4vLlciKy5oY1R0Nls+dSdCOSpVO1RKMnRdQV1y
Ny49T3B1XUtvKVklN0gqPCx1JFQ3TD00NkQpcDNlUj5aQD1cKnI+bCgoSzlZXkJeLGB0KltSTHEj
SlZyNztRZWU3I1E/QyJRQFlsRS4mSFRZOj9jLklVSmohazk6XTstXkZZYzh0O2xDazFZKSpIcSkk
S1lDWnQ/W1pHR3BXV3JSaUYlKUolazk2RDNwXWpvU25RJl40PFpCQClebTBjLk9sbnQuT2xudC5P
bG50Lk9sbnQuT2xudC5PbG50Lk9sbnQuT2xudC5PbG50Lk9sbnQuT2xudC5PbG50Lk9sbnQuT2xu
dC5PbG50Lk9sbnQuT2xudC5PbG50Lk9sbnQuT2xudC5PbG50Lk9sbnQuT2xudC5PbG50Lk9sbnQu
T2xudC5PbG50Lk9sbnQuYyg0KjVOTi4yTjt+PmVuZHN0cmVhbQplbmRvYmoKNSAwIG9iago8PAov
Q29udGVudHMgMjYgMCBSIC9NZWRpYUJveCBbIDAgMCA2MTIgNzkyIF0gL1BhcmVudCAyNSAwIFIg
L1Jlc291cmNlcyA8PAovRm9udCAxIDAgUiAvUHJvY1NldCBbIC9QREYgL1RleHQgL0ltYWdlQiAv
SW1hZ2VDIC9JbWFnZUkgXSAvWE9iamVjdCA8PAovRm9ybVhvYi45Y2U1YmU1MTczZjRjZDZkZmNk
MDExOTQ4ZmI0MzA2MiAzIDAgUgo+Pgo+PiAvUm90YXRlIDAgL1RyYW5zIDw8Cgo+PiAKICAvVHlw
ZSAvUGFnZQo+PgplbmRvYmoKNiAwIG9iago8PAovQml0c1BlckNvbXBvbmVudCA4IC9Db2xvclNw
YWNlIC9EZXZpY2VSR0IgL0ZpbHRlciBbIC9BU0NJSTg1RGVjb2RlIC9GbGF0ZURlY29kZSBdIC9I
ZWlnaHQgMzUgL0xlbmd0aCAxNTU0IC9TTWFzayA3IDAgUiAKICAvU3VidHlwZSAvSW1hZ2UgL1R5
cGUgL1hPYmplY3QgL1dpZHRoIDEzNQo+PgpzdHJlYW0KR2IiLydjWXFmNCdgTDJKPjdOWz8qbmxu
NSdvS0JdI1h0Y2VKQjQtJDxONjxgX0M7XmVqVE9ma1pxXFs5NVZELnA9PmNRaUBbaHJgLzEiPThG
c0NabVp0cSQ5Jm9GYCIsKytYclwtaTFOWmM5OCpLdXRhdVEwLU9gUltObl01LzJCNzJcMSxFJ0dN
NXEnR001cSdHTTVxJ0dQJF5hKU1PKmpEcWciPDFuamUtSnE3V2lwVW9oLixFM201JGVpS2QocDlX
TlwjV0AwIW5mYV10TSssNSRvcS86Sk9bYTwuUE82UiJQZCFHPUA0JHJVWl1TcFJRNGFHPy1ic1ZF
OSEnUSVmZCdSIlBkIVwmL0E1JzkuWV02QVsnQ1hnWkVyYj5QPD0vL0hSWGNYZzduXjpyMVxkRDZC
WDBTJzVYXnQjSilAR2Y7SVVeTSRjL2xsZUVqJXNIcXE0UW9CVlcqWj5lSG1FbDZwYiwrOClHX0dF
J0gqOjlZcHFMKXJpLERFX0Y3RTpxQ2M2XC1rYyoxUCtEQ1Y0TGhscXRwNnJabTg0cXJaKjxzNVUw
SU9sRGg7Jkc5T0NTNUhGSHVRN11HQl9EPWo9Yi8lYVJrXTxhJThEVVFnJWA0bHAodWtaOXEnIVxD
YkInZ1BIWShZMCxAa1taO2MzODUsJzghT1tfOUA7b1smLWgpVF5Ma1QuREJASixfUDo0SGlaKjkh
WEpXTGhSQiEhYkspaS5CciVKPCMvLCQsNy5FVSZzUCpwR0xQcVQ8YScyIyh1a1o5aUk2cFRfLVlv
LGUhQFxRbT1HcWVaSnMvR1osJFc5ZDZCVE0zJ0tOVFpdR0M8NWRqQUhZY2ZCLzlgT0xCU3A7blNb
VDMqNlQ/QkJpZjJZM3NETEtRRVEvZ2xOMl1vPSJpaiYiRU1jXFsrPTI+c14lITw0cytJYmVmZWlp
OT9ZXkVvYXBILmgxKyxzTW4kJTNSajhfKENSXnM6Nk5gUG9lRT4rZ0YvTiRXMyxZV2wmLlZiNEZp
PFcjSW5Kb01ETCgrc18tTi1xMzU/PiJcXnJAV2okR2xcQGJvOmlQM01zQmdFJDFGLWgvZE1sR2lJ
aVM0ZkZxViJAIiFKJWxLVyp1L15RYShBP0ckKG1ccSk1UTcoayRWQW1LJydiK1YwWC9KXzJcWE9I
QlY2P0smRSVYJXVEJl1UQVNWWyxOIT1lK0AhaTNNTWE5PSJPWUBkWmRVXkw+b1BnLkl0ZEJ1NFxB
RT0uSVk6bmkmZVI4LTskVEgzalZjM1oscS9mZiotb0IyOEpnaSsvVERySzBEVWVrTzYjamdIVHFX
NWltY1tTM1xyOGspU1E6REdQOip1U107KHVqT0dENzBOcSJXaCgsMiVETmk8O2NdIXM3ciZaZUgj
cVhRZ2IodDRncW91MyRiZWI9VisnTHVFLFVoOTdubFhsVnAlSVppcT4vYkVQOzcmUmpnJDFobkFM
YFpZPkpxajM0bVQlPTpGYEhXT0M0TUZdQlEnaUAmYHRUPTRSISxyIiRRNGh1QzlCaUsvdTMwMTYp
Jyw7KnIzWz40Oks2cklnIjZwLjFocjJJS0xqQkJJajM7Q1VKZF5uN1AnLFQkcyFiYF1cU21TSD0t
NzM1VzpDT206bW85Y15aKVtySVZbOEQmT1YwWXU+dUY4bGlLbyYsKEhbKkdfL0pORzA4XVIkJlZC
Im0kTyFBbGg9SUtNJlpqTXQ3bjYoVDRSYU0mIVdiLVBbQEMzV1VhTUJVUGZlXHI9UF5RRnEka2Vu
cC9IQTQsP2QmSj9YL0M8N1VzQEknUiJzZ3A9Li9QT2ovazAkISErSV1icy41M2g9UlRpPzs1SF4n
OXNYI21BVFovMWhRNitfLTkhLWhHIjRfPG40WEJjZUs1Pk8qJVA1LXNtNWlqXDk+bT5ec1xeY0k6
VHA1b2dZZTxMQV9acWtObSUyRyRQVHVpakdnaEV0QSstNFBtKSFfRktnTXQlOEE0IydKVyNXNkZU
Uyk0JWwxJD8oKT0rM3RnTXFkckpxQVQrSnFBVCtKcUFUK0smWmdJXlhbSFwoJ34+ZW5kc3RyZWFt
CmVuZG9iago3IDAgb2JqCjw8Ci9CaXRzUGVyQ29tcG9uZW50IDggL0NvbG9yU3BhY2UgL0Rldmlj
ZUdyYXkgL0RlY29kZSBbIDAgMSBdIC9GaWx0ZXIgWyAvQVNDSUk4NURlY29kZSAvRmxhdGVEZWNv
ZGUgXSAvSGVpZ2h0IDM1IC9MZW5ndGggMzYgCiAgL1N1YnR5cGUgL0ltYWdlIC9UeXBlIC9YT2Jq
ZWN0IC9XaWR0aCAxMzUKPj4Kc3RyZWFtCkdiIjA7MGBfN1MhNWJFLldGbE41VEUicmwhOHFbYU9e
amd+PmVuZHN0cmVhbQplbmRvYmoKOCAwIG9iago8PAovQml0c1BlckNvbXBvbmVudCA4IC9Db2xv
clNwYWNlIC9EZXZpY2VSR0IgL0ZpbHRlciBbIC9BU0NJSTg1RGVjb2RlIC9GbGF0ZURlY29kZSBd
IC9IZWlnaHQgMzYgL0xlbmd0aCAxNTU5IC9TTWFzayA5IDAgUiAKICAvU3VidHlwZSAvSW1hZ2Ug
L1R5cGUgL1hPYmplY3QgL1dpZHRoIDE0Mwo+PgpzdHJlYW0KR2IiLyhjWXFmNCkjWlBNPjdOWz8q
bmxuNSdvS0JdI1h0Y2VKQjQtJDxONjxgX0M7XmVqVE9ma1pxXFs5NVZELnA9PmNRaUBRK0g+PUEj
WU9scGRqJGRCXSUtOEA1WCJNZFRTZ2lbWEImJUZqJEJaImJaQFdxLycwQicrR2ZjU09KVnEhPydX
ITxFMyUhPEUzJSE8RTMlITxFMyUhPEUzJSE8TCRPKkEjQjMnTkhPcV4vOUZnUmNsIkgjKmFWIiZu
VVReXkFIbEhKOlwsc2tdRmY+PUw/aU1ddE0qZ1l1biwvOkpPWjY7aDU6RWtfJzZGVSZxUmQ1OUVs
KFxGWGs7YzpbaWtEIm1AdDtHXVhtU001V1FHUV84KCpmRFg9O0dVVmVEM3BUVVB0SWxYL3RcYy45
OU9DRklCRTE7SmdOTmUhV2ZaamhPMEA6P3RObHJLLyxUVi1vWmpMOmhlPXJZalwwXCZyYSJPLzQ8
YD5PXyhMbT06M0FFWkJcQEAhSi0mQ00nJSxBIk5eSl09Tzc/ZiNTLG42aj9nUEpiV0lnZ3BcNEVl
bDluSmhvbEhLYyE2cnFBMFdVWGBzJEMxN0lURUtjOU4xMVBLcWpxamNmJysoKjpUcCI9TXM0RFRv
KEQ2PitZPkVST2AzRTszQjtJJGFgZHJAai8pclJedDhIVj9dKEI0NThXSypkXVltISNpcGpwSjJQ
PWNlbkdrX2JoOl9VaFNPXydkO21xOHVUbyptS0dXakpdX0d1amVkcGIja3VuO0BiTlk/XDw6Z1hr
cCg9MGdcR05aTkltJE8/RC44R3FobmZeTCxpSVVkVUIzLEVjPnU6SSFmYk4mU047VlxvRERiVksx
MkQ5M0haMTJbTUtGaUthUWVtc0ssSiwxJnBRZzJqODxkLCU+aU5vamxfJk1zcHQuME05IzV1OCxm
Y1E7W0JdUjdFS0dUSGRUN3JyJj4lOmhQXUA2aC4xO2pMI3M8dSM1OjZYWFA+a01rTDxOW3JJQSps
ZW8kMic6JSJER2lvQGpIWF9dQlxsR3U4YDBfbzdnS21yJTROQTNNOD5lW1spaSIxNlg1RiZSWTFQ
QilUWyhDQGdHMk5tNidATkAnKk5gR1tQckpyVGBbak5cZiRJKmJCMSYnJktUKllCSmRKalVGLzc+
OkxOby1FakBBLS8lN3BgXGVMM1xPKTA7MyE2RkgyTGsjVVhqOWFxXzwoZS5BMzVqR1FScEBdW24w
TDw0Rm03UWc+KEpqNTx0PCM9a1FdbSpzYCRzM1Q3WzVkU1NaXlEzbmJCU2tjPSFWM15YWEUpIjtA
WVRDUlM/I1NRIW8xam5WZjlAUSopaDNfZzhiaD8xQyNvQS9fWyhJMUdPNkltK0hOQFUvLzssMjFT
ZGdzPlo5VHFlW1smM2ozOidGPDMxW18zIVQ+QlJlZ09AXlxaQyMwailXQyUkSkViMS4xQkVjN2Za
NSkhczljJTpvKEcpRGtIMCVTW3Q3TEBoUkouUXNjMDNlUzN0WkYlNj0sJFA7cU9DNWAxZUdBNTZC
KU1vLWgyZ2FuXlQ9M3AsZiprPUNDY1YlV08sXF1XRlNdNTpvNlBpZHFfW0stYkxoZF1xYSdATjpz
JUkiT0tDbE5EJUF0LTcwRDttbDZpJ0ooQV9YRWlLMTNWXlw1VldKWWhvZ2VsSSwnZUZGa3JyMilx
XjY6TypwVkcxU1w8T1QhK1hzYl9jV1ZsdEhHK2NMRjxqRiZyUEphPkJVNzRhPjJAJzA4P1Bwa1FM
W21xOGdpYVslLjlYYm9eNihOQkpSLS4mNmspQC8zaDM4KihzWWAzWjVQYFFmQHVIMEtBSXUzSyU5
Zl1BOkJCNk9eZU85cWk6SiYzcTJuUlAvNHJxTkVoKS9vbWlCRWkoJGshdT1EPDNGP2VoKCk6U2dK
dTYpaVNeMSM/SlZWOVRlJVU0aG8iQHFQTVk/dV5WRDRqYE1BPnEmSGNpWGxdaVVKZzs3VzcmXUUs
TTQra0lLS044clZcUl5BbW0nZj1maVtmOV03aFg4LUwjUkNcQSNSQ1xBI2xaQEwkZ3Jpb0Ndfj5l
bmRzdHJlYW0KZW5kb2JqCjkgMCBvYmoKPDwKL0JpdHNQZXJDb21wb25lbnQgOCAvQ29sb3JTcGFj
ZSAvRGV2aWNlR3JheSAvRGVjb2RlIFsgMCAxIF0gL0ZpbHRlciBbIC9BU0NJSTg1RGVjb2RlIC9G
bGF0ZURlY29kZSBdIC9IZWlnaHQgMzYgL0xlbmd0aCAzNiAKICAvU3VidHlwZSAvSW1hZ2UgL1R5
cGUgL1hPYmplY3QgL1dpZHRoIDE0Mwo+PgpzdHJlYW0KR2IiMDshPEUwIyEucG1EWCkxQm0hPDwq
IiEwNz1IZmEvNX4+ZW5kc3RyZWFtCmVuZG9iagoxMCAwIG9iago8PAovQml0c1BlckNvbXBvbmVu
dCA4IC9Db2xvclNwYWNlIC9EZXZpY2VSR0IgL0ZpbHRlciBbIC9BU0NJSTg1RGVjb2RlIC9GbGF0
ZURlY29kZSBdIC9IZWlnaHQgMzQgL0xlbmd0aCAxNjEyIC9TTWFzayAxMSAwIFIgCiAgL1N1YnR5
cGUgL0ltYWdlIC9UeXBlIC9YT2JqZWN0IC9XaWR0aCAxNDEKPj4Kc3RyZWFtCkdiIi8oY1ZHYGQq
PC8rU1JnMEoyTE5cbCk2VlIyaU4oTD5cSm5Ib1NkTkNMMFYhTWVVSk5aUC5NcVw+P2IrWiVCSXRr
KFo2cURFL0FfLj91UXQ7YkctRj1DSTYmKldAOipdX10lJ2chKCFFM1U7RD5IRjZQUDxyLl90VkBL
cWdJcjFeNVU7YCFzOFctIXM4Vy0hczhXLSFzOFctIXM4Vy0hczhZQ3JybXVzalJgMVgxQVFuNiRv
I1lwXWlIbycuKUNsPzBbXVo3PWksZGxWSEM0V2IsdE1cMmg8L01YND9xO3AvN2toL3NlWFszVmNB
TyMrL2ozK3FVaFsmU2NlWmI1UURMbGMtWCJgbEdAKHI+IyJBISlrRjgiTiVxL1FXanIhMjgwWGtj
aFlIRFk9W0Yval5nPz5jIiZUbWtOQF9zPltMayhsUE8jZTc+TzIvWGYkPmtfc2EwOikwT2pUVCs1
SlUnJDNFSEhzPy5IP2BDI0U1M1tPIyNTQD5qMTAqOjJoTURLSyghamEzTS40Qy0/XmFdY09CaEcn
cUk4Liw+PlgvZUkhaGUrX3JxSitdImMiQGJvazJNWUUpJFIhYmJRNGAzOENJPyQhalhmZFY/Pixf
Q2lpZE9SaS05UyNbQDtVJGxbUl85KFBZTTViMSIhdXFXPlArYUBdakAuTm9TU282amFFZy4pbks8
NFAoYCkrWmE5JmRtPUBiQiJPS0NcZVpbO3VSX1FQWDkvUmVrST5pLDcnITw6PzIuTVs3YTZGYHVm
QzMwVWJTNGB0SFYwL2lecmY/UmcoSkJbKzA8XCEuc0NjYFBlPSxoJjAqJyxBTjxUYytZS2AoOjFf
UzxRYVQ2ayVNIk1bTzNLJ1MlOmlvYy0iOC8/Y2JKOkVuZD83QiNZYkBRVFFXQVhTXjNtYjVKMjxL
PyRiT1otPVlbRUpIZGw8VjdQYDIzK2wwLEpdKjhgPyJfXChNMCJcPGlgcm5FLzlxTDtML2ZqcHEr
KkxgOnEmcHI8dFw6dSYob1JnXFtdLidVQyZpPiNJLmZmVDZvUURqIXJiQ1pqUTJBb1AkcTFXVHR1
ITloYTtTJDhkaExJW08pI29kZTcvIk1xKWtNSCNrSmRqZTQ8ZzJQMmdvdF1KckxqOXVzT2JrTFsj
QmM0NENNUl1lPScnIjhLKkg/TEJkanBBTl9NUy1sOGtMIlxzXm9pW2pyTkZjSzdvRlVcK0VzV0k6
RikiMWVGak9uYVRFQUxvKks8XydjTFR1TGgsalYjPGhMYjomZls5S0NXW25XJzFlKW9laUgwWlVJ
T3BeSFBiPD1tIm9tNzQ4ZE4nb049LjVfcHI3cmRXLlozQjtVZjxxSENGN0pwbU9RTDY/YDdcRTlt
SiwpSyViYDgoUzhNXiJiLl5UWSsiTGFJLCFLNTIxTG9YKl87S0tdTE5Ga04zTmlYLlhKNkZBUmos
L1hoNkRub0wpR1FtWURUKzI7XjwhQlBGYjg6Y1xzMmFgYDxncStQZ2BoOSw9T0lbdW0oI1RDZSZa
PFpEW0tsVF0xXC1QYygpNkoiZyZGVjJPNTVCZTtIV2c9OGE3RyduKCw2aVo2RjlHXjImRi4qJDw6
dXNRYVMmMFJWWXBaI3BIcVczNCdOX2tZRiNUJEUrY11mWmBCc0M9cy4mciRYcTU/YSYoLkNKazA3
QkhWTCxBQDQzMiklQEtqUFo3PjRaPSQzOmZvV3VLcTYwNWlPNUdCWDFCbzBFRWBAX0BuOlsrJi8z
UUtdcSF1dWI4dChLNzUyYCUiTDgpXTonciw8TT09Ykw2KkBYVixbcVpKKiEjZWsrTWVMLlNfQT8h
XEY2Uz9iJGcsT3M3W0gvTzVBc2QjLzA5OWgxZDtlRD9PMFA6V2Bcb1RgWXVQSClGRCE2OjlWUGxP
L2hXKjtwczAvMV8oJCxUcUFucllRdGdIVF8yLDVWUD89Yj8xZ1RgPFBmSmQwOGxXblJvNyZETmxc
TFopUk0+SExmYitbZ2RKKDcyWlYrVCI4Xz1PZ2ppSEUwW08vVjY4WkoyQ2E8L2IjY0U4bmdBOiYi
X3FodE9bSTI0JlY7Kj1tOy91Pyg5QS5hRCFOLGcxcGVcSmlJcTc/NzA2XCdYInBQOWRzISVGREcx
bGEyfj5lbmRzdHJlYW0KZW5kb2JqCjExIDAgb2JqCjw8Ci9CaXRzUGVyQ29tcG9uZW50IDggL0Nv
bG9yU3BhY2UgL0RldmljZUdyYXkgL0RlY29kZSBbIDAgMSBdIC9GaWx0ZXIgWyAvQVNDSUk4NURl
Y29kZSAvRmxhdGVEZWNvZGUgXSAvSGVpZ2h0IDM0IC9MZW5ndGggMzcgCiAgL1N1YnR5cGUgL0lt
YWdlIC9UeXBlIC9YT2JqZWN0IC9XaWR0aCAxNDEKPj4Kc3RyZWFtCkdiIjA7MGBfN1MhNWJFLldG
bFlOVEUicmwhOHU2KWg4I3Nofj5lbmRzdHJlYW0KZW5kb2JqCjEyIDAgb2JqCjw8Ci9Db250ZW50
cyAyNyAwIFIgL01lZGlhQm94IFsgMCAwIDYxMiA3OTIgXSAvUGFyZW50IDI1IDAgUiAvUmVzb3Vy
Y2VzIDw8Ci9Gb250IDEgMCBSIC9Qcm9jU2V0IFsgL1BERiAvVGV4dCAvSW1hZ2VCIC9JbWFnZUMg
L0ltYWdlSSBdIC9YT2JqZWN0IDw8Ci9Gb3JtWG9iLjMwY2Y5NDgyMGU5MmRjYmZhMTE2MjRlYWFl
NzExOThjIDYgMCBSIC9Gb3JtWG9iLjVlMjM0YTRhNGJjODJmYjgyMWU1ZGFiOTI0OGU2ZjZlIDgg
MCBSIC9Gb3JtWG9iLmU1OTdmNGQ1MTE5MGE3ZTY5MGQ4NTFhYjRhM2Q2ODM4IDEwIDAgUgo+Pgo+
PiAvUm90YXRlIDAgL1RyYW5zIDw8Cgo+PiAKICAvVHlwZSAvUGFnZQo+PgplbmRvYmoKMTMgMCBv
YmoKPDwKL0NvbnRlbnRzIDI4IDAgUiAvTWVkaWFCb3ggWyAwIDAgNjEyIDc5MiBdIC9QYXJlbnQg
MjUgMCBSIC9SZXNvdXJjZXMgPDwKL0ZvbnQgMSAwIFIgL1Byb2NTZXQgWyAvUERGIC9UZXh0IC9J
bWFnZUIgL0ltYWdlQyAvSW1hZ2VJIF0gL1hPYmplY3QgPDwKL0Zvcm1Yb2IuMzBjZjk0ODIwZTky
ZGNiZmExMTYyNGVhYWU3MTE5OGMgNiAwIFIgL0Zvcm1Yb2IuNWUyMzRhNGE0YmM4MmZiODIxZTVk
YWI5MjQ4ZTZmNmUgOCAwIFIgL0Zvcm1Yb2IuZTU5N2Y0ZDUxMTkwYTdlNjkwZDg1MWFiNGEzZDY4
MzggMTAgMCBSCj4+Cj4+IC9Sb3RhdGUgMCAvVHJhbnMgPDwKCj4+IAogIC9UeXBlIC9QYWdlCj4+
CmVuZG9iagoxNCAwIG9iago8PAovQ29udGVudHMgMjkgMCBSIC9NZWRpYUJveCBbIDAgMCA2MTIg
NzkyIF0gL1BhcmVudCAyNSAwIFIgL1Jlc291cmNlcyA8PAovRm9udCAxIDAgUiAvUHJvY1NldCBb
IC9QREYgL1RleHQgL0ltYWdlQiAvSW1hZ2VDIC9JbWFnZUkgXSAvWE9iamVjdCA8PAovRm9ybVhv
Yi4zMGNmOTQ4MjBlOTJkY2JmYTExNjI0ZWFhZTcxMTk4YyA2IDAgUiAvRm9ybVhvYi41ZTIzNGE0
YTRiYzgyZmI4MjFlNWRhYjkyNDhlNmY2ZSA4IDAgUgo+Pgo+PiAvUm90YXRlIDAgL1RyYW5zIDw8
Cgo+PiAKICAvVHlwZSAvUGFnZQo+PgplbmRvYmoKMTUgMCBvYmoKPDwKL0NvbnRlbnRzIDMwIDAg
UiAvTWVkaWFCb3ggWyAwIDAgNjEyIDc5MiBdIC9QYXJlbnQgMjUgMCBSIC9SZXNvdXJjZXMgPDwK
L0ZvbnQgMSAwIFIgL1Byb2NTZXQgWyAvUERGIC9UZXh0IC9JbWFnZUIgL0ltYWdlQyAvSW1hZ2VJ
IF0gL1hPYmplY3QgPDwKL0Zvcm1Yb2IuMzBjZjk0ODIwZTkyZGNiZmExMTYyNGVhYWU3MTE5OGMg
NiAwIFIgL0Zvcm1Yb2IuNWUyMzRhNGE0YmM4MmZiODIxZTVkYWI5MjQ4ZTZmNmUgOCAwIFIKPj4K
Pj4gL1JvdGF0ZSAwIC9UcmFucyA8PAoKPj4gCiAgL1R5cGUgL1BhZ2UKPj4KZW5kb2JqCjE2IDAg
b2JqCjw8Ci9Db250ZW50cyAzMSAwIFIgL01lZGlhQm94IFsgMCAwIDYxMiA3OTIgXSAvUGFyZW50
IDI1IDAgUiAvUmVzb3VyY2VzIDw8Ci9Gb250IDEgMCBSIC9Qcm9jU2V0IFsgL1BERiAvVGV4dCAv
SW1hZ2VCIC9JbWFnZUMgL0ltYWdlSSBdCj4+IC9Sb3RhdGUgMCAvVHJhbnMgPDwKCj4+IAogIC9U
eXBlIC9QYWdlCj4+CmVuZG9iagoxNyAwIG9iago8PAovQ29udGVudHMgMzIgMCBSIC9NZWRpYUJv
eCBbIDAgMCA2MTIgNzkyIF0gL1BhcmVudCAyNSAwIFIgL1Jlc291cmNlcyA8PAovRm9udCAxIDAg
UiAvUHJvY1NldCBbIC9QREYgL1RleHQgL0ltYWdlQiAvSW1hZ2VDIC9JbWFnZUkgXQo+PiAvUm90
YXRlIDAgL1RyYW5zIDw8Cgo+PiAKICAvVHlwZSAvUGFnZQo+PgplbmRvYmoKMTggMCBvYmoKPDwK
L0NvbnRlbnRzIDMzIDAgUiAvTWVkaWFCb3ggWyAwIDAgNjEyIDc5MiBdIC9QYXJlbnQgMjUgMCBS
IC9SZXNvdXJjZXMgPDwKL0ZvbnQgMSAwIFIgL1Byb2NTZXQgWyAvUERGIC9UZXh0IC9JbWFnZUIg
L0ltYWdlQyAvSW1hZ2VJIF0KPj4gL1JvdGF0ZSAwIC9UcmFucyA8PAoKPj4gCiAgL1R5cGUgL1Bh
Z2UKPj4KZW5kb2JqCjE5IDAgb2JqCjw8Ci9GaWx0ZXIgWyAvRmxhdGVEZWNvZGUgXSAvTGVuZ3Ro
IDgxNwo+PgpzdHJlYW0KeJxl1s1u2kAUhuE9V+Flqy7IOTNnxpYipCQQKYv+qOkNUHBSpGKQQxa5
+/L6Q63aIoFe45nxY2/G87uH5cOwOzXzL+Nh89ifmqfdsB37l8PruOmb7/3zbpiZN9vd5nQ5mn43
+/VxNj9Pfnx7OfX7h+HpMLu+buZfzydfTuNb8+5m+nz41P9Y79fvZ/PP47Yfd8Pz/2ceX4/Hn/2+
H07N1WyxaLb903npj+vjp/W+b+Z/Df9z8tvbsW98OjbJNodt/3Jcb/pxPTz3s+urq0Vz3bWLWT9s
/zlnkTTn+9Pmx3q8jL06fxbnNrXRrnY6qROd1ZkOddBFXeiqrnSrbulO3dE36hv6Vn1L36nv6KV6
Sa/UK/pefX9uk9/wm/yG3+Q3/Ca/4Tf5Db/Jb/hNfsNv8ht+k9/wm/yG3+Q3/Ca/4Tf5Db/Jb/hN
fsNv8ht+l9/xu/yO3+V3/C6/43f5Hb/L7/hdfsfv8jt+l9/xu/yO3+V3/C6/43f5Hb/L7/hdfsfv
8jv+JH/Cn+RP+JP8CX+SP+FP8if8Sf6EP8mf8Cf5E/4kf8Kf5E/4k/wJf5I/4U/yJ/xJ/oQ/yZ/w
J/kT/ix/xp/lz/iz/Bl/lj/jz/Jn/Fn+jD/Ln/Fn+TP+LH/Gn+XP+LP8GX+WP+PP8mf8Wf6MP8uf
8Wf5M/6QP/CH/IE/5A/8IX/gD/kDf8gf+EP+wB/yB/6QP/CH/IE/5A/8IX/gD/kDf8gf+EP+wB/y
B/4if8Ff5C/4i/wFf5G/4C/yF/xF/oK/yF/wF/kL/iJ/wV/kL/iL/AV/kb/gL/IX/EX+gr/IX/AX
+Qv+Kn/FX+Wv+Kv8FX+Vv+Kv8lf8Vf6Kv8pf8Vf5K/4qf8Vf5a/4q/wVf5W/4q/yV/xV/oq/yl/x
V/kr/nbyxxJzO/ljxXVbV+Nvk8Zw3Tarp7mhxt8WjcfZVv2Pp23V3Ffbqaf1b9TT+Fs1tvZO6/A8
26Wae2xXap5be69mze7ix9nJv+R+O/mXPPPu4ueZdPKvMHcXP2t2Fz/32F38GDr5Vzbtppddk32V
94Dfe/XmdRzP2/j0sjBt0mzPu6H//T5xPByZxfcX1nfYM2VuZHN0cmVhbQplbmRvYmoKMjAgMCBv
YmoKPDwKL0ZpbHRlciBbIC9GbGF0ZURlY29kZSBdIC9MZW5ndGggODI2NCAvTGVuZ3RoMSAxNDY0
MAo+PgpzdHJlYW0KeJzVe3mUXFd55733bfX2V2+rruqtuqq7qvetWt3WvloW1i7Z8i7TklpSo9Xd
bckeszhgM4EY4zBgAjgTzB4Iw2LCKrNlYBKGEEJilhA4wyQI2YHBcwIYOIw0v3vfq+rqluDMyfwz
U6Xb77777vLdb/1995UIJYTY5EEikT2794+Mf3z7y59Eyz+ivPjwqemziqMqhNA1KNsOn1sovuJG
8weEsIdw7x89e+zUq2pf3E2I9EfoHx47ef/Rnnf9+Rdw/2eEDGw7PjN95F/XvrCCkOGf4fnkcTQo
/8y2EzIyiPvu46cW7js8oK/G/R4+38kzh6c/eu/nQkJGj+D5I6em7ztLbVnF/fO4L56ePjXz05XP
3ELImEeI+vzZM/MLV15Oxgm5jvDnZ+dmzv7p+r+6gvsi5vMIozP0MaIQmV1gr0WP1ydX+iUyTiU+
RCb1T4Y0f/ZsLxbJBlIsvl8qXsHkUpH8JV8hfQyePVivUXG1iMp5hM9byP/thxIGacigWyUaCNOJ
QUysYBOHuMQjWeKTgIQkIjHJkRaSJwXSStpIO+kgnaCx69+0aomUSTfpIRVS/TeN7yV9pJ8MoDZI
hsgwGSGjZAyyqZEJsoJMkikIaSVZRVaTNWQtWUfWg78bySaymWy5vO3K89I7lDuU15E3kNvRwv9+
HGOeYFvoN6VPSy9IR+hB8mv6M/oWOki/QD9Kpsnj9F6s9HJyA3jwMfJ99gfskjRJ52kX/SI9SP8D
5viSdEj6Cf0XSLpGV5KL7Pl7n/3/4Uv2k5sJ2UDJ4Lnrix+Weq4vTx9vKR9/8ZYhSL6b7GMfYBcg
8yEyR+7DLt8Fzfwxdr2NnqRvpZ+gl5jFigwz0JKmRmEuXk1VTc3FufGpyRWTU5PVShn3+IZL2qro
jQcVVEuiezIonsLjqfFaGKlReXRsdKzcmHW8Njo2PlbjU1T4FNVSWY0mtMmpatPC4fKFXZo2rae8
paKJda7uWiqXBmg6qqzxGeMl3fAVS09UKwMUnbUG2XUK8Xi8Ng46MQk6i3VqyX74rFqlLGvLei8+
RatWKif1/xMaiWBpE/fSOUHgVMpFcKhSbZ69pNXXnhRU1glrYp+gTlucqqZGamP/Eyuuoi8V2TV4
KOhbHJtQIYgNfxfPwuU8Y7cqMj7qmMaopCiKrEiGJMvaDlmmlMkybxEVdYxXQo9Jkq7JsqTIliEx
hiEqy/dQNPqqmCkrUZrFpEyXM4qO3pTS9yqKJBaRxBqyLNbYJEvUxEwYRw0qS9qMrEoZSTJGVElO
OmYyMjOwPh3kLVJmO+3hvfEwEn3ETcZX0CCpLZS9msmcKiqpki42pmQUpmB8RkZ3tahKWEdV+ChB
wiST6JRkSn7SOYr8iD/k9CmqLpuS5UgGdq+9VlJlUK+PakwSTMGGccuwuUEJH0WjByXMmnUynD8S
U9UYPAKRlt/CB4ArsqXnFAo+3CuZmN7iFILydps1CMq8OSFkXKLj4in6Yd9lSiVZkE2ZpHHCP4Bd
YBlOT11uGc46mhKELitAhYa9gEsKlgUpSmaWQiSMyRrTwTEMzChUYZRlMIBpRWwpkTgzGba0Al3f
hFt0bekTNMrKWEFT1WFMasVpS2SpsjJMqeplMhlV1WwvG3OtwEddaUtsgG8IU4AbmSEfbDvGiaQz
8jUmnkBlhgsVC8xgw3forq/pmVx/2mm4RdV1w1RVtUqT8Y1Hgzk5YZEOhklxKZWzpmnlOFkEA8by
WITSH+ttA0K3ZcHYUb603tbfk8O1qruBKpZUpKVLXv4JOOb52ZDv0jA7cgq3A8XORj6XLkTFdD2f
A7cxV0oen0FMn97rUESlGzvEsmCYnRIfW5TG2ebVVTmZc3H5XmheEGN2XNXAw8aojnn4VpOtNG9V
SjZFBZxhiDP7yTP0OUScdYT4WnMwgCPQWOK8NJW7CNRH6z1q47XJ2uTU6NTkSpr6vPL9VtGRbDsM
sj6z2wzPbVsPgqgkwcwkbhDUBpGK43hQX2aZuAeXVNtx6aXiniOBn5X48Nu2FOIcvfy3Eq1/dM9z
PUOHNlJmeJ7j6rqgnT5GV7C7gJGqKe3LqI+v0XbMspTIli0zCHxfNn3D9VrP27YS2opl+SFvy5qe
28ruyOhObWXow2WZVlDrL8Qxpddoq/NxL30X+HiA3JnQUq4vnTjdNFg0aFkxFWrh4u1UrR46EIQb
NU4vn6YMR8+341JE08dtWJPvOrBpHf6N+Z7DqGX7lDpuEHpZyjZT5tpRkPXAOjVwcbGdUJaztgND
UB2ZmZ7XWrL0zFqJ13ayTZKyCSKICxQsyGazSq7VcQLf86SQiRldJ8xzf5qR67dGRPE38FypJWdC
Jp6nG2o+l6O0GOczjNe+4dO2gALhdl/5EH2I/R7w3o3QNs4dtx7CcjyU8l2KG9GQ8mQ9nWwE06k4
txhbBVekytgE7uMy2sGgqWdsl2auKw6G7hrQkTGMOPYLCtM0M2hzPAMMAGtcphvWZEvBNNqiHiU0
zQiSZMzp3piRPDfeaCAi3EJVaCr8N3vQcbIn9O7RVYNtsrxF0kJVsf1O29R1z9LkucDzKAOX5iXJ
7+4ZqeQD9zrTzcrQ4ChyR6MTMTpcfi7D4HPepyBayXIb5wXZTb9Mn4W9bSBnoTkgXqprQcC3p9Yt
TlhbqQyLixZtjuvG6Iomm5OhZ/XupXJYHo04ultmooBz9f50p9TqfNhSlCCIIvPDsKX2n8FIEbyh
LEwYKbVhpIpre4hNsBOGzqriwkh7Ya2JNfN+KBbv6NiwBkkS5sz9DcybPktZy+W/96PYhH8K6GCh
UKDdLB0Fe87CnnUjtees4+n652jjcapN4ik46rq6wW1M5r6KvgG8c5H9rCZHEztLMdMi+Gm6n4oT
zlQrwsbE39q40JiYQ7Gc0B6X5uIo1NRqaYSqQt8mpvglcRmddOopQ2eZjGuDJqrrdjtYAUMJI8eh
zLaDl0PGff2rV3f3wLLMfMjkcnm81lGUWS4uB+AgYrrEMgXLdhw/sHSEQcNgGV1HJFUM04ocJaaP
GxkbGzUM29H1xxw7iBzbdiLfcdSoY2W1UqmubI9zubbSWBGfsa72/GAmY1q2rbc6th/YFnVBpWRY
XtaCltuWmclQ6iktyDLhJ8mHhZ+8ppe8lke8pvfjGWv3lV+Qf2JbkZMujRYJuzDbH1l3KtoJ0wfl
jJoHFHkPNtLKNgePPfjGhxzGTAuPXjI/+7I4bmFJFtw0Z5C6guaJq5XbWsGLPbJ6i8lNzvfNE6p6
p8W2sJY4ftns/EvQBD1lzkNvfPCxIJ2T3EefpE+LPNWlPGlJqO2kdarX0zraHqFTDfO4zTl6oxu5
DiKVJJkbb0NIcuw4yh7a5cKsXfeGg9w6VAc6cMHct92FQkDhXXPTDXYUZ7k32bXbc3nfbdu5mifK
y+k5S4/Sv04jlUvLaaZTm2o4PBYnaY5LBSM/5bpMWx3CfXteOKJi42GEBbQNcCxeNjehSp6Xo1+F
09+JDpHn0nUhAi+iQLgNknfjnAs93ZTL+lTw+CL5T+Sj8Dtk8ioNuNkKIX8jkX/WcN3WD3XUVuIO
YM70xwfycY6JPfwznaG7uB6RRqpWE/EKZFfpmPStlNxvhXB+rhfSXRKnDTtxXZDo0ZQX+8nj5NNk
GLTAZuHhBnjKhfxvdEwdW+a9kOIseq+7FC4WugxNyKn7sWSBJrxPcw/FlgEH4VcS5JDQsJneSX8J
X0LoJPRNwrLC6INJmitlff+CkYvDEGD8gkN/LrW1t1/+InyEZcW5gK7PpzF/Nz1LfwKe9lxlDfjG
iSKn8wpe154c6sy39PduXje+WlMit6VzgMoZzQXajfKBFSCiGopm05+s7bv1wOb1slwduemmddVc
BzukZLz+jb0Bgk5QGN1asCUp3cde6gF3tIKCRlRdT5dL+C/sl2aZ5DhR7DFD4wGcB3Kr18x6rfSS
edSO46wH3WHrDtcj/NNHClzsYo199MVYo3YVQsyN1/eYtK+ncbJ5dzF6a4+XahlExSB0YR5ZL1bg
EIE/3fyaqVLo2MWvcaWBwkY3r27vRLjovsG26Q9bujcBwUgMkTsH4waE1cGCwnVjvbn2NqqhP1yk
w6QVnaWhvuJ6ZBUpP7bRw4gRU/AlSdLbMDF8K1FDINXKMoGV6tjidg6ZoLzTY4FltQ95nFiqOIV8
q2OEkZ9VFbO4bu2qtb7XEnbAhbONgeN00osYEkDTN+VaW5mSYYgKmmypRkbP+4pqGmHor4zCuGX1
RF/Jg3ruz7e10YYMZ8Hfch0bcTe1LMcXHE7om3ZtqSA7bu7fwRi4c/I8uxdOu63LDKydtuK6efqs
ZWVfHvs+lYZ2RJ5PmefEnz7S0gII2zk8zja1BEF97T30FPg1lvArXVwItZlHi2o9QteLU4MJDvh9
22VZybaCV7mSXAhGigW4KH4AEHVVb+3v8ZD4tbb17JPfLFjqhvSiZWdfGsCNBczzI50nmggvGITE
U+1orVR6ugt51eqSXDcAMxs5Ct0J/nRyqSYHMPyYqnFakmDlVNvUJJjzoL9iYgVQ4goBgWqUaaMT
Ry06MLh27eBgW2GgJfBNQ2Ke66+28YmgikjEZcuhzzK7+0X3MJox1g4OoP9ItcdzVMXzAh+a+XcA
0yFCuR1KDH7IQyhPZXgWfFwp4k3DN6qinguXndossnCR8DKiT5f8X0J4bdcLXpPJTPIq1LxXEjEI
bl+SPSBuzsiM5RkmJz4LDMbhlueG6M46K1TUnEItTsVeK/P5Qsfr6VI9D5HSTnI/SfB1LWhuRZRc
jZbcb4dLlUVkteJaSIsOZX47CjpmcOCUcWzAHlzaXJ6wWGA4rvALtCu6NsS587diItLwv7uEXkxA
e9XkZCu3DOCspUJDeKIQca0ZU+vKgc19ZFV/n1CFwDQU1Q+DsdoxBJLBwXWR7VA4LR+mDZBPn2OD
A2tGKhXPhoMKghB5t9O9bQ6hSMusGxiccewIQUkGsENvjG3k1u+jj5KhJCdMsmcO00vRKKD60kA3
UZtcsRjo1BTWjyUDRqPS2FXdaxON7vfwEwQ5DYsclssKsmpZRpZt1OOi7eZlVeb4XVqE+bJje/Vu
1JQFnHfpo4iw4p/ueq7D46eGkKoD/kAQ3xIoXQB1FwF18annOGleDqzxKfoIGSEbhVdJEhr+d5TH
+MUMZaqR0NQWd34VOnlYZUne0UhQTFVsyEN+wmxQbvKjKBA+ehWOoY8s5hU60JjDVZFpTNDu6Mb3
ro1z9tJV9FcC49YdYkLLiIBm1ee89zmIWP/RjaGRMLLzD8eWXaS/yn7SjWL7NS68ghdFzrHHWjo6
GucDb6Vz9InkrCJBT0lsilP0pDZ5jQaiWrcMUbmhx74ZLcNYT6QYS6Icd8I/vBkk8RYPXjTivZbu
iVtKMwzGzkZo5WCXbcUPn8tyhI1Z/hgh2XmfS39JOzpaHjvGmwA93Ncg3LifzC76ZQv+o0puXYIM
agIVRMskmb46YHU7QFKanimNNXo2gb6GQhzqRkQxkJxkI13W+BmWW1WRrfCdgdFVJTPR2i+r4qS3
AQ2hEvjAW4iTJqEieG5Bty/FRhh4fEob4dmUVKdSCQE0EMUixe3p2zScZ5e/Wtc0fDIwASg213Ju
EG6i5cn+J1kI77+T3NW8//F6JKrjvgZGErBjBb64jnP3Xw+w/CjjKuyoJlBF8O6ZddtaAsuprbvD
NeCgTNNZ39eFFM2fmNx+Y3uHqyD90SVNEqk5t5Rc78BoLYz6q2t7Oq2cqg4W82bU3za5Yj3TwA8l
DNpcSzdzFlLb4cn961ZuGJqSTMtxMD3r7uirDq3p7QuDNevX5gweXVr7YyozhTGZnyM7Xj6/5cb+
qioFrdC7TGd+4MAtU+Uu6SlJyeqbbSq5VlfFUlJMduVrNGInSDt0bzwJzwD8uVqjXqqygMeav/Fs
y7K9HfrgVg+preUdL6nXOdS2XHbCsjy0/eaKza9WFx2ifa5lLsfyfi6oIzwJnMu92vkMsoQQlmZe
yGb9Ev3X/OUvBLnYsqB7dF17e5tErkVjzpcEXSJMrKaT1UbI+L5rm9S9Tu2aTYjdOqjvSGrshGm5
l791+e+6Elqv/CahNZmfDtBPsTUkV/cpyRnXYgpaKf+1+zqbCct1Zh+A4cLdvsOJ2Wr/A14U2tzP
vPIBqB9SyyfddN8G/VuywPOx7rJS9x49dS2iT7DLT6fug27ifoDXFuq+QXgLV6RkYv/fpuvYPH/B
HiSpchpPq2NCM8WrouQlnNDPhBsaz/vrIKz8sGtZTJE1eXC8VTFdpPrO8USO1zualFOKvpWXckyS
diatbB4Mmz4hS8W1ayuhfPsBeOeEZbdMtYZyixOFeiCFbXtuBXcFIzmdf0jewd6enmXk4sbhmS+s
aYPjSHGOO8oA3gHuHPiJ/Ynv5T542REcAP/orz7hI7pfc9/J+7hYC3OVRDmn1KZ3h/W3d2NqHXYK
D/WSVG0lKZYLpt+p5CTVvT5pPO6YluSYcmF8SNKQSVjQ5XmuH7Z16562UAp0iLtFDlunbkm0Bgji
wO1yWFm7tijJJ6YXdfxL9CP0ZhIT0gP8wl/qhVo1dbWQQE6lf9Dbnz8bdlnGxvjuUpc6GZij3mr5
+cqOEhuKHgikLmtTNJLm3/Tz9BLpW9xzje+Tv2AUN6Wp5KgxkXeC8O6DJiFHezpn3LMzRCT1Qu/X
Ws0XrWFgdYto+0M3gaH7zzOaIlJXaPKjd+RzUYINJuk7sXaen8wEqc5ela8KFLDkXLQ8E4hwFz1d
MMVBd9ajPOtxW38DONnHT2JDpBW9CHk5kOEFET/9uOsJfgrOT8M/M5OP4y87jn/5pdzb8/70oVw2
y/mRAz9+BhzZm3jxUtNLUgCTRSCiLr4r1r5mDtjVQsKIXbt3b429LEM67XmtXdaAfd2Q3c0zMnqp
eOLd4EDAieEg/sJh/m6DFk+889E7eC2V7Q/Il8GT33I+d85xlHZP5pleEEp2wcz67fSibngvujkK
A0UCJN6+vjWfT8/n1kJT+PmymGsJD7VXeA5bKVgFaldCNDG95Nj+//oMWIe4b4dsC1hC05yUfGVx
nqUUnbKGHQqYEAghYNNt9Eed81+tnxxcOJJviev2BdzxJiHvBKFfU9q3RCLpCT/LZZscTYiMtpVe
5KacirIx/YzQpUSP/wpz9y7V41KTJnMJxsJDpW/kHwnqauzcOHZjor27Vm0YNQy1ZNs5q0fo8cVU
efefYzRVZA4FOjtb3nYXXzzZVxfWLgt/3vSzhaZXOpOpX9Qq5Q9ou9LELswjfCRvZ6z2QuQAYYcA
QPQSB40QjHP7H9c3+t7bOFOQudHFc4L3Y81+LpPFl0rNSy7nLJZ+teaL40yk5W1WXWpW+/0pr4UI
dddp+7pu0EuSjqrnGQffXSfi3bff9bbGkdBhIGR+8JTw/j9DPyYb+lG3FgHcEj0pafXfLKQkJcJJ
Hp63hxDY3bZdY+NrMpk8cjyrylUJIM4y7tjKX1H4UWRkMrpcrFY7uWSEnt1zId+SE7lAFOX+dDqf
i/lrrv77eGf+tsE1x9dQ9od38Ad1nLYL9n2J7CI3cexdWv4Tjmae1eDzo3IJeQoHqKVywxnwXKU2
OjW+QnjGaiVFp0xDEJyir1FcX5Z3rM+YdqnguWZoD1V1TQvDIMxMP5rRWKdtSCINMa9LlG4szACv
ZodjqJlStPNht2WV+YtdlV4Cxiqsam8vxrmWiXUbDgRhqOuZTPTdCWpl3i3OBIRJ0Gw27vqz68ut
Kru8AH4wpW5z++g9kE1HclpSSnJJnm7wE7vVdNGQaQg3Fsa51YHncPW7ZwQIkjtam4uiFdw+8U6O
/oQDA/1wHdCBhLGJDrwAvq6o66Ng5lL3WTe+q40eqvn3ml+2VChmwci0JL60w9ezcFudrhOYrfcX
DCZeanrMrnLD/LqegY52cQ29+UG3YZetbfnfv4ne9VauzAmNLUAGDT39anoeyMUejS7P6Dhlv9Nl
PJp1gHHbkVHHJ0JxxO+E48bjLUa0pfai1IOs3jCuG0rRcWKrYgAt0x8h0mcpfTT2fWayxKkxucZu
Ogcl4FadUI7k6om7EZka/PweaB2pn3IlWpqa+RK21t8R198S08cRBfVtjG0YdDvabcfZeOLAwYSj
O3fvucGzbYXzudw5Y4sIecl2/L1TlG3bU6D5fH7+hHBNnCbdcDBKb+/Ye34xFuyjn4ScR5f62XL9
vPCazif9adIDIAL681ld+3wAEgPqcCcHMRn/XpYSZ+8xVaV2q97seLvgjP1HeDLLXzMX1nUPcR/E
++8dZdKBLSICJLa9j/4atHXV0YygIc2qxjl2XyLL5FRlPX3QQ2qoyIo5wo8x3LadO/asppomdbhO
FhJ0vcJdemXl6krfJ3ikhZP2jJ8yqYW/3+b61pp/+90g4RPncfMVVvfNr4fslsQDgaqWnPml8UD7
sfr60BPx4Oa8wV1rkM1aHdcnzLqThwM43ERLbvuTuvt9z+11zWH1GE2fZK8gnQ0fLKyso372DpUu
iYP4ijZn5dw2y+7+OKJPW28XtbraLLOb//ro/aZrdLazlxXXbI1LZcpuf3vYJbWHH7orLpV4DjzQ
UxhuvKfbQD8IXleX6GeD5YtIo/HrhTI9luglXQ+9bHMc55YnCwAa4ncKbXDbhVLnEVtyvFho5B6u
kbsLlLbkW9722l8jTWfMtkMqq2qn396+91wu66W/tfiQwBRDvwtDyldjqfI9CdeBNAzWhDTctsvf
46/b1Hp8VFXJgZlwdbwW+vgQiB3dX2/aM5jL+kIeu1kWeWjyniQXcIe79Id2iyiykgZITmCpLHG1
2ISFoiDIyTu375nS1EwXEJ/VY3puWxe8dLnTGs5AL7kpjxlBO4J6QH/pefHlL7TYrsI6OnNvOyiC
IXz2TW/JRyE1Dfc9M9RFT9LwLx+Ejg7V5VdJSBBu+3f9jJEesx3Z2lArWaWC7ZpB/mZuxogJoxvv
hEJaliR5A923+opwLaaVXX/9xp2dSG5bBvrP3IF+cOK1LXuvN5nkeVFgdXVN35rz/foZ0ltBU46/
wUre2ERBPd+ELokfvkjl6tTBdtdxSszxfKBYR7mDaa6Xf+VQy8P0Yr6QZ+zyc4GN5MmlVUVtweYv
/81XmPjNNpT3pqc+87O73TU/J0S6xFnxl2+/2RfXL9+9l+SuTIpf2vITcZb+xpnyX4Lz34Ozp0FZ
ln0g/fX34mcLnnSTr6F2Ebn9DSifQHkc5dso78azL6L8PCn0KZT7UP98en0frmdQXolSQplDuRfl
AZRXoNyN8nsou1FejP6fRvmvqO9AeTi9dpJuVsG1inIapReF9/kn9H0TtrAH14/hHlf6FyjfQPlz
jFGxo+/gGegk/4i296J8F2UC5QLKN0WfbvoqXHVcv4/yU5Sv4N7C9cl0P59D+QLaykkdX87CCXzf
IH1bPir/WHmtWlF3qOfUt6uXtF7tRu209mHtG5kwszXzROYX+oT+av3bxrjxBuO/mwfNz5qXrF5r
n/UN+6j9uP1J+5LjO9fh+4jzMTfjDrsn3Y+7v/DavA3eEe8N3tezRnZP9j1+h7/Pf5f/62Br8Mbg
26Ef3hg+Gv5D1B8tRO8SErueHUAGcxfkykiGbCD8XfyT1Et/zd9LLzbkuYpeaMjeYr+f1hlxGj0k
0s9ektblpj5qU90iB9n307pDFugvxDp81XbcJ3WKERvTOiMa8uCkLpGIjKd1uamP2lS3aR+5Ia07
wAkn07oP+s+m9YD49P2Yjcp6uq+knuwrqSf7SurJvpK63NRHbarrpI3V50n2mNRtto+9Ma0n+03q
AemWL4q63USD3USD3USD3USD3USD3USD3USD3USD3USD3USDndKwj8yQY+RecGqazG2em5lemD03
U9x85tSpM6fni7Xh0eKh+4dOHx6an943c+zek9Nze+ZmTy/MzBW3z548icuumePTp6Y3nzl7/9zs
seMLxd7DfcXx0bHRweKyjr1rji8snF01MnLm7Mzpo2dOL5ycPTQ3PXf/8Jm5YyNnZ86cPTkzkg5J
RqzrGzTOzy4cL+6bmZ+ZOzdzpLgVo4q7pk/NFHfOHjsyfXLb9MypmXuGDeOm47PzydP9Z44unJ+e
mymi4eTs4ZnT8xh37+kjIGDh+Exx/4t2FHdj/aTzjqTDYPHAzNz87JnTxbHhseFksnQsn+bwmbOz
mOTQzMkz5weL06eP8Mbpk/NnitPnpmdPTh86OVMUdE4Xt27cW5xeWGWkO50/PDd7dmF+eH72pNjl
7q070ieHU0YfTvgsnqZLzo/UGT4C7o+cnDk2ffLwmSMz//LLZ58rPv/C88++UPzhCz/8H8++8D/J
ZjIH6U2TBTJLzqFWRMsZcgrfM+Q0mcd9jQwDlRbJIXI/otppchh/5zHiOMYskLNkFWxkBK1L5zm8
ZJZhXOegI9yaZvFsRrTOoIxcNe9IuiLvy/VqGlc+2xHc7cEss+i7gPocaNqOu5OiH7/bhetx9D+F
wndxFjPz/scErUXSi3n6cB0X/5tmlAyi/rtn7CVrlu2Tz8qpPyp2tiD2cwh9oflYbXGfvBfvy2ca
WbZK8xrrQNEgPMp5tC1graKwpnnxjPPxCFq2pmvxHfLdcSntFPs6IrizDX9nRPs9oMDA9ybMNCuk
tzh2P2pHUTsvaOVzJD2WSoSvdy/qR1IOcJpmxOgXkR247k733zzzjiUzcK4eEKPn0X5G9B0DXWOC
tkXKlq5bp+aw4NpsSskhXE+i5byYdVrQVe/Jdz6PZ7x2DmVW+J9Dgq/FJn5OC1o3kr2ivgA5Gstk
Oi+0dxb3C0JX58Vci7LcjfE7lO8ql5TvKP9Aisp/U36E8h3lR6g/g/ozyvf5nfIDIiVh6coD/P/R
Xf3ZMF2rjY+PjY2OjowMDw8NDQ4ODPT39/X19larlUpPT3d3uVwqdXUVi52dHR3t7W1tra2FQj7f
gqQojqMoDPlr12zW429ZHdu2LNM0DF38EJ2/TENgfd0n6ZWHrz++5f+pf0+pylYy8FRGw9+PKApa
PqJp+Pu/ASmerP1lbmRzdHJlYW0KZW5kb2JqCjIxIDAgb2JqCjw8Ci9Bc2NlbnQgODAwIC9DYXBI
ZWlnaHQgMSAvRGVzY2VudCAtMjAwIC9GbGFncyA0IC9Gb250QkJveCBbIDIzIC0yMDIgNjgzIDcw
MCBdIC9Gb250RmlsZTIgMjAgMCBSIAogIC9Gb250TmFtZSAvQUFBQUFBK05laGFtYSAvSXRhbGlj
QW5nbGUgMCAvU3RlbVYgODcgL1R5cGUgL0ZvbnREZXNjcmlwdG9yCj4+CmVuZG9iagoyMiAwIG9i
ago8PAovQmFzZUZvbnQgL0FBQUFBQStOZWhhbWEgL0ZpcnN0Q2hhciAwIC9Gb250RGVzY3JpcHRv
ciAyMSAwIFIgL0xhc3RDaGFyIDE1MiAvTmFtZSAvRjIrMCAvU3VidHlwZSAvVHJ1ZVR5cGUgCiAg
L1RvVW5pY29kZSAxOSAwIFIgL1R5cGUgL0ZvbnQgL1dpZHRocyBbIDcwMSA3MDEgNzAxIDcwMSA3
MDEgNzAxIDcwMSA3MDEgNzAxIDcwMSAKICA3MDEgNzAxIDcwMSA3MDEgNzAxIDcwMSA3MDEgNzAx
IDcwMSA3MDEgCiAgNzAxIDcwMSA3MDEgNzAxIDcwMSA3MDEgNzAxIDcwMSA3MDEgNzAxIAogIDcw
MSA3MDEgMjA2IDIzMCAzMjcgNDM5IDQwNiA0NzIgNDIxIDE5NCAKICAyNDUgMjQ1IDQzNSAzNzYg
MTkyIDM3NiAxNjggMzY3IDM4NiAyOTAgCiAgMzcwIDM3MyAzNzkgMzgzIDM1MSAzODUgMzM1IDM1
MiAxODYgMjAzIAogIDMzMiAzODkgMzMyIDI4NyA1NTAgNzAxIDcwMSA3MDEgNzAxIDcwMSAKICA3
MDEgNzAxIDcwMSA3MDEgNzAxIDcwMSA3MDEgNzAxIDcwMSA3MDEgCiAgNzAxIDcwMSA3MDEgNzAx
IDcwMSA3MDEgNzAxIDcwMSA3MDEgNzAxIAogIDcwMSAyOTUgMzY2IDI5NiA0NTkgNDgzIDE0OSA3
MDEgNzAxIDcwMSAKICA3MDEgNzAxIDcwMSA3MDEgNzAxIDcwMSA3MDEgNzAxIDcwMSA3MDEgCiAg
NzAxIDcwMSA3MDEgNzAxIDcwMSA3MDEgNzAxIDcwMSA3MDEgNzAxIAogIDcwMSA3MDEgNzAxIDMz
NiAxODAgMzM2IDQ1MSA3MDEgNDY2IDQzNyAKICA1MTggMjE3IDIxNiAyMjAgNDIzIDQ3NSAzMDgg
NDQ0IDQ3MCA1MTggCiAgMzg3IDUyMSA0NzggNDk1IDQ1OCA1MjQgNDE3IDQzNSA0NDcgNDQ5IAog
IDU0NyA0NDcgNDI5IF0KPj4KZW5kb2JqCjIzIDAgb2JqCjw8Ci9PdXRsaW5lcyAzNCAwIFIgL1Bh
Z2VNb2RlIC9Vc2VOb25lIC9QYWdlcyAyNSAwIFIgL1R5cGUgL0NhdGFsb2cKPj4KZW5kb2JqCjI0
IDAgb2JqCjw8Ci9BdXRob3IgKFwoYW5vbnltb3VzXCkpIC9DcmVhdGlvbkRhdGUgKEQ6MjAxNzEw
MDExOTAzMTIrMDAnMDAnKSAvQ3JlYXRvciAoXCh1bnNwZWNpZmllZFwpKSAvS2V5d29yZHMgKCkg
L01vZERhdGUgKEQ6MjAxNzEwMDExOTAzMTIrMDAnMDAnKSAvUHJvZHVjZXIgKFJlcG9ydExhYiBQ
REYgTGlicmFyeSAtIHd3dy5yZXBvcnRsYWIuY29tKSAKICAvU3ViamVjdCAoXCh1bnNwZWNpZmll
ZFwpKSAvVGl0bGUgKFwoYW5vbnltb3VzXCkpIC9UcmFwcGVkIC9GYWxzZQo+PgplbmRvYmoKMjUg
MCBvYmoKPDwKL0NvdW50IDggL0tpZHMgWyA1IDAgUiAxMiAwIFIgMTMgMCBSIDE0IDAgUiAxNSAw
IFIgMTYgMCBSIDE3IDAgUiAxOCAwIFIgXSAvVHlwZSAvUGFnZXMKPj4KZW5kb2JqCjI2IDAgb2Jq
Cjw8Ci9GaWx0ZXIgWyAvQVNDSUk4NURlY29kZSAvRmxhdGVEZWNvZGUgXSAvTGVuZ3RoIDIzNQo+
PgpzdHJlYW0KR2FxS2hiNmwqPyY0UT9oTVMmTTNtRUBDXWRdSTFhRE0wUUdcRVk7ajpsPjVPTCFz
NClMLDRxN0UmaD9nJVBQRjdKN0N1UjFLWTIlZk9ib2hKb2BiJV9zOFUxSlpHO0lDRkM+V1onVmw3
alJrSkFcJD0mVFtQKyxhQTckVjpHLTRKVDgnSTUtV05jVkBhXzxTNVNSOF02RTVAIVxDISE2LTsn
R3AiKl1QOFA/c2RNcElgRzMjQVBYXmZuV2hkTkV1LSRTJ2k+PiVaOl8pVWBTWkFgTXRmXXFDI3Jd
aUlXU1ZCR2xxMDE0S25+PmVuZHN0cmVhbQplbmRvYmoKMjcgMCBvYmoKPDwKL0ZpbHRlciBbIC9B
U0NJSTg1RGVjb2RlIC9GbGF0ZURlY29kZSBdIC9MZW5ndGggNjQwCj4+CnN0cmVhbQpHYiFUVTRg
QiswJSMwISskQkBpPC5PK1EhKC86WVkiWyRuSmlYXCU3SkFXUStzJEozZkVISTMtKHMrQDIocG1q
P0g6OiNwLjNWNnIwXTBKRV5zPHA6bUxZSlEqV1dVcDsjYzopXHBDQXEpWDBAREBzS2QmYWtaWGc7
IjZCNFElI0JdcT5mX1U4QiglP2NeT0szSnMnOSVQMzA2IzZHK1pwcSs1QjBwZE1NLDJUOkYyJ0Qz
KmlPJjAyaUNhJGtQclNkKGwvWms0QC1iVnVPWVZzKnQzaCdWMV1LKGhxSmY7Tm8oLy8iby05ZnUp
aD06PTFwWGZnIV0tMWlgMSdbJFVHJV9GPWwuQGk/K1U2aT9ZTiVoV1AtUmJbVz8oJk8nLDdtalI/
OC5kMlRLXDMwdF1ob0IocT1ZMjlRLF5dLmVoKyQxRSdMYmBMPywtRCZJJUJqcklXQT0vK3EqIjFr
Tk5sRVxtZUdfXG1wXi9OXywpc0EtXEpUKGpiWVgjYjFHazVZRFlScy46SUZGU1VabjcrT1M3JzMy
TF5MVmE6IUdmOmFfLHNyN2lfSTxQbDxQV0xSJG0tYFsoTzswY1NRTSsvPmtgSDNTYExuRWc0Lz9v
XExfRDlMMStqVVRTUmMiRCspbD11JShOIzhJMnFZTEs7OClZRklncj1sQDIjVC0rSVI1WTpANV5p
VXI7KjBvNTAwalNvVTVISV8nPzUibXFnVkg2WytmZFtpL0RbPHRaMUYjOmtjRzZhNjpxbFZkPG9A
NFdNSCdfLGMuPUhwcDVNdFYrIjMkTkRIPitaPjNJVWZAV0F1dDsnZkEoNVAoaGdUXj1SWjtlSSw9
bkEuJn4+ZW5kc3RyZWFtCmVuZG9iagoyOCAwIG9iago8PAovRmlsdGVyIFsgL0FTQ0lJODVEZWNv
ZGUgL0ZsYXRlRGVjb2RlIF0gL0xlbmd0aCA1ODEKPj4Kc3RyZWFtCkdiITxMNClhLjUlIk5SJSRC
RmpHPEtYImRCZUFhLmglSUxqTEZkbnEiVVlDS3AmPlEhcigoKUJGcHRhOStqYmdTTVBORnQmcVpG
I2g3I1FNNDtJQDE1WDlwcSJfPlNLci5EYVFwLTZJMjE6UERXJGN0TltTYVBrayluNSdMKWgkSCRe
YSs4KDBSJ09lTDYxKktpVVYvQF4vVzZFMTBodSNDLzheLiQpO0BbLk0yTEA9cjYvRCxzMDhaR3BW
SnI1cjYkQi1BMG9bNGVSU2kkcGImIidUSm5bXkdWQk1VLURDQDxlTzVEQV8oJTxpJ183KiJnU0Rr
SmEoZUlqSlYuVjNbcT4rT2FmXmYkSDRaQ1w6dFkoSUVpb2pjVE82ImFudGk+WGtqckxnYWc1Vlww
SyRFVk0qMGlvbU1pNmhvZDpJVC1uQENxYWo2cm5zMTVRKGopMDlsJT91Wy8xVz5JajFPbmgsKU4q
cTBQYmYnMmQyVSthI0EuTmJgQlkoNUdtbzRCNjtyNnA3dTJrVlFTVmNkMU9GKU40Qykob3A+SFk7
Z28wXz0qOFtBVmYob1ZSX0hhPldUJlsrU2NpNjVXb3BXKlphNnFHOjxAS1ZXY0E3J3E/Zlp0aUlc
YDw+VUYtJ1NmbVMmI15ZP0g3QV9HZWBxU1hbXzlxRiQ2KSZYVkJRciVdTG9CW28ucyE6L2d0Jz5A
TFdmVkIvM1ZHWV9GTV5nImVIU2tcWTkhUmJkOTZHQ1tHPy1RK00lTyRKQE1KPVtgVn4+ZW5kc3Ry
ZWFtCmVuZG9iagoyOSAwIG9iago8PAovRmlsdGVyIFsgL0FTQ0lJODVEZWNvZGUgL0ZsYXRlRGVj
b2RlIF0gL0xlbmd0aCA0OTUKPj4Kc3RyZWFtCkdiIT03NCldYSomLTFYWj9aQlF0V29MXnRjaDpQ
TVJDWkAsa2A+clI8MnBYJGMyU2wzNEhiamNPQFxhTz1VKyxAb0QtaTkjWl8xUmEoYl9HUik8QmlK
LTotImtfdC9sImVQPlAxVy8xcyYwWjtHUmwrZmlmXjpvT2E3LDJUIUAtWUVedSxZTFlDViknOGE1
KDVnRmIoYzhULlg/aDI5amYjWjJzOiswXSchbGJyZF1tTT5AKGFSOnRTMzI3OF5Xb0xUQ2tNIWU1
VT4/MDNGOVJgS208MUs+a0BmblhnaSFgXUAyZlAxI1xBcVVHLjJiT1FBMDgsLFQiU1JNOlBcWydT
bylZL3JEXDRWSENbYHAuJ1xQVTdUU3FmTkJxUE5mSSdGNzsjRkNcVVxSXm4wJUpLOl0rb2srOSgw
RGY+T2k9Oy0mZ0oxKHIvZT8nTDFOWEpNJ1U6T15FUi1vNjg3SFMrJFIuNCddPk4yKyY3TUknJS5c
cC5lRG0jOiw8LTRDITxvTjsmUi9BMzAnSiRGRjxbSV9cbE5ZXCtdRmw+Ly9WXm5OYkBjQUJwP0xg
Ii5xWmMwQEhlRWZJY0VpTkhSVihZQF8ucDA0USx1RypKRnV1YiZxNzwxSGghOVZkOmZlIT4iU2xL
QTcpR1tSZEx+PmVuZHN0cmVhbQplbmRvYmoKMzAgMCBvYmoKPDwKL0ZpbHRlciBbIC9BU0NJSTg1
RGVjb2RlIC9GbGF0ZURlY29kZSBdIC9MZW5ndGggNDg3Cj4+CnN0cmVhbQpHYiE8SzlpJllcJSM0
NkwnZ0QyXkFbLkZZa25WJDA+YGEhYWNxP1RjT0pbbTVyclsvak5mN2kyIkMrZGFWS0VRbW1oNyZT
PXJJbXNINEI/VEBDXF1pSyVMKi1BS2E3VDtwN0VcKihUaSpoUVtKKVQsckM3W25OW1g1MTBLN2Az
bVApUHBRNmROUHFXPiU3VWsqV0syPScmN0lsWTgyJGknJ1NLNT9HPjlGWl82PUtbW1VPLjtmJklh
V1toLkY/aFQ5TlMzZy9gY1spNl5ebUJcdEYzbFNsc1coOGNTZFpZcGVLSlQhZEM2WDdeYkw7OCE+
SFRtPXAkOEpRWHNJUk5CaVExUFdyY19xUl4xKVhMNmFvPWlHbkhANXIoIVFOT10rKGM6Wy8mazFM
dClfMiUvLl1IbFgyaCU7cXJWWzVFYXBCNkpZXUEqVj1ELCpmMkZYODVxRDlLNlhMaj5xSzcxZGlw
MmNsLyVRL241KmRYXk5WM0JrXjZMNDw2VFE7b1VwcGJcJj1WSSM1WFA8RTxrbCVFRitST2lQJVg3
XiwwXHQ8SCZlKmAyXlNDPVZLMTFJMzJwViE7M3FVJFRIbV9DW2BtLFVlNEVzOm9uKlUnXCdwSm45
OWdfbSc+RCRlbENIPztsMH4+ZW5kc3RyZWFtCmVuZG9iagozMSAwIG9iago8PAovRmlsdGVyIFsg
L0FTQ0lJODVEZWNvZGUgL0ZsYXRlRGVjb2RlIF0gL0xlbmd0aCAyODQKPj4Kc3RyZWFtCkdhc2Fq
MG9FayYmRkJAUS4/Y2pRQk5KQlpvZylLUDNEZXJtaT02PnEsbF1OOFVeNSFmQCJPSkEqZDElMCxE
Im08cUU4MjpZRGlFVytIJCghJCU1JyZpSzFaVS1gbzA2OC9CbFBiWjQkL2dNb242Vk9cLjo9KXFE
XWg/YDBNOGJMUUtdMVQsWEY+S3JMVzZWXlJmIzJEL19sK0wuTylHSUtYXWxpcy5dXztKcnVsbV1f
WUkyMnFvdU5KKighTjg1Y3ApPD4rTmxjPDtTSkIkaEZ1MGlFWHMoYS5aOVpbWW4uLmMsPV5xYldN
ZTFTPl9LciZjWVckYGpdLmM7OkApLjZxbmg+Y1NUOkBQRCVPWVYrJDowKydQWGdEdX4+ZW5kc3Ry
ZWFtCmVuZG9iagozMiAwIG9iago8PAovRmlsdGVyIFsgL0FTQ0lJODVEZWNvZGUgL0ZsYXRlRGVj
b2RlIF0gL0xlbmd0aCAxNzkKPj4Kc3RyZWFtCkdhcWNvXWE9ZywlIyJNK01DSk0/MVdmJ3JCLklZ
LEYtLHJSNzciSENJL2goOmpVYF5gNlxhWjMnWi85VkRcSSkxbG44XSdwXUh0ciJNYHNfQDFLa1JR
NiU9b0dZQ28lcE8zPVxsJ0pkKypeMmxKRk46dWlTUDdjRlUsOGxNayVaX0Vsb15eRDQrXFwxTC9L
OEhXM1YvbWkjPy1USjtjPWhyYVZkKEBnckl0Ii4tO0U3Zn4+ZW5kc3RyZWFtCmVuZG9iagozMyAw
IG9iago8PAovRmlsdGVyIFsgL0FTQ0lJODVEZWNvZGUgL0ZsYXRlRGVjb2RlIF0gL0xlbmd0aCAx
ODAKPj4Kc3RyZWFtCkdhcWNvXWE9ZywlIyJNK01DSk0/MVdmJU9EQ29PNUYtKEUoNzciSENJL2gn
bzxDQC1iYTxeUXVLZVRtYWI2L2UpcWlhPlVJWTVXbV9UdDJmUiJLaT9GJFVpW08vWV8iVChnI1py
Szs+LWkiSXI0YzgnJUlQJWUsZDA5J11TRiZnSGhWSCI6USZaMSsqXW5Ob1lYN2BjUTVOIUppSXQ0
bV8xQikuMFxDX10lX0Apb1gvNk1+PmVuZHN0cmVhbQplbmRvYmoKMzQgMCBvYmoKPDwKL0NvdW50
IDAgL1R5cGUgL091dGxpbmVzCj4+CmVuZG9iagp4cmVmCjAgMzUKMDAwMDAwMDAwMCA2NTUzNSBm
IAowMDAwMDAwMDczIDAwMDAwIG4gCjAwMDAwMDAxMTcgMDAwMDAgbiAKMDAwMDAwMDIyNCAwMDAw
MCBuIAowMDAwMDExNzIzIDAwMDAwIG4gCjAwMDAwMzA0MjYgMDAwMDAgbiAKMDAwMDAzMDY4NCAw
MDAwMCBuIAowMDAwMDMyNDQxIDAwMDAwIG4gCjAwMDAwMzI2ODIgMDAwMDAgbiAKMDAwMDAzNDQ0
NCAwMDAwMCBuIAowMDAwMDM0Njg1IDAwMDAwIG4gCjAwMDAwMzY1MDIgMDAwMDAgbiAKMDAwMDAz
Njc0NSAwMDAwMCBuIAowMDAwMDM3MTAxIDAwMDAwIG4gCjAwMDAwMzc0NTcgMDAwMDAgbiAKMDAw
MDAzNzc2NCAwMDAwMCBuIAowMDAwMDM4MDcxIDAwMDAwIG4gCjAwMDAwMzgyNjcgMDAwMDAgbiAK
MDAwMDAzODQ2MyAwMDAwMCBuIAowMDAwMDM4NjU5IDAwMDAwIG4gCjAwMDAwMzk1NTIgMDAwMDAg
biAKMDAwMDA0NzkwOCAwMDAwMCBuIAowMDAwMDQ4MTAxIDAwMDAwIG4gCjAwMDAwNDg5MzEgMDAw
MDAgbiAKMDAwMDA0OTAxOCAwMDAwMCBuIAowMDAwMDQ5MzAyIDAwMDAwIG4gCjAwMDAwNDk0MTEg
MDAwMDAgbiAKMDAwMDA0OTczNyAwMDAwMCBuIAowMDAwMDUwNDY4IDAwMDAwIG4gCjAwMDAwNTEx
NDAgMDAwMDAgbiAKMDAwMDA1MTcyNiAwMDAwMCBuIAowMDAwMDUyMzA0IDAwMDAwIG4gCjAwMDAw
NTI2NzkgMDAwMDAgbiAKMDAwMDA1Mjk0OSAwMDAwMCBuIAowMDAwMDUzMjIwIDAwMDAwIG4gCnRy
YWlsZXIKPDwKL0lEIApbPGFkM2FmMzUzOGYwNDIyMDBlMjRmNDY5ZjVjM2I5OWMxPjxhZDNhZjM1
MzhmMDQyMjAwZTI0ZjQ2OWY1YzNiOTljMT5dCiUgUmVwb3J0TGFiIGdlbmVyYXRlZCBQREYgZG9j
dW1lbnQgLS0gZGlnZXN0IChodHRwOi8vd3d3LnJlcG9ydGxhYi5jb20pCgovSW5mbyAyNCAwIFIK
L1Jvb3QgMjMgMCBSCi9TaXplIDM1Cj4+CnN0YXJ0eHJlZgo1MzI2NwolJUVPRgo=

--===============0512906391361123875==--

-------------------------------------------------------------------------------
