Content-Type: multipart/mixed; boundary="===============1653548773752841719=="
MIME-Version: 1.0
Subject: my subject
From: cleanapp
To: paul@polo.com, Or@refael-t.co.il
Date: Fri, 29 Sep 2017 09:27:10 -0000
Message-ID: <20170929092710.41831.64232@users-macbook-pro.local>

--===============1653548773752841719==
MIME-Version: 1.0
Content-Type: text/plain; charset="utf-8"
Content-Transfer-Encoding: 7bit

My body
--===============1653548773752841719==
Content-Type: application/pdf
MIME-Version: 1.0
Content-Transfer-Encoding: base64
Content-Disposition: attachment; filename="myfile.pdf"

JVBERi0xLjQKJZOMi54gUmVwb3J0TGFiIEdlbmVyYXRlZCBQREYgZG9jdW1lbnQgaHR0cDovL3d3
dy5yZXBvcnRsYWIuY29tCjEgMCBvYmoKPDwKL0YxIDIgMCBSIC9GMiswIDI0IDAgUgo+PgplbmRv
YmoKMiAwIG9iago8PAovQmFzZUZvbnQgL0hlbHZldGljYSAvRW5jb2RpbmcgL1dpbkFuc2lFbmNv
ZGluZyAvTmFtZSAvRjEgL1N1YnR5cGUgL1R5cGUxIC9UeXBlIC9Gb250Cj4+CmVuZG9iagozIDAg
b2JqCjw8Ci9CaXRzUGVyQ29tcG9uZW50IDggL0NvbG9yU3BhY2UgL0RldmljZVJHQiAvRmlsdGVy
IFsgL0FTQ0lJODVEZWNvZGUgL0ZsYXRlRGVjb2RlIF0gL0hlaWdodCAyNjAgL0xlbmd0aCAxMTI5
NCAvU01hc2sgNCAwIFIgCiAgL1N1YnR5cGUgL0ltYWdlIC9UeXBlIC9YT2JqZWN0IC9XaWR0aCA4
OTIKPj4Kc3RyZWFtCkdiIi9sYkhXJjElN0VBLDY4aU1STz9HQWVSM3I1LyRTISJDZ21OJG9PU0Rm
SjNIOTkwInFtUS46L1FFImxhOG5VcjkoZzc1TWA9PyEhISIsL2o+JkkiVStsKyEuXGpKSG1bdGgh
ISEjV2lEZllJUzBuOjohNVBBbltAMCdOISEhIkxLNSVmXWZNMkRIIS5cIV5cIS9qSiEhISJMSzUl
ZldmTTJEcEs6PClHVFU5b2dNIV5dPUk+MjdpKCc0TCJBXjNIX0tnLF5PJTsxY0tcVCdrNyEvcT8k
Q3E4YHBVIz83Sk9SW0ldOUZfPS5eZG4rMD4zQDpvUnQ3PT4ndXVCPWgtUCtrISEobS5wRltJN2tw
MUZUIjdVPGttK1RdMGBybEQjLEExOFFfcl46LG1PSj1JKiZiRVBwVywmaSE7T1FCKFpuMWJrSlIm
ZCQoTmBbRy9xWlkhPEJYZmU5YzN0Xy4yR05xPzQ2dWcvbyQwMGBfOkw3SmhlL2MrXz9gMF4mJDpI
IyxPTEJiIig/M0U2Ll01Vl9qYEIqbDM5biY7TzlCPDlBLGZQPiNFUjdxZj4vWkpkTlstVy00NCNq
IW0oPk5cRWJqbWxPL2BuQGdSTS4uayxtRj83YUpSUjBPTWYzaSxJLlg9RDouI0YrJystJFM1XGJv
LGxkb3AqcD5NM0VGX3IiYDBaJWBuJiFfMFQ0J1QvT2JdMCgvLT5sO19JTUVhMCtLVGQlbTkjcihq
UHRCWEpSYE9PQ0YsWiEhJ3JfWko1PCVuSEVaKUQ4ZC9obE1zQ1shaV01TFImLVwuPjs9KVAhISVV
WTMuTElPKU1QLHVpWlsnYTQlJkZlKVJqRVA8KURxYFNtaS0vISJqMT5KK0IrJWooTlhoY0hpRWUu
XUJWQHAya1NGZztSJCshISVmdF5VZVgoJnIxakFbUXNeTVZYc0NuMWduOj9lIU10ZWROcFc1IVdX
M0UnSCMtXzAjZm9EUi8sWiMrJTtxKlgqOiZRXVw1K11AT19OXSE7T1hGXiNyWUcmXkk+TEo7aGYv
RDRhTGchR2NcRWBrOS9EPTdvT2kib3JVQERgRHNPK2pbKl1MNVxVTHA7c1wzTlldKjw6RyZRbitm
UkZTIS5eLSskW2dbaW0sTyRTQzs9bVNOVl8sT2pZaStPLSE6M0o6OFEtUW1XKE42OmRQVV9qLzJG
M1dCVkQvRFVYdFlRaldvUDRIYjBCITcxSHRPcj9kUC1lISlzPjI1dTBbNixaNl5iT3BLVj8qOltC
aUtDUlRrb049ZW9TOXE6LmJpbkUhQW1nZGhrKksvZW5WVTpkXHVtQl90SUVCYCxATCEhKGViXDRx
PjJOL0Z0XjpkUFZqPykkTDxrcmclPT5KWS5WISJiaklFNmM0bSVrKy0xSmhHST9CZnRtLDRLVm9p
IScwVi4nW1FTM2tnQlFZaTZcKXMwKiI2QWcwPTFYW3J0IkMyOi86N28iXnFgWF4yIVg0QixERyFN
OG41JyQ/az9jZkJYdUlwME1jITsibiJZWl5ULzA7MCNpb0xwO2NwU1pPTCEmMG9GJSw6NEhNa08i
b2pGTUIlPi5qbjlfcUVrTSpUMz9EVGknLnNKVEg8P1lsSEhWPD1Ua2xtWTVTJnJVbk88QkNgRj81
SDdoMTMuKHM+KFVpMSNJWnI0XV1tOmUzNDxvbjooKjhEKCxLVCNiJkdGci5OREEuSEBJbmlSYXIo
cSpNcjNOXUJSKlJeSGJqQUAvQGVKOSRxJlpoN0NQNmMiNkdMVCc0aChEZ2V0IyFoXE5icmhKUGIo
UXVjWVo/T1pmSkU5Zjg0MzRRPkpmbFRJQSswTWstXmA0WDQlXy0jLG9sJkhTMyJOITRRZlhpXEFw
PExsImZvbydZLyJoNTBDV0BtZ3M9cSxDXFQyMDcjJTA1WTFYVGhdLzMlIW5iJGUscidMdFw3Tk1B
XHFaPlFMXl5IL1VuLU5uaV1BWnNRcnJzO2Ffb0RlJUNmXnBJMWU1YSpgVTovNidALHJOKlcqalZy
azU+RGsoKiE8Q1VgMnIqa2xbX1gwa2pwIjpZaW1dY0MhVlVdMDVDYWwoNkxIXkVWJVlsMkIqSFg0
O0NQSidWMyhFPjRzR1x1UCZMRylsbUM5PnVKNixQMkJoRzEjUD05JUAsLF1SLnFOUV5kS2ZtW1Et
XWU4L1wkZjdfcURdQ1EhcHIramFTJU5KKkhhUVFDVzRqLyZXNGVCZlIrW20sJVApX2JvIyhdPTVH
K1dwcmYtRzs3LWFeOF4yX0JsaShwZUtnPmt0bGdoXlFFa09kJD8/TD06Z19TRkgtRiVpaj5sVlky
VCZeP1ZDakZWbSQrKz5ob2Y+QCVCXjJfUihpQVxTYVNnMU82WVlTSnVwYzVJX1ReP1NoSlRFX1s+
JVwxJVVLR1JNVl8qOUZbSlstOF8vR0dgVCpvIUZOPWNOaXFgJjtBbjBkYVNESEdJPWZJYTElcy4m
TF9qLj8uVCFwPUNAWypCQSk1ZEElTTpMIVUvRzJGaC0/QmhMbTNHb0piRCk7ST1mJ2hYcCQsUlhF
USM7aTxYNEFsKFolUHNgcidrNVxVQypOdCtrK18zJUQqR0JdQ2FnRC1hSVBTXypeNzE2JDZkUDxx
aFQ7LT42cE9fJUJYTj5xYDliQy4pMDYnci0qTU9pWW0+L11qcSMpOmItMVtQJC1abCpXMD9JKypJ
WGtCJjg4bkEjTzhtTWROSmQpKVpjLDcjKnQ7SDo/U1RXbEYmN15bNTloUT5LbEhTVEcqayZkSmBJ
PmEoaUg1VFlpLnFyLm1hQj8tKDRcPi0jZz0mKmJcclJnaF8tOCwmRFUjUGdOSms5KDhCOiYwaWo1
c11bKUlBcjxhYC5uTiJSSkVWNExFSSU6ND51Sy9TVSQ9Z1EyL2RBP1g/cSdAciFcclVZYTV0UUg2
XWxPQidBNXBcRTVyOSZ0WS0jMSE7OWNIVSRUPDAnTFYjST9dZS9ubj4mU0E+UDZQazQ+SkZkNEs2
QTFXNmd1cykycVhXJUokUkgpLSE/MyJOZ2MpbCtpVVRaQElmdC5YMCZrJEMmUEU7TURxdUxcc1hL
bVRlaltTPUUiLGM5PC1cWVtYUThLI0wtUlklPSduYkteKGIsZDAoYXVOOmZwYlBFNippM2k6N11N
biQ0UE0/Xk49VTw5RVI2P1Fjc1VxSlNXQ2ZkaCRkUyRVbyciNT0vbkplNWxbU0tLNyJCRGFdT3NX
c1lUI0ZoI15lKE09WUxHXmVRNzVBMzlsPjMhRykpbF1RVlk3MEdFPShlbV1fby5YJ1g+UVFXM09Y
V3FwVERuKDkrUT11SVJSPFNpSjEnSEROIStlcnRXRk0lTkZqTCpVaS9tcThzZlpSblZvb0tXTjJZ
bUo1V2BPUTlBXmwmV1hMUiQlTl9TLjtpVWg+Jlk2YkUwPjJGXEVvTlYlRVo9c0UxMDlPam0+Ll07
MjRmZDpfWC07JXI9Mk0+bChVLVFHZzNZS1BoSjZ1SVhrb2ReNWxqUjtNaGRJVzRpKUhcbWFtRklq
OyMoIVlqK21HTVkxTC5OcycvTVVkMEg5YmM3byhwPE1RVzs1Oj0nTWdEZio/PShiKk9YallMOT82
I25uY2dJPVkqQzkpQCdPPiRdQyUlKi0lIkMrPWM+UVgwcmIhbzVwaylaVVZXXENUclBCOD5BVkJO
ZD9jVCY/TVY6ZFo5Sy8/KUdJXmZAcDZxNCFxTjM4OzZIMEBJIkg3XDk8WV5AQGxFJmdZNk1LOVc5
UikvLFQoJlkvUy5nOTdjMmtXL04uLlZxQHRnIWhNZU09Q09eKWZdTjwuKmcjRXRUKmRSUGFiQS1Z
cT4oJ3U5XV05cC0wQm9fPFZsQ1cuTUxuLS9DOV0wOVFxTD43WHNXVkMrW1wvbFAwKkFEKk8zOD8v
JEI1ZiEsWUUzcm1nQCQhVkhQME9dNUFTMEBCJjhGLCNzNWl1NG9wbCMnO0VzKD5NPEMmPGtbSyIh
Ul5VQ0EqSEpYJnAzXCxMPV0jZ1ZhVDtUP15ET2tSVTopOSFvRF9qOU9vSURxPTs9QSdtPmYxPVJq
R0BVVkI+alxuLWdQPTtyRnQnKW1TLWRAJC83QkUrbFYvOkRwNSY9QyJcRUhTPURcQTBXT3AuYVBV
JGNEVkxSaVU/UFsnJU5AYG0vQU8jIVZxJmFVYWUqOmVCPTVGRm9vUWRWTCk3InBcYmNFYUFpbjVS
JTQyOjx1byNUTXRtITdYRW06LlYtI1I9JUI8UDJPPG4iZDZsPjBfX2xtWEcnVUVQWl1nU2hSXCgy
LyRecz81a1kuJXVWPC1Eci9EP2sqcFtNLD1zWzgkVk9VRSliYitAOzsiNXBAdElAMSwtI3NFUS1K
VENrNUJDR2lnbVVHK11UJGo/Zzh1RlshSz1uQmpcaSojMWY4Jm5VZ1QhKlQ5US9VdTkqPmI0NkdV
PC1dNz5SQGxdPzpmPm9AQ0BKQChuPkVsIVQ4QUp1OyNbQ1JWUU49OFgqPD9cKkReLitDJVw+dV1P
OEomUThZcFBHb1AxNjs5TiolQXFLX0U1dFBAR1drbEJGXzRVLyxEaHNXM1RhPTsjRWdOIURQRXAo
azFDaHA5YnIoL09vcWtLc0FzXENBcDQvMGctLCM7a0VZX0U9VEo5O0s6V29QS1lgLWYzMVxSSS9N
RzZKR0JsP0dWUXEkYkVWO1tQcU4+bG9SZmomKWBdcjtZdT5Hb1dXNGVsTFtHciRZSjRzUWtJSyMw
aWwxRzFnODhbS3FkV0VELVdycF0oL1ksSmZXbk0vXXMvXFJZLU9IdFZDXEtVTmMnOjteOmxGPiRn
QyIrUk4pblxBNjEkNSJcQiJKQE1HLjtjSy5wOD0wQVZDVi1PZnRfV1tlUV41Oy5ZLDZbMzcrMmhm
TTUnMi5VNjZCMVRfOGovdVhiMUQ3KThecT5WaE1eVkVUWkRub21CTSMhNDtuODQ1cG5oWEBwVidw
OlhqNkdtPGpPbCs+WmMxIk5xZWRNNlQybFc0PU90dCdDKmk2R2lfRUYsWUcyO2xPO0AyWmgxbjde
b0ZFJ0tzLlQhcGpiJ01eOjooUSo7WGk8Pi02ITxpdGRpXD1qXUkzW2FhNmhsPzpxb1VcSSlVanRg
WGVlRSVbWHJyampbbF4vdTQ7V09cOyw5I3AzTmd1ZDQhRmAtWiN1OGApcU1mZy88MD8yZ1ckR0JM
Vy5pRjM7TTMvbmdNb1Q+aWFbcmM4cGU3TlJsUD9jJFc6Zm0waF5BXlljRnQ7MihZXmZFZTpkOC5T
TTRsV0lhaWNcZVpDcEhUQCtZXDw5aDlNWiwzLjhlJUBoaDJXRmAnSGNQXT5eR14xPy1AZnJULGtc
SkErO25QR3IqPVtoaWFxbEdDZ1gxL1xgYzJba0VvRDI2TUtHSFFlQ2tNMzxcXWdQO1FrJGBNNChT
NUorPillLjs9QlpzXy1sY2lZV3FXNUs6UmlSIi1ObnBTOE80Y00vXVo9QGxdYCRCPk47Sz88PjFZ
Kjc9XigoPlAqXEtlJCllXzlJOm08Jy9ubVptJEBRby9caG87YUg7aUckQWNKdCpWP1JSLmtkaUtk
O24nXFVLJVxnVSYlSlg8KDUqXURmYFdKNFY5NWFnJl5DPCZjI2k1NDtjKSlzKWUoODRlV29BVVFD
TztRQWNIW0lrPSk3WHAwJlhQSSFVYWdwNzdqJEhZVTZvVTA+b2VYQ1c4Sz1DYDY3UmtMSDVxMUAj
VG91RDpHYk5gODJRbSFeQ2grZCxgM0gkOldwQVskdD9LPk1gYGY8ZCohTm1bQm9FXjBIK3I7NmRI
MyVUUidkSVgjYjxBSSFkUURVIi81S20oLSNXZihWZD91Ui1aLXBXVl9WIj9hYSI5SVxHcyM+UC87
K20wbU8rX0NhUE9PK1ozYWxHVSlkbkZmZSZuK2JDKCkxbktyI14iVE0+WGMyVnVHR00oclVuaiJJ
RHBhWFxbXz83NjY7aV8+Il88NTwxL11wSksvXHRAXCZRQysxSTo8J2Y6WTo6NCwqLlcuRCNVPWc1
dSJAPXN1IWBXUURqTklrKWBnQWxtInNbMjkoZ2JAcVpmZVJmPXJIKjZKPj0mckJvcWwwcDtNKGg1
LnFfXTU6T3RndE5bOFY1TkNwWUFRLSskS1JFYC8qSnBdIjhgN2ErRWFnUiYtYic7aixPPV4tNyQj
IzpQWTc3Z0ROWktkPWhDTC0lRGlqQSMmYk1HPk5VcC5Oa15kXTlLYEY1ITA9YFJEcURvN21rPUM1
NjBmWiJqVFVSWWkkZnUoOGVJITRlRGxBQTEjP04jaEdGSWphIzAyWTFSYHI0JEloRCNzKXIkM1Vk
PWBRdGFiTEZbTGU3TTlVYTlgayNgZzptYFo4UidecDc5Tik+dWs+WmciaVxOO2hpQVdaRj0nTik3
USUobnU1ZFBHYCVzVlBFMCxuPjk+Si1iaztzX2QxNUItLlhvaC1VUGE2YSJIQF8ybm5KaDw7VUU0
RkA7LUg3VkNrJXI4Ul5eXlJKbF09MiI2a0EpMSlRZC5CP1hEYE5LLU8hcCdHNTQvTkBWR09sTmlk
Z0dFcHEtLUVCSCpySlkuSGszbF1TJFgobm4rXSNeRXFyQmchPyZRM3VoJlRiSCNKcjtBSlRLPCpi
IVpOKShwXDk/R1c3WSlNYDxpMlA9J3AzaVo4PEJpZF1XaGNIQkgwKVRaVytpI0hBNmthQk9ZaCQ6
UDpkNCQ0bl5JPkZxOVllT0ZhPTVKPTxLck8mXkFzPENyQ0xlVFdQYz1hcCkrJEVsbCotJnBhVl1W
TiQ5amdpTV5DTGNEX0slZktHMlEhJldlJ1hUTTJHUDJpO0siPnUpKyZNcydAJ1JuPURMcjdZM2Zg
Q1E1YDFoTWFWKTxtK0UlL1dsaUNyYWUiYSJMOWFQbUIzNCE6QFBLWl9mVVooX2QrOS8tITUkTz8y
SXQ9Yi5qTVo6RDEnR2hCP1thRmhUdVcsKCwwa1csKkRLQl4uUkBkOjgrOF4jb1xNL0FALGxDOGxu
QV8tXVBJNURlWiYycCgjMTgkRFkvZFUzYFovYGBvYC1BQnFgZCxlSVNxRTsrbTEpT0AwN1NGaVg7
XCdfY0prLHA/KmkyW1JLbDRmKm5eQFUnOFhDYS0sLCJ1RTpRXV1jUV40Sj90V0BDUWpeO0d1XF9K
JGNvL0E4UDNzLmcpQUVwL0JQL1Fpb1ExN2UyQFFXOD9aYSphX1sqZGhKI2k5U0VXY21WW09QYm1e
TS4/XlxNUSorcWZHIkZQb2IsWCQpPSt1T0BBYS8lJCdJUmI9S0cuRV9DPVQ+ZzYnNGgvKDhQb2Y9
VUsyTy1XNiEnaU1GVlg+MypeW1IsW2xJKUFSIkJaNlVQTUdcVzYyckE5Z0MxWEs+aGckc2hLWVlU
Y3BQYl1vKSNgXkdgRCtPUERsXzsraS5YQiQxOTxaTjdSQTxgLU9SIm1uKksqLlBJNj5eTGspN1xQ
NikuITw6bU03RjdJSm1DZTopUVVsT102dV1YVWp0KmBZJV4qYi1VLiorLEdYMlBiTyFdMUFxX3Fd
JTJBWjpGQzEuTWg4SU9zKjs4QGxPaDs0LkQ/YDpSSWVEVWpPU2spWSwpTTxuYyFQVi4tYllTIVNG
ck5IUm1uOl9HS0w0Y3MhKUQ5LkFuWEpeO3Ambi5pcE4sZFhgO1U7PjxiYCVQZ0RbXnQtZnIkVGdr
UXFwMGtmZkY7UClRM0BmcC1gJ0ZmRjZJaUZfL0E7citILTxOKkVqZVtEUlFnbippOSUybEkvYD9e
YChIXGJdKSMnM0EzTnA5YGlOUjwiRURcXWtATk1kZ1Q2IkJDYVs2QmJaMl9KTj89IW8hJD46JS1f
XW1GT1otT0NOU2lHNEBIcThSTjNEOS5mVS8xLi5XOEA0PkwtZ2dxTm49Vm04RmlHT3MwZipeK2Bl
L2FrMENRbUdmKj4mKThaYE44IyQjZkZgQVRWdGE+Jm9pOU5sZCcuUiEyQldHUDRxNjonKS8+UFJU
SVFRMWpKMmhKW19iRFFxOGI6KC48M1RKLUMzciQyVG5tOHRSR05LJCwiZztDX1ljPXBJKWVVZTw+
Z0xDVF8yT0JlbEJnKSM8WUVIPj4xL180NW9kPFYiNHNnWUgtJllEajpjJGFuJm0tLGdtZCs/P1df
LjVfOCJPX0hTTFwnZGc9InRZQXUzYTM2ZCYkYTZwXT1kZD8/MSVEYSxUazwqOkk3c0E5Sj47P0Qm
ZlMwZ2liUT4uT3FyNio2PytzZm9MU3VQQjBUM1NSXXIwMklyQWJPXTBJRkUnTjRHYCJnWVVmImoo
V25tLWMjXEVjcEI4OTgoKk1TVUZsJVlMTWIsYnJDZlhhWjZOK2FnV1Q6VCcjXj4/aEQnO2VCckNy
MlIuIUk2VUE1SEIxK0JnXFQ/KzFDUzhdNkVxZyM1Wm9lIVdRcSY2Jyc7SjskOWhBS2IpX191JV1O
KFVKTTAjZChHSFRYc1hWO11UV15MTTIlN05GRnNOOTxsUmNFTjgtK3NRPzIqSEVAanJKXmNgI2NN
SXQyKEZhT0ZpTTlpKV90I1opOF5dWkVNaCI6OClDKUlSVlJoKXJGQVlIT2lCUnRKbiljbEVNJ25g
LzteM3FQK1ViIzI7UFUzUCdVR0kvMCkpQTk8JzxFTlsoKDJENElrUEdFQCxiKHBpU1paKj9dQ3Fq
W3NmZXBmcjM/XiJPMFUqVF86UkQjSjk3VD0tS2xccHNpMklvYj41dVxUZDQqTG9zL3JlQCErJHVk
OmNeRV49cktGV2wocHUwaWBLJDBaUURhdFBqcy1AKmtFbF8zPi5iQVM7MzEhS3FrXUVZaC9lQm9w
YzAhTVRTMyw3Pkc5dSQyZFZRRUQkX0MjSXE0JnEqNCRmJDwzXGpbL1dqND8qZzFPYmVaa01GcXR1
cmpTbCpJR1ZYOVFEQ1QoLG1WXExcNzxCVEk4XF9yImxiPi1NNyxXLmN1QyUySkxHQUpEPDxcbG9O
MUBydVRyWyxkMSpjUlJUPm9MKnUnQTBcUVIwUHFrPE8hJ0tRT2w0Lzk+JzRXJjs2I0BxWTVgS3Ay
QSQhYDxfTF9CdWBoR21oOiNES29TIzdrckJDWytpQWBhOU5BXWRlMXBmTCMjQDxgX1RWI3UvZ1dn
KGxIcFlmLTN1KEpIZDMidU5BPEQkaSIwPDIxSmA8MF9zXU1hK1k1WDRBSUhCXiZKdVYqMD1eJCIk
KmBKRSklN2ttNDl0OjUzI2InQ1lRXGhsISEnZ2NpJkxmPCEhIixcJG11I1QhISZoM0RmUG1aISEj
OEJHWVM1PSEhKChFY05zUk8hISheMTM8OSpbISRFIWItTkYsSCErXmBGIjk4RSVKOEZfRnpCLyVv
W25XKnRYISEhIT1fY1NSSWk8MCxcIScjVlFGcTJoKSEhISI8IypcRW9TZUQpKCE4bjoqZyxUUWgh
ISEjNzBvUnU0R1lTNT0hLlxSSEMkUElIZWM+YU4hKUAiI1dQYFpWISEhImhgKFhObms2KGJiIScj
Z2ReKC8kZSEhISI8KF4kbFxTZUQpKCE4b1EuXE5CZlYrVE1LQkowUHJubVAoLjIhISEhaDE8OEdG
UyInSFkhISZvUGE1XlNmITw8KiIlVkM9O2ojOHQhISEhI0VBcUpMTER1cCI+ITFaY3Focj9YVSE8
PCoiU2o5KC5fZixZVyEhIy06KD4iPyMiOThFJUdTRGFkJidrT14hISlMRk1YO0w/JyomIjRpLjRq
cjVSXSI/ISEnZkVXTmgnLD1uJXBdISEhIz5QTmk/amgnUmppISEhI1crWEdgLSRtdSNUISEpcVJl
ZjdsSy1BRTA2ISEoci5gL1VLRyFlcT9nISEocyEvPUZOOTpOcm9AISEhI0cjJlkoUyEhISErXmkw
PlQhISM3YihldCYyISEiRElfWy07QyEhIm43Mj88ZFghMidQTy0zKyNHITBpJmIiOThFJXp6enp6
eiEuXEROJiJFWi4vOltXYysyPDtXWUozTDM3U1tPIzI/M189cidjV3FudDFGM3JVJExlOygob3VD
dEk9M3FiU2FAPlA4Ky1BJmY6Jz9QZUdRKGNlKS1nJk0rKG41a0ZcZDsoRT9ubXAnbG1KImFTP15I
X1ZAcmYyYkNWcSRIPmVqbGUhISdMdDpGNXVDY2hZUmo0X0xQQzFNNHM2MTNRPlRwW3IsWG5YS1Ja
QWFoP3BJZyIqbmBcVGRAW2lIbXIlRT1JbmIrLllJMGZlJFVgR2tZdFFTRFZeITVKYz0jNGFkXydA
NktvIiRMO2Nraj8hO2s7OWInVVojSTs+ak1JXFMsZVhAaFkjbTpOX2NtTUdnODVobVB1NGIpWzU6
U2xJW2llUz4jWEdYYG87PzombWcvb20ySFNgYjBWQ0RHY3RfM0V1JixBUFpMXVoiKChITyVHKEk4
XS83WyFUNS1ePnFeMzxNIScuIkdnO1ZmOTwlSE9bdVxaIjtFUTwsKigtLldOKDVrT0Y4Zlk4Zj0l
N3VIZDhlLE5tbnJURjZvOHBzKCNgXTc+ZzcySjdELV0/O3UrPENyNlIvSycrW1tsOyE/JXI6aU8/
OF0sVE5eYk8+YDoxN1ptJ2ctLEs7S2xHMGtLZE1bRihmZW4hJyNePTQ9QmpxR2pxNkI4YiY9Wz5b
Mz1JTEBcVGQwYzojTStVbkROZWhhJjo5Xm5SazhiJj1bSShMSFtMPTc0PnA7YGNHcSJpJDxGVU4v
ZVpHMmtTWTk6R1JZW3Riai1pUTNpO010PTxwMy8oaCo/JElUYlVNXnU1Y1gzdFdXL2g/RDckYzpj
YU5camdISWdjJWQ8XUFxWGQ6Kl9KOHVWQDJFb0lBci1xM1tILTdUYClBWF1ZYjNTMSNrPiVcYEhe
XkssKEMkaF43c0VxaEw4Jm5WMi5XN1ErKlJIPUhUP1wlUGEqIlI1IjAtaS9LSU4mVz9gMilAUzM5
LypGLCpELllIaiVKZW5hLjEnXGNpYTczNF4zcVVbZElRcCIqN1Jrc004RVoqKD40XVxRQz0sKFcz
UyI7I2NiI2pqbF1AOlxmbGQ6b1BPTWImImk8IytjMkw0Y2JgbyVlXlJtTF1ULCpiaWw5JVFAYnE8
b2EpbCJBW1FVaD9uaEZEcHMwbVo1ZDhaYCZULmckVjpodHJrZStsMnFwNlwwbFAkbzZvWG41Jl5F
WExOMFg/bjNqaFYvSFY1OWQsS09zYEsubydRKy5ZZj4jKkMsWy0pVmtyXDYhTEpVITgjWSI6aUVP
c1dNN1oxbGEnPHA1aFQicDxFKCU7ZDdqW1dgMGFIU3VCP1FxN11gI1c7NTVqKW8+dDgqNm4nTFAj
Xj1yYkRLbWgxWkE0OU9rWXVETkUkalpLVldaPz9HSFZXcy9vTz5JVUs5OS8wSWFgXUFyK3VUNnBI
I0oicExPbFhaUW9LXDQ0RkkvODIrRzxhS2gzJEJUWVVEbTcnQiVHJ1RCRyxAJmtyaUdXdHQ1Jl5K
LlxaTHVLaTVHZUE4SjFwJWhmaVFZOTInMjQtLGc1U2tlZTVrRFsuOGkvLVRCNEQsajdmWC5JLUQ9
blVpR2JzPzFaS3JeQj5UOSUoQiVXOWhnOEE8MFo8RXNZX09fPmhIPiImQWM8X1o5VC9rdClbbFdV
W1dmV3RxcmolJDdoVnJaX19ccFtvXiZXRCo7MDdIbkZyYDM+Tj4jPGwrPkg+bmJqZk5qUyQxOTJw
RmVnaGVhT2EhKDtITGhKajdrNWQsLS49NS42K0opT3UyaTFcNj4kVkgrMTY6a01tWlBUXk8/SU9C
XmRdYD8wOUInUS5PW0RSOkI/aUYyWihYbUwzaTpdJWMnaGVTbz07TWkvOmRIQGdyX05tInQ3NHFT
JF8mWltRQWFiLiFWRT0uKVNsOUUxPCk5WVwvLkE5T0VsZUQxJTUsUCJnbzpoWy9sZysoT1k9JSpD
bEVXb2MvLjovamUpbmppcnA0UUJmRGJaSVQ6L25pVzZnbVAiUFhoJCRLZ09EOFAlYzlCaEJpaDRF
KVg4N0lbNDtfU0RXcTgzV1lxOmBsMV46XnFkLSptSGpMcUxBUlFWWU48UVRacz5RJUpAQz9aRS0/
aDVnSSRHQjFwSWJyanBXI25RJlI2SklwcTNOcTxpTVxeQ282LSNBTy9tYCRNVmx0YyJjV1JSVlg0
SSRNVChDTGtsUz4mcmEwQF07aGJVbVllUnJiaT9aR3NQaFNiYUteMjNkJixBLFA+LUxKaDZLLCw/
JCZZSWhVQWdzKUdKLCwtSWYlJEMyMSRwITtIVlNwak8wO29YWiNASTJRTSI7LztGWS5pXComdSxM
NF5ldSkyWixYS1tqXmU7UkorLG8ncSU9XD49aD9iRlhzPTNUKmdRWT5rMVBaJ2RyM0duWE50cTgu
MVdTdEFqKUNPa1JWKVU6OTdcYl1yKS0uXykxPTRsQDRiQkpJIy9SX3NVbD1sal1nVWheVWdCYls1
aCw6WDRlUkgoS0k1ZSkmb28oOVtFPVZhWGBbYicmQFZobzxbXk4jcDRtXCdaW0AnVXUxJjdKMjdY
N19gRDgnL3FlTmBkJ19LMi8/ZjI/QD8zRDllVyskQV80IkEuLiluc2xtWjJuVVZcXzM9RkwjQ0ht
PVEpXC9xMWlsQjVQTlEwY0JvKl8scj8+aypBbkxETG46TUpvalRTaSpcYlpPcEl0UXArYDRzUVRr
PC10MF4yKzdALFNJZ25KR2kuLl42cm9zYic2ZiotYzc4O2pVI0ssbkosaTYmK1o1LjBpY0UtbCMq
SCwpLmQ/J2NEPGF0bCZOKzgzRmFwcE0hOS5xWFFNRURbQ0VHbFNvWmNVTz8mcChqJylcRCt0al5O
SFRlcldrNiFrW2otVF51azwtXyk3VldhWl1NP3RnKW9FMlQ+XERpL3FZbUdWOCs8JUxtYTcxM2Ng
KEJUa0glPzZBLzY4bD5gViknTTxDdClwSCRUQFhxb0lGM0pbQ0lhZFk7ITJjU01maFU3L1dMPipd
WnMsY0QkR2c5O2paX1FeXXAqLSksJmc5P2FPQkh0TEdXZSooLV9AWUJoQCVZZGs4XyUjJzZaYT5t
SGxLQmZUNE9sYykoR2FyZnV0QWdWbjc1cTc9dSgoYzEvMzxGZ0dPcWI2JDRmbE9tWUQuaVIrT28l
OGVGJVgwJEdZVUIhNEQqMlctTEpoNks5a2RfPS5iZnVjSVhNOjFaSWg/aHFkIi0/SD4kTmM6NGtA
cVMqPGtuSScpUjk6W2JtRF8sMVQ5PT9Yb0YwN1xYJSRHJTVLXnJGc0g7N2lDYExfLllpS1otKSIj
YSlmKWE0OWhEL1g/LF91OnEtRTUjQlBGbk1CSmgqbWFwXVJKOCJkR1sqPl84IVsxKlMoZ0FhYEcm
QkJoPElCb3RMOl1UKEJAITN0IjBLcWFzWldTM0ZoJVBrUjVYRjg/I01hJkU2L05TMVYqSCtQZylU
TGg4RGdpLVJebXVTQGAqTExjbUhpZlYuOFVnLUxubV89YTVAOydgXEpqa0hcJHRVTEcmSFEwTWA+
bitSQ1dLP0hsNWBOUzFoNTlYUlZncD48ViNxa3RxJz9HcyYhMDZgVD0+KjdHcC9bQCxiKUdqVElz
SyInMl4sXyhRdHBxL3VOZ1NgRW5DJUptUj42MWVQSm81UDg9TkMjPVQoQkQ9Z09NU05BOi1RXi5R
R2RJMDM+QilQbHUjMmFdQ1tzImdRKy9BQDAjPztxNiRbTV5PXVBLcl00VXBra21fJD8ibkVbcVw8
c2BON2s9SyYpZjtkIVQ5WiNeVDhBbzA2QXVAUl9hKmJKIm5eVnQtWz5pc0plc0RCRiVXRVgsazdY
ZWdcTlsuU2xwMzNMXypIVjpjVllLLEM1aHUyQy9yT2FrcGpiJEombCNgbChyIlE8UkMlTixuWmFG
YTdBaDw1VGtVdGo9TWR0PVNCJV8oRzNHQDw1Zz0kY1JhTExEXGcmOyhqYjg3TTtGJTJCNTdDa19b
JWR0M1pscyNHYjk9XCNSWWRgNjo2aFRfTEBPJWtdcGhub1ttZnI3UERdYWVjRGx0Zl1oUFlFcGVd
MzIzVD5LLDxddFdMZkQ8QzVvKGxOXm49dDE0SDBQN3RXVU5Sa2djOmJNWmYtdG41Uz9HVDdAZkhd
cF41aicyTlI5I28qVixOUTxBZGZXV05lJ21kTnQzUkZidDJfKyhaOCY+UEkxRERhQls1cWxYVyxr
OWcpVCkpTVlGVD5JRWFtQ3FSK1o1MTBLP0tSUVI2dFhKRSRARFtIRChhXXJfb209akhWVT85MCRq
PnNyIy9tM24wTyZeYlA2OCReXEI6JitoJmptVjckKW1pNE9nQTJ1LGApbl9MZTYsNWdRcVMwKCt0
XjxZPzYzNCZrND1vKU1ERjFpKFZTM05ZR2VrR25YP10tTHFNdEZ0bmVUaSticG5CITdgcS1DNSNM
K1hcKFcjIjxiXXMsUWFMQUEjRic/TjpqNG5CamExMmJpZURYZidObWBlKk9ecjRFU1hYQEUhISIi
O3JvWElvXz1zRlxtXztqUVhFUEduP2VfaFQiVFNORiVcRThHbj0xKltTLGBOaDhgMlZULEBXYSQs
MyhbPjtJX1plIThwRTtTRUgkcSUkKj87MDBDVF4hLl5LNnM1KF1nKzJZZ0BqU25YXTVXaVtLPzQ4
MV0hOjdTTkoqKV5RNEkoc0NkSHFSPUFpVD1OISEhITdONCpnIzBCJUpxcGd1VVNtJVcoQyVdQE1G
QDVuOGY/ckx0QztGZWRicT9UMCdANjpacFVbUD5AXy9mWVghM0M1PChXLDJtKzJZL0k+bEVuPi4j
I1tVYCNIVCMhISdXYGlJcClyMzU8bD8mJypUZyE8RCRYRTE/PjlndV8qXFMsYE5oJmhvakYtYi5E
W0hOLlxxND06Ky8hMV87dEkzbnBvenp6enp6enp6enp6enp6enp6enp6enp6enp6enp6enp6enp6
enp6enp6ISEkaVhJZldoZllCcH4+ZW5kc3RyZWFtCmVuZG9iago0IDAgb2JqCjw8Ci9CaXRzUGVy
Q29tcG9uZW50IDggL0NvbG9yU3BhY2UgL0RldmljZUdyYXkgL0RlY29kZSBbIDAgMSBdIC9GaWx0
ZXIgWyAvQVNDSUk4NURlY29kZSAvRmxhdGVEZWNvZGUgXSAvSGVpZ2h0IDI2MCAvTGVuZ3RoIDE4
NDk0IAogIC9TdWJ0eXBlIC9JbWFnZSAvVHlwZSAvWE9iamVjdCAvV2lkdGggODkyCj4+CnN0cmVh
bQpHYiIvTF08M11vZVJoJDQ0W1FpdWUwRkdganAqcGZeXUFMJlNOKiRuSkUkW2FUc0I3UExJKShG
ImlgTjBFJW8qbSQ1dFQ8cXVWPkcvNz0uOStVR2NCak00VmdmN2YtQGpCQjJxPTcqXEQlX2xDXUdP
YkNzbnJcaXNATj5xU1UoXkcoWl8jTW8sdDddSU4ibSdCRU84NjRMSD5OYjR1Uj1SWStqbmg3QWhh
czhwNWBDWFJgRWpmR08jP25lMEwvTjBoOCxDU2hnXVQrSlUqMispUXFXcW4xcFtSIypha0JCJFBX
amVqMTs9V3NCV3NYUD5pUykiJ211ISEwMmwnYiddRmNnVlhmNmU+JkU5VzBSITNyJ0ZpV1lZNV5T
TUNZJENXZ2MwLiRdOyMobGs0IURPSFYjKlVtO0ksW0g7PjdBRUNPLV5HRUZhajtpTShwYVsyJGpZ
MDQxMmZeS0FQUVs4Vk1eI14mXWtJZ3BoXkVXLFIoM0FJa1E9RVFPbWlxTzdsOFFhcStIP2RdMUYh
K2lYXCc6NGdScSc6N0YiXUZEW0drMzUuYmBPZlQlWy9iKmRONixxOylUT1Q8TlhMVWlVTEZiRzNm
Ny5UKk0rMU51Ni1LNEhLPSJjZSUoS0siWlVWUGk6O1chMSNJSiQkKSFZU1t0aVBMNmIvQD9DcjJM
JDElMSNIYlkqRiszZVFDcDtCSzZuSzx0LF4+bGVaUUtbU0IvSXU3ZEsuXFItRl8saWBHVj82R0Vr
VVojVlo2Yz89VSEyOUNJIyRSckxdZVkzbGhbYHVEMjFdLUsyUEQkSyJEWGtZVGwnZyYnM1B1Zy5S
TE9UNSZWSHF1J20mTENWJGY9ME0qNShiRlhlX1ZxZm5jREltKEpqWW1obFNGX1FtcCElYTw0IkJg
RF9AW1JdZUlQaD5HckZyaVxQWnNxZyNLcjdwayIvLmVaUDxjPFs/TF4oPGhoVW4lbl9DOioka3No
blVlJ0hYZnEsK01CSiYqOEBXZThDJzVDPU00YWZLVmBbJTMoZzs6M0k/NC5jYlxaT2JPIWl0cHUr
XCltITxMUi82Rm1xcmpTOVFDSWlhYm4/SiVIRFA8NDolckBtSzAhQz8/LCZTOVciJ1RLKlsucjcj
JSxvW2MvRFNYLWQ9QjZHXE4rLVJcM0c3PV8sXHQ0OkJIJFZLXV05UklpTWg0cWhuVls5YixnPUxc
cE9wPy0zYztsdTdWZD5Yb0cjPCdvPCpwX19LKy86Nid1Lk5iSDFjKEVLalVnL04xWzNnMmo1SUJG
KilMa3NKVF1GSyxjZW5jMj45PWshST5GUCZKQDlcPGNValRUPj4rYERuOyUxOUowKCM7YiZAS2xG
XkkzSEpYYm5wJiNbKUlJbClWRTpDa3JhYVBxJllKaWBLNFVRYT86M0xkMCVQQD1tN1NPSCE8dFRA
VjY2Ll1tYmwiKUthUk1gNVNIYDtMc0JwbVs4QUpYQj9ecFNnQ2VLM0BKLFdGcl0lOGwtQy4xRlVl
IyQqUlRVQV4hU25BZCFLW0QpXCJsbVArSVJEVjptWnM+aEM1cUg1MzdIViFILnJROSREaDdCNjcx
XS44YU4qPDNMTVs2NXUzYl86UE1UZm9YQiMyZENZJUsyPGRrNXBOITI+Ijg/WzJIXTRAIiU6MGpR
QWtgSGBzP0EmMVhYQ0NaZFtqYU9QOkpVbmxndS4xS0FmPDUpIihkUTcsVjRrNV4vcyxwSm1VIyxl
VXFvTDdgUl82OyZvNXRjbV9VRnRyQDMsND9gPHFFI0NkT0c+U2JUUXNucDdkYFpdVFVFUHJNRTBe
M08/I202IUskOytlPS9eW1NySypyaV45TXBeOWs3QnNVWnA3U2YrIjNTI1pBQ3FeTFw7M2EnWnBD
KCc/RUtNTDlvPXJuRC1jW1QjYzRII1VbPFxQLyMqbzclOmZvVVo3ODQjckdKdVRRVVlGQkteR2ZV
Qk1QUDhBOzsyWDxwWWw0SDw4VE9FJ21fRnM2ODJCZF1iJkdkQj40OmEjZERaZG9kdUo3XkdbM0so
V2hOcDBGM0JXQDNLY10vXGpFLyJiR01iNEVMc0osdEAtNT9wbWxHLjV1LTB1UmEvaTYmUWNMclcx
LltjNHVwcTwwNnFgTjtUXGJgcktiNGgwQ0AwIyxQUzBXVStYXCZAbEgnYyRCR0FZLUtaYlxEJmBP
cWsvKmY+USguZD4lIzhRLXEqRUhhKldxNGMjVXU5cj1ONy8rSiFoUk9bVStSO0xGRjgoPyZWLSFS
VylTPmozbT8nM21hNGtaRWZIbjBfVXInRUgqJzNfcUpnJytebz5mb0okTltlWzFvITNWYTxwVTQr
cURKSm8icytLMW0wb1tJPidISSNgLSl0RV1UOCpkPTo3QjEnOz04Ql41PyFJQnRENyFCbHFKU2Iu
VnIpPUw2Yz07S1RNRUleJlk/YlwxcV5tU0NnVkBzVlJMciowZTpDOCglKixqXyJtXTpDMG9OUXE+
UCE4PzEiLm40bDNVXEg9cSFfN0FXN2pXOFFHRmBqJllVPyVkKGtYXSlwSVxqNTVbaXI7K3VLN2Vn
KmpbbXBPckYtZFF0NFFyVSdwb190XWU7UWoyOiFhb1g5ZWVfUm83JkdHJlxiMVJcWipPanBuKWov
M2o4U2VIUTNDLktyVG8jdS8uKShSXyJFYFxjV1xGWm1cKSFGQEwjMEM4bXRDU2g0RlxCS3AtKjAx
bio/UyVfYVBcMCFNLS9qQ1ZsajtxMGxPWyhiaFA7clIwPSJwUGpIZV4ldXFqQ0A/W1JSQW9WUHFj
dExpRDQrSzwqKyZdcERHMU11MjpDK1dpaTA1QjcmW1NPbVQwTVIubTlOa0dFcU8pWzpZMHBUPk45
QkJdI0IxamU/Y3MmQFBhKENoMF9mcEU9c0hNb0ViQDdwJ14vL3NWOGlEJWtgT0ZIO0NITi9wO0FL
I1c7Um5JbHI9Q14qcmxjI3I0U1IiQGNQWHVHPVJjVmtvWjh0Vz8kM25vcTZYQklKdGUjW0NmWyU9
MUpYZ0tPckhbM2I8WkBqZ2I+Nl45XDRRXkBgL1BhOE0iQlBhOyliQnMyPG5kYDQ4WUNxQzJ1Ji1u
bS5UZFA4TFxfNDRGYSpYXTl0JnQ8PGxlPmxja0t1UXFnLmYmWGI+Xm4uczxCM18nUzBLRlpxUCZv
NTY7JkFIVy42L1Y4ald1Wl5jRixKRE1jNVg9KVVMcyFNTG4mISFOJTNyMSxbK3MlIjswIUQlNWFR
VmVqYD5kaXFdTXU8ZmVqPWtbZSZfVkssbU4uUTZAIV83LTxIXi4tcU1BQDJlQS1XP0hzN3NfXV1W
WyxIajBrPnJgRWY1TUQhZWk3YVRGN2lvbiZiTSRsXzxRTldvclcmXV9lbU5EMEYiaTxbWiNjNGhC
YV5fR29sYDkhME5CTEZROEM5S11AJ1U9cD1FZVdlajktcSVBYWIrPV5aQCtXOCs+Yl1fXFFcbFBH
Oi4wP3RRJmoxTlBcbTUwWVIjUXBrPkInTitEKTAkV2M8WjspZ3BxR3BxPCZpUS81TTc6UjN0cWRb
MlNkP20oYDhqNFk5Nz1RKi85Lm05LjZMb0FCR3FbRUNbMTZOa0NxTGFxZDU2ZDtENWwnNDUjZiox
Ji1Wbj8wX2AiOlBcWj9La0ppXyhaWUVrPmJhaFVHKyJdYW0oUl5bN2BUY3BZaztDKFpyZUxSRUsp
UmBbRzspaFgnSCtGRzw5OGNkciVOJys9OyVUKDY6V1ZCKVRnJThNWiVgW2VFaFhpTyg5SWBaKWhb
QXIiUT9Va2c4VVhlVTpLLSZhM1BgaixmMlY6XktzVmFBT2BSbGMvLlBuYUspJiZCTkQhVjxeakRa
L0AyJ25HUEI4aldNUWQ5WTRRJkcsMVsvQjRMKVRfKVMoSk9TcmoyWE4+Klx0KT5wSUNVLDRkVCpw
dSwwV3NHJkEuPEVqOGFDJChBZyIvcWwlZzg0XGdgV3RTKUE9RGpYX0VpJjFHb29XbD5TZW1IMjtE
IVg1Lzw3KHRzUkxTTVFZb1hnPk5zR2pJbCpdLzdtazpyJSgmQGtQS2NiJyxBWT1HJytIOHNJMGBn
LWEsJzRzLllqW210TWFWdXBJOkVLQ0pXWENYPj0/IlprXlwpJCw1R2NELVwxQFNxO21uOCJATWtN
OFhdQl08V0FXIipaPUg4SEpbQzo9K2NWOEpsTHFAYWQsaSRxbmRbaGozUlMnL0QuaD4vYmI4al9K
SUc1U1M4LEZWZTw6TWYkInNzc3QmRykha2lfNGxeNmZRLV5CWzhXKWhqTzBoNGUzXDk+cjlgZ1Np
WyFGLVFcTltdMkYiNFFvLiNHYiteKF44JGxwMiNaNCFTN3NQYmtKWGJRcCxiYldRSFM+cigvWz1p
JTYxNSVIJTc3WWpqcURDJ3BPcjZWaDNlQT06W1hNaWVZWyFFbG86VlM6Tz0yUj45Z2dtWSRvPGFS
MHBVcFpFREwrZVhJNVdYIzwhZCRFJzRmL28tJnNEN2xUckJFVyxBTklbZlBdZ2tKVGYmaUpDVHFc
KXQwImREVTIwLi5fOVlrOlkxMnRaR1k8QEsmR3BII0IpS0QydE0hYEwsPUZyIllLWFlpZC42WV5E
bT9gU1QtQlNZS0M/YVRDUEZAdFUvPD89OEwxRy5bMy5lUWdoSCZJbU1MNldbYnFKcGE7Ii1aKiU8
PE8sJjZfXTVYLTYjXSwqU3VYM1UrKUEiZGhKMC1IIXVkJjldQD0tdEolbEsvVTZtXEpSRSFhXW1w
IjJlYihFLVpCcDk0RzdVXDlhLTttL0QuIkdWLlhKcTIqWz88Il9NVWQmMDtIRUlwdFIsNiReMFYu
LVglTCtvMFhNYG47MyRuUXEpaGpDIUBKW1NzZjApV1w5Yyo2TUZHMXE7UWppJjAhYzUmUl1scGFl
anJqNHVxLlNnaD5XbE4jKUVhPmdrUT5YaWA4L05uMklFMTQ+VClVPUVeKWkvaCNiMiovXGJxa0JY
KCdkQ3AhUUM/MUVRKnFiVVtgdEZBMFpsRy5lPz4hJFNBdCQqPSYwUytZMiUiIyFVcyNmKStJRWRi
RW9kTT9EX2xiTz9MQTlfcHJaI0IxMCU2NVwxWWUoLFREKDQjLmFkT1kzaFE2ckBcXWFyKjljQ1Qq
Ji1MY3VmOEVtcmhvIy1BU29PNkMxVkcwIWlXOjMhL1dKdVQlNVBHcF4wOEQ8YTlcJlpRUklUIjM+
Wlo1VW1HP1JsZFhKJEI2NnBKQmgtNyxxJj1uKGo7clBXQlZcQyVRSDcxLFYjQD8/VGIhU1opaXMn
JnNmZXJTIVNnY2RxNF4qLlMwLz8idTRWTCQ1a2E9blglLDh1PmdEO1VUXmk/bUFjNllnZWEzJ1ZP
KnVEOmBrR14sSi1mOnBYWXNOT25qamNFdUonXC5wW2tsXiRuLzBDJDJFdWYrIk1IYEZFNztFJzFw
VTRmVGc6LChYT2xsLS06cyRRT0dyZ2oyKDZSM0IxcSxha09CNFJbUz05O1I4X0dFbE4lcSU3XmE5
YV1nXnRka28tcCNKYEFPXidvNVwoNWdxVkYqVlVCbDs5dVpQUzIkc3RhImZJNDZoclJdT2tyVStX
IydUUC1nbzhxXzNRcW0odGc1cGY6SkJoTTchQiVWUGB1W3BJb3NKNGw/L1ZbNTx1XD8uaCg1LEYq
Pj43OStBJWY+OUdyQ0VZND8qMihZR2U2ZVxDLjZTbk4rWlJTLyInckJEbjAyciZeb0JoblRvMks0
PCckIlpxP1xOcTtwWFxjLCk8Uy42PTxOZkdCPC9SaCRjY0IsTW9ebEV1cU1qQDBSUkw0WXRpTkct
S2NTM2FUI1s4OzRiXmgxbWxPUiRJQlJuMS1GW1g3IWdoJydqXjQzTEtVJiFOazZzMExAOT4wZCJI
T2cydChJKlFKYkc2M2ZeaW5MVmRbQjtKLmg3OU8jUmk3LlVgX24oUUIwViRMa1RxTHQ0VlFqJEdM
cVJuOSgvNkxzMGRHQVg4TjpHZ25taCFbVmshRFswXitsPjMzRFk3YmtCPTVYJHAwUjBvSigzQDwq
ZnA/UTBvUzxkV1dxVCJRSF9LRDpySyhFUWVOZT1xXmpgclRcM2M6UUY6JjluImdnRW1TbCtjYCpF
Q2hEVyZdZmQ4IlNTL1A5JTRLUUVacVBkLlpmZlNmRkxvRFkpMiU4WDk7bGFtaEpiNEVGPzYuWFEv
QUNAYl09MEhSZm4oaXJWU0hsVzJVSjNIXC05VTpbXCVgIlhWY0pARz1OMWEjO2Q0Kj0kSzFidSYy
J101KWgsODJ0QjFeJENFPTAoVzNqLEsxUSQyIWFuMF11RVtKcFlEdUxKdFRmUiJpbVxIRlJVRCxq
LEFVX0VlUEYqN3ApLW9WLjRPZUUiQFpbVWZnaFkmODo8XVkrQ1w8UD47PFZAaEtINjtnVVcqLE1r
UzVJPCxQImglOEkib2U9WDJrVjhuTTdKTSFgcDNjSks+LC1CUUNJTEIzTSxNUktAI2FtTDExL3JW
Y1RjKT02X2lTZDdLYTImOmFyUEouY19TSC5JKlc8Y0E5NWknaVpsLzNfTGgvMlMnYyxGVl5NclhT
MiJbXVx0RWs9bzJEQUpFY2EuPltaOnE9b1lwSUI+Ky9eOzQ2O0tFWUhAbkZgPHQ4PEdsb21MWSJL
dENYZjZkbC09TWlnOVZlbjMwcT9mN0dGPkUuQTlRIiFnVSklKjQnaixtMEhGaEpEZVQ6JzJlUStf
P3BMIlAuMC5RODVOVjAjXClNPGNDa21WZzdQb2dKSy9ITVRPZVlAQFkqWmw9al1cJXBvT3EtWk5R
MlNYYF1RIUhSQGNkZF1EPllwQG9BYTZXdDQiaVBwJiZAZmotIlc8RzoxMD1pWlVmKGRyZT5VLm5X
ImMhZzcnLW8hZ2hlJGlyXyQ+J2cpL0tyLDwjZCQxTkZgMF9IZUk2W29oSlolVz9VQyhkJnR0NkZw
bi4qMXUvaC1vXkVILThbMms0bFpdIWI8KjJRZyVaUVpMS2k+Rjs6Ri5LMENMLzlyNjdmTGRoMlNR
L1E3VCVDQyl0b2JaJnJUVVc1IiY0O1dZRVJBbkVVc3BDX2opSVdeTFUpLFBPQ1oiUU1sRSQuXjwo
VFc6KDNiWWY5YjZeY1BvdUYhV2FDTkBHbTwnaS4qYTMyIjM3dG9TLTkqV21hS1VIQlJBYEU1XlEq
QkNQOz5LYjQ4aWo8RnVKVy9MXjklWlhBJlIlbzF1Q1k5ZT1WL25EM1tqRSNaKUZkIUBBMTNgJSVy
bUJWIyguOSJVN0YrWlcyRT9kTkwvVllOZGJtJm1BVWxsVj1LO25nLjo0SiNjMmxPI1ZETnMuRDxH
V2tYUzEuNjE8LjE4ZW9aWkNXRiZDP2NCc21LYEU0ODFMZi1RbT4ka3BOYEZyXz01J1gxLTQ4XS8h
N0hQQSxdXzcicHI/Pi1VMCQoXzNxZTRfQjJjcnNXWWpJSjtoQFhvWk8mXzpXaDc/RlRUMkQiVyNN
Ml5PXyd1am1nL29rOzw4dF1oNmoncS4kYS1KTS1FJygrXHBEQ10yKis1LDRldWFMaTxgQXNYRDhM
XmNRL25dWlgsakpFR0w8IUtOUV1AWk5VUkdNPSNIUUcmbk8yPCR1XjA5ZUZyR1opKiQ+ZTxLLjI2
bEhnQWs8ZTJkP2czLl8uRmVmSy1gKlwwYW05LUtKNDwjYDVHc0dZU2NfYjAyNiNzUFNiPV1eXz4u
XiY3PyJTNzNtIi5hRTg0bXRjUTtxR3JhPD09NXFkcGokZ0NpSXE6UjxjcF06UldHRTQoSGRscktz
KGYxV2IxV0EzaUZnVig6JTFzUUNHKTh0LkZTSSc1PTdIKEslJl5JPTdbbT9HVU89X2swQjU8Xzwt
M2c4L1tiQi0iU1drNSdRbEl1IVRNLjYpXGxBKThyPyI3XUE9Rz9yJEkmYCFPXlIvcSsuZTxtQzVL
MSFOJFMoWmNzOG0tXE0+RkJZcmspK3ApZFQjJ1whSmtmOmhrVCJfN0NeOW4xLztuYmliNHA+a2Q4
UDQsU1EhKy41OFc8P2NpRC9EUlo6NG9qPD5jPFc1RDprOz5uTDAsLz0xY0sqbnVkJEkwc1paRyFp
WGlzTk81NDdKSytrLl9KYzkqW3UtOWhLJTZHMElzMWZfUUxuPmQmKExWMmZsXkBJVVRZPCNtaENI
PDlCI2BmYkAzbThcZjJCI19HKV5kXTwiNGRYVDdqZkBfTjFXajpZVDtZY29KamFTKDwnLU8yNzJS
b2UxPFozcCJLQjRUXV0jWmoobCRjNW9SRFJUYkYiKV1mJzs1KHVxWj9FY2MlZkcnY0w3NC1hYWIk
Ryg2aCNwYlxOWG5JX3M0UisoW25MI2ZHcCZXcS5ZOCxrayxSIWlEUV4iTmw7biNxcDx0TFpoRF09
YUNxMF1SdTJPOExTOkohcjdeOixeU1FIMyNyWGhLbjczNDxnZ25LPydmcChGL1ZIPU1hYVxrVSk6
KlhuM2xIbnJjPURYMSRwdTEvRiU+VkNULHJyOG8uYClyMzJHa0c0VEtVUlFuWWY7MFBzLy1ZKyIm
Nl1PPSFvJm4tYm0tbk5Yazs1LTNoRUtdLHIyQzAlUiM4QGonNCdDPHUoM2xQbCRxKW9tSXRALChr
RUtTNC1TVS1iRmc1OHMzUjQ6STEkcSQ4aDNcMjk0bXQ/cm1aZj0obixQZD9dIlkjKVE1Zk9FLito
KDJmXSNTIXAqK0BXTjpnLnRHUUxETms+TmVVVCFeT0xYJVBxUUAwK2VSI3NvTDJPM1EhbWJgP0ln
X0U5TnNQYDxzOFJxQzRBWEtMTCNVYVNUKy02PkA+NEJWIjBWaUxQWEFmOmZIIiVfbm9QJy87cC8p
WzIuLDtHZ1pGKFJMVUZySzQjK3E4UVcmUW00KWxiZWI6OUQ+YUNpaFJyS05wWSZqNjc0TnJrRFZS
Y20kOUcnKEFcPVBNOFpoYjFZLU5QRCk0cTIzdVE1MzJlV0dibjhxPURQNkZONkVsPkcpRHBOQGgl
WUMmKEtwdSdWR1dhITNUZm9jYDovKEFPVUxrYDswLHEsWm0mN1U+OWdiSjY8YGU9KS5WcFo4VSdC
WTtbImhuOzgsPFYyTDBFbTEjZS9uLWYrYSFSUCZCWiZTbEgvKTlYMidbMDJrOT5CNEQ+OSE5Njhg
aWVuZjpMYGdrMz42VmEtcjpKMC49PGE7I3FqWi5YU2ZpYiYnTWRZdEdhTEBbJC9yUSRNZjFGdCJP
RFtyPikka1xmYi1oLFl0cj9dN1V1QDFnPV4/UDpiQyEsMzU3dW8/KDs+Wj9zLG1OWmtPTiQnR0I2
aFw+czEoYktAUTRCSzIrPFIzRTkuQGZcUlYzVD03IVgkZG04SVg8Q09BPUwvXEFpIzNmM0ksL1BP
OittXXBPUWlMWzlMPE5DTF09cXFac2hCTmJLWSU7UTRAaGpLWVVmKkNEMSlwUj8hSjFRQj89RyRe
UmMyQUsucjcqQzIpVSgxJm9BOEhFJDtjOm9tPlpSTVBqJ2tJKSlwanBSQEtnL0lrTDxPPipqTTls
JUw6RDlFVF9YXzZkT2x0VjdnR2dTRG5zTUpIZjU2QTJeMCNQNiYwNyknLCMoWyRcN3E9Pik4aS0r
JllUY3NAbl8/ciItSGhpcS9YNEBWTXRGRzVuLTs6YyE8QS1IUmxKcmRqcGEjVDwhaWwyZSwncDVB
W2IyIWJ1LF5sQUdMbzglKGNmJVFdTHFzUWg7XCg+PFwvTU9SaDBZVlJqMCNPUklUK3Q8MkopKmtI
UElpLUNwbzdsPUVkV25ML2o7Kyx1WjNcVlk5QSw3K20xLkZCPmFbNzFDXmg2UVVbZGsvdGRMKj9A
MSxBW3FyMFo2aUE0YEU8QVBoZj5mS2ZCcGAvNlg5PzdTbiJhYmM3PiVJUUpTQmVfSjwoJCJtcT45
T0IoNFBRZWo8XSpaOzZGVyl1PDtgYW82WDo8Nm9jK0kyYExoKi4sV2ZPWE8oalgqQjIlO1xZOnIu
JDYnKV9SLDlWWkUoRWZ0PTRSUFFOIUooMXJIUyFQSkxML0xBOzM3cTBWLDchanNobmlqIWlAPStM
OVdBSmo0N2poRzNkTVlWJ1MzVjJHP0FHMyZPY2FraWV1JFMxZiRISFgxNGkyMTdHLFYpNlRvMDQ4
JXBsay9KTyh0V2AnSyhmcV5CQkJwYyYkIzszNVVsSz8mVVcvXCRVVlBrJyJcYm1tW1pZaCNQKS4v
K2s4QT5RZm01YVY9J1ExMjEtMyY0Pm1KJURmUUFUY1JlbzxCLWosNHRbW2djRyxVPFhVW1REJixL
LVYtLyg7Z2lGOigvODlqRkZdMDYyXm1qKXFEYSJeOCRKKllxJS1kQkNNY3VgPy8rYkIoMyI3OyRY
MVE+Zmtfb0NodVo8U2tEVTosOzduUigqLyMjSmc1RFwxZEJGRnVVU1RuK2xYQTVIUExRQ2ZEOl5d
MGpASC5gP3M9LVAmUEgtVzQ9KnUuZzdzJFxRNzdhQEZCXThdUlQtZGEpOS04LSFaKjh1VF4qOC1k
YUBsSE09QDMzbzwyVioqVy0zb0ojNEw9TUszLUI2ZGNqdVEyNilHRCkzODM/PlU9LG9gTztLUTpF
I2ckazgnQVJNOzJjYGVwL1tYSkgkUjdDb1IvakFgKXFFV09FNF9bZVYuaU45SjdtMUVCMW9JSTo+
aTVyQl9aUitaVlpBUkBVRTw3WWpCdSNQXkFfZV9uPG0uOCllWDM6PTUsb1VUMkZQMTs8P2RoUVhW
RmctbjdkWVljJFA8WE5HLXJYXilRQFpxRW4vLVtQMVVDPDBqcjdOP0s3Rk5sNjokWGJGV0ZWYSZn
SzsxKVddJiFKbE47Lj4qLzgnKiMyMF8lUDxraTZuJlpQIVxJS0QsUD8rPTJxMCpFPFNJZzA7LDpA
IWUhUmAhS1NTJk1sKT80ajEpKFNXRWs6TCczXXAmVmFsIWlpTE5xPTszR3AiYzBFcF1wTzBaPywq
dXFBQkk5RTsrNWpMJkpJJWUjWCRZWz5PMzBCcDYxXzhiQEQzPjRcO2t1Qyw4NShCUlVULVJhYWE1
bV1cIlFbU0VeYTQkKm8pTTRJU21SYjJJJU5aSGYtKmcmLlZPSjFrUyhEP0dLPDBXaTE9bV8mKkNL
aS4hazYobiRObEZuR2ZWJUMnVFVIN2lKMkdvVjh1PEMjT0Y1JjFDR2FHXTliRFkmX2IsdSsjdSdV
ci8lVGphS0gwQzgmSlhbY1VEVT5RYyEpYWdAVj5QNEZVTiFyJyhwdHRFVihUNGZdXk5pWiQ7LDNG
JygwV2hCZTxuJzxmXyNRayVMbCQzNUpeQ0krPj0/aC10OGwtIV9IYSJDLF0tLWolWCxqVE4nK3Ep
SmBfUFVEYShJdWBTQzZQYUlnLV8nanBjImJnNj4oLEVhRkkhR2piMjVpRWxBOWM0TSI9Q2EmRnRt
Jk1gWj1mLmN0UDJZUTU5aTA2Tytmci1tXUpLYEJqO18zZU1eXl8rPkRROGRIQzcjRXRDLmdyMGRA
UCVVSTJLdWxAQ1U6XzNYSk1MUGRsMSFlIjJbXlRgUz5HYiUjUjVbaG9oRkNXJGQkN2JRXmgmSEtS
alFtb2MhI1Z1TU1AKVRZZz46UWNEQTUqZnRcTiE2UCc+U18/YF9XV2ZrYlAnY2dhVWZGSEA9dWNE
NWNxWCFZPDIrLm5bTkNHTGRaZDQyaU9ZTUNAdSFmRUIsSkxoUm5RUlssN1FvLTxjXUA4RStBbT8i
Sz0scWBZa2w/dV09U0NQR1k9LFtXOVJKM1NUIVFjZUFNX2pKPCc0NUtkMjU4Ok9cVzlrND9tZl44
K2Q9JC8/YU1xV0RKYmBHVktSIyhOZSRAdG4+QU5gWWFtSkwyK1g/RkRgckMnO3MqY1k+MzxAMTMj
XHRlXkUjP0pdPyUmdWllUztePSojZmstXkwkbj1XTyJlLT1LVWVeK0paRzRjS1x0OkVnXGRrVVBZ
MzNUPU9PPWxQJkwtczg0Lz9sbUYqWU1pX19Ga1ZaYjRETGRkTV1NSjVeZnA4JSY4VWhkKWxRIj5j
VmNzQmspVlMzaFo6cVxgNUktR1RbYileOjQjVzwlYGEzQENrWm5fIzJCWlQ/Xk1jaGk6TSs8Ukps
Sm5PcWsha1gtWVVzR1FvZChrJW0kcjFROkkhPjdrJSlvVyk4I0ZyImk2SC9fS2tybSgnKWVHPy9w
VCZRLE9qdU5BTFE8QjVbVTdUXWIuMHBnYW5gMypuIWlHJWNEOXQpaGs6UTtNMzRfdTMzdE9CTUJm
KnRqYyM6KXJQZWA5L2JsaS0jIV00TFoxazZfVy0tMWQ5XnQlO1dZXyk5TVpUOyRkRTZuVyFvUzNS
UG5OK1tyWyllLUYzUSRwUCVUSjJYXnFaUHVTVnVJVTZOalNVanQlbzQ0bXNbVSdDMCVyJ2NlMTBn
OD9cLlBiTSpFYXAsVnQzOSFDaF9GMSlBVCI2NCMiL19zbTsvVTJDWSg/XC9QVENbUm1KTSNYMi8m
bUgyYzJcZU5fRFNFMGQ8L148XnIvXC8iQkRZNmEvQl8vLklIYCRza1dJbTtVZitxSWo+X2IqTzlj
Nm5AXHFra1w3cE9mTkdvZXNyWHNvVDRkXDJpJEZPbXEhMGA3T2NHaEMiXD0vK10pN1s5VkEzZUlG
VjUjM1tkcD1ASFUmQVI7ViheIy4rJjhIUVRvRThYT01kQTYycC5aW1BNbjk3PGQ+WENiOExpaitP
cDNYZV86bD1ybWxhI10qIl9EXUIzVFkpND5BQmFLY3JhUEduXUtiRGNxRiJRdTheMDRTS0svM25E
bTg5KyYwJm1KLjA+ZW0sYSNcVFJZOGNtXF41VUsudGoqLUE/ZVgoWixMWE1cOTxLVk8nRD8tZj50
ZUJPR0Y2cz5vNj91RiRALEg/I1pSR2tKcyojVjlqOyQkNzBFXGRlblZYKkk6RGNqNE9dZTI3MVYl
WiNmUSNVJ0lxMV9HKipIcCRuQ3JZaEZfN2liSU1Naz8ubUNjcFxdMyZNYT0wQWRxYi0zKSxfTTZd
OCQ2OWZdSyw2ViJKSj4yJnEqU1hGTWkrKnVySmdXOGJKKFRrdEE1Smo3STwlSGA3JjZ0ckZoM0BX
IUUpM18nT1lhQUBgITQqXjhYPi9TJzMxODYwXW0jTlgiSTRnaGNER1lgWy1yRkcoYy4paSZbN2kq
XFJLVldnVDNiPSVAKGpEM1dmSmApck1mOzxSIWskXGZFU1AjP1pPZEwzNz5FOCllc0AkWCZxRG8r
R1JsRTEtKnI+JUFpTVknL0s6SmYwUj1JayUzPk4/K3E5N2s5RVY6dVJRWUkhaSYvaU9mcTdmb18r
NlIiQmBJLjdgTlJqRlNrZXA2JSFtaysrU184LT1wVEJlMExBNi9DbDleX0NtVmUsMl8qcitVbk4t
OCxiVFp0WWEpWE4yO1c1OUZOaUliXXBzNnMmKEdNJlEtTiRMLm1DWk0xL08vV11oP2VXZF1ybTdG
Oj1JYVBKMlgsLV9YSVJpSC9MLCY6Si1XZiYlO3JDZlkmdEluLzY4UWArdXVqTlkoWmdFQmVUO04i
bGFYdFBrUyVQWkZJW1NUcT1cbGlLJFFsT28ra1YzZzB0W3I9V1YyQklAMTFYM0FkNkA7JDVnY0I5
JGk2c0xHP3B0U0ZWRTdbakhcYE8sRSg9VT4uU1ZsMUdIY09DM0ppZHU8RS5HblAyUWclXi1taWxW
XzZiVUBvNWwqQiMkPFlOKGtTJjIzOTVoZyhoL0UjZWQrai02IWglaiZkMCY8LD5QdTFXdE0uQGA2
blV0ZkwpIlliN1FYKzdtO15QVEpSby1RVyNUcGtZODhrKUc1JThmNU1SSUYtaFI9Y2l1K0Rxbmsh
YC1EV1M9Lk48VydaQ1ApWk82OiEiNitWRmdHODtsTj86L0ZUWCZGIyM9PWNXakxVaW5uajdZOjFA
J1pEPU1BYjVIUV5aa0M/OExPZm47ISwucGdhI0ZDVUNwakJYSmlJVmNHWjtra2xaZDJOVCZSMDNM
YWhvODxrdTBzREk0P0A1UDxZX0lddEFga11JaFdScGZyTDA9MylpbDxjazc9JGtrTE9dXlstLW1I
MWhOSHApbTovP3FtcmYjYDRYbkVUKjVCc3E+aSpYJy9WVFhBV14rclpgaV06QGctI11ANUdiVmhQ
SEVuaCk6PFAoRnVINm5Jamk+UFQjXjxuJjRxa0Rwa1orLXM2ZV5UYGsyKCpJbHVObGJubEc/K2Bh
N106ITMzMT4mJktUZjpZMSYoO206JHQhayM2REdUIks2JjdjKypsUm1KTVZTJlE/UU5eVlFTLzwx
SmtPaiczTXA1SjxfbFNPMEZTUk1OczwlSD83RUpCZS1tW2ZfKV4mR0IjN0RdSkdgREJCZyI0Km5I
YD1mbS9saV1TOUhNTCtfM1paSmVSPm9CWGRdQmlmZW8vR19ZZVM5YDNeLiY/TW00SUgrRnFANjBz
Y2ZzKSVeVkhYYSZDb1hjNFBJKEU1clBfNFsuMUVHb1BILUFjKkRwWV9qLSNROVxDLWgkLjlgcnJP
UERFM0IhL3JJJipwV0ZDOGQ4P1U6biU1LE9UcSVJJGIhVk49UzRNQ0BmR0hAXCRbMSZmWitEXVI6
XFtXKGB1S0s0IyJOOE5zSGgoSV4nQl5dYzQ0XidYNVkiZSFhQFE4IS5QRVduQT9KcyVYZDleI2dg
Y09SOGcxIlRDW05mPjpHOERASSY6KF0lXkVjOy4mMnBWMVNtVFMmMU5MPEEkZUF1KW08WUF1WWIp
VyVCajg6Rio1bUdwMDVkZ3BKbUU/QmNKb1MjOSUnYHEnSUtHJV8oKmJiVHFKP0MtZGBwU2Q8ZmAh
bVdsJ3JwPnFrbyVcU3AwQCFYZTQ+LVtYQ20xQ1thRkpiVDRQNGVRPFhHTFlkSVluZGkhcWktUFw1
QkJfLWRsL19lbHNPSlFDdSkqVT9yOmRURipnaU5zUnFkOGwtRF8rMVMvWz5hLmpLPFxfNTgyMFhe
PDBZUitaM1hIYVZFWk1lZW4nSnJqRk8uOScjTlllQzQ6Kyo3bGZkTD5yOlR0U2JRamJtZERNUltj
YU5Icl9JVixwTE1eMDdMWEsxWTojSmc6cUxqP0U1XlZHZFRULUNYJFM2IXRQWlVNPVEnUW9FbClA
RzghamdIbj1HTjFtSiMidDUyU3RBPy9dQFBBQUdpZjMjK0NgUjEzaSk1OlxNNjZFZDg6cDAsImdH
W3QqIkVQTS0wIW1cKkYxQklVaV9TSXAhMjBdMTojS1Bic19hNWc/bj4hLyIpTy9IKT1JXSorXlVn
U2VkK2AwO1MvO3BVI1o7bl1aXU8qLU45UE0oMCw/RDlUMk0vRCpFNjojTjtWIT05WyhPS1lwam0h
NiJBVkhANCsiNFNKSkUuKl8zXGYya0RxYjVTdCNQIlw1VSpmXHUjJylIZF0pIlBPOCtgQyljcmM9
T3NSSTtnTi1nZjNbbTZIMicnRkFXUCRAZXNDImJScyUsMkxWP0pWQDdQXFgzQWEnblFxY29WZDJq
Qy9dTVRAKiVpNz8xYWdZYGUoIzBbM188Ok9HLWRCY1c8JG03dCVBcSE8aUEjMyElcUhhOzg0Ujtl
bXBWXCZJazxAPCw1cChccDslPW8pKllOM1tMXCU5Q0JlXGZcWXNIRjJWLCZGZS8jcyJLWjZkRjxo
RztLZkdncj9ERFYlPU0+ZU5WI29mUjpVUStva2VncjojTjNPdGtSUmZsZEIqTXQ5Wl9GMSc/XlJb
VS1kTXVzPClhUksvQEcrZzlyK05DMVA+XSFRV2JqZ2hCZ0M+SyRTN0dWNHV0T0BBXEN0Kl8zRTRX
JG06ZG1UbjdJLmszIyxgM2lBNy5PcSUwcGpRVzBxLVVZUVU+Ok4jN0UrR0BDXGBoTm8lWCRrLk9v
aGUndXM3czQ2dVIoRUNJaW1TNidDLW1QJVU+NDpiYCM0YF9wcVlSZExkTVUpQzlyLG1bLUVgUS5V
SjkoJi08Ui1KWi9NTHREalA9MUxiLFAtMDwpTjBnNVNbWik/b0hUdDo1Z1lQNHFGVT9fZFcla2Fv
KzIhPC4jL2VWKlpwcltBX24wPEUrPl1CRjs2NmklJEFHTmhlLVM0cFA/OT85bVxmSTknM0I7Mkck
VWI6VzxGRldMMCouXmhaRlp0YGEhXW8lXWxFJU8kbGYlIjM0VTEscSJKb3NfLTdvREtGPGAvQkxS
ZWFART5GWT4kXi5ha1Q0MDVCWkx1RlNGN0xbIlY8cHRwRVc3VjU/VCUrLj5jKiROOT0mYHU8RjYt
Y2c2b0JAUFtEIkckOzZeXyEydENpYDsxXEFoLyRaK1FxIjJyQkMlNmNIV2w4KzxZb1ZjYSJCS21t
XXEiY0JNTWQ5clFrczUiby4+c1RmSU08bltcQks/I29NOEhgODcmdEpiN0htMVRSSkxgKm5XdEor
ckFFI0pHR0RaX0NvVT1HPlNWRzF0UT1MTzU6bTdFKUZuT2lWRUQ0amBOTCpNXWZOYVhTZTY1XyJp
aUlxc1dOJ3Fac047PGInaFZINlhibChULCFqa1tqWlBIMVlXUGdMbUtIP0g1aDs2X29cQz1dPCU+
TFRVTnBeR00hZkNIVElvdTJXQk1IPCxnPi4sNz43PlxLIztjLUNoOyxMMWY7LEwxZjssTDFmOyxM
M1xjSSVJXERwPiQ5SlFAU0cxTSpZW2t1XjRyNnNDUj5bdExsLkRlUzNlJi0iWS5UbWNmSGUoO0Z0
bTY6MTBROCc7YkhqYmxtVi9ZZS9mJzhMSTowVGApZWJwcV4nVyVRLSdRSFhCS0hvUGVgSVYmcXAq
S1RuPSRsTTZEay5wOF5PMzpoZUZVXzRHLkJfPW5MWkhTJ1NoNEByMDFJVVJARCxsUmhhaDUtYVln
KURuLWdlQ0BAQSZEblpTaERaK15ZaiEyYjUjXmI+Sl1uPyRTL0hMdS0qJGI7V0xlWTY4OFQzazFX
cUpVa0kvMmVaZXBVQVVsJUshMl9xXlhZcmshIms/VWI6LjlsKDxKZkE6S2VfaUR1TzUsR0QrbD50
KzZRSkg1IjosZSY6LDohKCRnO0RAPmdBPWs9Z0wlcmxTcVEiXFlFTi49cS9WXE9RZU5UbWRVUDlx
ZkE6YTBCVjRDLVBiKGxmMmRUPTFpSSxYOzRsT0pvPFIwaj9wKi5zPzxwZFIoXGtDN3QnTCthXG9k
Y3JscmI+RW1yP25qPWlmIU1aKCVYU1ZxcnRrWjVMQilOVSZCOShORi4tQzgoUV1QLWFRZyJEaCk/
MWQpVC5QWUoiUnVTRmtmKj8lbVI8KEUhcTxAcnEmJWJqaTRNUHFecF8vYSouSm0+XU81Zl46N0Na
VzI/aiEjNypYaGBfdCdJZyI6X1JAUEcuODpDPkJkJ19bUi5OYi1xMDZfZUVpSmxKZUY3aV0nTlJF
X2lPXkdOakRAdExXP1FLWS8+WlUpUTUmMHUwQ20yUzA0J2ByQUtEJzFjcmJiLWoxKllMJFs/bHRd
ZV9eMGw8LiFHMkNBL2BHWVErOjVMT1wnPmRQZmBESFRLMzorRCFKIyM0JD9hOTFjPSVuLDRIMV4m
UlY5OClMcyNRVkkhTmc3dXJgOVpvJEMtSnFiVTkxbEMmbiw0SDFdZyVKUWtkNDojcUgyPCFpPTMx
YjciNCxfNUdQbzNeKVdKR2VfXjBsO0w6WS5MMnVPLV1gN1NtR0M7S28+QTZsc09jKk1QMl9BIzlo
cHEpXlc8aikhSE4iRyNDZW9APipkPyhHIU5hP0FOckFgVFRBKEpbZm9LaFYoUSVLbTB1cXQ9VlxR
TyUxMyU2OzpOVitnP0gyaytYc3UtUmdYQl5ma3JmKUA4OG50ZSg3JkQrQ0pfNTsiQydbQmlcbUM0
cCJbSmc6VzdrcWxHYmpNbjRbYWkmSUY4PldMQTs4WVAkcDoqNTNDLzFyI2smJCw2MnRHZTMiR0ta
ZyxvRGFESzlWMUE3YUxNYnUva01WKjMrJyNmbCw+XzxiJ15AUCxlNCFhWipGRi9mKyVxJipNVVJf
Zk8kSj9MSmg6J3IwTHBKTGxucjxvXiVOZjs4TGdqIUpVXDpEQkpvIlhsKj5nckJzNihcJ1YmQUFh
Mi5WXSM2OlpCQ3NMdDdnITRpPkE6O2JzXCxCWGZjKWtCLz9uXDQsUGZNNUwmc1hFO0ZjNjBWaCld
YkRgbDxpIjozYT09PylFZXUxTThZVSx0MCpXV1kmWyVGamk2MFxXY2RMJWhHIlYiUUk+UGYuQis2
QUJxYTI8azBndSRAUHJgJjVXWUtDJFBmcDJFOGNIaS1KOVIqQE5GPkhOSGgySVJCL046dS5lKydc
QCYyOCZURjlRMGc3SGpEKyc6ZFMiPllTITFWT1xOV1tzYFZiK05NXigyJDBVQ1c6WVheUCI3LGVn
MSokbHVITSxLRC9tdCQ2KD5HIyQ/azZhKUEraStILS0hdV4uZS1nSChEMyZfJDk1OSh1amh1RjpB
c2NsTC00TUg2NzdFSDlddTBkLWQoYE4+NjIvLDkvakZYKVNQJ2BiKjg5N2M8N2hlTFZmJVMoVFkz
RCpAJFcxV1R1OGlrW1NZIkw6RjEtSC5sQTFuY3FZVksvTEBVNlAnOTAqY2ZhJDphU1JYcW9bR1Ep
PiNtZzZtO15TR2M+czBvcC9FSSNcXlxPcG0zXCU3Wi9fR0M3V0VFPk5VOkpKTjBRaz1oNW1YImZS
OF11W0hjJWVsP0IlRypgRikvKjYxJSEnRUA7ajxBdTdbSElvLGNESkVxPm0/QWBuZHVpYDNibkxT
N2YlVVkyU1YhQ1kxWVkqUWs5YiZNa280Wzw4OiMxZVBKYTJYbl9BZlpOIi5cRy5cYy1TbiprNls5
b1wwcGRaamQoNVBsRGc5PTdPcDo3XSNdKSc0JkFoMFBSLmhSXjU1azhaVk41aGhzTEpJZEp1Xi8s
bWhdOGUyRkE5QkBhQmFfa3QxbWBSdF1fR0ZPaUFpTldsZio0OXBBcUplWkd0Ql5ZJlhtJVNxYmVM
QSM1Tz0/QC1gZjQ+SGVfQUdxNig5LSFcTnBySGU4aDpxcEExckUwZDFEWWhFI3NUaERYajwuKzBI
LUokMk50KDhTJW42SkN1M1BsZDVYRTdqcCZIJl8uR1dKP2IrUDdEJmUycGwmSUxAJGQzZ3M3WXVM
WmlhRUZpME9rY1E9JSUmcSpQVkdfbVtDbmE0SDZiMEdNXTV0MmxPS3JJbEVQPCw2Xi51cE5LLkNC
czJNTFlJND1hRG9dXHUyYDtwdG9xT2lSO2A/KkZFX0JiaVJjRGVYUyVScFU1TjAuMlBVJEMtaDc5
VmEmKjdRYEhPP1BBPVFxLT1WYiw/Vmx1cW1ZTWBuYCxIQS1Cal4wQkUhVnJPPXBZdS8icFZkanJH
XzphITZjLzw1Llw5M1xhOnA8OnUkcnBEMzxvPmtfTFxvZz4xZWokUDQqK0hsaTsiUWhCXmJIMkon
P3BMS2kkW3NCRDYpbWZlKik4VW1xRFdYNEJsR0JocyglZTNPJl1IMzU1dEhpITBGcjkpUm5lJl1P
LGYjQzk1Y1lkWEJYI2paLk5eZUUhVzM4UjJLIllOQktcUS48M3BmQVViR2IscEY6UyEickI+WEZY
MFZJcE1gK0Q2YjN1PmVbdTJbdFtTbUNXMSM9WTFVTk1gSz9xbjdZXzsoPmEvJ0ptKjRMWyVNbGZJ
KHRFXiJoKkMySFBGLz5BQyYlVVhVLUJAWmFcOEFCO2gzOChlOmRVJXRvayxVM2hiOzEkJWhVUTtC
R0IqXSRoQUYyM0NnPG9GcyI2dVIuO1VsUDtqO2k3SmoyRV1cO0c3cDRALEg2XzlmRGFIYiprMWtj
IjIzKkBhbjFgRlExXlppSGtcbmtGNUpqW0ZGVTRAXFcuVlVpJmAiX1stQW1DRDpwMFZbUmI4XSIx
XjAlLzcybjBqOzRNa2RNNyQrZFIkUDFpIik/aUw4b3Fub3FiRENxdDRuK1pqKCZmZEYnVVxzOW5l
VUNGOzlTWzJlOCFNQFtjNz4qaignZ0VrP18sPTQiRiRFY0trWWA8Zjlra3FxVjw4KzFYMzxePmMv
JzBxTjVPPSc0QHM5JV1vRzdnMiEsU0J0a042O2cjIUcpIjU9KmJmM0UlRlVwa2VEZEYkSE44ZmpA
NXQ/OFM5NSlGODBXNlxgYklGc29lKGR1WFQwKEBVPUJAbTIuXGE8RCprJ3RAbU1KMFVTVj9TYyM7
a2lYXy0jJidELm4sQEA7O0ZXRldqQGNTdVM2SEhManRvJ0lvcUJcXG5cSSwiVCRII0lHVzknXEAm
Mk0uWkpBPUxbciExPkZLYlhaXV40MSUhKWVcIWRrQSVxbzdnU0pyQmJLRjxfNW1hbmNlKWpfVWpr
ZWdLRSwyKi1zMVt1ZTFSVVFERjdXKmpGXUJeKTBUS1NWNGcqMC4oWVBIPlMuSHVEVUF1aHAsTyNy
cyU5ZD9qYlRZSzdLLDwmWDxCVEZYOjhJRyYtazA6PlguImJIbzphdGNoJFFYMSlkZ1NtYFZbTEAh
KCpbIXJuXWY4IkxMc150MjpjW2Zga0djK1NHNlJJNCM4Wko/QDFEMHI8WHM0SEdvRi9dN3FoLDNT
RmlMWCtSTi46JGZBNlc+IVdPZ2huZzNvQGJCXEMlJDdzbmZJUkVVV1hwcnFjQi1sS20kbmY3WEdR
TjghT1hjJDNlXHU8bEhAX1c4dGUiYEUzO0EkWGBISk85PGEtNmFOMik7dCFlaWtDODQ9bixkaSRI
XTdgL2c4IUJjbm0nUEtrWllaUTsobk00X1lNb3RMSitIVW0yXSJXY2MqSiQsQXNsKW9USDt1ay5J
Xk1pbj8xLWE9X3BYYS09PVZzOEFWcF5JT2BFPUQ1O1kkVkdhSyZbNSFzXmg1ZkZjTidURFZCS0hs
R0xXNVgrc2U+SmVSIjQjXyouQzFcJlQ1JUBESE5fMl9VcyU0LUJwOyZeMXBCJy1YcUBsR1lQTlw0
Q3NvaTJIQCQ2bUhgbGcsaCUiLygzOlMsKVUsMkhvRiFVXk9QaiVMZjE2bTZiLUQ6QC9haCZYM2cs
UGQ0RFo8UWlsXmZjLWtRZyMhUSJHWi1GdCdIWCtbSjg4P0lCWidnWy5oVkNRLnBbSSJRVm1QVm46
aEYzOk5hTUVvUTFjQ1lQbCdPVEM2Kk10YjJaPHM0WFEzXmdBPj9qKnE5MHJRYF4udHFlRVlrY29L
WnRNVkxTMEpiSSo3WTwrXWlZX0RlLDFgO05sRGFOWDFHXVc3TGlfKnNnZCxsPkNYKEhmRGcxcl5Y
JFhsKkxBNXNdNls3KGVXaEE9WUxxVlQjL0NcSVByP2JpJUwlWFEsNTsyNGUtRzIxbTJFJThpXD5O
RURbcDxIJ2ArVFhnY1BNLjgiKFhqR0dPazYyZT5OXGM4Q1k/TCNtQkxpciY4PElqLyRbNC06K1lT
OTdEcyExMmgtPSVxdF0sUm9WYWVMZmFAM0lTVTZQbihWKW1kOk89LysmVTt1RS5SUkdAWXQ2Y1BX
cE1yU2s5U0pkT0JjUUVRS1dfW0Q6X3I8IlFHPlJPJzNILkxeQk45aWZEZFtUdFJhUzoyRSNnXzY9
bGojJ3NoJmoldUpgWzcvI0tZOFw5O1Nibz4oVD4qYCQjbGpiTFwiN0w4ZCRwXmw3P3AydHFtL2Q7
ZG5WM1RZJmckV15lKylDKyFRMnFKSHJGaG9zRkRvblxxayptUyJbMmc/XFAmQWFILCg1LjFqOkNH
MnMtVmBENUBaQ04rQFEsZS9lJltDJS8wKjslZVtBRVRuTVxZKihPMlVxXihPajVmVHRVNU1vbjZh
NydRMy5ObWRILGtgZm9INDBKL0U/XCRtdTtHODIiaSVBS2FZbyY2dSdpTFdaJEJsPlE/U3FyTlxo
QUNqRGVpZ0JBRy0xdXU3MV8+NVVxbi5oa2g0dEFmQT40KmlqQUgsOk84UUxvRFxSRV9sNV9GOXRY
QHNTYTNQZmgkOVlJVTFfVlw4OGVhK04+NjJxbGEsUF9TTHQnVCsrKFtKXE0+IUdWXFNnXnBaMWIl
OFEiayhIPz4wXERfLSVxSChRYlVmZ0MsNicmcDs4NGdWKzQ3aDxXdVVjY10jPyc5PU5HZzdndDhD
PFdjayY6Imslays4dFFKUHQ0L0dEPSptWEcxIzYoZkIrbXImJiVTIUxQUz5gTjVBPmY2OlAqNEBu
JU9Pcj5rNVxKRFdsbjg3SV5nLUZSRTkuXjtGazQlR19IUFlbSGBtLEZtSWVQNUY1dSsjJmZgTGpG
KURcNT1FK2A5TkNEU0RCWGBmazZrQ29xRDxkN0tqKiYiai0nXDpzazhfNDNQWjosRmorUXJnVWJD
LWE1PGpWc24/a3RvOmAjTFVAKixPX0MtdClQV2RHVnROcFNuciMxPjxuXGsmT2spJmxmWStxRVtV
JWBHaUBIakhZRz5sO0dLXDIiPilCYlRrb2ljPyZ1bkIsUWBnXEJVWFZCLF1WWm8+WkRNNjhXUV5I
cz1hKVRpQW5MJWFaSDNpRWUkM18rTnE6I2MlUz4lSCkxaFtOX1dkaHNGbGZHU0VNZzA3V0hNWitV
NFwpJlkiTzVFMVtoWFpmczpMUG5AazBgJGoxPk5QOyU7al1FVjdsLHE4UihLL1hZZF4pbEpgPG1A
dEwuJTwmYEU9OWdJYCw6MkolLUUxMmkzP0NLZnBAJmcnW1hYMjU9VlwqWVNNcEg1c20/MWQjMDY3
c2o9bWpJa29DPVs2Tkc2X0wqKzZMP2lPN0xPUUdfTF1oOT1EVGBzXD5MYDNfSTtRNEUmaG9vQGQr
USstUHJaIj1KSUdjcC80WkE/TW9AbSMlYWF0KiQuSVdnYVEqNXFsaHM1SWonI2hMP0BHcjUxRGM2
SnM+VSRbMCVbJ3NSUlxONDVcYjBiRFBZJUk7YUtORyplL0M5ZVYxSFUsZEthWWdKSCJmbzhLXExt
Tz4/QC0tVlJXcDZDMiRGXlx1JnBNbUVPNWM6bFY/LSdzXS1FYDk1dEUpOzdIRUYiSiEzTDUnXk1E
NTRkdW5ZIi1IZktBT1FmOl5zOj9qU2M9Py50NktvSS8vRVxnIkZnT0phYyNwUmNGZG1KJEApMykv
cyZbLl9fIUEuP2MlP1s6P11COTMvTmlfYExxOWJnYS5sTCpXYlRlSkMuOVpgKFpSWkFQTjRrJkgv
NCFUKyw4OjEnJT5kKVEtNkw+NTcqaUNbMzdyZHEsaz5VPVllcEQqQUk5WlQiYjtpTEpkdT5NTVll
V3QrUV1GUSElRlMtcEV1NCNQVk1PVGBJOyQ0X1Itc3E2S19YXFlydEdEMSZFYzohbkglTmlCUGpl
RG02Lmc8Ji9lUzglIiFHVD0nTVU0Tlg/TmMrWGRvLWo/aig7NGlUPmQ8KGYxI1hPKlIuWSctQWBO
N1doK0pvPiFbMThvLWNYKWdYQkhiLDBUMlgnYUFidC5rYGYlKlhWZlQ1ZGElOWhGdUtWLVVXcTch
SkhaMipZWyprTHMxZy5oPWtoNy00MzcnTzk+Q2lORCY/JChCSkxBWEEmMCdTcS9GVmJnJ0soRmpE
Qy8waClkKkA/UVVcOS5ZZGVWbmNxcXBvM0RrJmM7KkJgVjBsdE5adUlicnVlPmZeJD84ZzQ/Rlcq
c1V0LkZjT0NXNDR0MCgsZjBIKEtqUVc3KjEzLGdBO2tNaWdSWS1QUD08ImhoSSohQFcvQDNuNlFL
MDRCZmBAY0JIJCJuKXVDTHAnNT5uQDE8OypaKFFsY01NYC1uYTRibWFuJTkvQk0nKWNKZzBcNEMy
dTwjW0piSFReWUcuYS5tb1hxczBfX28jaUhwPlUlMCIxPnBQUCo4XWZQTFtDa3FiZF4jL2JZUi41
MVJbcXJkakR0W0pOQ1RkQnJZWkooTjZMLF1rbSwjKUJWUUdXZ0xTJm83ZD5ZUCdyMzRHTUdLQmBH
RVpPaidUIm9UODo+Mj1nXzRLJD5VRF5nJmpNJj06NWBEbnJycXVZMVAlZXUhVEs7Rj40RyxGUmBd
PjEuZmtCYSkibDgoVXJNUkYvV0hCO2w/XUNmWHBkWyk1M0ZxOixYKioncUdSRVhDcS9qPkleRmJ1
Wl0obnUtNUNXNF1UbzNVRkxJbVVtREMqIWRjJU4vLlciKy5oY1R0Nls+dSdCOSpVO1RKMnRdQV1y
Ny49T3B1XUtvKVklN0gqPCx1JFQ3TD00NkQpcDNlUj5aQD1cKnI+bCgoSzlZXkJeLGB0KltSTHEj
SlZyNztRZWU3I1E/QyJRQFlsRS4mSFRZOj9jLklVSmohazk6XTstXkZZYzh0O2xDazFZKSpIcSkk
S1lDWnQ/W1pHR3BXV3JSaUYlKUolazk2RDNwXWpvU25RJl40PFpCQClebTBjLk9sbnQuT2xudC5P
bG50Lk9sbnQuT2xudC5PbG50Lk9sbnQuT2xudC5PbG50Lk9sbnQuT2xudC5PbG50Lk9sbnQuT2xu
dC5PbG50Lk9sbnQuT2xudC5PbG50Lk9sbnQuT2xudC5PbG50Lk9sbnQuT2xudC5PbG50Lk9sbnQu
T2xudC5PbG50Lk9sbnQuYyg0KjVOTi4yTjt+PmVuZHN0cmVhbQplbmRvYmoKNSAwIG9iago8PAov
Q29udGVudHMgMjggMCBSIC9NZWRpYUJveCBbIDAgMCA2MTIgNzkyIF0gL1BhcmVudCAyNyAwIFIg
L1Jlc291cmNlcyA8PAovRm9udCAxIDAgUiAvUHJvY1NldCBbIC9QREYgL1RleHQgL0ltYWdlQiAv
SW1hZ2VDIC9JbWFnZUkgXSAvWE9iamVjdCA8PAovRm9ybVhvYi45Y2U1YmU1MTczZjRjZDZkZmNk
MDExOTQ4ZmI0MzA2MiAzIDAgUgo+Pgo+PiAvUm90YXRlIDAgL1RyYW5zIDw8Cgo+PiAKICAvVHlw
ZSAvUGFnZQo+PgplbmRvYmoKNiAwIG9iago8PAovQml0c1BlckNvbXBvbmVudCA4IC9Db2xvclNw
YWNlIC9EZXZpY2VSR0IgL0ZpbHRlciBbIC9BU0NJSTg1RGVjb2RlIC9GbGF0ZURlY29kZSBdIC9I
ZWlnaHQgMzYgL0xlbmd0aCAxNTU5IC9TTWFzayA3IDAgUiAKICAvU3VidHlwZSAvSW1hZ2UgL1R5
cGUgL1hPYmplY3QgL1dpZHRoIDE0Mwo+PgpzdHJlYW0KR2IiLyhjWXFmNCkjWlBNPjdOWz8qbmxu
NSdvS0JdI1h0Y2VKQjQtJDxONjxgX0M7XmVqVE9ma1pxXFs5NVZELnA9PmNRaUBRK0g+PUEjWU9s
cGRqJGRCXSUtOEA1WCJNZFRTZ2lbWEImJUZqJEJaImJaQFdxLycwQicrR2ZjU09KVnEhPydXITxF
MyUhPEUzJSE8RTMlITxFMyUhPEUzJSE8TCRPKkEjQjMnTkhPcV4vOUZnUmNsIkgjKmFWIiZuVVRe
XkFIbEhKOlwsc2tdRmY+PUw/aU1ddE0qZ1l1biwvOkpPWjY7aDU6RWtfJzZGVSZxUmQ1OUVsKFxG
WGs7YzpbaWtEIm1AdDtHXVhtU001V1FHUV84KCpmRFg9O0dVVmVEM3BUVVB0SWxYL3RcYy45OU9D
RklCRTE7SmdOTmUhV2ZaamhPMEA6P3RObHJLLyxUVi1vWmpMOmhlPXJZalwwXCZyYSJPLzQ8YD5P
XyhMbT06M0FFWkJcQEAhSi0mQ00nJSxBIk5eSl09Tzc/ZiNTLG42aj9nUEpiV0lnZ3BcNEVlbDlu
SmhvbEhLYyE2cnFBMFdVWGBzJEMxN0lURUtjOU4xMVBLcWpxamNmJysoKjpUcCI9TXM0RFRvKEQ2
PitZPkVST2AzRTszQjtJJGFgZHJAai8pclJedDhIVj9dKEI0NThXSypkXVltISNpcGpwSjJQPWNl
bkdrX2JoOl9VaFNPXydkO21xOHVUbyptS0dXakpdX0d1amVkcGIja3VuO0BiTlk/XDw6Z1hrcCg9
MGdcR05aTkltJE8/RC44R3FobmZeTCxpSVVkVUIzLEVjPnU6SSFmYk4mU047VlxvRERiVksxMkQ5
M0haMTJbTUtGaUthUWVtc0ssSiwxJnBRZzJqODxkLCU+aU5vamxfJk1zcHQuME05IzV1OCxmY1E7
W0JdUjdFS0dUSGRUN3JyJj4lOmhQXUA2aC4xO2pMI3M8dSM1OjZYWFA+a01rTDxOW3JJQSpsZW8k
Mic6JSJER2lvQGpIWF9dQlxsR3U4YDBfbzdnS21yJTROQTNNOD5lW1spaSIxNlg1RiZSWTFQQilU
WyhDQGdHMk5tNidATkAnKk5gR1tQckpyVGBbak5cZiRJKmJCMSYnJktUKllCSmRKalVGLzc+OkxO
by1FakBBLS8lN3BgXGVMM1xPKTA7MyE2RkgyTGsjVVhqOWFxXzwoZS5BMzVqR1FScEBdW24wTDw0
Rm03UWc+KEpqNTx0PCM9a1FdbSpzYCRzM1Q3WzVkU1NaXlEzbmJCU2tjPSFWM15YWEUpIjtAWVRD
UlM/I1NRIW8xam5WZjlAUSopaDNfZzhiaD8xQyNvQS9fWyhJMUdPNkltK0hOQFUvLzssMjFTZGdz
Plo5VHFlW1smM2ozOidGPDMxW18zIVQ+QlJlZ09AXlxaQyMwailXQyUkSkViMS4xQkVjN2ZaNSkh
czljJTpvKEcpRGtIMCVTW3Q3TEBoUkouUXNjMDNlUzN0WkYlNj0sJFA7cU9DNWAxZUdBNTZCKU1v
LWgyZ2FuXlQ9M3AsZiprPUNDY1YlV08sXF1XRlNdNTpvNlBpZHFfW0stYkxoZF1xYSdATjpzJUki
T0tDbE5EJUF0LTcwRDttbDZpJ0ooQV9YRWlLMTNWXlw1VldKWWhvZ2VsSSwnZUZGa3JyMilxXjY6
TypwVkcxU1w8T1QhK1hzYl9jV1ZsdEhHK2NMRjxqRiZyUEphPkJVNzRhPjJAJzA4P1Bwa1FMW21x
OGdpYVslLjlYYm9eNihOQkpSLS4mNmspQC8zaDM4KihzWWAzWjVQYFFmQHVIMEtBSXUzSyU5Zl1B
OkJCNk9eZU85cWk6SiYzcTJuUlAvNHJxTkVoKS9vbWlCRWkoJGshdT1EPDNGP2VoKCk6U2dKdTYp
aVNeMSM/SlZWOVRlJVU0aG8iQHFQTVk/dV5WRDRqYE1BPnEmSGNpWGxdaVVKZzs3VzcmXUUsTTQr
a0lLS044clZcUl5BbW0nZj1maVtmOV03aFg4LUwjUkNcQSNSQ1xBI2xaQEwkZ3Jpb0Ndfj5lbmRz
dHJlYW0KZW5kb2JqCjcgMCBvYmoKPDwKL0JpdHNQZXJDb21wb25lbnQgOCAvQ29sb3JTcGFjZSAv
RGV2aWNlR3JheSAvRGVjb2RlIFsgMCAxIF0gL0ZpbHRlciBbIC9BU0NJSTg1RGVjb2RlIC9GbGF0
ZURlY29kZSBdIC9IZWlnaHQgMzYgL0xlbmd0aCAzNiAKICAvU3VidHlwZSAvSW1hZ2UgL1R5cGUg
L1hPYmplY3QgL1dpZHRoIDE0Mwo+PgpzdHJlYW0KR2IiMDshPEUwIyEucG1EWCkxQm0hPDwqIiEw
Nz1IZmEvNX4+ZW5kc3RyZWFtCmVuZG9iago4IDAgb2JqCjw8Ci9CaXRzUGVyQ29tcG9uZW50IDgg
L0NvbG9yU3BhY2UgL0RldmljZVJHQiAvRmlsdGVyIFsgL0FTQ0lJODVEZWNvZGUgL0ZsYXRlRGVj
b2RlIF0gL0hlaWdodCAzNSAvTGVuZ3RoIDE1NTQgL1NNYXNrIDkgMCBSIAogIC9TdWJ0eXBlIC9J
bWFnZSAvVHlwZSAvWE9iamVjdCAvV2lkdGggMTM1Cj4+CnN0cmVhbQpHYiIvJ2NZcWY0J2BMMko+
N05bPypubG41J29LQl0jWHRjZUpCNC0kPE42PGBfQzteZWpUT2ZrWnFcWzk1VkQucD0+Y1FpQFto
cmAvMSI9OEZzQ1ptWnRxJDkmb0ZgIiwrK1hyXC1pMU5aYzk4Kkt1dGF1UTAtT2BSW05uXTUvMkI3
MlwxLEUnR001cSdHTTVxJ0dNNXEnR1AkXmEpTU8qakRxZyI8MW5qZS1KcTdXaXBVb2guLEUzbTUk
ZWlLZChwOVdOXCNXQDAhbmZhXXRNKyw1JG9xLzpKT1thPC5QTzZSIlBkIUc9QDQkclVaXVNwUlE0
YUc/LWJzVkU5ISdRJWZkJ1IiUGQhXCYvQTUnOS5ZXTZBWydDWGdaRXJiPlA8PS8vSFJYY1hnN25e
OnIxXGRENkJYMFMnNVhedCNKKUBHZjtJVV5NJGMvbGxlRWolc0hxcTRRb0JWVypaPmVIbUVsNnBi
LCs4KUdfR0UnSCo6OVlwcUwpcmksREVfRjdFOnFDYzZcLWtjKjFQK0RDVjRMaGxxdHA2clptODRx
cloqPHM1VTBJT2xEaDsmRzlPQ1M1SEZIdVE3XUdCX0Q9aj1iLyVhUmtdPGElOERVUWclYDRscCh1
a1o5cSchXENiQidnUEhZKFkwLEBrW1o7YzM4NSwnOCFPW185QDtvWyYtaClUXkxrVC5EQkBKLF9Q
OjRIaVoqOSFYSldMaFJCISFiSylpLkJyJUo8Iy8sJCw3LkVVJnNQKnBHTFBxVDxhJzIjKHVrWjlp
STZwVF8tWW8sZSFAXFFtPUdxZVpKcy9HWiwkVzlkNkJUTTMnS05UWl1HQzw1ZGpBSFljZkIvOWBP
TEJTcDtuU1tUMyo2VD9CQmlmMlkzc0RMS1FFUS9nbE4yXW89ImlqJiJFTWNcWys9Mj5zXiUhPDRz
K0liZWZlaWk5P1leRW9hcEguaDErLHNNbiQlM1JqOF8oQ1Jeczo2TmBQb2VFPitnRi9OJFczLFlX
bCYuVmI0Rmk8VyNJbkpvTURMKCtzXy1OLXEzNT8+IlxeckBXaiRHbFxAYm86aVAzTXNCZ0UkMUYt
aC9kTWxHaUlpUzRmRnFWIkAiIUolbEtXKnUvXlFhKEE/RyQobVxxKTVRNyhrJFZBbUsnJ2IrVjBY
L0pfMlxYT0hCVjY/SyZFJVgldUQmXVRBU1ZbLE4hPWUrQCFpM01NYTk9Ik9ZQGRaZFVeTD5vUGcu
SXRkQnU0XEFFPS5JWTpuaSZlUjgtOyRUSDNqVmMzWixxL2ZmKi1vQjI4SmdpKy9URHJLMERVZWtP
NiNqZ0hUcVc1aW1jW1MzXHI4aylTUTpER1A6KnVTXTsodWpPR0Q3ME5xIldoKCwyJUROaTw7Y10h
czdyJlplSCNxWFFnYih0NGdxb3UzJGJlYj1WKydMdUUsVWg5N25sWGxWcCVJWmlxPi9iRVA7NyZS
amckMWhuQUxgWlk+SnFqMzRtVCU9OkZgSFdPQzRNRl1CUSdpQCZgdFQ9NFIhLHIiJFE0aHVDOUJp
Sy91MzAxNiknLDsqcjNbPjQ6SzZySWciNnAuMWhyMklLTGpCQklqMztDVUpkXm43UCcsVCRzIWJg
XVxTbVNIPS03MzVXOkNPbTptbzljXlopW3JJVls4RCZPVjBZdT51RjhsaUtvJiwoSFsqR18vSk5H
MDhdUiQmVkIibSRPIUFsaD1JS00mWmpNdDduNihUNFJhTSYhV2ItUFtAQzNXVWFNQlVQZmVccj1Q
XlFGcSRrZW5wL0hBNCw/ZCZKP1gvQzw3VXNASSdSInNncD0uL1BPai9rMCQhIStJXWJzLjUzaD1S
VGk/OzVIXic5c1gjbUFUWi8xaFE2K18tOSEtaEciNF88bjRYQmNlSzU+TyolUDUtc201aWpcOT5t
Pl5zXF5jSTpUcDVvZ1llPExBX1pxa05tJTJHJFBUdWlqR2doRXRBKy00UG0pIV9GS2dNdCU4QTQj
J0pXI1c2RlRTKTQlbDEkPygpPSszdGdNcWRySnFBVCtKcUFUK0pxQVQrSyZaZ0leWFtIXCgnfj5l
bmRzdHJlYW0KZW5kb2JqCjkgMCBvYmoKPDwKL0JpdHNQZXJDb21wb25lbnQgOCAvQ29sb3JTcGFj
ZSAvRGV2aWNlR3JheSAvRGVjb2RlIFsgMCAxIF0gL0ZpbHRlciBbIC9BU0NJSTg1RGVjb2RlIC9G
bGF0ZURlY29kZSBdIC9IZWlnaHQgMzUgL0xlbmd0aCAzNiAKICAvU3VidHlwZSAvSW1hZ2UgL1R5
cGUgL1hPYmplY3QgL1dpZHRoIDEzNQo+PgpzdHJlYW0KR2IiMDswYF83UyE1YkUuV0ZsTjVURSJy
bCE4cVthT15qZ34+ZW5kc3RyZWFtCmVuZG9iagoxMCAwIG9iago8PAovQ29udGVudHMgMjkgMCBS
IC9NZWRpYUJveCBbIDAgMCA2MTIgNzkyIF0gL1BhcmVudCAyNyAwIFIgL1Jlc291cmNlcyA8PAov
Rm9udCAxIDAgUiAvUHJvY1NldCBbIC9QREYgL1RleHQgL0ltYWdlQiAvSW1hZ2VDIC9JbWFnZUkg
XSAvWE9iamVjdCA8PAovRm9ybVhvYi4zMGNmOTQ4MjBlOTJkY2JmYTExNjI0ZWFhZTcxMTk4YyA4
IDAgUiAvRm9ybVhvYi41ZTIzNGE0YTRiYzgyZmI4MjFlNWRhYjkyNDhlNmY2ZSA2IDAgUgo+Pgo+
PiAvUm90YXRlIDAgL1RyYW5zIDw8Cgo+PiAKICAvVHlwZSAvUGFnZQo+PgplbmRvYmoKMTEgMCBv
YmoKPDwKL0JpdHNQZXJDb21wb25lbnQgOCAvQ29sb3JTcGFjZSAvRGV2aWNlUkdCIC9GaWx0ZXIg
WyAvQVNDSUk4NURlY29kZSAvRmxhdGVEZWNvZGUgXSAvSGVpZ2h0IDM0IC9MZW5ndGggMTYxMiAv
U01hc2sgMTIgMCBSIAogIC9TdWJ0eXBlIC9JbWFnZSAvVHlwZSAvWE9iamVjdCAvV2lkdGggMTQx
Cj4+CnN0cmVhbQpHYiIvKGNWR2BkKjwvK1NSZzBKMkxOXGwpNlZSMmlOKEw+XEpuSG9TZE5DTDBW
IU1lVUpOWlAuTXFcPj9iK1olQkl0ayhaNnFERS9BXy4/dVF0O2JHLUY9Q0k2JipXQDoqXV9dJSdn
ISghRTNVO0Q+SEY2UFA8ci5fdFZAS3FnSXIxXjVVO2AhczhXLSFzOFctIXM4Vy0hczhXLSFzOFct
IXM4WUNycm11c2pSYDFYMUFRbjYkbyNZcF1pSG8nLilDbD8wW11aNz1pLGRsVkhDNFdiLHRNXDJo
PC9NWDQ/cTtwLzdraC9zZVhbM1ZjQU8jKy9qMytxVWhbJlNjZVpiNVFETGxjLVgiYGxHQChyPiMi
QSEpa0Y4Ik4lcS9RV2pyITI4MFhrY2hZSERZPVtGL2peZz8+YyImVG1rTkBfcz5bTGsobFBPI2U3
Pk8yL1hmJD5rX3NhMDopME9qVFQrNUpVJyQzRUhIcz8uSD9gQyNFNTNbTyMjU0A+ajEwKjoyaE1E
S0soIWphM00uNEMtP15hXWNPQmhHJ3FJOC4sPj5YL2VJIWhlK19ycUorXSJjIkBib2syTVlFKSRS
IWJiUTRgMzhDST8kIWpYZmRWPz4sX0NpaWRPUmktOVMjW0A7VSRsW1JfOShQWU01YjEiIXVxVz5Q
K2FAXWpALk5vU1NvNmphRWcuKW5LPDRQKGApK1phOSZkbT1AYkIiT0tDXGVaWzt1Ul9RUFg5L1Jl
a0k+aSw3JyE8Oj8yLk1bN2E2RmB1ZkMzMFViUzRgdEhWMC9pXnJmP1JnKEpCWyswPFwhLnNDY2BQ
ZT0saCYwKicsQU48VGMrWUtgKDoxX1M8UWFUNmslTSJNW08zSydTJTppb2MtIjgvP2NiSjpFbmQ/
N0IjWWJAUVRRV0FYU14zbWI1SjI8Sz8kYk9aLT1ZW0VKSGRsPFY3UGAyMytsMCxKXSo4YD8iX1wo
TTAiXDxpYHJuRS85cUw7TC9manBxKypMYDpxJnByPHRcOnUmKG9SZ1xbXS4nVUMmaT4jSS5mZlQ2
b1FEaiFyYkNaalEyQW9QJHExV1R0dSE5aGE7UyQ4ZGhMSVtPKSNvZGU3LyJNcSlrTUgja0pkamU0
PGcyUDJnb3RdSnJMajl1c09ia0xbI0JjNDRDTVJdZT0nJyI4SypIP0xCZGpwQU5fTVMtbDhrTCJc
c15vaVtqck5GY0s3b0ZVXCtFc1dJOkYpIjFlRmpPbmFURUFMbypLPF8nY0xUdUxoLGpWIzxoTGI6
JmZbOUtDV1tuVycxZSlvZWlIMFpVSU9wXkhQYjw9bSJvbTc0OGROJ29OPS41X3ByN3JkVy5aM0I7
VWY8cUhDRjdKcG1PUUw2P2A3XEU5bUosKUslYmA4KFM4TV4iYi5eVFkrIkxhSSwhSzUyMUxvWCpf
O0tLXUxORmtOM05pWC5YSjZGQVJqLC9YaDZEbm9MKUdRbVlEVCsyO148IUJQRmI4OmNcczJhYGA8
Z3ErUGdgaDksPU9JW3VtKCNUQ2UmWjxaRFtLbFRdMVwtUGMoKTZKImcmRlYyTzU1QmU7SFdnPThh
N0cnbigsNmlaNkY5R14yJkYuKiQ8OnVzUWFTJjBSVllwWiNwSHFXMzQnTl9rWUYjVCRFK2NdZlpg
QnNDPXMuJnIkWHE1P2EmKC5DSmswN0JIVkwsQUA0MzIpJUBLalBaNz40Wj0kMzpmb1d1S3E2MDVp
TzVHQlgxQm8wRUVgQF9AbjpbKyYvM1FLXXEhdXViOHQoSzc1MmAlIkw4KV06J3IsPE09PWJMNipA
WFYsW3FaSiohI2VrK01lTC5TX0E/IVxGNlM/YiRnLE9zN1tIL081QXNkIy8wOTloMWQ7ZUQ/TzBQ
OldgXG9UYFl1UEgpRkQhNjo5VlBsTy9oVyo7cHMwLzFfKCQsVHFBbnJZUXRnSFRfMiw1VlA/PWI/
MWdUYDxQZkpkMDhsV25SbzcmRE5sXExaKVJNPkhMZmIrW2dkSig3MlpWK1QiOF89T2dqaUhFMFtP
L1Y2OFpKMkNhPC9iI2NFOG5nQTomIl9xaHRPW0kyNCZWOyo9bTsvdT8oOUEuYUQhTixnMXBlXEpp
SXE3PzcwNlwnWCJwUDlkcyElRkRHMWxhMn4+ZW5kc3RyZWFtCmVuZG9iagoxMiAwIG9iago8PAov
Qml0c1BlckNvbXBvbmVudCA4IC9Db2xvclNwYWNlIC9EZXZpY2VHcmF5IC9EZWNvZGUgWyAwIDEg
XSAvRmlsdGVyIFsgL0FTQ0lJODVEZWNvZGUgL0ZsYXRlRGVjb2RlIF0gL0hlaWdodCAzNCAvTGVu
Z3RoIDM3IAogIC9TdWJ0eXBlIC9JbWFnZSAvVHlwZSAvWE9iamVjdCAvV2lkdGggMTQxCj4+CnN0
cmVhbQpHYiIwOzBgXzdTITViRS5XRmxZTlRFInJsITh1NiloOCNzaH4+ZW5kc3RyZWFtCmVuZG9i
agoxMyAwIG9iago8PAovQml0c1BlckNvbXBvbmVudCA4IC9Db2xvclNwYWNlIC9EZXZpY2VSR0Ig
L0ZpbHRlciBbIC9BU0NJSTg1RGVjb2RlIC9GbGF0ZURlY29kZSBdIC9IZWlnaHQgNDEgL0xlbmd0
aCAxNjA3IC9TTWFzayAxNCAwIFIgCiAgL1N1YnR5cGUgL0ltYWdlIC9UeXBlIC9YT2JqZWN0IC9X
aWR0aCAxMzcKPj4Kc3RyZWFtCkdiIi8oY1ZHS00nYEwySilbP2pqJXJKKyNaQjApciNjWXRfMTF1
NT1XQTsyPTpaLmMmUD4pUnQvTillLz5qPV1ELi9dPC5AUz4+ZFg9LWlqO0pIb0RkWHBQRydqVWsr
QklnTiNxc0NQK2V0LSUyR1NjU21vNF1Hb2JrbFlCXjNUPjFIKSMnXiRrKk9RJGsqT1EkaypPUSRr
Kk9RJGsqT1EkaypPUSRrKk9kKjplVFpPaD5eIT8ybzpJYGUrSywoaiZoSiY7M3JcUGZbSGIxNFRT
PyhqcUJEREM6KmxmJy5ZcCROSnVZWiRwPmdyYWlCYUdAI2RHNVNvJixKYCdlcG9ebTZIRiMwPDEo
NXAuYUs3Z29KVFJlXiJAMDVDLj0xSkBwQFZScWQwYz5qI11jcTxccDxdaTFmYWlCaV1UOmJnJSlO
LmEyOyZUO2pVKHMrP2JaaWxpK09CQ1B0QjlTZmliIkZhUU4wOGEyYjNbPz0kcyxqKFAqRDYnc247
YnRiK1RBVjNBRTlVM0VjNkE2V0NKcjZHKWppZ0Q7NEhxQjpoTFAzQG4+V1w0XUhzLzU8YnIsVF1O
REtCKVYpQ0JjXlc0LlBFRGo3JltTI08tPm1VNyRWTyxpJ1lCXWIjbUFWUjxqPUprSDRFXD9LNzht
LyVUYHBLJVRQQF1lYTA2VERRXUtqLV9MZ2lWTnNEbUtILi0tKipMaypnZUZBaTBtQUtbJTtVLFBV
WVMjc2RcUT0sa0dxakRWMV1ta1M/bkI9TmZNXUFlaUlcbCYzcD5jWWZPcDBXL01KMWBYP2ItJjYs
TTYyKWVPYjkhRkhWYTwzMz1OXkZwNGMwQFRTakp1T0lbTSFRLGokSUlXISNiVXBaMVJERWxhPW4k
aSJIRlFWP28pQCQzL1pXbzxEOVpOQnFqWCxEPE03XCtmWGtdNklOaDFtIVEmRVJzVUtOYj1oMjEp
RDY8UlNzcmhvQ2ROL1M+Xi5lSjg2PCFHLWwhMlg9bzJfWHIqYiMwYFljJVk1QEAxcSlVJDNTWS5y
LzIwPj03IztoTihdcEUzMms8USVWKkYzI1o1PDFhZy04KlkxbVJYQ1Nvc2VJOTlBaVFGPCo+SEY+
cSZdUT0pWkI8VihlR2NRKjwiP0woW1NuZUFWaWg4OGIjMmZIVm9dVDNKRzQqbHVUYyF1ZjcobW8u
PXJdRT8mWG9BZ2xjXCsoNE0oR0BCblxxcGVPT0tbaWdIczBTaExeTDlJWChzMmxcYSVHTWJWKWNy
MT82QSs6ZldzKWpCXjYjUmBAKVxaISg2J1ViNVJqajpYWlY9Si9OaGg0KVpzUF8oRDkvKUE1TG5o
Z1FYcDJuWkNhT1N1dDUxYGJJV0dzV3FXTjZuMmhXXnBENWZHc0UpcTx1WltXcEw5MXVHKC5vZyYs
bl5PNDMsOWlIXkM1YkdWQkNcYj9CWi1pTWEhNCUjUFNEaTdlLzVzaTVmMlFGX0VRdSVrUG5WJ1tf
UTxESmp0KDtfWFVPdThWWThQYXI4SitTUWYhaGxKJXBiVlZfVU46RTJAVF9BWVFbb1VkcUw5NE88
JjM9Wjo+TyJ1PiMzPCRtUDhAXGshbm1aKi9vOlE5LzhFUGBEKipfJ2RPRVV1Yz9VMSshRShgN1Q6
P2A3LVRRbjRnbnJWIUZVLDVXSEhwXUhOJGBOdTo/KE9jNW9iPTtvZVg5bSg5ZURUTCwkTkJZZ29D
YkNlIlVMY1A5WDFSUFlvdD5GImFYTTE7KShAMDlzO2laWUNKUS5vZjtYai5HOGg8UEh1KWJbY15J
OFBxKlBpa206aSRxbzR1V1pGSUJRXCVCOFFXalo5cT9pZz9jUl4kak5pZ0dUbFZeQjtbZGgxbGMl
Oy4uYjIxIUJvSzYsY1NYW1M4ai5JQmMqO1dJTz5OS2QoaFhDbCxmU2VbKzZZTGkpJTQkLlwubEdD
Rl05SFxqVFBFOnVXYjJII3AyOW8xKEAmLCw3YlosMiFEKDtwJUpGaCpWV1pvdUg2VTxcSnIldCZJ
bXUudW1JTWciL0ghcFteb0NGKHUqRzJCN2dvL0JfS0wiTz9yX2lnWzBRJ0ozMFdQRSk1a2hqUnM0
cFZhU0ljVlQoYDQpLChgNCksNHVFMEoyaDc1Jn4+ZW5kc3RyZWFtCmVuZG9iagoxNCAwIG9iago8
PAovQml0c1BlckNvbXBvbmVudCA4IC9Db2xvclNwYWNlIC9EZXZpY2VHcmF5IC9EZWNvZGUgWyAw
IDEgXSAvRmlsdGVyIFsgL0FTQ0lJODVEZWNvZGUgL0ZsYXRlRGVjb2RlIF0gL0hlaWdodCA0MSAv
TGVuZ3RoIDM3IAogIC9TdWJ0eXBlIC9JbWFnZSAvVHlwZSAvWE9iamVjdCAvV2lkdGggMTM3Cj4+
CnN0cmVhbQpHYiIwOyE9XSMvITViRS5XR2A6UCdFQSs1ISEhZj5iRFAoSn4+ZW5kc3RyZWFtCmVu
ZG9iagoxNSAwIG9iago8PAovQ29udGVudHMgMzAgMCBSIC9NZWRpYUJveCBbIDAgMCA2MTIgNzky
IF0gL1BhcmVudCAyNyAwIFIgL1Jlc291cmNlcyA8PAovRm9udCAxIDAgUiAvUHJvY1NldCBbIC9Q
REYgL1RleHQgL0ltYWdlQiAvSW1hZ2VDIC9JbWFnZUkgXSAvWE9iamVjdCA8PAovRm9ybVhvYi4y
YmU4ODY4M2ZjNzY5MzQ4YjNlODIyMjU0OTQyNTk3OSAxMyAwIFIgL0Zvcm1Yb2IuZTU5N2Y0ZDUx
MTkwYTdlNjkwZDg1MWFiNGEzZDY4MzggMTEgMCBSCj4+Cj4+IC9Sb3RhdGUgMCAvVHJhbnMgPDwK
Cj4+IAogIC9UeXBlIC9QYWdlCj4+CmVuZG9iagoxNiAwIG9iago8PAovQ29udGVudHMgMzEgMCBS
IC9NZWRpYUJveCBbIDAgMCA2MTIgNzkyIF0gL1BhcmVudCAyNyAwIFIgL1Jlc291cmNlcyA8PAov
Rm9udCAxIDAgUiAvUHJvY1NldCBbIC9QREYgL1RleHQgL0ltYWdlQiAvSW1hZ2VDIC9JbWFnZUkg
XSAvWE9iamVjdCA8PAovRm9ybVhvYi4zMGNmOTQ4MjBlOTJkY2JmYTExNjI0ZWFhZTcxMTk4YyA4
IDAgUiAvRm9ybVhvYi5lNTk3ZjRkNTExOTBhN2U2OTBkODUxYWI0YTNkNjgzOCAxMSAwIFIKPj4K
Pj4gL1JvdGF0ZSAwIC9UcmFucyA8PAoKPj4gCiAgL1R5cGUgL1BhZ2UKPj4KZW5kb2JqCjE3IDAg
b2JqCjw8Ci9Db250ZW50cyAzMiAwIFIgL01lZGlhQm94IFsgMCAwIDYxMiA3OTIgXSAvUGFyZW50
IDI3IDAgUiAvUmVzb3VyY2VzIDw8Ci9Gb250IDEgMCBSIC9Qcm9jU2V0IFsgL1BERiAvVGV4dCAv
SW1hZ2VCIC9JbWFnZUMgL0ltYWdlSSBdIC9YT2JqZWN0IDw8Ci9Gb3JtWG9iLjMwY2Y5NDgyMGU5
MmRjYmZhMTE2MjRlYWFlNzExOThjIDggMCBSIC9Gb3JtWG9iLjVlMjM0YTRhNGJjODJmYjgyMWU1
ZGFiOTI0OGU2ZjZlIDYgMCBSCj4+Cj4+IC9Sb3RhdGUgMCAvVHJhbnMgPDwKCj4+IAogIC9UeXBl
IC9QYWdlCj4+CmVuZG9iagoxOCAwIG9iago8PAovQ29udGVudHMgMzMgMCBSIC9NZWRpYUJveCBb
IDAgMCA2MTIgNzkyIF0gL1BhcmVudCAyNyAwIFIgL1Jlc291cmNlcyA8PAovRm9udCAxIDAgUiAv
UHJvY1NldCBbIC9QREYgL1RleHQgL0ltYWdlQiAvSW1hZ2VDIC9JbWFnZUkgXQo+PiAvUm90YXRl
IDAgL1RyYW5zIDw8Cgo+PiAKICAvVHlwZSAvUGFnZQo+PgplbmRvYmoKMTkgMCBvYmoKPDwKL0Nv
bnRlbnRzIDM0IDAgUiAvTWVkaWFCb3ggWyAwIDAgNjEyIDc5MiBdIC9QYXJlbnQgMjcgMCBSIC9S
ZXNvdXJjZXMgPDwKL0ZvbnQgMSAwIFIgL1Byb2NTZXQgWyAvUERGIC9UZXh0IC9JbWFnZUIgL0lt
YWdlQyAvSW1hZ2VJIF0KPj4gL1JvdGF0ZSAwIC9UcmFucyA8PAoKPj4gCiAgL1R5cGUgL1BhZ2UK
Pj4KZW5kb2JqCjIwIDAgb2JqCjw8Ci9Db250ZW50cyAzNSAwIFIgL01lZGlhQm94IFsgMCAwIDYx
MiA3OTIgXSAvUGFyZW50IDI3IDAgUiAvUmVzb3VyY2VzIDw8Ci9Gb250IDEgMCBSIC9Qcm9jU2V0
IFsgL1BERiAvVGV4dCAvSW1hZ2VCIC9JbWFnZUMgL0ltYWdlSSBdCj4+IC9Sb3RhdGUgMCAvVHJh
bnMgPDwKCj4+IAogIC9UeXBlIC9QYWdlCj4+CmVuZG9iagoyMSAwIG9iago8PAovRmlsdGVyIFsg
L0ZsYXRlRGVjb2RlIF0gL0xlbmd0aCA4MTcKPj4Kc3RyZWFtCnicZdbNbtpAFIbhPVfhZasuyDkz
Z8aWIqQkECmL/qjpDVBwUqRikEMWufvy+kOt2iKBXuOZ8WNvxvO7h+XDsDs18y/jYfPYn5qn3bAd
+5fD67jpm+/9826YmTfb3eZ0OZp+N/v1cTY/T358ezn1+4fh6TC7vm7mX88nX07jW/PuZvp8+NT/
WO/X72fzz+O2H3fD8/9nHl+Px5/9vh9OzdVssWi2/dN56Y/r46f1vm/mfw3/c/Lb27FvfDo2yTaH
bf9yXG/6cT0897Prq6tFc921i1k/bP85Z5E05/vT5sd6vIy9On8W5za10a52OqkTndWZDnXQRV3o
qq50q27pTt3RN+ob+lZ9S9+p7+ilekmv1Cv6Xn1/bpPf8Jv8ht/kN/wmv+E3+Q2/yW/4TX7Db/Ib
fpPf8Jv8ht/kN/wmv+E3+Q2/yW/4TX7Db/Ibfpff8bv8jt/ld/wuv+N3+R2/y+/4XX7H7/I7fpff
8bv8jt/ld/wuv+N3+R2/y+/4XX7H7/I7/iR/wp/kT/iT/Al/kj/hT/In/En+hD/Jn/An+RP+JH/C
n+RP+JP8CX+SP+FP8if8Sf6EP8mf8Cf5E/4sf8af5c/4s/wZf5Y/48/yZ/xZ/ow/y5/xZ/kz/ix/
xp/lz/iz/Bl/lj/jz/Jn/Fn+jD/Ln/Fn+TP+kD/wh/yBP+QP/CF/4A/5A3/IH/hD/sAf8gf+kD/w
h/yBP+QP/CF/4A/5A3/IH/hD/sAf8gf+In/BX+Qv+Iv8BX+Rv+Av8hf8Rf6Cv8hf8Bf5C/4if8Ff
5C/4i/wFf5G/4C/yF/xF/oK/yF/wF/kL/ip/xV/lr/ir/BV/lb/ir/JX/FX+ir/KX/FX+Sv+Kn/F
X+Wv+Kv8FX+Vv+Kv8lf8Vf6Kv8pf8Vf5K/528scSczv5Y8V1W1fjb5PGcN02q6e5ocbfFo3H2Vb9
j6dt1dxX26mn9W/U0/hbNbb2TuvwPNulmntsV2qeW3uvZs3u4sfZyb/kfjv5lzzz7uLnmXTyrzB3
Fz9rdhc/99hd/Bg6+Vc27aaXXZN9lfeA33v15nUcz9v49LIwbdJsz7uh//0+cTwcmcX3F9Z32DNl
bmRzdHJlYW0KZW5kb2JqCjIyIDAgb2JqCjw8Ci9GaWx0ZXIgWyAvRmxhdGVEZWNvZGUgXSAvTGVu
Z3RoIDgyNjQgL0xlbmd0aDEgMTQ2NDAKPj4Kc3RyZWFtCnic1Xt5lFxXeee992319ldvq67qrbqq
u6r3rVrd1r5aFtYu2fIu05JaUqPV3W3JHrM4YDOBGOMwYAI4E8weCMNiwiqzZWAShhBCYpYQOMMk
CNmBwXMCGDiMNL9736vq6pbgzMn8M1Ol2+++++7y3W/9ffeVCCWE2ORBIpE9u/ePjH98+8ufRMs/
orz48Knps4qjKoTQNSjbDp9bKL7iRvMHhLCHcO8fPXvs1KtqX9xNiPRH6B8eO3n/0Z53/fkXcP9n
hAxsOz4zfeRf176wgpDhn+H55HE0KP/MthMyMoj77uOnFu47PKCvxv0ePt/JM4enP3rv50JCRo/g
+SOnpu87S21Zxf3zuC+enj4189OVz9xCyJhHiPr82TPzC1deTsYJuY7w52fnZs7+6fq/uoL7Iubz
CKMz9DGiEJldYK9Fj9cnV/olMk4lPkQm9U+GNH/2bC8WyQZSLL5fKl7B5FKR/CVfIX0Mnj1Yr1Fx
tYjKeYTPW8j/7YcSBmnIoFslGgjTiUFMrGATh7jEI1nik4CEJCIxyZEWkicF0kraSDvpIJ2gsevf
tGqJlEk36SEVUv03je8lfaSfDKA2SIbIMBkho2QMsqmRCbKCTJIpCGklWUVWkzVkLVlH1oO/G8km
splsubztyvPSO5Q7lNeRN5Db0cL/fhxjnmBb6DelT0svSEfoQfJr+jP6FjpIv0A/SqbJ4/RerPRy
cgN48DHyffYH7JI0SedpF/0iPUj/A+b4knRI+gn9F0i6RleSi+z5e5/9/+FL9pObCdlAyeC564sf
lnquL08fbykff/GWIUi+m+xjH2AXIPMhMkfuwy7fBc38MXa9jZ6kb6WfoJeYxYoMM9CSpkZhLl5N
VU3NxbnxqckVk1OT1UoZ9/iGS9qq6I0HFVRLonsyKJ7C46nxWhipUXl0bHSs3Jh1vDY6Nj5W41NU
+BTVUlmNJrTJqWrTwuHyhV2aNq2nvKWiiXWu7loqlwZoOqqs8RnjJd3wFUtPVCsDFJ21Btl1CvF4
vDYOOjEJOot1asl++KxapSxry3ovPkWrVion9f8TGolgaRP30jlB4FTKRXCoUm2evaTV154UVNYJ
a2KfoE5bnKqmRmpj/xMrrqIvFdk1eCjoWxybUCGIDX8Xz8LlPGO3KjI+6pjGqKQoiqxIhiTL2g5Z
ppTJMm8RFXWMV0KPSZKuybKkyJYhMYYhKsv3UDT6qpgpK1GaxaRMlzOKjt6U0vcqiiQWkcQasizW
2CRL1MRMGEcNKkvajKxKGUkyRlRJTjpmMjIzsD4d5C1SZjvt4b3xMBJ9xE3GV9AgqS2UvZrJnCoq
qZIuNqZkFKZgfEZGd7WoSlhHVfgoQcIkk+iUZEp+0jmK/Ig/5PQpqi6bkuVIBnavvVZSZVCvj2pM
EkzBhnHLsLlBCR9FowclzJp1Mpw/ElPVGDwCkZbfwgeAK7Kl5xQKPtwrmZje4hSC8nabNQjKvDkh
ZFyi4+Ip+mHfZUolWZBNmaRxwj+AXWAZTk9dbhnOOpoShC4rQIWGvYBLCpYFKUpmlkIkjMka08Ex
DMwoVGGUZTCAaUVsKZE4Mxm2tAJd34RbdG3pEzTKylhBU9VhTGrFaUtkqbIyTKnqZTIZVdVsLxtz
rcBHXWlLbIBvCFOAG5khH2w7xomkM/I1Jp5AZYYLFQvMYMN36K6v6Zlcf9ppuEXVdcNUVbVKk/GN
R4M5OWGRDoZJcSmVs6Zp5ThZBAPG8liE0h/rbQNCt2XB2FG+tN7W35PDtaq7gSqWVKSlS17+CTjm
+dmQ79IwO3IKtwPFzkY+ly5ExXQ9nwO3MVdKHp9BTJ/e61BEpRs7xLJgmJ0SH1uUxtnm1VU5mXNx
+V5oXhBjdlzVwMPGqI55+FaTrTRvVUo2RQWcYYgz+8kz9DlEnHWE+FpzMIAj0FjivDSVuwjUR+s9
auO1ydrk1OjU5Eqa+rzy/VbRkWw7DLI+s9sMz21bD4KoJMHMJG4Q1AaRiuN4UF9mmbgHl1Tbceml
4p4jgZ+V+PDbthTiHL38txKtf3TPcz1DhzZSZnie4+q6oJ0+Rlewu4CRqinty6iPr9F2zLKUyJYt
Mwh8XzZ9w/Vaz9u2EtqKZfkhb8uantvK7sjoTm1l6MNlmVZQ6y/EMaXXaKvzcS99F/h4gNyZ0FKu
L5043TRYNGhZMRVq4eLtVK0eOhCEGzVOL5+mDEfPt+NSRNPHbViT7zqwaR3+jfmew6hl+5Q6bhB6
Wco2U+baUZD1wDo1cHGxnVCWs7YDQ1AdmZme11qy9Mxaidd2sk2SsgkiiAsULMhms0qu1XEC3/Ok
kIkZXSfMc3+akeu3RkTxN/BcqSVnQiaepxtqPpejtBjnM4zXvuHTtoAC4XZf+RB9iP0e8N6N0DbO
HbcewnI8lPJdihvRkPJkPZ1sBNOpOLcYWwVXpMrYBO7jMtrBoKlnbJdmrisOhu4a0JExjDj2CwrT
NDNoczwDDABrXKYb1mRLwTTaoh4lNM0IkmTM6d6YkTw33mggItxCVWgq/Dd70HGyJ/Tu0VWDbbK8
RdJCVbH9TtvUdc/S5LnA8ygDl+Ylye/uGankA/c6083K0OAockejEzE6XH4uw+Bz3qcgWslyG+cF
2U2/TJ+FvW0gZ6E5IF6qa0HAt6fWLU5YW6kMi4sWbY7rxuiKJpuToWf17qVyWB6NOLpbZqKAc/X+
dKfU6nzYUpQgiCLzw7Cl9p/BSBG8oSxMGCm1YaSKa3uITbAThs6q4sJIe2GtiTXzfigW7+jYsAZJ
EubM/Q3Mmz5LWcvlv/ej2IR/CuhgoVCg3SwdBXvOwp51I7XnrOPp+udo43GqTeIpOOq6usFtTOa+
ir4BvHOR/awmRxM7SzHTIvhpup+KE85UK8LGxN/auNCYmEOxnNAel+biKNTUammEqkLfJqb4JXEZ
nXTqKUNnmYxrgyaq63Y7WAFDCSPHocy2g5dDxn39q1d398CyzHzI5HJ5vNZRlFkuLgfgIGK6xDIF
y3YcP7B0hEHDYBldRyRVDNOKHCWmjxsZGxs1DNvR9cccO4gc23Yi33HUqGNltVKprmyPc7m20lgR
n7Gu9vxgJmNatq23OrYf2BZ1QaVkWF7WgpbblpnJUOopLcgy4SfJh4WfvKaXvJZHvKb34xlr95Vf
kH9iW5GTLo0WCbsw2x9ZdyraCdMH5YyaBxR5DzbSyjYHjz34xoccxkwLj14yP/uyOG5hSRbcNGeQ
uoLmiauV21rBiz2yeovJTc73zROqeqfFtrCWOH7Z7PxL0AQ9Zc5Db3zwsSCdk9xHn6RPizzVpTxp
SajtpHWq19M62h6hUw3zuM05eqMbuQ4ilSSZG29DSHLsOMoe2uXCrF33hoPcOlQHOnDB3LfdhUJA
4V1z0w12FGe5N9m123N5323buZonysvpOUuP0r9OI5VLy2mmU5tqODwWJ2mOSwUjP+W6TFsdwn17
XjiiYuNhhAW0DXAsXjY3oUqel6NfhdPfiQ6R59J1IQIvokC4DZJ345wLPd2Uy/pU8Pgi+U/ko/A7
ZPIqDbjZCiF/I5F/1nDd1g911FbiDmDO9McH8nGOiT38M52hu7gekUaqVhPxCmRX6Zj0rZTcb4Vw
fq4X0l0Spw07cV2Q6NGUF/vJ4+TTZBi0wGbh4QZ4yoX8b3RMHVvmvZDiLHqvuxQuFroMTcip+7Fk
gSa8T3MPxZYBB+FXEuSQ0LCZ3kl/CV9C6CT0TcKywuiDSZorZX3/gpGLwxBg/IJDfy61tbdf/iJ8
hGXFuYCuz6cxfzc9S38CnvZcZQ34xokip/MKXteeHOrMt/T3bl43vlpTIrelc4DKGc0F2o3ygRUg
ohqKZtOfrO279cDm9bJcHbnppnXVXAc7pGS8/o29AYJOUBjdWrAlKd3HXuoBd7SCgkZUXU+XS/gv
7JdmmeQ4UewxQ+MBnAdyq9fMeq30knnUjuOsB91h6w7XI/zTRwpc7GKNffTFWKN2FULMjdf3mLSv
p3GyeXcxemuPl2oZRMUgdGEeWS9W4BCBP938mqlS6NjFr3GlgcJGN69u70S46L7BtukPW7o3AcFI
DJE7B+MGhNXBgsJ1Y7259jaqoT9cpMOkFZ2lob7iemQVKT+20cOIEVPwJUnS2zAxfCtRQyDVyjKB
lerY4nYOmaC802OBZbUPeZxYqjiFfKtjhJGfVRWzuG7tqrW+1xJ2wIWzjYHjdNKLGBJA0zflWluZ
kmGICppsqUZGz/uKahph6K+Mwrhl9URfyYN67s+3tdGGDGfB33IdG3E3tSzHFxxO6Jt2bakgO27u
38EYuHPyPLsXTrutywysnbbiunn6rGVlXx77PpWGdkSeT5nnxJ8+0tICCNs5PM42tQRBfe099BT4
NZbwK11cCLWZR4tqPULXi1ODCQ74fdtlWcm2gle5klwIRooFuCh+ABB1VW/t7/GQ+LW29eyT3yxY
6ob0omVnXxrAjQXM8yOdJ5oILxiExFPtaK1UeroLedXqklw3ADMbOQrdCf50cqkmBzD8mKpxWpJg
5VTb1CSY86C/YmIFUOIKAYFqlGmjE0ctOjC4du3gYFthoCXwTUNinuuvtvGJoIpIxGXLoc8yu/tF
9zCaMdYODqD/SLXHc1TF8wIfmvl3ANMhQrkdSgx+yEMoT2V4FnxcKeJNwzeqop4Ll53aLLJwkfAy
ok+X/F9CeG3XC16TyUzyKtS8VxIxCG5fkj0gbs7IjOUZJic+CwzG4ZbnhujOOitU1JxCLU7FXivz
+ULH6+lSPQ+R0k5yP0nwdS1obkWUXI2W3G+HS5VFZLXiWkiLDmV+Owo6ZnDglHFswB5c2lyesFhg
OK7wC7QrujbEufO3YiLS8L+7hF5MQHvV5GQrtwzgrKVCQ3iiEHGtGVPryoHNfWRVf59QhcA0FNUP
g7HaMQSSwcF1ke1QOC0fpg2QT59jgwNrRioVz4aDCoIQebfTvW0OoUjLrBsYnHHsCEFJBrBDb4xt
5Nbvo4+SoSQnTLJnDtNL0Sig+tJAN1GbXLEY6NQU1o8lA0aj0thV3WsTje738BMEOQ2LHJbLCrJq
WUaWbdTjou3mZVXm+F1ahPmyY3v1btSUBZx36aOIsOKf7nquw+OnhpCqA/5AEN8SKF0AdRcBdfGp
5zhpXg6s8Sn6CBkhG4VXSRIa/neUx/jFDGWqkdDUFnd+FTp5WGVJ3tFIUExVbMhDfsJsUG7yoygQ
PnoVjqGPLOYVOtCYw1WRaUzQ7ujG966Nc/bSVfRXAuPWHWJCy4iAZtXnvPc5iFj/0Y2hkTCy8w/H
ll2kv8p+0o1i+zUuvIIXRc6xx1o6OhrnA2+lc/SJ5KwiQU9JbIpT9KQ2eY0Golq3DFG5oce+GS3D
WE+kGEuiHHfCP7wZJPEWD1404r2W7olbSjMMxs5GaOVgl23FD5/LcoSNWf4YIdl5n0t/STs6Wh47
xpsAPdzXINy4n8wu+mUL/qNKbl2CDGoCFUTLJJm+OmB1O0BSmp4pjTV6NoG+hkIc6kZEMZCcZCNd
1vgZlltVka3wnYHRVSUz0dovq+KktwENoRL4wFuIkyahInhuQbcvxUYYeHxKG+HZlFSnUgkBNBDF
IsXt6ds0nGeXv1rXNHwyMAEoNtdybhBuouXJ/idZCO+/k9zVvP/xeiSq474GRhKwYwW+uI5z918P
sPwo4yrsqCZQRfDumXXbWgLLqa27wzXgoEzTWd/XhRTNn5jcfmN7h6sg/dElTRKpObeUXO/AaC2M
+qtrezqtnKoOFvNm1N82uWI908APJQzaXEs3cxZS2+HJ/etWbhiakkzLcTA96+7oqw6t6e0LgzXr
1+YMHl1a+2MqM4UxmZ8jO14+v+XG/qoqBa3Qu0xnfuDALVPlLukpScnqm20quVZXxVJSTHblazRi
J0g7dG88Cc8A/Llao16qsoDHmr/xbMuyvR364FYPqa3lHS+p1znUtlx2wrI8tP3mis2vVhcdon2u
ZS7H8n4uqCM8CZzLvdr5DLKEEJZmXshm/RL91/zlLwS52LKge3Rde3ubRK5FY86XBF0iTKymk9VG
yPi+a5vUvU7tmk2I3Tqo70hq7IRpuZe/dfnvuhJar/wmoTWZnw7QT7E1JFf3KckZ12IKWin/tfs6
mwnLdWYfgOHC3b7Didlq/wNeFNrcz7zyAagfUssn3XTfBv1bssDzse6yUvcePXUtok+wy0+n7oNu
4n6A1xbqvkF4C1ekZGL/36br2Dx/wR4kqXIaT6tjQjPFq6LkJZzQz4QbGs/76yCs/LBrWUyRNXlw
vFUxXaT6zvFEjtc7mpRTir6Vl3JMknYmrWweDJs+IUvFtWsroXz7AXjnhGW3TLWGcosThXoghW17
bgV3BSM5nX9I3sHenp5l5OLG4ZkvrGmD40hxjjvKAN4B7hz4if2J7+U+eNkRHAD/6K8+4SO6X3Pf
yfu4WAtzlUQ5p9Smd4f1t3djah12Cg/1klRtJSmWC6bfqeQk1b0+aTzumJbkmHJhfEjSkElY0OV5
rh+2deuetlAKdIi7RQ5bp25JtAYI4sDtclhZu7YoySemF3X8S/Qj9GYSE9ID/MJf6oVaNXW1kEBO
pX/Q258/G3ZZxsb47lKXOhmYo95q+fnKjhIbih4IpC5rUzSS5t/08/QS6Vvcc43vk79gFDelqeSo
MZF3gvDugyYhR3s6Z9yzM0Qk9ULv11rNF61hYHWLaPtDN4Gh+88zmiJSV2jyo3fkc1GCDSbpO7F2
np/MBKnOXpWvChSw5Fy0PBOIcBc9XTDFQXfWozzrcVt/AzjZx09iQ6QVvQh5OZDhBRE//bjrCX4K
zk/DPzOTj+MvO45/+aXc2/P+9KFcNsv5kQM/fgYc2Zt48VLTS1IAk0Ugoi6+K9a+Zg7Y1ULCiF27
d2+NvSxDOu15rV3WgH3dkN3NMzJ6qXji3eBAwInhIP7CYf5ugxZPvPPRO3gtle0PyJfBk99yPnfO
cZR2T+aZXhBKdsHM+u30om54L7o5CgNFAiTevr41n0/P59ZCU/j5sphrCQ+1V3gOWylYBWpXQjQx
veTY/v/6DFiHuG+HbAtYQtOclHxlcZ6lFJ2yhh0KmBAIIWDTbfRHnfNfrZ8cXDiSb4nr9gXc8SYh
7wShX1Pat0Qi6Qk/y2WbHE2IjLaVXuSmnIqyMf2M0KVEj/8Kc/cu1eNSkyZzCcbCQ6Vv5B8J6mrs
3Dh2Y6K9u1ZtGDUMtWTbOatH6PHFVHn3n2M0VWQOBTo7W952F1882VcX1i4Lf970s4WmVzqTqV/U
KuUPaLvSxC7MI3wkb2es9kLkAGGHAED0EgeNEIxz+x/XN/re2zhTkLnRxXOC92PNfi6TxZdKzUsu
5yyWfrXmi+NMpOVtVl1qVvv9Ka+FCHXXafu6btBLko6q5xkH310n4t233/W2xpHQYSBkfvCU8P4/
Qz8mG/pRtxYB3BI9KWn13yykJCXCSR6et4cQ2N22XWPjazKZPHI8q8pVCSDOMu7Yyl9R+FFkZDK6
XKxWO7lkhJ7dcyHfkhO5QBTl/nQ6n4v5a67++3hn/rbBNcfXUPaHd/AHdZy2C/Z9iewiN3HsXVr+
E45mntXg86NyCXkKB6ilcsMZ8FylNjo1vkJ4xmolRadMQxCcoq9RXF+Wd6zPmHap4LlmaA9VdU0L
wyDMTD+a0VinbUgiDTGvS5RuLMwAr2aHY6iZUrTzYbdllfmLXZVeAsYqrGpvL8a5lol1Gw4EYajr
mUz03QlqZd4tzgSESdBsNu76s+vLrSq7vAB+MKVuc/voPZBNR3JaUkpySZ5u8BO71XTRkGkINxbG
udWB53D1u2cECJI7WpuLohXcPvFOjv6EAwP9cB3QgYSxiQ68AL6uqOujYOZS91k3vquNHqr595pf
tlQoZsHItCS+tMPXs3Bbna4TmK33FwwmXmp6zK5yw/y6noGOdnENvflBt2GXrW3537+J3vVWrswJ
jS1ABg09/Wp6HsjFHo0uz+g4Zb/TZTyadYBx25FRxydCccTvhOPG4y1GtKX2otSDrN4wrhtK0XFi
q2IALdMfIdJnKX009n1mssSpMbnGbjoHJeBWnVCO5OqJuxGZGvz8HmgdqZ9yJVqamvkSttbfEdff
EtPHEQX1bYxtGHQ72m3H2XjiwMGEozt377nBs22F87ncOWOLCHnJdvy9U5Rt21Og+Xx+/oRwTZwm
3XAwSm/v2Ht+MRbso5+EnEeX+tly/bzwms4n/WnSAyAC+vNZXft8ABID6nAnBzEZ/16WEmfvMVWl
dqve7Hi74Iz9R3gyy18zF9Z1D3EfxPvvHWXSgS0iAiS2vY/+GrR11dGMoCHNqsY5dl8iy+RUZT19
0ENqqMiKOcKPMdy2nTv2rKaaJnW4ThYSdL3CXXpl5epK3yd4pIWT9oyfMqmFv9/m+taaf/vdIOET
53HzFVb3za+H7JbEA4Gqlpz5pfFA+7H6+tAT8eDmvMFda5DNWh3XJ8y6k4cDONxES277k7r7fc/t
dc1h9RhNn2SvIJ0NHyysrKN+9g6VLomD+Io2Z+XcNsvu/jiiT1tvF7W62iyzm//66P2ma3S2s5cV
12yNS2XKbn972CW1hx+6Ky6VeA480FMYbryn20A/CF5Xl+hng+WLSKPx64UyPZboJV0PvWxzHOeW
JwsAGuJ3Cm1w24VS5xFbcrxYaOQerpG7C5S25Fve9tpfI01nzLZDKqtqp9/evvdcLuulv7X4kMAU
Q78LQ8pXY6nyPQnXgTQM1oQ03LbL3+Ov29R6fFRVyYGZcHW8Fvr4EIgd3V9v2jOYy/pCHrtZFnlo
8p4kF3CHu/SHdosospIGSE5gqSxxtdiEhaIgyMk7t++Z0tRMFxCf1WN6blsXvHS50xrOQC+5KY8Z
QTuCekB/6Xnx5S+02K7COjpzbzsogiF89k1vyUchNQ33PTPURU/S8C8fhI4O1eVXSUgQbvt3/YyR
HrMd2dpQK1mlgu2aQf5mbsaICaMb74RCWpYkeQPdt/qKcC2mlV1//cadnUhuWwb6z9yBfnDitS17
rzeZ5HlRYHV1Td+a8/36GdJbQVOOv8FK3thEQT3fhC6JH75I5erUwXbXcUrM8XygWEe5g2mul3/l
UMvD9GK+kGfs8nOBjeTJpVVFbcHmL//NV5j4zTaU96anPvOzu901PydEusRZ8Zdvv9kX1y/fvZfk
rkyKX9ryE3GW/saZ8l+C89+Ds6dBWZZ9IP319+JnC550k6+hdhG5/Q0on0B5HOXbKO/Gsy+i/Dwp
9CmU+1D/fHp9H65nUF6JUkKZQ7kX5QGUV6DcjfJ7KLtRXoz+n0b5r6jvQHk4vXaSblbBtYpyGqUX
hff5J/R9E7awB9eP4R5X+hco30D5c4xRsaPv4BnoJP+ItveifBdlAuUCyjdFn276Klx1XL+P8lOU
r+DewvXJdD+fQ/kC2spJHV/Owgl83yB9Wz4q/1h5rVpRd6jn1Lerl7Re7UbttPZh7RuZMLM180Tm
F/qE/mr928a48Qbjv5sHzc+al6xea5/1Dfuo/bj9SfuS4zvX4fuI8zE34w67J92Pu7/w2rwN3hHv
Dd7Xs0Z2T/Y9foe/z3+X/+tga/DG4NuhH94YPhr+Q9QfLUTvEhK7nh1ABnMX5MpIhmwg/F38k9RL
f83fSy825LmKXmjI3mK/n9YZcRo9JNLPXpLW5aY+alPdIgfZ99O6QxboL8Q6fNV23Cd1ihEb0zoj
GvLgpC6RiIyndbmpj9pUt2kfuSGtO8AJJ9O6D/rPpvWA+PT9mI3KerqvpJ7sK6kn+0rqyb6SutzU
R22q66SN1edJ9pjUbbaPvTGtJ/tN6gHpli+Kut1Eg91Eg91Eg91Eg91Eg91Eg91Eg91Eg91Eg91E
g53SsI/MkGPkXnBqmsxtnpuZXpg9N1PcfObUqTOn54u14dHiofuHTh8emp/eN3Ps3pPTc3vmZk8v
zMwVt8+ePInLrpnj06emN585e//c7LHjC8Xew33F8dGx0cHiso69a44vLJxdNTJy5uzM6aNnTi+c
nD00Nz13//CZuWMjZ2fOnD05M5IOSUas6xs0zs8uHC/um5mfmTs3c6S4FaOKu6ZPzRR3zh47Mn1y
2/TMqZl7hg3jpuOz88nT/WeOLpyfnpspouHk7OGZ0/MYd+/pIyBg4fhMcf+LdhR3Y/2k846kw2Dx
wMzc/OyZ08Wx4bHhZLJ0LJ/m8Jmzs5jk0MzJM+cHi9Onj/DG6ZPzZ4rT56ZnT04fOjlTFHROF7du
3FucXlhlpDudPzw3e3Zhfnh+9qTY5e6tO9Inh1NGH074LJ6mS86P1Bk+Au6PnJw5Nn3y8JkjM//y
y2efKz7/wvPPvlD84Qs//B/PvvA/yWYyB+lNkwUyS86hVkTLGXIK3zPkNJnHfY0MA5UWySFyP6La
aXIYf+cx4jjGLJCzZBVsZAStS+c5vGSWYVznoCPcmmbxbEa0zqCMXDXvSLoi78v1ahpXPtsR3O3B
LLPou4D6HGjajruToh+/24XrcfQ/hcJ3cRYz8/7HBK1F0ot5+nAdF/+bZpQMov67Z+wla5btk8/K
qT8qdrYg9nMIfaH5WG1xn7wX78tnGlm2SvMa60DRIDzKebQtYK2isKZ58Yzz8QhatqZr8R3y3XEp
7RT7OiK4sw1/Z0T7PaDAwPcmzDQrpLc4dj9qR1E7L2jlcyQ9lkqEr3cv6kdSDnCaZsToF5EduO5O
9988844lM3CuHhCj59F+RvQdA11jgrZFypauW6fmsODabErJIVxPouW8mHVa0FXvyXc+j2e8dg5l
VvifQ4KvxSZ+TgtaN5K9or4AORrLZDovtHcW9wtCV+fFXIuy3I3xO5TvKpeU7yj/QIrKf1N+hPId
5UeoP4P6M8r3+Z3yAyIlYenKA/z/0V392TBdq42Pj42Njo6MDA8PDQ0ODgz09/f19fZWq5VKT093
d7lcKnV1FYudnR0d7e1tba2thUI+34KkKI6jKAz5a9ds1uNvWR3btizTNAxd/BCdv0xDYH3dJ+mV
h68/vuX/qX9PqcpWMvBURsPfjygKWj6iafj7vwEpnqz9ZW5kc3RyZWFtCmVuZG9iagoyMyAwIG9i
ago8PAovQXNjZW50IDgwMCAvQ2FwSGVpZ2h0IDEgL0Rlc2NlbnQgLTIwMCAvRmxhZ3MgNCAvRm9u
dEJCb3ggWyAyMyAtMjAyIDY4MyA3MDAgXSAvRm9udEZpbGUyIDIyIDAgUiAKICAvRm9udE5hbWUg
L0FBQUFBQStOZWhhbWEgL0l0YWxpY0FuZ2xlIDAgL1N0ZW1WIDg3IC9UeXBlIC9Gb250RGVzY3Jp
cHRvcgo+PgplbmRvYmoKMjQgMCBvYmoKPDwKL0Jhc2VGb250IC9BQUFBQUErTmVoYW1hIC9GaXJz
dENoYXIgMCAvRm9udERlc2NyaXB0b3IgMjMgMCBSIC9MYXN0Q2hhciAxNTIgL05hbWUgL0YyKzAg
L1N1YnR5cGUgL1RydWVUeXBlIAogIC9Ub1VuaWNvZGUgMjEgMCBSIC9UeXBlIC9Gb250IC9XaWR0
aHMgWyA3MDEgNzAxIDcwMSA3MDEgNzAxIDcwMSA3MDEgNzAxIDcwMSA3MDEgCiAgNzAxIDcwMSA3
MDEgNzAxIDcwMSA3MDEgNzAxIDcwMSA3MDEgNzAxIAogIDcwMSA3MDEgNzAxIDcwMSA3MDEgNzAx
IDcwMSA3MDEgNzAxIDcwMSAKICA3MDEgNzAxIDIwNiAyMzAgMzI3IDQzOSA0MDYgNDcyIDQyMSAx
OTQgCiAgMjQ1IDI0NSA0MzUgMzc2IDE5MiAzNzYgMTY4IDM2NyAzODYgMjkwIAogIDM3MCAzNzMg
Mzc5IDM4MyAzNTEgMzg1IDMzNSAzNTIgMTg2IDIwMyAKICAzMzIgMzg5IDMzMiAyODcgNTUwIDcw
MSA3MDEgNzAxIDcwMSA3MDEgCiAgNzAxIDcwMSA3MDEgNzAxIDcwMSA3MDEgNzAxIDcwMSA3MDEg
NzAxIAogIDcwMSA3MDEgNzAxIDcwMSA3MDEgNzAxIDcwMSA3MDEgNzAxIDcwMSAKICA3MDEgMjk1
IDM2NiAyOTYgNDU5IDQ4MyAxNDkgNzAxIDcwMSA3MDEgCiAgNzAxIDcwMSA3MDEgNzAxIDcwMSA3
MDEgNzAxIDcwMSA3MDEgNzAxIAogIDcwMSA3MDEgNzAxIDcwMSA3MDEgNzAxIDcwMSA3MDEgNzAx
IDcwMSAKICA3MDEgNzAxIDcwMSAzMzYgMTgwIDMzNiA0NTEgNzAxIDQ2NiA0MzcgCiAgNTE4IDIx
NyAyMTYgMjIwIDQyMyA0NzUgMzA4IDQ0NCA0NzAgNTE4IAogIDM4NyA1MjEgNDc4IDQ5NSA0NTgg
NTI0IDQxNyA0MzUgNDQ3IDQ0OSAKICA1NDcgNDQ3IDQyOSBdCj4+CmVuZG9iagoyNSAwIG9iago8
PAovT3V0bGluZXMgMzYgMCBSIC9QYWdlTW9kZSAvVXNlTm9uZSAvUGFnZXMgMjcgMCBSIC9UeXBl
IC9DYXRhbG9nCj4+CmVuZG9iagoyNiAwIG9iago8PAovQXV0aG9yIChcKGFub255bW91c1wpKSAv
Q3JlYXRpb25EYXRlIChEOjIwMTcwOTI5MDkyNzA5KzAwJzAwJykgL0NyZWF0b3IgKFwodW5zcGVj
aWZpZWRcKSkgL0tleXdvcmRzICgpIC9Nb2REYXRlIChEOjIwMTcwOTI5MDkyNzA5KzAwJzAwJykg
L1Byb2R1Y2VyIChSZXBvcnRMYWIgUERGIExpYnJhcnkgLSB3d3cucmVwb3J0bGFiLmNvbSkgCiAg
L1N1YmplY3QgKFwodW5zcGVjaWZpZWRcKSkgL1RpdGxlIChcKGFub255bW91c1wpKSAvVHJhcHBl
ZCAvRmFsc2UKPj4KZW5kb2JqCjI3IDAgb2JqCjw8Ci9Db3VudCA4IC9LaWRzIFsgNSAwIFIgMTAg
MCBSIDE1IDAgUiAxNiAwIFIgMTcgMCBSIDE4IDAgUiAxOSAwIFIgMjAgMCBSIF0gL1R5cGUgL1Bh
Z2VzCj4+CmVuZG9iagoyOCAwIG9iago8PAovRmlsdGVyIFsgL0FTQ0lJODVEZWNvZGUgL0ZsYXRl
RGVjb2RlIF0gL0xlbmd0aCAyMzUKPj4Kc3RyZWFtCkdhcUtoYjZsKj8mNFE/aE1TJk0zbUVAQ11k
XUkxYURNMFFHXEVZO2o6bD41T0whczQpTCw0cTdFJmg/ZyVQUEY3SjdDdVIxS1kyJWZPYm9oSm9g
YiVfczhVMUpaRztJQ0ZDPldaJ1ZsN2pSa0pBXCQ9JlRbUCssYUE3JFY6Ry00SlQ4J0k1LVdOY1ZA
YV88UzVTUjhdNkU1QCFcQyEhNi07J0dwIipdUDhQP3NkTXBJYEczI0FQWF5mbldoZE5FdS0kUydp
Pj4lWjpfKVVgU1pBYE10Zl1xQyNyXWlJV1NWQkdscTAxNEtufj5lbmRzdHJlYW0KZW5kb2JqCjI5
IDAgb2JqCjw8Ci9GaWx0ZXIgWyAvQVNDSUk4NURlY29kZSAvRmxhdGVEZWNvZGUgXSAvTGVuZ3Ro
IDU4Ngo+PgpzdHJlYW0KR2IhPE00YD5zLCY7R0NYYEpzZ20qVC1bPlhrSE5VLlBaJWQhWCd1UU1Q
QmhFJW06I2s6J3VZVGFVaFNbYGovdC80V0opRyxXQlBDZUpAKCxMWGQlPicnJ0xwKClsYVZHZypM
VCUvWkk8Sy84ZkBvOWFANzUyUywlTDRkbnBISDxSRyVZW21bUzhWTW5EQyReYVdgJT9aPXFmbmFV
dVhWQi5HdEhVQiVSZTpHJ0RIZk9NPS8zX201K0FdQ2BzV2hedHQqPkMzLDc9S281VjJnKVFnMSVB
ai82NDllJCVwOlJyM1U2RU5YL0ZlOnAyc0ZEO2o1VzVcJEdTU1BiLCo7UyJePWVJO0twLV9vKG9Y
NXVPIl8uXmFlM0UuWXFIMzdEazZiTj88UU8yRlVJI0JtaWY9dS9xI1wtak5wUGpqLCZfJXI0IXFT
XUcmLFBDRSFtMSYqP0pSYkU6Yy1iMGBOblUrc1VRU1VqWm1TdV1nL01XXitCbTM5OzpIKDFxIStx
I15MPilUViFeJCYnZ3FCLik2LlhhXEw/L0BOdFRzKStzXDdTOU0jdSgvalV0Qj8pRUguNT0mN1Qo
ZjwtLFwyZ0Y3LjdGKG1jWF9ySlRHNUNzYFlXbyc1ZF5tKDVZVmQyRkpqOUpbdGRhUWdnclR0Rypx
NTthKkhbOmJAV2BgbCFaLDgwKWsxKUsvJmw6MGhSPUJQLSJJXjN1b1lDPDQ0UnNbXi4iYmE9bClp
T1clK0VlaSdrbSM7NltaYHFOY1grU3U1TmQ4Jmd+PmVuZHN0cmVhbQplbmRvYmoKMzAgMCBvYmoK
PDwKL0ZpbHRlciBbIC9BU0NJSTg1RGVjb2RlIC9GbGF0ZURlY29kZSBdIC9MZW5ndGggNTUxCj4+
CnN0cmVhbQpHYiE8TFxTZjs9JSMvc2oiaWhbPytzKW9EWzpoQD0kL2hMRVFDSipjIkA7WVk2UmEr
Nk1xRiZARnRqQ28mNDtUMExTIzMyZUlUalxtMUo5UUpHQjZJJCZTaFgoa0xaZWhNVVldX3FIbmpg
ZTA+bzRnViFQcjBdRnNDcTVPQzJMNDZBWTZMLTtQWissLlJrSVAiajJZa0RwK0dKNGZmP3VhZkQv
YE9tIjMuSjdiNTZESkhOUVZaREUkJVc1TiFNaj5xQ3AocV5pKEwmbS9WNmthXT9tJ0tINFtfVCIz
KycoZCkjSGMpNENvbjIhJ3FxWjotb3QwRlw2PipKNUhXR2xhYlxLK25kKjJOJ01nRXBVZi5WI2Mr
YmRUIipiaGlwW1NOalNKXidDKHI/PGAlRUFqUktacEBlST8oR15yP1BcNC1MKCUiOF5fMm1KZyo5
bUYhIlElTEErITFqITRzXGpTMSpjOENnME1kT0FJOUA9QjsqNCgoOTtNO0EpXy1EajMkLTRKaWA8
VGRQLGxLL14oPSJVIz5NQmdpZVEiVS91bURkOjIwcyZiQTRqSlItKWFNLDguLlcwJW5mImosK0Nk
PnJQKTInKVNpNFpHLmwnN0JlQFwkPyNyWE84I25oQG82b1FpUExoUFNqLnJ1OkdOYmRUc15qXmFS
ST80JC1uNThgckpCJ01wP2dIJCg3cEYwSGYiVThiXC9UNGJPU28vcCkqYSN+PmVuZHN0cmVhbQpl
bmRvYmoKMzEgMCBvYmoKPDwKL0ZpbHRlciBbIC9BU0NJSTg1RGVjb2RlIC9GbGF0ZURlY29kZSBd
IC9MZW5ndGggNDk2Cj4+CnN0cmVhbQpHYiE9NzQpXWEqJi0xWFo/WkJRdFdvTF50Y2g6UE1SQ1pA
LGtgQ0skVylQNCdSZj5WRUdVK1NQK0B0bDQrYk9tUHE+QkoyI1pfSVBjXlFOJUBoK0RDIVlYUU9U
SkkpSyhPNDYzY09CW3U2XE9BZCs0Y2ZyQSxIIW8/Yy1CTiNFNGFfIUo8PiRdRVtxKVBMQCxKW1Zd
Ml9QMjw6XVxlVkpVJlldYmkvbXVAJmVxKVdsaChAXDBPUGFkL0A3RGo2PEtHVkdTOC9Ibk0wXkJo
ZE09cXJbcEEqZ1M8R2Y7RTQ4Kl5LTTxqazA5ZSZTXURfRz9bbDBMSVRtITgmOVhZNGwsWzNhIWBT
KSYzOSZwN1JdLHExaE1nQC8pWipScCsnSE8uY01OND8lMTRzSituMG4lUzpdLEsmKzBOZ0AzPjV0
VSV0MUAwIztyP1JFMSheLUc/aVA9R3NyUEw/XWpgUToraF4zJnNcci8+cCdLYldbT20/WV05N143
PFpdQjwiayEtODMzaj8palg2XFc0VWAxaTdgR21CYTlpXWUlMExpUUlELEgzXGJXM3A3UVpDcUVv
bVVeTCtEZ15oKSo1Nyx0P2c3cCwvRFlxaF88MUtdLGEtZks4IjJgS3B0Tld0XSxkbyxJRitvOz5d
LyIlIn4+ZW5kc3RyZWFtCmVuZG9iagozMiAwIG9iago8PAovRmlsdGVyIFsgL0FTQ0lJODVEZWNv
ZGUgL0ZsYXRlRGVjb2RlIF0gL0xlbmd0aCA0NjUKPj4Kc3RyZWFtCkdiITxLNFxyc0wmO0tyV01B
dUBmPy9PPSE0IkduWC80XmchXGc0OC1LTih0RHJzckFfVXEhNnFNZFNqJS0tRjJVSUlFcjsmW1Z1
NVQ/Uzs0K2k4VlhKLTwrXFspdF5fTDhTLiQnS0Y+LyFQRHAxLzMyUExbVnBqTl9uRkosIjJxVFxQ
ZmYvOmEtQz5kXWB0Nlk8VSlEWlE6LzUuRDwqOkI0WS1vMSJSaExFbnExP3RCbCwwTzAhMG1kQlEj
Jy42YkpXPVpAL09zKEUmIlk+MiomKE9FSEczXFRhMF9rY0pKZCpaL05ENDRibTQ/LTpXSFhkQ2Ii
Z1wnbTA8XEJOPlEmTjlcZUNLMSlcUSlYckE0LEBCJzBML20kNypMamZwRjo/UUU4JE1BWSdvLyZx
IkBGX29qbjJtKE8nQkdGRzJySW8iR1RWQ2NYLVNQISdDRl4kIkVmaTF0bixGNSYhJ2dZNl9nZi1y
K2ZUSz1xYjY/NWBGKnNGSyVLRUwzL1pXOCtuN2BxV05HZi1nOjNNWy1gdE5vaUNVVlc5WE9hI1ts
QCtWdTRPdEM7PmdsU0cva0o6WDtEKUotPyMmZi5IYTokbTJUUFwmTUdMNj0ySHB+PmVuZHN0cmVh
bQplbmRvYmoKMzMgMCBvYmoKPDwKL0ZpbHRlciBbIC9BU0NJSTg1RGVjb2RlIC9GbGF0ZURlY29k
ZSBdIC9MZW5ndGggMjU3Cj4+CnN0cmVhbQpHYXNiVF1sKF9BJSJyZ2hgSnNnXipLXnNcQi5fSig+
bG5eM1FEK05pR1kkXEBhQFF0S1xKXFFeJ1ZQVk9pXlxRMDgzS2BWbj0kVUQjWGplPitea2YjbXMq
JG5IJyRVRi03IkxjVldPbiVxJjkkJTxpNmIlTztFNXFCXGsvdSYiO2RpSzZQakhNczgtXEBeQSxB
KUhbWyVNTT43a1tZbyY1KmomWGFKaCFnSjcvZlopaWVSSjZTRyglVjopbFRnR2JgdDBPZ0w7RCoj
NjVYRXMhTWhzNlpSRkVfSEJyJFNoJypyTyVdTCJlVUhfNUQ3a0koJTw4QylDQzFoYURHQEN+PmVu
ZHN0cmVhbQplbmRvYmoKMzQgMCBvYmoKPDwKL0ZpbHRlciBbIC9BU0NJSTg1RGVjb2RlIC9GbGF0
ZURlY29kZSBdIC9MZW5ndGggMTc5Cj4+CnN0cmVhbQpHYXFjb11hPWcsJSMiTStNQ0pNPzFXZidy
Qi5JWSxGLSxyUjc3IkhDSS9oKDpqVWBeYDZcYVozJ1ovOVZEXEkpMWxuOF0ncF1IdHIiTWBzX0Ax
S2tSUTYlPW9HWUNvJXBPMz1cbCdKZCsqXjJsSkZOOnVpU1A3Y0ZVLDhsTWslWl9FbG9eXkQ0K1xc
MUwvSzhIVzNWL21pIz8tVEo7Yz1ocmFWZChAZ3JJdCIuLTtFN2Z+PmVuZHN0cmVhbQplbmRvYmoK
MzUgMCBvYmoKPDwKL0ZpbHRlciBbIC9BU0NJSTg1RGVjb2RlIC9GbGF0ZURlY29kZSBdIC9MZW5n
dGggMTgwCj4+CnN0cmVhbQpHYXFjb11hPWcsJSMiTStNQ0pNPzFXZiVPRENvTzVGLShFKDc3IkhD
SS9oJ288Q0AtYmE8XlF1S2VUbWFiNi9lKXFpYT5VSVk1V21fVHQyZlIiS2k/RiRVaVtPL1lfIlQo
ZyNacks7Pi1pIklyNGM4JyVJUCVlLGQwOSddU0YmZ0hoVkgiOlEmWjErKl1uTm9ZWDdgY1E1TiFK
aUl0NG1fMUIpLjBcQ19dJV9AKW9YLzZNfj5lbmRzdHJlYW0KZW5kb2JqCjM2IDAgb2JqCjw8Ci9D
b3VudCAwIC9UeXBlIC9PdXRsaW5lcwo+PgplbmRvYmoKeHJlZgowIDM3CjAwMDAwMDAwMDAgNjU1
MzUgZiAKMDAwMDAwMDA3MyAwMDAwMCBuIAowMDAwMDAwMTE3IDAwMDAwIG4gCjAwMDAwMDAyMjQg
MDAwMDAgbiAKMDAwMDAxMTcyMyAwMDAwMCBuIAowMDAwMDMwNDI2IDAwMDAwIG4gCjAwMDAwMzA2
ODQgMDAwMDAgbiAKMDAwMDAzMjQ0NiAwMDAwMCBuIAowMDAwMDMyNjg3IDAwMDAwIG4gCjAwMDAw
MzQ0NDQgMDAwMDAgbiAKMDAwMDAzNDY4NSAwMDAwMCBuIAowMDAwMDM0OTkyIDAwMDAwIG4gCjAw
MDAwMzY4MDkgMDAwMDAgbiAKMDAwMDAzNzA1MiAwMDAwMCBuIAowMDAwMDM4ODY0IDAwMDAwIG4g
CjAwMDAwMzkxMDcgMDAwMDAgbiAKMDAwMDAzOTQxNiAwMDAwMCBuIAowMDAwMDM5NzI0IDAwMDAw
IG4gCjAwMDAwNDAwMzEgMDAwMDAgbiAKMDAwMDA0MDIyNyAwMDAwMCBuIAowMDAwMDQwNDIzIDAw
MDAwIG4gCjAwMDAwNDA2MTkgMDAwMDAgbiAKMDAwMDA0MTUxMiAwMDAwMCBuIAowMDAwMDQ5ODY4
IDAwMDAwIG4gCjAwMDAwNTAwNjEgMDAwMDAgbiAKMDAwMDA1MDg5MSAwMDAwMCBuIAowMDAwMDUw
OTc4IDAwMDAwIG4gCjAwMDAwNTEyNjIgMDAwMDAgbiAKMDAwMDA1MTM3MSAwMDAwMCBuIAowMDAw
MDUxNjk3IDAwMDAwIG4gCjAwMDAwNTIzNzQgMDAwMDAgbiAKMDAwMDA1MzAxNiAwMDAwMCBuIAow
MDAwMDUzNjAzIDAwMDAwIG4gCjAwMDAwNTQxNTkgMDAwMDAgbiAKMDAwMDA1NDUwNyAwMDAwMCBu
IAowMDAwMDU0Nzc3IDAwMDAwIG4gCjAwMDAwNTUwNDggMDAwMDAgbiAKdHJhaWxlcgo8PAovSUQg
Cls8YmY0OTA3YTUyZTdjZDQ2ZjNhZDMzODc3NmM3OTY5Zjc+PGJmNDkwN2E1MmU3Y2Q0NmYzYWQz
Mzg3NzZjNzk2OWY3Pl0KJSBSZXBvcnRMYWIgZ2VuZXJhdGVkIFBERiBkb2N1bWVudCAtLSBkaWdl
c3QgKGh0dHA6Ly93d3cucmVwb3J0bGFiLmNvbSkKCi9JbmZvIDI2IDAgUgovUm9vdCAyNSAwIFIK
L1NpemUgMzcKPj4Kc3RhcnR4cmVmCjU1MDk1CiUlRU9GCg==

--===============1653548773752841719==--

-------------------------------------------------------------------------------
